{"numTotalTestSuites":12,"numPassedTestSuites":0,"numFailedTestSuites":12,"numPendingTestSuites":0,"numTotalTests":13,"numPassedTests":0,"numFailedTests":13,"numPendingTests":0,"numTodoTests":0,"snapshot":{"added":0,"failure":false,"filesAdded":0,"filesRemoved":0,"filesRemovedList":[],"filesUnmatched":0,"filesUpdated":0,"matched":0,"total":0,"unchecked":0,"uncheckedKeysByFile":[],"unmatched":0,"updated":0,"didUpdate":false},"startTime":1755256330688,"success":false,"testResults":[{"assertionResults":[{"ancestorTitles":["Test Helper Utilities - Example Usage","🎭 London School TDD Examples","Mock Builder Usage"],"fullName":"Test Helper Utilities - Example Usage 🎭 London School TDD Examples Mock Builder Usage should create sophisticated mocks for interaction testing","status":"failed","title":"should create sophisticated mocks for interaction testing","duration":4.096618000000035,"failureMessages":["ReferenceError: TestLogger is not defined\n    at createTestLogger (/home/mhugo/code/claude-code-zen/src/__tests__/helpers/index.ts:44:3)\n    at /home/mhugo/code/claude-code-zen/src/__tests__/helpers/example-usage.test.ts:26:18\n    at file:///home/mhugo/code/claude-code-zen/node_modules/@vitest/runner/dist/chunk-hooks.js:155:11\n    at file:///home/mhugo/code/claude-code-zen/node_modules/@vitest/runner/dist/chunk-hooks.js:1897:20\n    at new Promise (<anonymous>)\n    at runWithTimeout (file:///home/mhugo/code/claude-code-zen/node_modules/@vitest/runner/dist/chunk-hooks.js:1863:10)\n    at runHook (file:///home/mhugo/code/claude-code-zen/node_modules/@vitest/runner/dist/chunk-hooks.js:1436:51)\n    at callSuiteHook (file:///home/mhugo/code/claude-code-zen/node_modules/@vitest/runner/dist/chunk-hooks.js:1442:25)\n    at callSuiteHook (file:///home/mhugo/code/claude-code-zen/node_modules/@vitest/runner/dist/chunk-hooks.js:1429:21)\n    at callSuiteHook (file:///home/mhugo/code/claude-code-zen/node_modules/@vitest/runner/dist/chunk-hooks.js:1429:21)","TypeError: Cannot read properties of undefined (reading 'clearLogs')\n    at /home/mhugo/code/claude-code-zen/src/__tests__/helpers/example-usage.test.ts:30:16\n    at file:///home/mhugo/code/claude-code-zen/node_modules/@vitest/runner/dist/chunk-hooks.js:155:11\n    at file:///home/mhugo/code/claude-code-zen/node_modules/@vitest/runner/dist/chunk-hooks.js:1897:20\n    at new Promise (<anonymous>)\n    at runWithTimeout (file:///home/mhugo/code/claude-code-zen/node_modules/@vitest/runner/dist/chunk-hooks.js:1863:10)\n    at runHook (file:///home/mhugo/code/claude-code-zen/node_modules/@vitest/runner/dist/chunk-hooks.js:1436:51)\n    at callSuiteHook (file:///home/mhugo/code/claude-code-zen/node_modules/@vitest/runner/dist/chunk-hooks.js:1442:25)\n    at callSuiteHook (file:///home/mhugo/code/claude-code-zen/node_modules/@vitest/runner/dist/chunk-hooks.js:1449:27)\n    at callSuiteHook (file:///home/mhugo/code/claude-code-zen/node_modules/@vitest/runner/dist/chunk-hooks.js:1449:27)\n    at runTest (file:///home/mhugo/code/claude-code-zen/node_modules/@vitest/runner/dist/chunk-hooks.js:1597:11)"],"meta":{}},{"ancestorTitles":["Test Helper Utilities - Example Usage","🎭 London School TDD Examples","Mock Builder Usage"],"fullName":"Test Helper Utilities - Example Usage 🎭 London School TDD Examples Mock Builder Usage should verify interaction sequences","status":"failed","title":"should verify interaction sequences","duration":3.95098599999983,"failureMessages":["ReferenceError: TestLogger is not defined\n    at createTestLogger (/home/mhugo/code/claude-code-zen/src/__tests__/helpers/index.ts:44:3)\n    at /home/mhugo/code/claude-code-zen/src/__tests__/helpers/example-usage.test.ts:26:18\n    at file:///home/mhugo/code/claude-code-zen/node_modules/@vitest/runner/dist/chunk-hooks.js:155:11\n    at file:///home/mhugo/code/claude-code-zen/node_modules/@vitest/runner/dist/chunk-hooks.js:1897:20\n    at new Promise (<anonymous>)\n    at runWithTimeout (file:///home/mhugo/code/claude-code-zen/node_modules/@vitest/runner/dist/chunk-hooks.js:1863:10)\n    at runHook (file:///home/mhugo/code/claude-code-zen/node_modules/@vitest/runner/dist/chunk-hooks.js:1436:51)\n    at callSuiteHook (file:///home/mhugo/code/claude-code-zen/node_modules/@vitest/runner/dist/chunk-hooks.js:1442:25)\n    at callSuiteHook (file:///home/mhugo/code/claude-code-zen/node_modules/@vitest/runner/dist/chunk-hooks.js:1429:21)\n    at callSuiteHook (file:///home/mhugo/code/claude-code-zen/node_modules/@vitest/runner/dist/chunk-hooks.js:1429:21)","TypeError: Cannot read properties of undefined (reading 'clearLogs')\n    at /home/mhugo/code/claude-code-zen/src/__tests__/helpers/example-usage.test.ts:30:16\n    at file:///home/mhugo/code/claude-code-zen/node_modules/@vitest/runner/dist/chunk-hooks.js:155:11\n    at file:///home/mhugo/code/claude-code-zen/node_modules/@vitest/runner/dist/chunk-hooks.js:1897:20\n    at new Promise (<anonymous>)\n    at runWithTimeout (file:///home/mhugo/code/claude-code-zen/node_modules/@vitest/runner/dist/chunk-hooks.js:1863:10)\n    at runHook (file:///home/mhugo/code/claude-code-zen/node_modules/@vitest/runner/dist/chunk-hooks.js:1436:51)\n    at callSuiteHook (file:///home/mhugo/code/claude-code-zen/node_modules/@vitest/runner/dist/chunk-hooks.js:1442:25)\n    at callSuiteHook (file:///home/mhugo/code/claude-code-zen/node_modules/@vitest/runner/dist/chunk-hooks.js:1449:27)\n    at callSuiteHook (file:///home/mhugo/code/claude-code-zen/node_modules/@vitest/runner/dist/chunk-hooks.js:1449:27)\n    at runTest (file:///home/mhugo/code/claude-code-zen/node_modules/@vitest/runner/dist/chunk-hooks.js:1597:11)"],"meta":{}},{"ancestorTitles":["Test Helper Utilities - Example Usage","🎭 London School TDD Examples","Advanced Mock Patterns"],"fullName":"Test Helper Utilities - Example Usage 🎭 London School TDD Examples Advanced Mock Patterns should handle complex dependency injection scenarios","status":"failed","title":"should handle complex dependency injection scenarios","duration":3.9082479999999578,"failureMessages":["ReferenceError: TestLogger is not defined\n    at createTestLogger (/home/mhugo/code/claude-code-zen/src/__tests__/helpers/index.ts:44:3)\n    at /home/mhugo/code/claude-code-zen/src/__tests__/helpers/example-usage.test.ts:26:18\n    at file:///home/mhugo/code/claude-code-zen/node_modules/@vitest/runner/dist/chunk-hooks.js:155:11\n    at file:///home/mhugo/code/claude-code-zen/node_modules/@vitest/runner/dist/chunk-hooks.js:1897:20\n    at new Promise (<anonymous>)\n    at runWithTimeout (file:///home/mhugo/code/claude-code-zen/node_modules/@vitest/runner/dist/chunk-hooks.js:1863:10)\n    at runHook (file:///home/mhugo/code/claude-code-zen/node_modules/@vitest/runner/dist/chunk-hooks.js:1436:51)\n    at callSuiteHook (file:///home/mhugo/code/claude-code-zen/node_modules/@vitest/runner/dist/chunk-hooks.js:1442:25)\n    at callSuiteHook (file:///home/mhugo/code/claude-code-zen/node_modules/@vitest/runner/dist/chunk-hooks.js:1429:21)\n    at callSuiteHook (file:///home/mhugo/code/claude-code-zen/node_modules/@vitest/runner/dist/chunk-hooks.js:1429:21)","TypeError: Cannot read properties of undefined (reading 'clearLogs')\n    at /home/mhugo/code/claude-code-zen/src/__tests__/helpers/example-usage.test.ts:30:16\n    at file:///home/mhugo/code/claude-code-zen/node_modules/@vitest/runner/dist/chunk-hooks.js:155:11\n    at file:///home/mhugo/code/claude-code-zen/node_modules/@vitest/runner/dist/chunk-hooks.js:1897:20\n    at new Promise (<anonymous>)\n    at runWithTimeout (file:///home/mhugo/code/claude-code-zen/node_modules/@vitest/runner/dist/chunk-hooks.js:1863:10)\n    at runHook (file:///home/mhugo/code/claude-code-zen/node_modules/@vitest/runner/dist/chunk-hooks.js:1436:51)\n    at callSuiteHook (file:///home/mhugo/code/claude-code-zen/node_modules/@vitest/runner/dist/chunk-hooks.js:1442:25)\n    at callSuiteHook (file:///home/mhugo/code/claude-code-zen/node_modules/@vitest/runner/dist/chunk-hooks.js:1449:27)\n    at callSuiteHook (file:///home/mhugo/code/claude-code-zen/node_modules/@vitest/runner/dist/chunk-hooks.js:1449:27)\n    at runTest (file:///home/mhugo/code/claude-code-zen/node_modules/@vitest/runner/dist/chunk-hooks.js:1597:11)"],"meta":{}},{"ancestorTitles":["Test Helper Utilities - Example Usage","🏛️ Classical School TDD Examples","Real Object Testing"],"fullName":"Test Helper Utilities - Example Usage 🏛️ Classical School TDD Examples Real Object Testing should test actual implementations without mocks","status":"failed","title":"should test actual implementations without mocks","duration":3.887216999999964,"failureMessages":["ReferenceError: TestLogger is not defined\n    at createTestLogger (/home/mhugo/code/claude-code-zen/src/__tests__/helpers/index.ts:44:3)\n    at /home/mhugo/code/claude-code-zen/src/__tests__/helpers/example-usage.test.ts:26:18\n    at file:///home/mhugo/code/claude-code-zen/node_modules/@vitest/runner/dist/chunk-hooks.js:155:11\n    at file:///home/mhugo/code/claude-code-zen/node_modules/@vitest/runner/dist/chunk-hooks.js:1897:20\n    at new Promise (<anonymous>)\n    at runWithTimeout (file:///home/mhugo/code/claude-code-zen/node_modules/@vitest/runner/dist/chunk-hooks.js:1863:10)\n    at runHook (file:///home/mhugo/code/claude-code-zen/node_modules/@vitest/runner/dist/chunk-hooks.js:1436:51)\n    at callSuiteHook (file:///home/mhugo/code/claude-code-zen/node_modules/@vitest/runner/dist/chunk-hooks.js:1442:25)\n    at callSuiteHook (file:///home/mhugo/code/claude-code-zen/node_modules/@vitest/runner/dist/chunk-hooks.js:1429:21)\n    at callSuiteHook (file:///home/mhugo/code/claude-code-zen/node_modules/@vitest/runner/dist/chunk-hooks.js:1429:21)","TypeError: Cannot read properties of undefined (reading 'clearLogs')\n    at /home/mhugo/code/claude-code-zen/src/__tests__/helpers/example-usage.test.ts:30:16\n    at file:///home/mhugo/code/claude-code-zen/node_modules/@vitest/runner/dist/chunk-hooks.js:155:11\n    at file:///home/mhugo/code/claude-code-zen/node_modules/@vitest/runner/dist/chunk-hooks.js:1897:20\n    at new Promise (<anonymous>)\n    at runWithTimeout (file:///home/mhugo/code/claude-code-zen/node_modules/@vitest/runner/dist/chunk-hooks.js:1863:10)\n    at runHook (file:///home/mhugo/code/claude-code-zen/node_modules/@vitest/runner/dist/chunk-hooks.js:1436:51)\n    at callSuiteHook (file:///home/mhugo/code/claude-code-zen/node_modules/@vitest/runner/dist/chunk-hooks.js:1442:25)\n    at callSuiteHook (file:///home/mhugo/code/claude-code-zen/node_modules/@vitest/runner/dist/chunk-hooks.js:1449:27)\n    at callSuiteHook (file:///home/mhugo/code/claude-code-zen/node_modules/@vitest/runner/dist/chunk-hooks.js:1449:27)\n    at runTest (file:///home/mhugo/code/claude-code-zen/node_modules/@vitest/runner/dist/chunk-hooks.js:1597:11)"],"meta":{}},{"ancestorTitles":["Test Helper Utilities - Example Usage","🏛️ Classical School TDD Examples","Real Object Testing"],"fullName":"Test Helper Utilities - Example Usage 🏛️ Classical School TDD Examples Real Object Testing should test algorithms and data structures","status":"failed","title":"should test algorithms and data structures","duration":3.854857999999922,"failureMessages":["ReferenceError: TestLogger is not defined\n    at createTestLogger (/home/mhugo/code/claude-code-zen/src/__tests__/helpers/index.ts:44:3)\n    at /home/mhugo/code/claude-code-zen/src/__tests__/helpers/example-usage.test.ts:26:18\n    at file:///home/mhugo/code/claude-code-zen/node_modules/@vitest/runner/dist/chunk-hooks.js:155:11\n    at file:///home/mhugo/code/claude-code-zen/node_modules/@vitest/runner/dist/chunk-hooks.js:1897:20\n    at new Promise (<anonymous>)\n    at runWithTimeout (file:///home/mhugo/code/claude-code-zen/node_modules/@vitest/runner/dist/chunk-hooks.js:1863:10)\n    at runHook (file:///home/mhugo/code/claude-code-zen/node_modules/@vitest/runner/dist/chunk-hooks.js:1436:51)\n    at callSuiteHook (file:///home/mhugo/code/claude-code-zen/node_modules/@vitest/runner/dist/chunk-hooks.js:1442:25)\n    at callSuiteHook (file:///home/mhugo/code/claude-code-zen/node_modules/@vitest/runner/dist/chunk-hooks.js:1429:21)\n    at callSuiteHook (file:///home/mhugo/code/claude-code-zen/node_modules/@vitest/runner/dist/chunk-hooks.js:1429:21)","TypeError: Cannot read properties of undefined (reading 'clearLogs')\n    at /home/mhugo/code/claude-code-zen/src/__tests__/helpers/example-usage.test.ts:30:16\n    at file:///home/mhugo/code/claude-code-zen/node_modules/@vitest/runner/dist/chunk-hooks.js:155:11\n    at file:///home/mhugo/code/claude-code-zen/node_modules/@vitest/runner/dist/chunk-hooks.js:1897:20\n    at new Promise (<anonymous>)\n    at runWithTimeout (file:///home/mhugo/code/claude-code-zen/node_modules/@vitest/runner/dist/chunk-hooks.js:1863:10)\n    at runHook (file:///home/mhugo/code/claude-code-zen/node_modules/@vitest/runner/dist/chunk-hooks.js:1436:51)\n    at callSuiteHook (file:///home/mhugo/code/claude-code-zen/node_modules/@vitest/runner/dist/chunk-hooks.js:1442:25)\n    at callSuiteHook (file:///home/mhugo/code/claude-code-zen/node_modules/@vitest/runner/dist/chunk-hooks.js:1449:27)\n    at callSuiteHook (file:///home/mhugo/code/claude-code-zen/node_modules/@vitest/runner/dist/chunk-hooks.js:1449:27)\n    at runTest (file:///home/mhugo/code/claude-code-zen/node_modules/@vitest/runner/dist/chunk-hooks.js:1597:11)"],"meta":{}},{"ancestorTitles":["Test Helper Utilities - Example Usage","📊 Performance Testing Examples"],"fullName":"Test Helper Utilities - Example Usage 📊 Performance Testing Examples should measure and compare algorithm performance","status":"failed","title":"should measure and compare algorithm performance","duration":14.25024499999995,"failureMessages":["ReferenceError: TestLogger is not defined\n    at createTestLogger (/home/mhugo/code/claude-code-zen/src/__tests__/helpers/index.ts:44:3)\n    at /home/mhugo/code/claude-code-zen/src/__tests__/helpers/example-usage.test.ts:26:18\n    at file:///home/mhugo/code/claude-code-zen/node_modules/@vitest/runner/dist/chunk-hooks.js:155:11\n    at file:///home/mhugo/code/claude-code-zen/node_modules/@vitest/runner/dist/chunk-hooks.js:1897:20\n    at new Promise (<anonymous>)\n    at runWithTimeout (file:///home/mhugo/code/claude-code-zen/node_modules/@vitest/runner/dist/chunk-hooks.js:1863:10)\n    at runHook (file:///home/mhugo/code/claude-code-zen/node_modules/@vitest/runner/dist/chunk-hooks.js:1436:51)\n    at callSuiteHook (file:///home/mhugo/code/claude-code-zen/node_modules/@vitest/runner/dist/chunk-hooks.js:1442:25)\n    at callSuiteHook (file:///home/mhugo/code/claude-code-zen/node_modules/@vitest/runner/dist/chunk-hooks.js:1429:21)\n    at runTest (file:///home/mhugo/code/claude-code-zen/node_modules/@vitest/runner/dist/chunk-hooks.js:1566:26)","TypeError: Cannot read properties of undefined (reading 'clearLogs')\n    at /home/mhugo/code/claude-code-zen/src/__tests__/helpers/example-usage.test.ts:30:16\n    at file:///home/mhugo/code/claude-code-zen/node_modules/@vitest/runner/dist/chunk-hooks.js:155:11\n    at file:///home/mhugo/code/claude-code-zen/node_modules/@vitest/runner/dist/chunk-hooks.js:1897:20\n    at new Promise (<anonymous>)\n    at runWithTimeout (file:///home/mhugo/code/claude-code-zen/node_modules/@vitest/runner/dist/chunk-hooks.js:1863:10)\n    at runHook (file:///home/mhugo/code/claude-code-zen/node_modules/@vitest/runner/dist/chunk-hooks.js:1436:51)\n    at callSuiteHook (file:///home/mhugo/code/claude-code-zen/node_modules/@vitest/runner/dist/chunk-hooks.js:1442:25)\n    at callSuiteHook (file:///home/mhugo/code/claude-code-zen/node_modules/@vitest/runner/dist/chunk-hooks.js:1449:27)\n    at runTest (file:///home/mhugo/code/claude-code-zen/node_modules/@vitest/runner/dist/chunk-hooks.js:1597:11)\n    at async Promise.all (index 0)"],"meta":{}},{"ancestorTitles":["Test Helper Utilities - Example Usage","📊 Performance Testing Examples"],"fullName":"Test Helper Utilities - Example Usage 📊 Performance Testing Examples should detect memory leaks","status":"failed","title":"should detect memory leaks","duration":13.870798999999806,"failureMessages":["ReferenceError: TestLogger is not defined\n    at createTestLogger (/home/mhugo/code/claude-code-zen/src/__tests__/helpers/index.ts:44:3)\n    at /home/mhugo/code/claude-code-zen/src/__tests__/helpers/example-usage.test.ts:26:18\n    at file:///home/mhugo/code/claude-code-zen/node_modules/@vitest/runner/dist/chunk-hooks.js:155:11\n    at file:///home/mhugo/code/claude-code-zen/node_modules/@vitest/runner/dist/chunk-hooks.js:1897:20\n    at new Promise (<anonymous>)\n    at runWithTimeout (file:///home/mhugo/code/claude-code-zen/node_modules/@vitest/runner/dist/chunk-hooks.js:1863:10)\n    at runHook (file:///home/mhugo/code/claude-code-zen/node_modules/@vitest/runner/dist/chunk-hooks.js:1436:51)\n    at callSuiteHook (file:///home/mhugo/code/claude-code-zen/node_modules/@vitest/runner/dist/chunk-hooks.js:1442:25)\n    at callSuiteHook (file:///home/mhugo/code/claude-code-zen/node_modules/@vitest/runner/dist/chunk-hooks.js:1429:21)\n    at runTest (file:///home/mhugo/code/claude-code-zen/node_modules/@vitest/runner/dist/chunk-hooks.js:1566:26)","TypeError: Cannot read properties of undefined (reading 'clearLogs')\n    at /home/mhugo/code/claude-code-zen/src/__tests__/helpers/example-usage.test.ts:30:16\n    at file:///home/mhugo/code/claude-code-zen/node_modules/@vitest/runner/dist/chunk-hooks.js:155:11\n    at file:///home/mhugo/code/claude-code-zen/node_modules/@vitest/runner/dist/chunk-hooks.js:1897:20\n    at new Promise (<anonymous>)\n    at runWithTimeout (file:///home/mhugo/code/claude-code-zen/node_modules/@vitest/runner/dist/chunk-hooks.js:1863:10)\n    at runHook (file:///home/mhugo/code/claude-code-zen/node_modules/@vitest/runner/dist/chunk-hooks.js:1436:51)\n    at callSuiteHook (file:///home/mhugo/code/claude-code-zen/node_modules/@vitest/runner/dist/chunk-hooks.js:1442:25)\n    at callSuiteHook (file:///home/mhugo/code/claude-code-zen/node_modules/@vitest/runner/dist/chunk-hooks.js:1449:27)\n    at runTest (file:///home/mhugo/code/claude-code-zen/node_modules/@vitest/runner/dist/chunk-hooks.js:1597:11)\n    at async Promise.all (index 1)"],"meta":{}},{"ancestorTitles":["Test Helper Utilities - Example Usage","🧪 Test Data Factory Examples"],"fullName":"Test Helper Utilities - Example Usage 🧪 Test Data Factory Examples should generate realistic test data","status":"failed","title":"should generate realistic test data","duration":13.825485999999955,"failureMessages":["ReferenceError: TestLogger is not defined\n    at createTestLogger (/home/mhugo/code/claude-code-zen/src/__tests__/helpers/index.ts:44:3)\n    at /home/mhugo/code/claude-code-zen/src/__tests__/helpers/example-usage.test.ts:26:18\n    at file:///home/mhugo/code/claude-code-zen/node_modules/@vitest/runner/dist/chunk-hooks.js:155:11\n    at file:///home/mhugo/code/claude-code-zen/node_modules/@vitest/runner/dist/chunk-hooks.js:1897:20\n    at new Promise (<anonymous>)\n    at runWithTimeout (file:///home/mhugo/code/claude-code-zen/node_modules/@vitest/runner/dist/chunk-hooks.js:1863:10)\n    at runHook (file:///home/mhugo/code/claude-code-zen/node_modules/@vitest/runner/dist/chunk-hooks.js:1436:51)\n    at callSuiteHook (file:///home/mhugo/code/claude-code-zen/node_modules/@vitest/runner/dist/chunk-hooks.js:1442:25)\n    at callSuiteHook (file:///home/mhugo/code/claude-code-zen/node_modules/@vitest/runner/dist/chunk-hooks.js:1429:21)\n    at runTest (file:///home/mhugo/code/claude-code-zen/node_modules/@vitest/runner/dist/chunk-hooks.js:1566:26)","TypeError: Cannot read properties of undefined (reading 'clearLogs')\n    at /home/mhugo/code/claude-code-zen/src/__tests__/helpers/example-usage.test.ts:30:16\n    at file:///home/mhugo/code/claude-code-zen/node_modules/@vitest/runner/dist/chunk-hooks.js:155:11\n    at file:///home/mhugo/code/claude-code-zen/node_modules/@vitest/runner/dist/chunk-hooks.js:1897:20\n    at new Promise (<anonymous>)\n    at runWithTimeout (file:///home/mhugo/code/claude-code-zen/node_modules/@vitest/runner/dist/chunk-hooks.js:1863:10)\n    at runHook (file:///home/mhugo/code/claude-code-zen/node_modules/@vitest/runner/dist/chunk-hooks.js:1436:51)\n    at callSuiteHook (file:///home/mhugo/code/claude-code-zen/node_modules/@vitest/runner/dist/chunk-hooks.js:1442:25)\n    at callSuiteHook (file:///home/mhugo/code/claude-code-zen/node_modules/@vitest/runner/dist/chunk-hooks.js:1449:27)\n    at runTest (file:///home/mhugo/code/claude-code-zen/node_modules/@vitest/runner/dist/chunk-hooks.js:1597:11)\n    at async Promise.all (index 0)"],"meta":{}},{"ancestorTitles":["Test Helper Utilities - Example Usage","🧪 Test Data Factory Examples"],"fullName":"Test Helper Utilities - Example Usage 🧪 Test Data Factory Examples should create neural network training data","status":"failed","title":"should create neural network training data","duration":13.795488999999861,"failureMessages":["ReferenceError: TestLogger is not defined\n    at createTestLogger (/home/mhugo/code/claude-code-zen/src/__tests__/helpers/index.ts:44:3)\n    at /home/mhugo/code/claude-code-zen/src/__tests__/helpers/example-usage.test.ts:26:18\n    at file:///home/mhugo/code/claude-code-zen/node_modules/@vitest/runner/dist/chunk-hooks.js:155:11\n    at file:///home/mhugo/code/claude-code-zen/node_modules/@vitest/runner/dist/chunk-hooks.js:1897:20\n    at new Promise (<anonymous>)\n    at runWithTimeout (file:///home/mhugo/code/claude-code-zen/node_modules/@vitest/runner/dist/chunk-hooks.js:1863:10)\n    at runHook (file:///home/mhugo/code/claude-code-zen/node_modules/@vitest/runner/dist/chunk-hooks.js:1436:51)\n    at callSuiteHook (file:///home/mhugo/code/claude-code-zen/node_modules/@vitest/runner/dist/chunk-hooks.js:1442:25)\n    at callSuiteHook (file:///home/mhugo/code/claude-code-zen/node_modules/@vitest/runner/dist/chunk-hooks.js:1429:21)\n    at runTest (file:///home/mhugo/code/claude-code-zen/node_modules/@vitest/runner/dist/chunk-hooks.js:1566:26)","TypeError: Cannot read properties of undefined (reading 'clearLogs')\n    at /home/mhugo/code/claude-code-zen/src/__tests__/helpers/example-usage.test.ts:30:16\n    at file:///home/mhugo/code/claude-code-zen/node_modules/@vitest/runner/dist/chunk-hooks.js:155:11\n    at file:///home/mhugo/code/claude-code-zen/node_modules/@vitest/runner/dist/chunk-hooks.js:1897:20\n    at new Promise (<anonymous>)\n    at runWithTimeout (file:///home/mhugo/code/claude-code-zen/node_modules/@vitest/runner/dist/chunk-hooks.js:1863:10)\n    at runHook (file:///home/mhugo/code/claude-code-zen/node_modules/@vitest/runner/dist/chunk-hooks.js:1436:51)\n    at callSuiteHook (file:///home/mhugo/code/claude-code-zen/node_modules/@vitest/runner/dist/chunk-hooks.js:1442:25)\n    at callSuiteHook (file:///home/mhugo/code/claude-code-zen/node_modules/@vitest/runner/dist/chunk-hooks.js:1449:27)\n    at runTest (file:///home/mhugo/code/claude-code-zen/node_modules/@vitest/runner/dist/chunk-hooks.js:1597:11)\n    at async Promise.all (index 1)"],"meta":{}},{"ancestorTitles":["Test Helper Utilities - Example Usage","🔧 Integration Test Setup Examples"],"fullName":"Test Helper Utilities - Example Usage 🔧 Integration Test Setup Examples should setup complete test environment","status":"failed","title":"should setup complete test environment","duration":13.767308999999841,"failureMessages":["ReferenceError: TestLogger is not defined\n    at createTestLogger (/home/mhugo/code/claude-code-zen/src/__tests__/helpers/index.ts:44:3)\n    at /home/mhugo/code/claude-code-zen/src/__tests__/helpers/example-usage.test.ts:26:18\n    at file:///home/mhugo/code/claude-code-zen/node_modules/@vitest/runner/dist/chunk-hooks.js:155:11\n    at file:///home/mhugo/code/claude-code-zen/node_modules/@vitest/runner/dist/chunk-hooks.js:1897:20\n    at new Promise (<anonymous>)\n    at runWithTimeout (file:///home/mhugo/code/claude-code-zen/node_modules/@vitest/runner/dist/chunk-hooks.js:1863:10)\n    at runHook (file:///home/mhugo/code/claude-code-zen/node_modules/@vitest/runner/dist/chunk-hooks.js:1436:51)\n    at callSuiteHook (file:///home/mhugo/code/claude-code-zen/node_modules/@vitest/runner/dist/chunk-hooks.js:1442:25)\n    at callSuiteHook (file:///home/mhugo/code/claude-code-zen/node_modules/@vitest/runner/dist/chunk-hooks.js:1429:21)\n    at runTest (file:///home/mhugo/code/claude-code-zen/node_modules/@vitest/runner/dist/chunk-hooks.js:1566:26)","TypeError: Cannot read properties of undefined (reading 'clearLogs')\n    at /home/mhugo/code/claude-code-zen/src/__tests__/helpers/example-usage.test.ts:30:16\n    at file:///home/mhugo/code/claude-code-zen/node_modules/@vitest/runner/dist/chunk-hooks.js:155:11\n    at file:///home/mhugo/code/claude-code-zen/node_modules/@vitest/runner/dist/chunk-hooks.js:1897:20\n    at new Promise (<anonymous>)\n    at runWithTimeout (file:///home/mhugo/code/claude-code-zen/node_modules/@vitest/runner/dist/chunk-hooks.js:1863:10)\n    at runHook (file:///home/mhugo/code/claude-code-zen/node_modules/@vitest/runner/dist/chunk-hooks.js:1436:51)\n    at callSuiteHook (file:///home/mhugo/code/claude-code-zen/node_modules/@vitest/runner/dist/chunk-hooks.js:1442:25)\n    at callSuiteHook (file:///home/mhugo/code/claude-code-zen/node_modules/@vitest/runner/dist/chunk-hooks.js:1449:27)\n    at runTest (file:///home/mhugo/code/claude-code-zen/node_modules/@vitest/runner/dist/chunk-hooks.js:1597:11)\n    at async Promise.all (index 0)"],"meta":{}},{"ancestorTitles":["Test Helper Utilities - Example Usage","✅ Advanced Assertion Examples"],"fullName":"Test Helper Utilities - Example Usage ✅ Advanced Assertion Examples should use custom assertions for specialized testing","status":"failed","title":"should use custom assertions for specialized testing","duration":13.91547700000001,"failureMessages":["ReferenceError: TestLogger is not defined\n    at createTestLogger (/home/mhugo/code/claude-code-zen/src/__tests__/helpers/index.ts:44:3)\n    at /home/mhugo/code/claude-code-zen/src/__tests__/helpers/example-usage.test.ts:26:18\n    at file:///home/mhugo/code/claude-code-zen/node_modules/@vitest/runner/dist/chunk-hooks.js:155:11\n    at file:///home/mhugo/code/claude-code-zen/node_modules/@vitest/runner/dist/chunk-hooks.js:1897:20\n    at new Promise (<anonymous>)\n    at runWithTimeout (file:///home/mhugo/code/claude-code-zen/node_modules/@vitest/runner/dist/chunk-hooks.js:1863:10)\n    at runHook (file:///home/mhugo/code/claude-code-zen/node_modules/@vitest/runner/dist/chunk-hooks.js:1436:51)\n    at callSuiteHook (file:///home/mhugo/code/claude-code-zen/node_modules/@vitest/runner/dist/chunk-hooks.js:1442:25)\n    at callSuiteHook (file:///home/mhugo/code/claude-code-zen/node_modules/@vitest/runner/dist/chunk-hooks.js:1429:21)\n    at runTest (file:///home/mhugo/code/claude-code-zen/node_modules/@vitest/runner/dist/chunk-hooks.js:1566:26)","TypeError: Cannot read properties of undefined (reading 'clearLogs')\n    at /home/mhugo/code/claude-code-zen/src/__tests__/helpers/example-usage.test.ts:30:16\n    at file:///home/mhugo/code/claude-code-zen/node_modules/@vitest/runner/dist/chunk-hooks.js:155:11\n    at file:///home/mhugo/code/claude-code-zen/node_modules/@vitest/runner/dist/chunk-hooks.js:1897:20\n    at new Promise (<anonymous>)\n    at runWithTimeout (file:///home/mhugo/code/claude-code-zen/node_modules/@vitest/runner/dist/chunk-hooks.js:1863:10)\n    at runHook (file:///home/mhugo/code/claude-code-zen/node_modules/@vitest/runner/dist/chunk-hooks.js:1436:51)\n    at callSuiteHook (file:///home/mhugo/code/claude-code-zen/node_modules/@vitest/runner/dist/chunk-hooks.js:1442:25)\n    at callSuiteHook (file:///home/mhugo/code/claude-code-zen/node_modules/@vitest/runner/dist/chunk-hooks.js:1449:27)\n    at runTest (file:///home/mhugo/code/claude-code-zen/node_modules/@vitest/runner/dist/chunk-hooks.js:1597:11)\n    at async Promise.all (index 0)"],"meta":{}},{"ancestorTitles":["Test Helper Utilities - Example Usage","✅ Advanced Assertion Examples"],"fullName":"Test Helper Utilities - Example Usage ✅ Advanced Assertion Examples should handle async assertions with timeouts","status":"failed","title":"should handle async assertions with timeouts","duration":13.903704999999945,"failureMessages":["ReferenceError: TestLogger is not defined\n    at createTestLogger (/home/mhugo/code/claude-code-zen/src/__tests__/helpers/index.ts:44:3)\n    at /home/mhugo/code/claude-code-zen/src/__tests__/helpers/example-usage.test.ts:26:18\n    at file:///home/mhugo/code/claude-code-zen/node_modules/@vitest/runner/dist/chunk-hooks.js:155:11\n    at file:///home/mhugo/code/claude-code-zen/node_modules/@vitest/runner/dist/chunk-hooks.js:1897:20\n    at new Promise (<anonymous>)\n    at runWithTimeout (file:///home/mhugo/code/claude-code-zen/node_modules/@vitest/runner/dist/chunk-hooks.js:1863:10)\n    at runHook (file:///home/mhugo/code/claude-code-zen/node_modules/@vitest/runner/dist/chunk-hooks.js:1436:51)\n    at callSuiteHook (file:///home/mhugo/code/claude-code-zen/node_modules/@vitest/runner/dist/chunk-hooks.js:1442:25)\n    at callSuiteHook (file:///home/mhugo/code/claude-code-zen/node_modules/@vitest/runner/dist/chunk-hooks.js:1429:21)\n    at runTest (file:///home/mhugo/code/claude-code-zen/node_modules/@vitest/runner/dist/chunk-hooks.js:1566:26)","TypeError: Cannot read properties of undefined (reading 'clearLogs')\n    at /home/mhugo/code/claude-code-zen/src/__tests__/helpers/example-usage.test.ts:30:16\n    at file:///home/mhugo/code/claude-code-zen/node_modules/@vitest/runner/dist/chunk-hooks.js:155:11\n    at file:///home/mhugo/code/claude-code-zen/node_modules/@vitest/runner/dist/chunk-hooks.js:1897:20\n    at new Promise (<anonymous>)\n    at runWithTimeout (file:///home/mhugo/code/claude-code-zen/node_modules/@vitest/runner/dist/chunk-hooks.js:1863:10)\n    at runHook (file:///home/mhugo/code/claude-code-zen/node_modules/@vitest/runner/dist/chunk-hooks.js:1436:51)\n    at callSuiteHook (file:///home/mhugo/code/claude-code-zen/node_modules/@vitest/runner/dist/chunk-hooks.js:1442:25)\n    at callSuiteHook (file:///home/mhugo/code/claude-code-zen/node_modules/@vitest/runner/dist/chunk-hooks.js:1449:27)\n    at runTest (file:///home/mhugo/code/claude-code-zen/node_modules/@vitest/runner/dist/chunk-hooks.js:1597:11)\n    at async Promise.all (index 1)"],"meta":{}},{"ancestorTitles":["Test Helper Utilities - Example Usage","📝 Test Logger Examples"],"fullName":"Test Helper Utilities - Example Usage 📝 Test Logger Examples should provide structured logging for test analysis","status":"failed","title":"should provide structured logging for test analysis","duration":13.88354900000013,"failureMessages":["ReferenceError: TestLogger is not defined\n    at createTestLogger (/home/mhugo/code/claude-code-zen/src/__tests__/helpers/index.ts:44:3)\n    at /home/mhugo/code/claude-code-zen/src/__tests__/helpers/example-usage.test.ts:26:18\n    at file:///home/mhugo/code/claude-code-zen/node_modules/@vitest/runner/dist/chunk-hooks.js:155:11\n    at file:///home/mhugo/code/claude-code-zen/node_modules/@vitest/runner/dist/chunk-hooks.js:1897:20\n    at new Promise (<anonymous>)\n    at runWithTimeout (file:///home/mhugo/code/claude-code-zen/node_modules/@vitest/runner/dist/chunk-hooks.js:1863:10)\n    at runHook (file:///home/mhugo/code/claude-code-zen/node_modules/@vitest/runner/dist/chunk-hooks.js:1436:51)\n    at callSuiteHook (file:///home/mhugo/code/claude-code-zen/node_modules/@vitest/runner/dist/chunk-hooks.js:1442:25)\n    at callSuiteHook (file:///home/mhugo/code/claude-code-zen/node_modules/@vitest/runner/dist/chunk-hooks.js:1429:21)\n    at runTest (file:///home/mhugo/code/claude-code-zen/node_modules/@vitest/runner/dist/chunk-hooks.js:1566:26)","TypeError: Cannot read properties of undefined (reading 'clearLogs')\n    at /home/mhugo/code/claude-code-zen/src/__tests__/helpers/example-usage.test.ts:30:16\n    at file:///home/mhugo/code/claude-code-zen/node_modules/@vitest/runner/dist/chunk-hooks.js:155:11\n    at file:///home/mhugo/code/claude-code-zen/node_modules/@vitest/runner/dist/chunk-hooks.js:1897:20\n    at new Promise (<anonymous>)\n    at runWithTimeout (file:///home/mhugo/code/claude-code-zen/node_modules/@vitest/runner/dist/chunk-hooks.js:1863:10)\n    at runHook (file:///home/mhugo/code/claude-code-zen/node_modules/@vitest/runner/dist/chunk-hooks.js:1436:51)\n    at callSuiteHook (file:///home/mhugo/code/claude-code-zen/node_modules/@vitest/runner/dist/chunk-hooks.js:1442:25)\n    at callSuiteHook (file:///home/mhugo/code/claude-code-zen/node_modules/@vitest/runner/dist/chunk-hooks.js:1449:27)\n    at runTest (file:///home/mhugo/code/claude-code-zen/node_modules/@vitest/runner/dist/chunk-hooks.js:1597:11)\n    at async Promise.all (index 0)"],"meta":{}}],"startTime":1755256331916,"endTime":1755256331934.9082,"status":"failed","message":"","name":"/home/mhugo/code/claude-code-zen/src/__tests__/helpers/example-usage.test.ts"}]}