{"numTotalTestSuites":6,"numPassedTestSuites":2,"numFailedTestSuites":4,"numPendingTestSuites":0,"numTotalTests":17,"numPassedTests":11,"numFailedTests":6,"numPendingTests":0,"numTodoTests":0,"snapshot":{"added":0,"failure":false,"filesAdded":0,"filesRemoved":0,"filesRemovedList":[],"filesUnmatched":0,"filesUpdated":0,"matched":0,"total":0,"unchecked":0,"uncheckedKeysByFile":[],"unmatched":0,"updated":0,"didUpdate":false},"startTime":1755264273275,"success":false,"testResults":[{"assertionResults":[{"ancestorTitles":["Neural Network Model Invariants"],"fullName":"Neural Network Model Invariants output dimensions match configuration","status":"failed","title":"output dimensions match configuration","duration":358.31103499999995,"failureMessages":["Error: fc.float constraints.min must be a 32-bit float - you can convert any double to a 32-bit float by using `Math.fround(myDouble)`\n    at safeFloatToIndex (file:///home/mhugo/code/claude-code-zen/node_modules/fast-check/lib/arbitrary/float.js:14:15)\n    at anyFloat (file:///home/mhugo/code/claude-code-zen/node_modules/fast-check/lib/arbitrary/float.js:28:25)\n    at Module.float (file:///home/mhugo/code/claude-code-zen/node_modules/fast-check/lib/arbitrary/float.js:55:16)\n    at networkConfig (/home/mhugo/code/claude-code-zen/src/__tests__/unit/neural/property-based-tests.test.ts:73:33)\n    at /home/mhugo/code/claude-code-zen/src/__tests__/unit/neural/property-based-tests.test.ts:207:19\n    at file:///home/mhugo/code/claude-code-zen/node_modules/@vitest/runner/dist/chunk-hooks.js:155:11\n    at file:///home/mhugo/code/claude-code-zen/node_modules/@vitest/runner/dist/chunk-hooks.js:752:26\n    at file:///home/mhugo/code/claude-code-zen/node_modules/@vitest/runner/dist/chunk-hooks.js:1897:20\n    at new Promise (<anonymous>)\n    at runWithTimeout (file:///home/mhugo/code/claude-code-zen/node_modules/@vitest/runner/dist/chunk-hooks.js:1863:10)"],"meta":{}},{"ancestorTitles":["Neural Network Model Invariants"],"fullName":"Neural Network Model Invariants network info consistency","status":"failed","title":"network info consistency","duration":357.9209270000001,"failureMessages":["Error: fc.float constraints.min must be a 32-bit float - you can convert any double to a 32-bit float by using `Math.fround(myDouble)`\n    at safeFloatToIndex (file:///home/mhugo/code/claude-code-zen/node_modules/fast-check/lib/arbitrary/float.js:14:15)\n    at anyFloat (file:///home/mhugo/code/claude-code-zen/node_modules/fast-check/lib/arbitrary/float.js:28:25)\n    at Module.float (file:///home/mhugo/code/claude-code-zen/node_modules/fast-check/lib/arbitrary/float.js:55:16)\n    at networkConfig (/home/mhugo/code/claude-code-zen/src/__tests__/unit/neural/property-based-tests.test.ts:73:33)\n    at /home/mhugo/code/claude-code-zen/src/__tests__/unit/neural/property-based-tests.test.ts:221:19\n    at file:///home/mhugo/code/claude-code-zen/node_modules/@vitest/runner/dist/chunk-hooks.js:155:11\n    at file:///home/mhugo/code/claude-code-zen/node_modules/@vitest/runner/dist/chunk-hooks.js:752:26\n    at file:///home/mhugo/code/claude-code-zen/node_modules/@vitest/runner/dist/chunk-hooks.js:1897:20\n    at new Promise (<anonymous>)\n    at runWithTimeout (file:///home/mhugo/code/claude-code-zen/node_modules/@vitest/runner/dist/chunk-hooks.js:1863:10)"],"meta":{}},{"ancestorTitles":["Neural Network Model Invariants"],"fullName":"Neural Network Model Invariants parameter bounds validation","status":"failed","title":"parameter bounds validation","duration":357.8727080000001,"failureMessages":["Error: fc.float constraints.min must be a 32-bit float - you can convert any double to a 32-bit float by using `Math.fround(myDouble)`\n    at safeFloatToIndex (file:///home/mhugo/code/claude-code-zen/node_modules/fast-check/lib/arbitrary/float.js:14:15)\n    at anyFloat (file:///home/mhugo/code/claude-code-zen/node_modules/fast-check/lib/arbitrary/float.js:28:25)\n    at Module.float (file:///home/mhugo/code/claude-code-zen/node_modules/fast-check/lib/arbitrary/float.js:55:16)\n    at networkConfig (/home/mhugo/code/claude-code-zen/src/__tests__/unit/neural/property-based-tests.test.ts:73:33)\n    at /home/mhugo/code/claude-code-zen/src/__tests__/unit/neural/property-based-tests.test.ts:247:9\n    at file:///home/mhugo/code/claude-code-zen/node_modules/@vitest/runner/dist/chunk-hooks.js:155:11\n    at file:///home/mhugo/code/claude-code-zen/node_modules/@vitest/runner/dist/chunk-hooks.js:752:26\n    at file:///home/mhugo/code/claude-code-zen/node_modules/@vitest/runner/dist/chunk-hooks.js:1897:20\n    at new Promise (<anonymous>)\n    at runWithTimeout (file:///home/mhugo/code/claude-code-zen/node_modules/@vitest/runner/dist/chunk-hooks.js:1863:10)"],"meta":{}},{"ancestorTitles":["Neural Network Model Invariants"],"fullName":"Neural Network Model Invariants training convergence properties","status":"failed","title":"training convergence properties","duration":357.8285739999999,"failureMessages":["Error: fc.float constraints.min must be a 32-bit float - you can convert any double to a 32-bit float by using `Math.fround(myDouble)`\n    at safeFloatToIndex (file:///home/mhugo/code/claude-code-zen/node_modules/fast-check/lib/arbitrary/float.js:14:15)\n    at anyFloat (file:///home/mhugo/code/claude-code-zen/node_modules/fast-check/lib/arbitrary/float.js:28:25)\n    at Module.float (file:///home/mhugo/code/claude-code-zen/node_modules/fast-check/lib/arbitrary/float.js:55:16)\n    at networkConfig (/home/mhugo/code/claude-code-zen/src/__tests__/unit/neural/property-based-tests.test.ts:73:33)\n    at /home/mhugo/code/claude-code-zen/src/__tests__/unit/neural/property-based-tests.test.ts:264:19\n    at file:///home/mhugo/code/claude-code-zen/node_modules/@vitest/runner/dist/chunk-hooks.js:155:11\n    at file:///home/mhugo/code/claude-code-zen/node_modules/@vitest/runner/dist/chunk-hooks.js:752:26\n    at file:///home/mhugo/code/claude-code-zen/node_modules/@vitest/runner/dist/chunk-hooks.js:1897:20\n    at new Promise (<anonymous>)\n    at runWithTimeout (file:///home/mhugo/code/claude-code-zen/node_modules/@vitest/runner/dist/chunk-hooks.js:1863:10)"],"meta":{}},{"ancestorTitles":["Data Processing Invariants"],"fullName":"Data Processing Invariants normalization reversibility","status":"passed","title":"normalization reversibility","duration":357.78278899999987,"failureMessages":[],"meta":{}},{"ancestorTitles":["Data Processing Invariants"],"fullName":"Data Processing Invariants normalized data properties","status":"passed","title":"normalized data properties","duration":357.7500540000001,"failureMessages":[],"meta":{}},{"ancestorTitles":["Data Processing Invariants"],"fullName":"Data Processing Invariants time series window generation correctness","status":"passed","title":"time series window generation correctness","duration":357.688621,"failureMessages":[],"meta":{}},{"ancestorTitles":["Data Processing Invariants"],"fullName":"Data Processing Invariants missing value handling consistency","status":"passed","title":"missing value handling consistency","duration":357.7255710000002,"failureMessages":[],"meta":{}},{"ancestorTitles":["Numerical Stability Properties"],"fullName":"Numerical Stability Properties activation function bounds","status":"passed","title":"activation function bounds","duration":872.008824,"failureMessages":[],"meta":{}},{"ancestorTitles":["Numerical Stability Properties"],"fullName":"Numerical Stability Properties matrix operations stability","status":"passed","title":"matrix operations stability","duration":871.8164960000001,"failureMessages":[],"meta":{}},{"ancestorTitles":["Numerical Stability Properties"],"fullName":"Numerical Stability Properties gradient magnitude bounds","status":"failed","title":"gradient magnitude bounds","duration":871.7079390000001,"failureMessages":["Error: fc.float constraints.min must be a 32-bit float - you can convert any double to a 32-bit float by using `Math.fround(myDouble)`\n    at safeFloatToIndex (file:///home/mhugo/code/claude-code-zen/node_modules/fast-check/lib/arbitrary/float.js:14:15)\n    at anyFloat (file:///home/mhugo/code/claude-code-zen/node_modules/fast-check/lib/arbitrary/float.js:28:25)\n    at Module.float (file:///home/mhugo/code/claude-code-zen/node_modules/fast-check/lib/arbitrary/float.js:55:16)\n    at /home/mhugo/code/claude-code-zen/src/__tests__/unit/neural/property-based-tests.test.ts:470:12\n    at file:///home/mhugo/code/claude-code-zen/node_modules/@vitest/runner/dist/chunk-hooks.js:155:11\n    at file:///home/mhugo/code/claude-code-zen/node_modules/@vitest/runner/dist/chunk-hooks.js:752:26\n    at file:///home/mhugo/code/claude-code-zen/node_modules/@vitest/runner/dist/chunk-hooks.js:1897:20\n    at new Promise (<anonymous>)\n    at runWithTimeout (file:///home/mhugo/code/claude-code-zen/node_modules/@vitest/runner/dist/chunk-hooks.js:1863:10)\n    at runTest (file:///home/mhugo/code/claude-code-zen/node_modules/@vitest/runner/dist/chunk-hooks.js:1574:12)"],"meta":{}},{"ancestorTitles":["Numerical Stability Properties"],"fullName":"Numerical Stability Properties loss function properties","status":"passed","title":"loss function properties","duration":871.9342030000003,"failureMessages":[],"meta":{}},{"ancestorTitles":["Edge Case Handling"],"fullName":"Edge Case Handling extreme input values","status":"passed","title":"extreme input values","duration":871.9109309999999,"failureMessages":[],"meta":{}},{"ancestorTitles":["Edge Case Handling"],"fullName":"Edge Case Handling empty and minimal inputs","status":"passed","title":"empty and minimal inputs","duration":871.88988,"failureMessages":[],"meta":{}},{"ancestorTitles":["Edge Case Handling"],"fullName":"Edge Case Handling malformed data resilience","status":"passed","title":"malformed data resilience","duration":871.8742460000001,"failureMessages":[],"meta":{}},{"ancestorTitles":["Statistical Properties"],"fullName":"Statistical Properties distribution preservation in preprocessing","status":"failed","title":"distribution preservation in preprocessing","duration":871.8510330000001,"failureMessages":["Error: Property failed after 1 tests\n{ seed: 1421270878, path: \"0:0:0:0:0:0:0:0:0:0:0:0:0:0:0:0:0:0:0:0:0:0:0:0:0:0:0:0:0:0:0:0:0:0:0:0:0:0:0:0:0:0:1:0:0:0:0:0:0:0:0:0:0:0:0:0:0:0:0:0:0:0:0:0:0:0:0:0:0:0:2:0:0:0:0:0:0:0:0:0:0:0:0:0:0:0:0:0:0:0:0:0:0:0:2:0:0:0:0:0:0:0:0:0:0:0:0:0:0:0:0:0:0:0:0:0:0:0:0:0:0:0:0:2:0:0:0:0:0:0:0:0:0:0:0:0:0:0:0:0:0:0:0:0:0:0:0:0:0:0:0:0:2:0:0:0:0:0:0:0:0:0:0:0:0:0:0:0:0:0:0:0:0:0:0:0:3:0:0:0:0:0:0:0:0:0:0:0:0:0:0:0:0:0:0:0:0:0:0:0:0:0:1:0:2:0:0:0:0:0:0:0:0:0:0:0:0:0:0:0:0:0:0:0:0:0:0:0:0:0:0:0:2:0:0:0:0:0:0:0:0:0:0:0:0:0:0:0:0:0:0:0:0:0:0:0:0:0:0:1:2:0:0:0:0:0:0:0:0:0:0:0:0:0:0:0:0:0:0:0:0:0:0:0:0:3:1:0:4:1:1:0:0:0:0:0:1:0:0:0:0:0:0:0:0:0\", endOnFailure: true }\nCounterexample: [[0,0,0,0,0,0,0,0,0,0,0,0,0,0,0,0,0,0,0,0,0,0,0,0,0,0,0,0,0,0,0,0,0,0,0,0,0,0,0,0,-1.401298464324817e-45,-2.802596928649634e-45,1.401298464324817e-45,2.802596928649634e-45,-4.203895392974451e-45,-5.605193857299268e-45,4.203895392974451e-45,-7.006492321624085e-45,5.605193857299268e-45,4.186232623481692e-28]]\nShrunk 305 time(s)\n\nHint: Enable verbose mode in order to have the list of all failing values encountered during the run\n    at buildError (file:///home/mhugo/code/claude-code-zen/node_modules/fast-check/lib/check/runner/utils/RunDetailsFormatter.js:156:19)\n    at throwIfFailed (file:///home/mhugo/code/claude-code-zen/node_modules/fast-check/lib/check/runner/utils/RunDetailsFormatter.js:165:11)\n    at reportRunDetails (file:///home/mhugo/code/claude-code-zen/node_modules/fast-check/lib/check/runner/utils/RunDetailsFormatter.js:178:16)\n    at Module.assert (file:///home/mhugo/code/claude-code-zen/node_modules/fast-check/lib/check/runner/Runner.js:61:9)\n    at /home/mhugo/code/claude-code-zen/src/__tests__/unit/neural/property-based-tests.test.ts:611:8\n    at file:///home/mhugo/code/claude-code-zen/node_modules/@vitest/runner/dist/chunk-hooks.js:155:11\n    at file:///home/mhugo/code/claude-code-zen/node_modules/@vitest/runner/dist/chunk-hooks.js:752:26\n    at file:///home/mhugo/code/claude-code-zen/node_modules/@vitest/runner/dist/chunk-hooks.js:1897:20\n    at new Promise (<anonymous>)\n    at runWithTimeout (file:///home/mhugo/code/claude-code-zen/node_modules/@vitest/runner/dist/chunk-hooks.js:1863:10)"],"meta":{}},{"ancestorTitles":["Statistical Properties"],"fullName":"Statistical Properties correlation preservation","status":"passed","title":"correlation preservation","duration":9.169981000000007,"failureMessages":[],"meta":{}}],"startTime":1755264274359,"endTime":1755264275599.17,"status":"failed","message":"","name":"/home/mhugo/code/claude-code-zen/src/__tests__/unit/neural/property-based-tests.test.ts"}]}