{"numTotalTestSuites":17,"numPassedTestSuites":3,"numFailedTestSuites":14,"numPendingTestSuites":0,"numTotalTests":29,"numPassedTests":12,"numFailedTests":17,"numPendingTests":0,"numTodoTests":0,"snapshot":{"added":0,"failure":false,"filesAdded":0,"filesRemoved":0,"filesRemovedList":[],"filesUnmatched":0,"filesUpdated":0,"matched":0,"total":0,"unchecked":0,"uncheckedKeysByFile":[],"unmatched":0,"updated":0,"didUpdate":false},"startTime":1756591102975,"success":false,"testResults":[{"assertionResults":[{"ancestorTitles":["Foundation Type Utilities - 100% Coverage","Branding Functions"],"fullName":"Foundation Type Utilities - 100% Coverage Branding Functions should brand and unbrand values","status":"failed","title":"should brand and unbrand values","duration":5.92121800000001,"failureMessages":["TypeError: brand is not a function\n    at /home/runner/work/zenflow/zenflow/packages/core/foundation/tests/unit/type-utilities.test.ts:34:23\n    at file:///home/runner/work/zenflow/zenflow/node_modules/.pnpm/@vitest+runner@3.2.4/node_modules/@vitest/runner/dist/chunk-hooks.js:155:11\n    at file:///home/runner/work/zenflow/zenflow/node_modules/.pnpm/@vitest+runner@3.2.4/node_modules/@vitest/runner/dist/chunk-hooks.js:752:26\n    at file:///home/runner/work/zenflow/zenflow/node_modules/.pnpm/@vitest+runner@3.2.4/node_modules/@vitest/runner/dist/chunk-hooks.js:1897:20\n    at new Promise (<anonymous>)\n    at runWithTimeout (file:///home/runner/work/zenflow/zenflow/node_modules/.pnpm/@vitest+runner@3.2.4/node_modules/@vitest/runner/dist/chunk-hooks.js:1863:10)\n    at runTest (file:///home/runner/work/zenflow/zenflow/node_modules/.pnpm/@vitest+runner@3.2.4/node_modules/@vitest/runner/dist/chunk-hooks.js:1574:12)\n    at processTicksAndRejections (node:internal/process/task_queues:105:5)\n    at async Promise.all (index 0)\n    at runSuite (file:///home/runner/work/zenflow/zenflow/node_modules/.pnpm/@vitest+runner@3.2.4/node_modules/@vitest/runner/dist/chunk-hooks.js:1718:7)"],"meta":{}},{"ancestorTitles":["Foundation Type Utilities - 100% Coverage","Branding Functions"],"fullName":"Foundation Type Utilities - 100% Coverage Branding Functions should handle different types for branding","status":"failed","title":"should handle different types for branding","duration":5.68528299999997,"failureMessages":["TypeError: brand is not a function\n    at /home/runner/work/zenflow/zenflow/packages/core/foundation/tests/unit/type-utilities.test.ts:43:27\n    at file:///home/runner/work/zenflow/zenflow/node_modules/.pnpm/@vitest+runner@3.2.4/node_modules/@vitest/runner/dist/chunk-hooks.js:155:11\n    at file:///home/runner/work/zenflow/zenflow/node_modules/.pnpm/@vitest+runner@3.2.4/node_modules/@vitest/runner/dist/chunk-hooks.js:752:26\n    at file:///home/runner/work/zenflow/zenflow/node_modules/.pnpm/@vitest+runner@3.2.4/node_modules/@vitest/runner/dist/chunk-hooks.js:1897:20\n    at new Promise (<anonymous>)\n    at runWithTimeout (file:///home/runner/work/zenflow/zenflow/node_modules/.pnpm/@vitest+runner@3.2.4/node_modules/@vitest/runner/dist/chunk-hooks.js:1863:10)\n    at runTest (file:///home/runner/work/zenflow/zenflow/node_modules/.pnpm/@vitest+runner@3.2.4/node_modules/@vitest/runner/dist/chunk-hooks.js:1574:12)\n    at processTicksAndRejections (node:internal/process/task_queues:105:5)\n    at async Promise.all (index 1)\n    at runSuite (file:///home/runner/work/zenflow/zenflow/node_modules/.pnpm/@vitest+runner@3.2.4/node_modules/@vitest/runner/dist/chunk-hooks.js:1718:7)"],"meta":{}},{"ancestorTitles":["Foundation Type Utilities - 100% Coverage","Timestamp Functions"],"fullName":"Foundation Type Utilities - 100% Coverage Timestamp Functions should create current timestamp","status":"failed","title":"should create current timestamp","duration":0.8681760000000054,"failureMessages":["TypeError: unbrand is not a function\n    at /home/runner/work/zenflow/zenflow/packages/core/foundation/tests/unit/type-utilities.test.ts:58:21\n    at file:///home/runner/work/zenflow/zenflow/node_modules/.pnpm/@vitest+runner@3.2.4/node_modules/@vitest/runner/dist/chunk-hooks.js:155:11\n    at file:///home/runner/work/zenflow/zenflow/node_modules/.pnpm/@vitest+runner@3.2.4/node_modules/@vitest/runner/dist/chunk-hooks.js:752:26\n    at file:///home/runner/work/zenflow/zenflow/node_modules/.pnpm/@vitest+runner@3.2.4/node_modules/@vitest/runner/dist/chunk-hooks.js:1897:20\n    at new Promise (<anonymous>)\n    at runWithTimeout (file:///home/runner/work/zenflow/zenflow/node_modules/.pnpm/@vitest+runner@3.2.4/node_modules/@vitest/runner/dist/chunk-hooks.js:1863:10)\n    at runTest (file:///home/runner/work/zenflow/zenflow/node_modules/.pnpm/@vitest+runner@3.2.4/node_modules/@vitest/runner/dist/chunk-hooks.js:1574:12)\n    at processTicksAndRejections (node:internal/process/task_queues:105:5)\n    at async Promise.all (index 0)\n    at runSuite (file:///home/runner/work/zenflow/zenflow/node_modules/.pnpm/@vitest+runner@3.2.4/node_modules/@vitest/runner/dist/chunk-hooks.js:1718:7)"],"meta":{}},{"ancestorTitles":["Foundation Type Utilities - 100% Coverage","Timestamp Functions"],"fullName":"Foundation Type Utilities - 100% Coverage Timestamp Functions should create timestamp from date","status":"failed","title":"should create timestamp from date","duration":0.8261660000000006,"failureMessages":["TypeError: unbrand is not a function\n    at /home/runner/work/zenflow/zenflow/packages/core/foundation/tests/unit/type-utilities.test.ts:66:14\n    at file:///home/runner/work/zenflow/zenflow/node_modules/.pnpm/@vitest+runner@3.2.4/node_modules/@vitest/runner/dist/chunk-hooks.js:155:11\n    at file:///home/runner/work/zenflow/zenflow/node_modules/.pnpm/@vitest+runner@3.2.4/node_modules/@vitest/runner/dist/chunk-hooks.js:752:26\n    at file:///home/runner/work/zenflow/zenflow/node_modules/.pnpm/@vitest+runner@3.2.4/node_modules/@vitest/runner/dist/chunk-hooks.js:1897:20\n    at new Promise (<anonymous>)\n    at runWithTimeout (file:///home/runner/work/zenflow/zenflow/node_modules/.pnpm/@vitest+runner@3.2.4/node_modules/@vitest/runner/dist/chunk-hooks.js:1863:10)\n    at runTest (file:///home/runner/work/zenflow/zenflow/node_modules/.pnpm/@vitest+runner@3.2.4/node_modules/@vitest/runner/dist/chunk-hooks.js:1574:12)\n    at processTicksAndRejections (node:internal/process/task_queues:105:5)\n    at async Promise.all (index 1)\n    at runSuite (file:///home/runner/work/zenflow/zenflow/node_modules/.pnpm/@vitest+runner@3.2.4/node_modules/@vitest/runner/dist/chunk-hooks.js:1718:7)"],"meta":{}},{"ancestorTitles":["Foundation Type Utilities - 100% Coverage","Timestamp Functions"],"fullName":"Foundation Type Utilities - 100% Coverage Timestamp Functions should convert timestamp to date","status":"passed","title":"should convert timestamp to date","duration":1.1906930000000102,"failureMessages":[],"meta":{}},{"ancestorTitles":["Foundation Type Utilities - 100% Coverage","Timestamp Functions"],"fullName":"Foundation Type Utilities - 100% Coverage Timestamp Functions should create ISO string from timestamp","status":"failed","title":"should create ISO string from timestamp","duration":1.1279049999999984,"failureMessages":["TypeError: unbrand is not a function\n    at /home/runner/work/zenflow/zenflow/packages/core/foundation/tests/unit/type-utilities.test.ts:83:14\n    at file:///home/runner/work/zenflow/zenflow/node_modules/.pnpm/@vitest+runner@3.2.4/node_modules/@vitest/runner/dist/chunk-hooks.js:155:11\n    at file:///home/runner/work/zenflow/zenflow/node_modules/.pnpm/@vitest+runner@3.2.4/node_modules/@vitest/runner/dist/chunk-hooks.js:752:26\n    at file:///home/runner/work/zenflow/zenflow/node_modules/.pnpm/@vitest+runner@3.2.4/node_modules/@vitest/runner/dist/chunk-hooks.js:1897:20\n    at new Promise (<anonymous>)\n    at runWithTimeout (file:///home/runner/work/zenflow/zenflow/node_modules/.pnpm/@vitest+runner@3.2.4/node_modules/@vitest/runner/dist/chunk-hooks.js:1863:10)\n    at runTest (file:///home/runner/work/zenflow/zenflow/node_modules/.pnpm/@vitest+runner@3.2.4/node_modules/@vitest/runner/dist/chunk-hooks.js:1574:12)\n    at processTicksAndRejections (node:internal/process/task_queues:105:5)\n    at async Promise.all (index 3)\n    at runSuite (file:///home/runner/work/zenflow/zenflow/node_modules/.pnpm/@vitest+runner@3.2.4/node_modules/@vitest/runner/dist/chunk-hooks.js:1718:7)"],"meta":{}},{"ancestorTitles":["Foundation Type Utilities - 100% Coverage","Type Guards","isTimestamp"],"fullName":"Foundation Type Utilities - 100% Coverage Type Guards isTimestamp should validate correct timestamps","status":"passed","title":"should validate correct timestamps","duration":0.3780829999999469,"failureMessages":[],"meta":{}},{"ancestorTitles":["Foundation Type Utilities - 100% Coverage","Type Guards","isTimestamp"],"fullName":"Foundation Type Utilities - 100% Coverage Type Guards isTimestamp should reject invalid timestamps","status":"failed","title":"should reject invalid timestamps","duration":4.2506989999999405,"failureMessages":["AssertionError: expected true to be false // Object.is equality\n    at /home/runner/work/zenflow/zenflow/packages/core/foundation/tests/unit/type-utilities.test.ts:111:35\n    at file:///home/runner/work/zenflow/zenflow/node_modules/.pnpm/@vitest+runner@3.2.4/node_modules/@vitest/runner/dist/chunk-hooks.js:155:11\n    at file:///home/runner/work/zenflow/zenflow/node_modules/.pnpm/@vitest+runner@3.2.4/node_modules/@vitest/runner/dist/chunk-hooks.js:752:26\n    at file:///home/runner/work/zenflow/zenflow/node_modules/.pnpm/@vitest+runner@3.2.4/node_modules/@vitest/runner/dist/chunk-hooks.js:1897:20\n    at new Promise (<anonymous>)\n    at runWithTimeout (file:///home/runner/work/zenflow/zenflow/node_modules/.pnpm/@vitest+runner@3.2.4/node_modules/@vitest/runner/dist/chunk-hooks.js:1863:10)\n    at runTest (file:///home/runner/work/zenflow/zenflow/node_modules/.pnpm/@vitest+runner@3.2.4/node_modules/@vitest/runner/dist/chunk-hooks.js:1574:12)\n    at processTicksAndRejections (node:internal/process/task_queues:105:5)\n    at async Promise.all (index 1)\n    at runSuite (file:///home/runner/work/zenflow/zenflow/node_modules/.pnpm/@vitest+runner@3.2.4/node_modules/@vitest/runner/dist/chunk-hooks.js:1718:7)"],"meta":{}},{"ancestorTitles":["Foundation Type Utilities - 100% Coverage","Type Guards","isISODateString"],"fullName":"Foundation Type Utilities - 100% Coverage Type Guards isISODateString should validate correct ISO date strings","status":"passed","title":"should validate correct ISO date strings","duration":4.1918679999999995,"failureMessages":[],"meta":{}},{"ancestorTitles":["Foundation Type Utilities - 100% Coverage","Type Guards","isISODateString"],"fullName":"Foundation Type Utilities - 100% Coverage Type Guards isISODateString should reject invalid ISO date strings","status":"failed","title":"should reject invalid ISO date strings","duration":0.818082000000004,"failureMessages":["AssertionError: expected true to be false // Object.is equality\n    at /home/runner/work/zenflow/zenflow/packages/core/foundation/tests/unit/type-utilities.test.ts:144:41\n    at file:///home/runner/work/zenflow/zenflow/node_modules/.pnpm/@vitest+runner@3.2.4/node_modules/@vitest/runner/dist/chunk-hooks.js:155:11\n    at file:///home/runner/work/zenflow/zenflow/node_modules/.pnpm/@vitest+runner@3.2.4/node_modules/@vitest/runner/dist/chunk-hooks.js:752:26\n    at file:///home/runner/work/zenflow/zenflow/node_modules/.pnpm/@vitest+runner@3.2.4/node_modules/@vitest/runner/dist/chunk-hooks.js:1897:20\n    at new Promise (<anonymous>)\n    at runWithTimeout (file:///home/runner/work/zenflow/zenflow/node_modules/.pnpm/@vitest+runner@3.2.4/node_modules/@vitest/runner/dist/chunk-hooks.js:1863:10)\n    at runTest (file:///home/runner/work/zenflow/zenflow/node_modules/.pnpm/@vitest+runner@3.2.4/node_modules/@vitest/runner/dist/chunk-hooks.js:1574:12)\n    at processTicksAndRejections (node:internal/process/task_queues:105:5)\n    at async Promise.all (index 1)\n    at runSuite (file:///home/runner/work/zenflow/zenflow/node_modules/.pnpm/@vitest+runner@3.2.4/node_modules/@vitest/runner/dist/chunk-hooks.js:1718:7)"],"meta":{}},{"ancestorTitles":["Foundation Type Utilities - 100% Coverage","Type Guards","isEmail"],"fullName":"Foundation Type Utilities - 100% Coverage Type Guards isEmail should validate correct email addresses","status":"passed","title":"should validate correct email addresses","duration":0.7941869999999653,"failureMessages":[],"meta":{}},{"ancestorTitles":["Foundation Type Utilities - 100% Coverage","Type Guards","isEmail"],"fullName":"Foundation Type Utilities - 100% Coverage Type Guards isEmail should reject invalid email addresses","status":"failed","title":"should reject invalid email addresses","duration":2.765129999999999,"failureMessages":["AssertionError: expected true to be false // Object.is equality\n    at /home/runner/work/zenflow/zenflow/packages/core/foundation/tests/unit/type-utilities.test.ts:177:34\n    at file:///home/runner/work/zenflow/zenflow/node_modules/.pnpm/@vitest+runner@3.2.4/node_modules/@vitest/runner/dist/chunk-hooks.js:155:11\n    at file:///home/runner/work/zenflow/zenflow/node_modules/.pnpm/@vitest+runner@3.2.4/node_modules/@vitest/runner/dist/chunk-hooks.js:752:26\n    at file:///home/runner/work/zenflow/zenflow/node_modules/.pnpm/@vitest+runner@3.2.4/node_modules/@vitest/runner/dist/chunk-hooks.js:1897:20\n    at new Promise (<anonymous>)\n    at runWithTimeout (file:///home/runner/work/zenflow/zenflow/node_modules/.pnpm/@vitest+runner@3.2.4/node_modules/@vitest/runner/dist/chunk-hooks.js:1863:10)\n    at runTest (file:///home/runner/work/zenflow/zenflow/node_modules/.pnpm/@vitest+runner@3.2.4/node_modules/@vitest/runner/dist/chunk-hooks.js:1574:12)\n    at processTicksAndRejections (node:internal/process/task_queues:105:5)\n    at async Promise.all (index 1)\n    at runSuite (file:///home/runner/work/zenflow/zenflow/node_modules/.pnpm/@vitest+runner@3.2.4/node_modules/@vitest/runner/dist/chunk-hooks.js:1718:7)"],"meta":{}},{"ancestorTitles":["Foundation Type Utilities - 100% Coverage","Type Guards","isNonEmptyArray"],"fullName":"Foundation Type Utilities - 100% Coverage Type Guards isNonEmptyArray should validate non-empty arrays","status":"passed","title":"should validate non-empty arrays","duration":2.731257000000028,"failureMessages":[],"meta":{}},{"ancestorTitles":["Foundation Type Utilities - 100% Coverage","Type Guards","isNonEmptyArray"],"fullName":"Foundation Type Utilities - 100% Coverage Type Guards isNonEmptyArray should reject empty arrays","status":"passed","title":"should reject empty arrays","duration":0.4020669999999882,"failureMessages":[],"meta":{}},{"ancestorTitles":["Foundation Type Utilities - 100% Coverage","Type Guards","isPrimitive"],"fullName":"Foundation Type Utilities - 100% Coverage Type Guards isPrimitive should validate primitive values","status":"passed","title":"should validate primitive values","duration":0.29973499999994146,"failureMessages":[],"meta":{}},{"ancestorTitles":["Foundation Type Utilities - 100% Coverage","Type Guards","isPrimitive"],"fullName":"Foundation Type Utilities - 100% Coverage Type Guards isPrimitive should reject non-primitive values","status":"passed","title":"should reject non-primitive values","duration":0.809394999999995,"failureMessages":[],"meta":{}},{"ancestorTitles":["Foundation Type Utilities - 100% Coverage","Enums","Priority"],"fullName":"Foundation Type Utilities - 100% Coverage Enums Priority should have all priority levels","status":"failed","title":"should have all priority levels","duration":0.6571780000000444,"failureMessages":["AssertionError: expected undefined to be 'urgent' // Object.is equality\n    at /home/runner/work/zenflow/zenflow/packages/core/foundation/tests/unit/type-utilities.test.ts:238:33\n    at file:///home/runner/work/zenflow/zenflow/node_modules/.pnpm/@vitest+runner@3.2.4/node_modules/@vitest/runner/dist/chunk-hooks.js:155:11\n    at file:///home/runner/work/zenflow/zenflow/node_modules/.pnpm/@vitest+runner@3.2.4/node_modules/@vitest/runner/dist/chunk-hooks.js:752:26\n    at file:///home/runner/work/zenflow/zenflow/node_modules/.pnpm/@vitest+runner@3.2.4/node_modules/@vitest/runner/dist/chunk-hooks.js:1897:20\n    at new Promise (<anonymous>)\n    at runWithTimeout (file:///home/runner/work/zenflow/zenflow/node_modules/.pnpm/@vitest+runner@3.2.4/node_modules/@vitest/runner/dist/chunk-hooks.js:1863:10)\n    at runTest (file:///home/runner/work/zenflow/zenflow/node_modules/.pnpm/@vitest+runner@3.2.4/node_modules/@vitest/runner/dist/chunk-hooks.js:1574:12)\n    at processTicksAndRejections (node:internal/process/task_queues:105:5)\n    at async Promise.all (index 0)\n    at runSuite (file:///home/runner/work/zenflow/zenflow/node_modules/.pnpm/@vitest+runner@3.2.4/node_modules/@vitest/runner/dist/chunk-hooks.js:1718:7)"],"meta":{}},{"ancestorTitles":["Foundation Type Utilities - 100% Coverage","Enums","Priority"],"fullName":"Foundation Type Utilities - 100% Coverage Enums Priority should have consistent enum values","status":"failed","title":"should have consistent enum values","duration":3.1356589999999187,"failureMessages":["AssertionError: expected [ 'low', 'medium', 'high', 'critical' ] to include 'urgent'\n    at Proxy.<anonymous> (file:///home/runner/work/zenflow/zenflow/node_modules/.pnpm/@vitest+expect@3.2.4/node_modules/@vitest/expect/dist/index.js:1191:15)\n    at Proxy.<anonymous> (file:///home/runner/work/zenflow/zenflow/node_modules/.pnpm/@vitest+expect@3.2.4/node_modules/@vitest/expect/dist/index.js:1029:14)\n    at Proxy.methodWrapper (file:///home/runner/work/zenflow/zenflow/node_modules/.pnpm/chai@5.3.3/node_modules/chai/index.js:1686:25)\n    at /home/runner/work/zenflow/zenflow/packages/core/foundation/tests/unit/type-utilities.test.ts:245:26\n    at file:///home/runner/work/zenflow/zenflow/node_modules/.pnpm/@vitest+runner@3.2.4/node_modules/@vitest/runner/dist/chunk-hooks.js:155:11\n    at file:///home/runner/work/zenflow/zenflow/node_modules/.pnpm/@vitest+runner@3.2.4/node_modules/@vitest/runner/dist/chunk-hooks.js:752:26\n    at file:///home/runner/work/zenflow/zenflow/node_modules/.pnpm/@vitest+runner@3.2.4/node_modules/@vitest/runner/dist/chunk-hooks.js:1897:20\n    at new Promise (<anonymous>)\n    at runWithTimeout (file:///home/runner/work/zenflow/zenflow/node_modules/.pnpm/@vitest+runner@3.2.4/node_modules/@vitest/runner/dist/chunk-hooks.js:1863:10)\n    at runTest (file:///home/runner/work/zenflow/zenflow/node_modules/.pnpm/@vitest+runner@3.2.4/node_modules/@vitest/runner/dist/chunk-hooks.js:1574:12)"],"meta":{}},{"ancestorTitles":["Foundation Type Utilities - 100% Coverage","Enums","Status"],"fullName":"Foundation Type Utilities - 100% Coverage Enums Status should have all status types","status":"failed","title":"should have all status types","duration":3.1101099999999633,"failureMessages":["AssertionError: expected undefined to be 'cancelled' // Object.is equality\n    at /home/runner/work/zenflow/zenflow/packages/core/foundation/tests/unit/type-utilities.test.ts:257:34\n    at file:///home/runner/work/zenflow/zenflow/node_modules/.pnpm/@vitest+runner@3.2.4/node_modules/@vitest/runner/dist/chunk-hooks.js:155:11\n    at file:///home/runner/work/zenflow/zenflow/node_modules/.pnpm/@vitest+runner@3.2.4/node_modules/@vitest/runner/dist/chunk-hooks.js:752:26\n    at file:///home/runner/work/zenflow/zenflow/node_modules/.pnpm/@vitest+runner@3.2.4/node_modules/@vitest/runner/dist/chunk-hooks.js:1897:20\n    at new Promise (<anonymous>)\n    at runWithTimeout (file:///home/runner/work/zenflow/zenflow/node_modules/.pnpm/@vitest+runner@3.2.4/node_modules/@vitest/runner/dist/chunk-hooks.js:1863:10)\n    at runTest (file:///home/runner/work/zenflow/zenflow/node_modules/.pnpm/@vitest+runner@3.2.4/node_modules/@vitest/runner/dist/chunk-hooks.js:1574:12)\n    at processTicksAndRejections (node:internal/process/task_queues:105:5)\n    at async Promise.all (index 0)\n    at runSuite (file:///home/runner/work/zenflow/zenflow/node_modules/.pnpm/@vitest+runner@3.2.4/node_modules/@vitest/runner/dist/chunk-hooks.js:1718:7)"],"meta":{}},{"ancestorTitles":["Foundation Type Utilities - 100% Coverage","Enums","Status"],"fullName":"Foundation Type Utilities - 100% Coverage Enums Status should have consistent enum values","status":"failed","title":"should have consistent enum values","duration":1.1564789999999903,"failureMessages":["AssertionError: expected [ 'pending', 'in_progress', â€¦(2) ] to have a length of 7 but got 4\n    at Proxy.<anonymous> (file:///home/runner/work/zenflow/zenflow/node_modules/.pnpm/@vitest+expect@3.2.4/node_modules/@vitest/expect/dist/index.js:1257:20)\n    at Proxy.<anonymous> (file:///home/runner/work/zenflow/zenflow/node_modules/.pnpm/@vitest+expect@3.2.4/node_modules/@vitest/expect/dist/index.js:1029:14)\n    at Proxy.methodWrapper (file:///home/runner/work/zenflow/zenflow/node_modules/.pnpm/chai@5.3.3/node_modules/chai/index.js:1686:25)\n    at /home/runner/work/zenflow/zenflow/packages/core/foundation/tests/unit/type-utilities.test.ts:264:24\n    at file:///home/runner/work/zenflow/zenflow/node_modules/.pnpm/@vitest+runner@3.2.4/node_modules/@vitest/runner/dist/chunk-hooks.js:155:11\n    at file:///home/runner/work/zenflow/zenflow/node_modules/.pnpm/@vitest+runner@3.2.4/node_modules/@vitest/runner/dist/chunk-hooks.js:752:26\n    at file:///home/runner/work/zenflow/zenflow/node_modules/.pnpm/@vitest+runner@3.2.4/node_modules/@vitest/runner/dist/chunk-hooks.js:1897:20\n    at new Promise (<anonymous>)\n    at runWithTimeout (file:///home/runner/work/zenflow/zenflow/node_modules/.pnpm/@vitest+runner@3.2.4/node_modules/@vitest/runner/dist/chunk-hooks.js:1863:10)\n    at runTest (file:///home/runner/work/zenflow/zenflow/node_modules/.pnpm/@vitest+runner@3.2.4/node_modules/@vitest/runner/dist/chunk-hooks.js:1574:12)"],"meta":{}},{"ancestorTitles":["Foundation Type Utilities - 100% Coverage","Enums","LogLevel"],"fullName":"Foundation Type Utilities - 100% Coverage Enums LogLevel should have all log levels","status":"failed","title":"should have all log levels","duration":1.1319530000000668,"failureMessages":["AssertionError: expected undefined to be 'emergency' // Object.is equality\n    at /home/runner/work/zenflow/zenflow/packages/core/foundation/tests/unit/type-utilities.test.ts:273:36\n    at file:///home/runner/work/zenflow/zenflow/node_modules/.pnpm/@vitest+runner@3.2.4/node_modules/@vitest/runner/dist/chunk-hooks.js:155:11\n    at file:///home/runner/work/zenflow/zenflow/node_modules/.pnpm/@vitest+runner@3.2.4/node_modules/@vitest/runner/dist/chunk-hooks.js:752:26\n    at file:///home/runner/work/zenflow/zenflow/node_modules/.pnpm/@vitest+runner@3.2.4/node_modules/@vitest/runner/dist/chunk-hooks.js:1897:20\n    at new Promise (<anonymous>)\n    at runWithTimeout (file:///home/runner/work/zenflow/zenflow/node_modules/.pnpm/@vitest+runner@3.2.4/node_modules/@vitest/runner/dist/chunk-hooks.js:1863:10)\n    at runTest (file:///home/runner/work/zenflow/zenflow/node_modules/.pnpm/@vitest+runner@3.2.4/node_modules/@vitest/runner/dist/chunk-hooks.js:1574:12)\n    at processTicksAndRejections (node:internal/process/task_queues:105:5)\n    at async Promise.all (index 0)\n    at runSuite (file:///home/runner/work/zenflow/zenflow/node_modules/.pnpm/@vitest+runner@3.2.4/node_modules/@vitest/runner/dist/chunk-hooks.js:1718:7)"],"meta":{}},{"ancestorTitles":["Foundation Type Utilities - 100% Coverage","Enums","LogLevel"],"fullName":"Foundation Type Utilities - 100% Coverage Enums LogLevel should have consistent enum values","status":"failed","title":"should have consistent enum values","duration":1.064076,"failureMessages":["AssertionError: expected [ 'error', 'warn', 'info', 'debug' ] to have a length of 8 but got 4\n    at Proxy.<anonymous> (file:///home/runner/work/zenflow/zenflow/node_modules/.pnpm/@vitest+expect@3.2.4/node_modules/@vitest/expect/dist/index.js:1257:20)\n    at Proxy.<anonymous> (file:///home/runner/work/zenflow/zenflow/node_modules/.pnpm/@vitest+expect@3.2.4/node_modules/@vitest/expect/dist/index.js:1029:14)\n    at Proxy.methodWrapper (file:///home/runner/work/zenflow/zenflow/node_modules/.pnpm/chai@5.3.3/node_modules/chai/index.js:1686:25)\n    at /home/runner/work/zenflow/zenflow/packages/core/foundation/tests/unit/type-utilities.test.ts:285:24\n    at file:///home/runner/work/zenflow/zenflow/node_modules/.pnpm/@vitest+runner@3.2.4/node_modules/@vitest/runner/dist/chunk-hooks.js:155:11\n    at file:///home/runner/work/zenflow/zenflow/node_modules/.pnpm/@vitest+runner@3.2.4/node_modules/@vitest/runner/dist/chunk-hooks.js:752:26\n    at file:///home/runner/work/zenflow/zenflow/node_modules/.pnpm/@vitest+runner@3.2.4/node_modules/@vitest/runner/dist/chunk-hooks.js:1897:20\n    at new Promise (<anonymous>)\n    at runWithTimeout (file:///home/runner/work/zenflow/zenflow/node_modules/.pnpm/@vitest+runner@3.2.4/node_modules/@vitest/runner/dist/chunk-hooks.js:1863:10)\n    at runTest (file:///home/runner/work/zenflow/zenflow/node_modules/.pnpm/@vitest+runner@3.2.4/node_modules/@vitest/runner/dist/chunk-hooks.js:1574:12)"],"meta":{}},{"ancestorTitles":["Foundation Type Utilities - 100% Coverage","Enums","Environment"],"fullName":"Foundation Type Utilities - 100% Coverage Enums Environment should have all environment types","status":"failed","title":"should have all environment types","duration":1.0432060000000547,"failureMessages":["AssertionError: expected undefined to be 'testing' // Object.is equality\n    at /home/runner/work/zenflow/zenflow/packages/core/foundation/tests/unit/type-utilities.test.ts:294:37\n    at file:///home/runner/work/zenflow/zenflow/node_modules/.pnpm/@vitest+runner@3.2.4/node_modules/@vitest/runner/dist/chunk-hooks.js:155:11\n    at file:///home/runner/work/zenflow/zenflow/node_modules/.pnpm/@vitest+runner@3.2.4/node_modules/@vitest/runner/dist/chunk-hooks.js:752:26\n    at file:///home/runner/work/zenflow/zenflow/node_modules/.pnpm/@vitest+runner@3.2.4/node_modules/@vitest/runner/dist/chunk-hooks.js:1897:20\n    at new Promise (<anonymous>)\n    at runWithTimeout (file:///home/runner/work/zenflow/zenflow/node_modules/.pnpm/@vitest+runner@3.2.4/node_modules/@vitest/runner/dist/chunk-hooks.js:1863:10)\n    at runTest (file:///home/runner/work/zenflow/zenflow/node_modules/.pnpm/@vitest+runner@3.2.4/node_modules/@vitest/runner/dist/chunk-hooks.js:1574:12)\n    at processTicksAndRejections (node:internal/process/task_queues:105:5)\n    at async Promise.all (index 0)\n    at runSuite (file:///home/runner/work/zenflow/zenflow/node_modules/.pnpm/@vitest+runner@3.2.4/node_modules/@vitest/runner/dist/chunk-hooks.js:1718:7)"],"meta":{}},{"ancestorTitles":["Foundation Type Utilities - 100% Coverage","Enums","Environment"],"fullName":"Foundation Type Utilities - 100% Coverage Enums Environment should have consistent enum values","status":"failed","title":"should have consistent enum values","duration":0.4296599999998989,"failureMessages":["AssertionError: expected [ 'development', 'production', 'test' ] to have a length of 5 but got 3\n    at Proxy.<anonymous> (file:///home/runner/work/zenflow/zenflow/node_modules/.pnpm/@vitest+expect@3.2.4/node_modules/@vitest/expect/dist/index.js:1257:20)\n    at Proxy.<anonymous> (file:///home/runner/work/zenflow/zenflow/node_modules/.pnpm/@vitest+expect@3.2.4/node_modules/@vitest/expect/dist/index.js:1029:14)\n    at Proxy.methodWrapper (file:///home/runner/work/zenflow/zenflow/node_modules/.pnpm/chai@5.3.3/node_modules/chai/index.js:1686:25)\n    at /home/runner/work/zenflow/zenflow/packages/core/foundation/tests/unit/type-utilities.test.ts:302:24\n    at file:///home/runner/work/zenflow/zenflow/node_modules/.pnpm/@vitest+runner@3.2.4/node_modules/@vitest/runner/dist/chunk-hooks.js:155:11\n    at file:///home/runner/work/zenflow/zenflow/node_modules/.pnpm/@vitest+runner@3.2.4/node_modules/@vitest/runner/dist/chunk-hooks.js:752:26\n    at file:///home/runner/work/zenflow/zenflow/node_modules/.pnpm/@vitest+runner@3.2.4/node_modules/@vitest/runner/dist/chunk-hooks.js:1897:20\n    at new Promise (<anonymous>)\n    at runWithTimeout (file:///home/runner/work/zenflow/zenflow/node_modules/.pnpm/@vitest+runner@3.2.4/node_modules/@vitest/runner/dist/chunk-hooks.js:1863:10)\n    at runTest (file:///home/runner/work/zenflow/zenflow/node_modules/.pnpm/@vitest+runner@3.2.4/node_modules/@vitest/runner/dist/chunk-hooks.js:1574:12)"],"meta":{}},{"ancestorTitles":["Foundation Type Utilities - 100% Coverage","Performance"],"fullName":"Foundation Type Utilities - 100% Coverage Performance should handle many type guard operations efficiently","status":"passed","title":"should handle many type guard operations efficiently","duration":68.32333200000005,"failureMessages":[],"meta":{}},{"ancestorTitles":["Foundation Type Utilities - 100% Coverage","Performance"],"fullName":"Foundation Type Utilities - 100% Coverage Performance should handle branding/unbranding efficiently","status":"failed","title":"should handle branding/unbranding efficiently","duration":68.28272500000003,"failureMessages":["TypeError: brand is not a function\n    at /home/runner/work/zenflow/zenflow/packages/core/foundation/tests/unit/type-utilities.test.ts:338:43\n    at Array.map (<anonymous>)\n    at /home/runner/work/zenflow/zenflow/packages/core/foundation/tests/unit/type-utilities.test.ts:338:30\n    at file:///home/runner/work/zenflow/zenflow/node_modules/.pnpm/@vitest+runner@3.2.4/node_modules/@vitest/runner/dist/chunk-hooks.js:155:11\n    at file:///home/runner/work/zenflow/zenflow/node_modules/.pnpm/@vitest+runner@3.2.4/node_modules/@vitest/runner/dist/chunk-hooks.js:752:26\n    at file:///home/runner/work/zenflow/zenflow/node_modules/.pnpm/@vitest+runner@3.2.4/node_modules/@vitest/runner/dist/chunk-hooks.js:1897:20\n    at new Promise (<anonymous>)\n    at runWithTimeout (file:///home/runner/work/zenflow/zenflow/node_modules/.pnpm/@vitest+runner@3.2.4/node_modules/@vitest/runner/dist/chunk-hooks.js:1863:10)\n    at runTest (file:///home/runner/work/zenflow/zenflow/node_modules/.pnpm/@vitest+runner@3.2.4/node_modules/@vitest/runner/dist/chunk-hooks.js:1574:12)\n    at processTicksAndRejections (node:internal/process/task_queues:105:5)"],"meta":{}},{"ancestorTitles":["Foundation Type Utilities - 100% Coverage","Edge Cases"],"fullName":"Foundation Type Utilities - 100% Coverage Edge Cases should handle edge case timestamps","status":"passed","title":"should handle edge case timestamps","duration":0.49933099999998376,"failureMessages":[],"meta":{}},{"ancestorTitles":["Foundation Type Utilities - 100% Coverage","Edge Cases"],"fullName":"Foundation Type Utilities - 100% Coverage Edge Cases should handle edge case emails","status":"passed","title":"should handle edge case emails","duration":0.3910170000000335,"failureMessages":[],"meta":{}},{"ancestorTitles":["Foundation Type Utilities - 100% Coverage","Edge Cases"],"fullName":"Foundation Type Utilities - 100% Coverage Edge Cases should handle special characters in UUIDs","status":"passed","title":"should handle special characters in UUIDs","duration":0.39668700000004264,"failureMessages":[],"meta":{}}],"startTime":1756591103488,"endTime":1756591103580.4297,"status":"failed","message":"","name":"/home/runner/work/zenflow/zenflow/packages/core/foundation/tests/unit/type-utilities.test.ts"}]}