{"numTotalTestSuites":135,"numPassedTestSuites":87,"numFailedTestSuites":48,"numPendingTestSuites":0,"numTotalTests":239,"numPassedTests":197,"numFailedTests":42,"numPendingTests":0,"numTodoTests":0,"snapshot":{"added":0,"failure":false,"filesAdded":0,"filesRemoved":0,"filesRemovedList":[],"filesUnmatched":0,"filesUpdated":0,"matched":0,"total":0,"unchecked":0,"uncheckedKeysByFile":[],"unmatched":0,"updated":0,"didUpdate":false},"startTime":1756577502271,"success":false,"testResults":[{"assertionResults":[{"ancestorTitles":["Foundation Package - Core Functionality","Package Structure"],"fullName":"Foundation Package - Core Functionality Package Structure should have valid package.json","status":"passed","title":"should have valid package.json","duration":0.8049700000001394,"failureMessages":[],"meta":{}},{"ancestorTitles":["Foundation Package - Core Functionality","Package Structure"],"fullName":"Foundation Package - Core Functionality Package Structure should have proper exports configuration","status":"passed","title":"should have proper exports configuration","duration":0.7746429999997417,"failureMessages":[],"meta":{}},{"ancestorTitles":["Foundation Package - Core Functionality","Tree-Shaking Entry Points"],"fullName":"Foundation Package - Core Functionality Tree-Shaking Entry Points should load main entry point","status":"passed","title":"should load main entry point","duration":1921.251789,"failureMessages":[],"meta":{}},{"ancestorTitles":["Foundation Package - Core Functionality","Tree-Shaking Entry Points"],"fullName":"Foundation Package - Core Functionality Tree-Shaking Entry Points should load core entry point","status":"passed","title":"should load core entry point","duration":498.02430000000004,"failureMessages":[],"meta":{}},{"ancestorTitles":["Foundation Package - Core Functionality","Tree-Shaking Entry Points"],"fullName":"Foundation Package - Core Functionality Tree-Shaking Entry Points should load DI entry point","status":"passed","title":"should load DI entry point","duration":12.838539999999739,"failureMessages":[],"meta":{}},{"ancestorTitles":["Foundation Package - Core Functionality","Tree-Shaking Entry Points"],"fullName":"Foundation Package - Core Functionality Tree-Shaking Entry Points should load resilience entry point","status":"passed","title":"should load resilience entry point","duration":3.031057000000146,"failureMessages":[],"meta":{}},{"ancestorTitles":["Foundation Package - Core Functionality","Tree-Shaking Entry Points"],"fullName":"Foundation Package - Core Functionality Tree-Shaking Entry Points should load utils entry point","status":"passed","title":"should load utils entry point","duration":1414.10819,"failureMessages":[],"meta":{}},{"ancestorTitles":["Foundation Package - Core Functionality","Core Dependencies"],"fullName":"Foundation Package - Core Functionality Core Dependencies should have neverthrow for Result pattern","status":"passed","title":"should have neverthrow for Result pattern","duration":0.39324200000010023,"failureMessages":[],"meta":{}},{"ancestorTitles":["Foundation Package - Core Functionality","Core Dependencies"],"fullName":"Foundation Package - Core Functionality Core Dependencies should have zod for validation","status":"passed","title":"should have zod for validation","duration":1.330298999999286,"failureMessages":[],"meta":{}},{"ancestorTitles":["Foundation Package - Core Functionality","Core Dependencies"],"fullName":"Foundation Package - Core Functionality Core Dependencies should have awilix for dependency injection","status":"passed","title":"should have awilix for dependency injection","duration":0.5609249999997701,"failureMessages":[],"meta":{}},{"ancestorTitles":["Foundation Package - Core Functionality","Core Dependencies"],"fullName":"Foundation Package - Core Functionality Core Dependencies should have cockatiel for resilience","status":"passed","title":"should have cockatiel for resilience","duration":0.27592400000048656,"failureMessages":[],"meta":{}},{"ancestorTitles":["Foundation Package - Core Functionality","Core Dependencies"],"fullName":"Foundation Package - Core Functionality Core Dependencies should have lodash utilities","status":"passed","title":"should have lodash utilities","duration":0.17215099999975791,"failureMessages":[],"meta":{}},{"ancestorTitles":["Foundation Package - Core Functionality","Core Dependencies"],"fullName":"Foundation Package - Core Functionality Core Dependencies should have date-fns for date operations","status":"passed","title":"should have date-fns for date operations","duration":1.0403479999995398,"failureMessages":[],"meta":{}},{"ancestorTitles":["Foundation Package - Core Functionality","Core Dependencies"],"fullName":"Foundation Package - Core Functionality Core Dependencies should have nanoid for ID generation","status":"passed","title":"should have nanoid for ID generation","duration":1.0189879999998084,"failureMessages":[],"meta":{}},{"ancestorTitles":["Foundation Package - Core Functionality","Core Dependencies"],"fullName":"Foundation Package - Core Functionality Core Dependencies should have commander for CLI support","status":"passed","title":"should have commander for CLI support","duration":0.1791140000004816,"failureMessages":[],"meta":{}},{"ancestorTitles":["Foundation Package - Core Functionality","Type Safety"],"fullName":"Foundation Package - Core Functionality Type Safety should provide TypeScript type definitions","status":"passed","title":"should provide TypeScript type definitions","duration":0.10531599999922037,"failureMessages":[],"meta":{}},{"ancestorTitles":["Foundation Package - Core Functionality","Bundle Size Optimization"],"fullName":"Foundation Package - Core Functionality Bundle Size Optimization should have different sized entry points","status":"passed","title":"should have different sized entry points","duration":3.729298000000199,"failureMessages":[],"meta":{}}],"startTime":1756577507436,"endTime":1756577509367.7292,"status":"passed","message":"","name":"/home/runner/work/zenflow/zenflow/packages/core/foundation/tests/basic.test.ts"},{"assertionResults":[],"startTime":1756577502271,"endTime":1756577502271,"status":"failed","message":"Transform failed with 1 error:\n/home/runner/work/zenflow/zenflow/packages/core/foundation/tests/e2e/comprehensive-claude-sdk.test.ts:104:9: ERROR: Syntax error \"`\"","name":"/home/runner/work/zenflow/zenflow/packages/core/foundation/tests/e2e/comprehensive-claude-sdk.test.ts"},{"assertionResults":[],"startTime":1756577502271,"endTime":1756577502271,"status":"failed","message":"Failed to resolve import \"../../src/cli-tools/claude/claude-sdk\" from \"packages/core/foundation/tests/integration/claude-sdk.test.ts\". Does the file exist?","name":"/home/runner/work/zenflow/zenflow/packages/core/foundation/tests/integration/claude-sdk.test.ts"},{"assertionResults":[],"startTime":1756577502271,"endTime":1756577502271,"status":"failed","message":"Failed to resolve import \"../claude-sdk\" from \"packages/core/foundation/tests/integration/integration.test.ts\". Does the file exist?","name":"/home/runner/work/zenflow/zenflow/packages/core/foundation/tests/integration/integration.test.ts"},{"assertionResults":[],"startTime":1756577502271,"endTime":1756577502271,"status":"failed","message":"Failed to resolve import \"../../src/llm-provider\" from \"packages/core/foundation/tests/integration/llm-provider.test.ts\". Does the file exist?","name":"/home/runner/work/zenflow/zenflow/packages/core/foundation/tests/integration/llm-provider.test.ts"},{"assertionResults":[{"ancestorTitles":["Config Service - Working Features","Basic Config Operations"],"fullName":"Config Service - Working Features Basic Config Operations should get config","status":"passed","title":"should get config","duration":1.0874260000000504,"failureMessages":[],"meta":{}},{"ancestorTitles":["Config Service - Working Features","Basic Config Operations"],"fullName":"Config Service - Working Features Basic Config Operations should validate config","status":"passed","title":"should validate config","duration":1.006123999999545,"failureMessages":[],"meta":{}},{"ancestorTitles":["Config Service - Working Features","Basic Config Operations"],"fullName":"Config Service - Working Features Basic Config Operations should reload config","status":"passed","title":"should reload config","duration":83.08074999999917,"failureMessages":[],"meta":{}},{"ancestorTitles":["Config Service - Working Features","Basic Config Operations"],"fullName":"Config Service - Working Features Basic Config Operations should check debug mode","status":"passed","title":"should check debug mode","duration":83.06158499999947,"failureMessages":[],"meta":{}},{"ancestorTitles":["Config Service - Working Features","Environment Detection"],"fullName":"Config Service - Working Features Environment Detection should detect development environment","status":"passed","title":"should detect development environment","duration":140.70729500000016,"failureMessages":[],"meta":{}},{"ancestorTitles":["Config Service - Working Features","Environment Detection"],"fullName":"Config Service - Working Features Environment Detection should detect production environment","status":"passed","title":"should detect production environment","duration":140.6726209999997,"failureMessages":[],"meta":{}},{"ancestorTitles":["Config Service - Working Features","Environment Detection"],"fullName":"Config Service - Working Features Environment Detection should detect test environment","status":"passed","title":"should detect test environment","duration":93.4296970000014,"failureMessages":[],"meta":{}},{"ancestorTitles":["Config Service - Working Features","Environment Variable Helpers"],"fullName":"Config Service - Working Features Environment Variable Helpers should get environment variable with default","status":"passed","title":"should get environment variable with default","duration":93.4008440000016,"failureMessages":[],"meta":{}},{"ancestorTitles":["Config Service - Working Features","Environment Variable Helpers"],"fullName":"Config Service - Working Features Environment Variable Helpers should require environment variable","status":"passed","title":"should require environment variable","duration":0.8848379999999452,"failureMessages":[],"meta":{}},{"ancestorTitles":["Config Service - Working Features","Logging Configuration"],"fullName":"Config Service - Working Features Logging Configuration should determine if logging level is enabled","status":"passed","title":"should determine if logging level is enabled","duration":0.8546430000005785,"failureMessages":[],"meta":{}},{"ancestorTitles":["Config Service - Working Features","Logging Configuration"],"fullName":"Config Service - Working Features Logging Configuration should handle different log levels","status":"passed","title":"should handle different log levels","duration":5.642171999999846,"failureMessages":[],"meta":{}},{"ancestorTitles":["Config Service - Working Features","Config Helpers"],"fullName":"Config Service - Working Features Config Helpers should provide config helpers","status":"passed","title":"should provide config helpers","duration":5.6220439999997325,"failureMessages":[],"meta":{}},{"ancestorTitles":["Config Service - Working Features","Config Helpers"],"fullName":"Config Service - Working Features Config Helpers should get config values by key","status":"passed","title":"should get config values by key","duration":1.048463000000993,"failureMessages":[],"meta":{}},{"ancestorTitles":["Config Service - Working Features","Config Structure"],"fullName":"Config Service - Working Features Config Structure should have expected config properties","status":"passed","title":"should have expected config properties","duration":1.022465000000011,"failureMessages":[],"meta":{}},{"ancestorTitles":["Config Service - Working Features","Edge Cases"],"fullName":"Config Service - Working Features Edge Cases should handle undefined NODE_ENV","status":"passed","title":"should handle undefined NODE_ENV","duration":70.22240000000056,"failureMessages":[],"meta":{}}],"startTime":1756577513006,"endTime":1756577513402.2224,"status":"passed","message":"","name":"/home/runner/work/zenflow/zenflow/packages/core/foundation/tests/unit/config-simple.test.ts"},{"assertionResults":[{"ancestorTitles":["Foundation Core","Logging System"],"fullName":"Foundation Core Logging System should create loggers","status":"passed","title":"should create loggers","duration":237.83369800000037,"failureMessages":[],"meta":{}},{"ancestorTitles":["Foundation Core","Configuration System"],"fullName":"Foundation Core Configuration System should provide config access","status":"passed","title":"should provide config access","duration":322.89067499999874,"failureMessages":[],"meta":{}},{"ancestorTitles":["Foundation Core","Configuration System"],"fullName":"Foundation Core Configuration System should detect environment","status":"passed","title":"should detect environment","duration":84.9114669999999,"failureMessages":[],"meta":{}},{"ancestorTitles":["Foundation Core","Service Container"],"fullName":"Foundation Core Service Container should create container","status":"passed","title":"should create container","duration":1.625108000000182,"failureMessages":[],"meta":{}},{"ancestorTitles":["Foundation Core","Service Container"],"fullName":"Foundation Core Service Container should register and resolve services","status":"passed","title":"should register and resolve services","duration":1.5966949999983626,"failureMessages":[],"meta":{}},{"ancestorTitles":["Foundation Core","Service Container"],"fullName":"Foundation Core Service Container should handle service registration with metadata","status":"passed","title":"should handle service registration with metadata","duration":0.17590799999925366,"failureMessages":[],"meta":{}}],"startTime":1756577514792,"endTime":1756577515116.625,"status":"passed","message":"","name":"/home/runner/work/zenflow/zenflow/packages/core/foundation/tests/unit/core.test.ts"},{"assertionResults":[{"ancestorTitles":["Enhanced DI Container Features","Singleton Support"],"fullName":"Enhanced DI Container Features Singleton Support should register and resolve singleton services","status":"passed","title":"should register and resolve singleton services","duration":16.41134599999998,"failureMessages":[],"meta":{}},{"ancestorTitles":["Enhanced DI Container Features","Singleton Support"],"fullName":"Enhanced DI Container Features Singleton Support should register singleton with factory function","status":"passed","title":"should register singleton with factory function","duration":16.16439600000001,"failureMessages":[],"meta":{}},{"ancestorTitles":["Enhanced DI Container Features","Singleton Support"],"fullName":"Enhanced DI Container Features Singleton Support should register singleton with capabilities and tags","status":"failed","title":"should register singleton with capabilities and tags","duration":8.064534999999978,"failureMessages":["AssertionError: expected 'class' to be 'singleton' // Object.is equality\n    at /home/runner/work/zenflow/zenflow/packages/core/foundation/tests/unit/di-enhanced.test.ts:67:30\n    at file:///home/runner/work/zenflow/zenflow/node_modules/.pnpm/@vitest+runner@3.2.4/node_modules/@vitest/runner/dist/chunk-hooks.js:155:11\n    at file:///home/runner/work/zenflow/zenflow/node_modules/.pnpm/@vitest+runner@3.2.4/node_modules/@vitest/runner/dist/chunk-hooks.js:752:26\n    at file:///home/runner/work/zenflow/zenflow/node_modules/.pnpm/@vitest+runner@3.2.4/node_modules/@vitest/runner/dist/chunk-hooks.js:1897:20\n    at new Promise (<anonymous>)\n    at runWithTimeout (file:///home/runner/work/zenflow/zenflow/node_modules/.pnpm/@vitest+runner@3.2.4/node_modules/@vitest/runner/dist/chunk-hooks.js:1863:10)\n    at runTest (file:///home/runner/work/zenflow/zenflow/node_modules/.pnpm/@vitest+runner@3.2.4/node_modules/@vitest/runner/dist/chunk-hooks.js:1574:12)\n    at processTicksAndRejections (node:internal/process/task_queues:105:5)\n    at async Promise.all (index 2)\n    at runSuite (file:///home/runner/work/zenflow/zenflow/node_modules/.pnpm/@vitest+runner@3.2.4/node_modules/@vitest/runner/dist/chunk-hooks.js:1718:7)"],"meta":{}},{"ancestorTitles":["Enhanced DI Container Features","Async Factory Support"],"fullName":"Enhanced DI Container Features Async Factory Support should register and resolve async factories","status":"passed","title":"should register and resolve async factories","duration":15.02802799999995,"failureMessages":[],"meta":{}},{"ancestorTitles":["Enhanced DI Container Features","Async Factory Support"],"fullName":"Enhanced DI Container Features Async Factory Support should handle async factory errors gracefully","status":"passed","title":"should handle async factory errors gracefully","duration":1.994705999999951,"failureMessages":[],"meta":{}},{"ancestorTitles":["Enhanced DI Container Features","Async Factory Support"],"fullName":"Enhanced DI Container Features Async Factory Support should register async factory with metadata","status":"passed","title":"should register async factory with metadata","duration":0.6600589999999329,"failureMessages":[],"meta":{}},{"ancestorTitles":["Enhanced DI Container Features","Service Discovery"],"fullName":"Enhanced DI Container Features Service Discovery should find services by tags","status":"passed","title":"should find services by tags","duration":1.1418069999999716,"failureMessages":[],"meta":{}},{"ancestorTitles":["Enhanced DI Container Features","Service Discovery"],"fullName":"Enhanced DI Container Features Service Discovery should find services by capabilities","status":"passed","title":"should find services by capabilities","duration":0.5703220000000329,"failureMessages":[],"meta":{}},{"ancestorTitles":["Enhanced DI Container Features","Service Discovery"],"fullName":"Enhanced DI Container Features Service Discovery should resolve all services with specific tags","status":"passed","title":"should resolve all services with specific tags","duration":0.5526999999999589,"failureMessages":[],"meta":{}},{"ancestorTitles":["Enhanced DI Container Features","Service Discovery"],"fullName":"Enhanced DI Container Features Service Discovery should handle empty results for non-existent tags","status":"passed","title":"should handle empty results for non-existent tags","duration":0.3581980000000158,"failureMessages":[],"meta":{}},{"ancestorTitles":["Enhanced DI Container Features","Conditional Registration"],"fullName":"Enhanced DI Container Features Conditional Registration should register service when condition is true","status":"passed","title":"should register service when condition is true","duration":0.3761610000000246,"failureMessages":[],"meta":{}},{"ancestorTitles":["Enhanced DI Container Features","Conditional Registration"],"fullName":"Enhanced DI Container Features Conditional Registration should not register service when condition is false","status":"passed","title":"should not register service when condition is false","duration":0.20117500000003474,"failureMessages":[],"meta":{}},{"ancestorTitles":["Enhanced DI Container Features","Conditional Registration"],"fullName":"Enhanced DI Container Features Conditional Registration should register conditional class when condition is true","status":"passed","title":"should register conditional class when condition is true","duration":0.27341899999998986,"failureMessages":[],"meta":{}},{"ancestorTitles":["Enhanced DI Container Features","Service Disposal"],"fullName":"Enhanced DI Container Features Service Disposal should dispose services that implement dispose method","status":"passed","title":"should dispose services that implement dispose method","duration":0.3149359999999888,"failureMessages":[],"meta":{}},{"ancestorTitles":["Enhanced DI Container Features","Service Disposal"],"fullName":"Enhanced DI Container Features Service Disposal should handle async dispose methods","status":"passed","title":"should handle async dispose methods","duration":5.798382999999944,"failureMessages":[],"meta":{}},{"ancestorTitles":["Enhanced DI Container Features","Service Disposal"],"fullName":"Enhanced DI Container Features Service Disposal should clear all containers after disposal","status":"passed","title":"should clear all containers after disposal","duration":0.3671040000000403,"failureMessages":[],"meta":{}},{"ancestorTitles":["Enhanced DI Container Features","Event System Integration"],"fullName":"Enhanced DI Container Features Event System Integration should emit events for service registration","status":"failed","title":"should emit events for service registration","duration":3.379756000000043,"failureMessages":["AssertionError: expected { token: 'TestClass', type: 'class' } to deeply equal { name: 'TestClass', type: 'class' }\n    at /home/runner/work/zenflow/zenflow/packages/core/foundation/tests/unit/di-enhanced.test.ts:281:25\n    at file:///home/runner/work/zenflow/zenflow/node_modules/.pnpm/@vitest+runner@3.2.4/node_modules/@vitest/runner/dist/chunk-hooks.js:155:11\n    at file:///home/runner/work/zenflow/zenflow/node_modules/.pnpm/@vitest+runner@3.2.4/node_modules/@vitest/runner/dist/chunk-hooks.js:752:26\n    at file:///home/runner/work/zenflow/zenflow/node_modules/.pnpm/@vitest+runner@3.2.4/node_modules/@vitest/runner/dist/chunk-hooks.js:1897:20\n    at new Promise (<anonymous>)\n    at runWithTimeout (file:///home/runner/work/zenflow/zenflow/node_modules/.pnpm/@vitest+runner@3.2.4/node_modules/@vitest/runner/dist/chunk-hooks.js:1863:10)\n    at runTest (file:///home/runner/work/zenflow/zenflow/node_modules/.pnpm/@vitest+runner@3.2.4/node_modules/@vitest/runner/dist/chunk-hooks.js:1574:12)\n    at async Promise.all (index 0)\n    at runSuite (file:///home/runner/work/zenflow/zenflow/node_modules/.pnpm/@vitest+runner@3.2.4/node_modules/@vitest/runner/dist/chunk-hooks.js:1718:7)\n    at async Promise.all (index 5)"],"meta":{}},{"ancestorTitles":["Enhanced DI Container Features","Event System Integration"],"fullName":"Enhanced DI Container Features Event System Integration should emit events for service resolution","status":"failed","title":"should emit events for service resolution","duration":0.8181140000000369,"failureMessages":["AssertionError: expected undefined to be 'test' // Object.is equality\n    at /home/runner/work/zenflow/zenflow/packages/core/foundation/tests/unit/di-enhanced.test.ts:297:40\n    at file:///home/runner/work/zenflow/zenflow/node_modules/.pnpm/@vitest+runner@3.2.4/node_modules/@vitest/runner/dist/chunk-hooks.js:155:11\n    at file:///home/runner/work/zenflow/zenflow/node_modules/.pnpm/@vitest+runner@3.2.4/node_modules/@vitest/runner/dist/chunk-hooks.js:752:26\n    at file:///home/runner/work/zenflow/zenflow/node_modules/.pnpm/@vitest+runner@3.2.4/node_modules/@vitest/runner/dist/chunk-hooks.js:1897:20\n    at new Promise (<anonymous>)\n    at runWithTimeout (file:///home/runner/work/zenflow/zenflow/node_modules/.pnpm/@vitest+runner@3.2.4/node_modules/@vitest/runner/dist/chunk-hooks.js:1863:10)\n    at runTest (file:///home/runner/work/zenflow/zenflow/node_modules/.pnpm/@vitest+runner@3.2.4/node_modules/@vitest/runner/dist/chunk-hooks.js:1574:12)\n    at async Promise.all (index 1)\n    at runSuite (file:///home/runner/work/zenflow/zenflow/node_modules/.pnpm/@vitest+runner@3.2.4/node_modules/@vitest/runner/dist/chunk-hooks.js:1718:7)\n    at async Promise.all (index 5)"],"meta":{}},{"ancestorTitles":["Enhanced DI Container Features","Health Monitoring"],"fullName":"Enhanced DI Container Features Health Monitoring should provide container statistics","status":"failed","title":"should provide container statistics","duration":0.42481100000009064,"failureMessages":["ReferenceError: stats is not defined\n    at /home/runner/work/zenflow/zenflow/packages/core/foundation/tests/unit/di-enhanced.test.ts:309:14\n    at file:///home/runner/work/zenflow/zenflow/node_modules/.pnpm/@vitest+runner@3.2.4/node_modules/@vitest/runner/dist/chunk-hooks.js:155:11\n    at file:///home/runner/work/zenflow/zenflow/node_modules/.pnpm/@vitest+runner@3.2.4/node_modules/@vitest/runner/dist/chunk-hooks.js:752:26\n    at file:///home/runner/work/zenflow/zenflow/node_modules/.pnpm/@vitest+runner@3.2.4/node_modules/@vitest/runner/dist/chunk-hooks.js:1897:20\n    at new Promise (<anonymous>)\n    at runWithTimeout (file:///home/runner/work/zenflow/zenflow/node_modules/.pnpm/@vitest+runner@3.2.4/node_modules/@vitest/runner/dist/chunk-hooks.js:1863:10)\n    at runTest (file:///home/runner/work/zenflow/zenflow/node_modules/.pnpm/@vitest+runner@3.2.4/node_modules/@vitest/runner/dist/chunk-hooks.js:1574:12)\n    at async Promise.all (index 0)\n    at runSuite (file:///home/runner/work/zenflow/zenflow/node_modules/.pnpm/@vitest+runner@3.2.4/node_modules/@vitest/runner/dist/chunk-hooks.js:1718:7)\n    at async Promise.all (index 6)"],"meta":{}},{"ancestorTitles":["Enhanced DI Container Features","Health Monitoring"],"fullName":"Enhanced DI Container Features Health Monitoring should start health monitoring","status":"passed","title":"should start health monitoring","duration":24.781259999999975,"failureMessages":[],"meta":{}},{"ancestorTitles":["Enhanced DI Container Features","Service Introspection"],"fullName":"Enhanced DI Container Features Service Introspection should list all registered services","status":"passed","title":"should list all registered services","duration":0.4325659999999516,"failureMessages":[],"meta":{}},{"ancestorTitles":["Enhanced DI Container Features","Service Introspection"],"fullName":"Enhanced DI Container Features Service Introspection should get service metadata","status":"passed","title":"should get service metadata","duration":0.5064429999999902,"failureMessages":[],"meta":{}},{"ancestorTitles":["Enhanced DI Container Features","Service Introspection"],"fullName":"Enhanced DI Container Features Service Introspection should return undefined for non-existent service metadata","status":"passed","title":"should return undefined for non-existent service metadata","duration":0.19928200000003926,"failureMessages":[],"meta":{}},{"ancestorTitles":["Enhanced DI Container Features","Auto Discovery"],"fullName":"Enhanced DI Container Features Auto Discovery should discover services from patterns","status":"passed","title":"should discover services from patterns","duration":0.4967349999999442,"failureMessages":[],"meta":{}}],"startTime":1756577502817,"endTime":1756577502878.7812,"status":"failed","message":"","name":"/home/runner/work/zenflow/zenflow/packages/core/foundation/tests/unit/di-enhanced.test.ts"},{"assertionResults":[{"ancestorTitles":["Dependency Injection - Working Methods Only","Service Registration and Resolution"],"fullName":"Dependency Injection - Working Methods Only Service Registration and Resolution should register and resolve instance services","status":"passed","title":"should register and resolve instance services","duration":0.37659100000007584,"failureMessages":[],"meta":{}},{"ancestorTitles":["Dependency Injection - Working Methods Only","Service Registration and Resolution"],"fullName":"Dependency Injection - Working Methods Only Service Registration and Resolution should register instance with metadata","status":"passed","title":"should register instance with metadata","duration":0.3450429999999187,"failureMessages":[],"meta":{}},{"ancestorTitles":["Dependency Injection - Working Methods Only","Service Registration and Resolution"],"fullName":"Dependency Injection - Working Methods Only Service Registration and Resolution should register and resolve function services","status":"passed","title":"should register and resolve function services","duration":0.4225169999999707,"failureMessages":[],"meta":{}},{"ancestorTitles":["Dependency Injection - Working Methods Only","Service Registration and Resolution"],"fullName":"Dependency Injection - Working Methods Only Service Registration and Resolution should register function with metadata","status":"passed","title":"should register function with metadata","duration":0.4059470000000829,"failureMessages":[],"meta":{}},{"ancestorTitles":["Dependency Injection - Working Methods Only","Service Registration and Resolution"],"fullName":"Dependency Injection - Working Methods Only Service Registration and Resolution should register and resolve class services","status":"passed","title":"should register and resolve class services","duration":0.4138709999999719,"failureMessages":[],"meta":{}},{"ancestorTitles":["Dependency Injection - Working Methods Only","Service Registration and Resolution"],"fullName":"Dependency Injection - Working Methods Only Service Registration and Resolution should register class with metadata","status":"passed","title":"should register class with metadata","duration":0.39809199999990597,"failureMessages":[],"meta":{}},{"ancestorTitles":["Dependency Injection - Working Methods Only","Container State Management"],"fullName":"Dependency Injection - Working Methods Only Container State Management should track service existence correctly","status":"passed","title":"should track service existence correctly","duration":1.0678699999999708,"failureMessages":[],"meta":{}},{"ancestorTitles":["Dependency Injection - Working Methods Only","Container State Management"],"fullName":"Dependency Injection - Working Methods Only Container State Management should handle service replacement","status":"failed","title":"should handle service replacement","duration":1.0478729999999814,"failureMessages":["AssertionError: expected 1 to be 2 // Object.is equality\n    at /home/runner/work/zenflow/zenflow/packages/core/foundation/tests/unit/di-working.test.ts:126:56\n    at file:///home/runner/work/zenflow/zenflow/node_modules/.pnpm/@vitest+runner@3.2.4/node_modules/@vitest/runner/dist/chunk-hooks.js:155:11\n    at file:///home/runner/work/zenflow/zenflow/node_modules/.pnpm/@vitest+runner@3.2.4/node_modules/@vitest/runner/dist/chunk-hooks.js:752:26\n    at file:///home/runner/work/zenflow/zenflow/node_modules/.pnpm/@vitest+runner@3.2.4/node_modules/@vitest/runner/dist/chunk-hooks.js:1897:20\n    at new Promise (<anonymous>)\n    at runWithTimeout (file:///home/runner/work/zenflow/zenflow/node_modules/.pnpm/@vitest+runner@3.2.4/node_modules/@vitest/runner/dist/chunk-hooks.js:1863:10)\n    at runTest (file:///home/runner/work/zenflow/zenflow/node_modules/.pnpm/@vitest+runner@3.2.4/node_modules/@vitest/runner/dist/chunk-hooks.js:1574:12)\n    at processTicksAndRejections (node:internal/process/task_queues:105:5)\n    at async Promise.all (index 1)\n    at runSuite (file:///home/runner/work/zenflow/zenflow/node_modules/.pnpm/@vitest+runner@3.2.4/node_modules/@vitest/runner/dist/chunk-hooks.js:1718:7)"],"meta":{}},{"ancestorTitles":["Dependency Injection - Working Methods Only","Container State Management"],"fullName":"Dependency Injection - Working Methods Only Container State Management should handle many services efficiently","status":"passed","title":"should handle many services efficiently","duration":2.238399999999956,"failureMessages":[],"meta":{}},{"ancestorTitles":["Dependency Injection - Working Methods Only","Error Handling"],"fullName":"Dependency Injection - Working Methods Only Error Handling should throw for non-existent services","status":"passed","title":"should throw for non-existent services","duration":2.2186229999999796,"failureMessages":[],"meta":{}},{"ancestorTitles":["Dependency Injection - Working Methods Only","Error Handling"],"fullName":"Dependency Injection - Working Methods Only Error Handling should handle function errors gracefully","status":"passed","title":"should handle function errors gracefully","duration":0.42039299999999,"failureMessages":[],"meta":{}},{"ancestorTitles":["Dependency Injection - Working Methods Only","Error Handling"],"fullName":"Dependency Injection - Working Methods Only Error Handling should handle class instantiation errors","status":"passed","title":"should handle class instantiation errors","duration":0.4004860000000008,"failureMessages":[],"meta":{}},{"ancestorTitles":["Dependency Injection - Working Methods Only","Complex Usage Patterns"],"fullName":"Dependency Injection - Working Methods Only Complex Usage Patterns should support service composition","status":"passed","title":"should support service composition","duration":0.3574559999999565,"failureMessages":[],"meta":{}},{"ancestorTitles":["Dependency Injection - Working Methods Only","Complex Usage Patterns"],"fullName":"Dependency Injection - Working Methods Only Complex Usage Patterns should handle circular references in data","status":"passed","title":"should handle circular references in data","duration":0.3394630000000234,"failureMessages":[],"meta":{}},{"ancestorTitles":["Dependency Injection - Working Methods Only","Type Safety"],"fullName":"Dependency Injection - Working Methods Only Type Safety should maintain type safety through resolution","status":"passed","title":"should maintain type safety through resolution","duration":0.1750769999999875,"failureMessages":[],"meta":{}}],"startTime":1756577503142,"endTime":1756577503147.3574,"status":"failed","message":"","name":"/home/runner/work/zenflow/zenflow/packages/core/foundation/tests/unit/di-working.test.ts"},{"assertionResults":[{"ancestorTitles":["Foundation Error Handling","Result Pattern"],"fullName":"Foundation Error Handling Result Pattern should create successful results","status":"passed","title":"should create successful results","duration":236.95567200000005,"failureMessages":[],"meta":{}},{"ancestorTitles":["Foundation Error Handling","Result Pattern"],"fullName":"Foundation Error Handling Result Pattern should create error results","status":"passed","title":"should create error results","duration":236.9291229999999,"failureMessages":[],"meta":{}},{"ancestorTitles":["Foundation Error Handling","Result Pattern"],"fullName":"Foundation Error Handling Result Pattern should handle Result operations","status":"passed","title":"should handle Result operations","duration":0.4224470000008296,"failureMessages":[],"meta":{}},{"ancestorTitles":["Foundation Error Handling","Safe Async Operations"],"fullName":"Foundation Error Handling Safe Async Operations should handle successful async operations","status":"passed","title":"should handle successful async operations","duration":0.38690000000133296,"failureMessages":[],"meta":{}},{"ancestorTitles":["Foundation Error Handling","Safe Async Operations"],"fullName":"Foundation Error Handling Safe Async Operations should handle async errors","status":"passed","title":"should handle async errors","duration":0.5616759999993519,"failureMessages":[],"meta":{}},{"ancestorTitles":["Foundation Error Handling","Safe Async Operations"],"fullName":"Foundation Error Handling Safe Async Operations should handle promise rejections","status":"passed","title":"should handle promise rejections","duration":0.5452960000002349,"failureMessages":[],"meta":{}},{"ancestorTitles":["Foundation Error Handling","Error Handler Integration"],"fullName":"Foundation Error Handling Error Handler Integration should import error handling modules","status":"passed","title":"should import error handling modules","duration":0.3272190000006958,"failureMessages":[],"meta":{}},{"ancestorTitles":["Foundation Error Handling","Error Handler Integration"],"fullName":"Foundation Error Handling Error Handler Integration should provide error utilities","status":"passed","title":"should provide error utilities","duration":0.23616899999979069,"failureMessages":[],"meta":{}}],"startTime":1756577514428,"endTime":1756577514667.3271,"status":"passed","message":"","name":"/home/runner/work/zenflow/zenflow/packages/core/foundation/tests/unit/error-handling.test.ts"},{"assertionResults":[{"ancestorTitles":["Error Types"],"fullName":"Error Types should have error type definitions","status":"passed","title":"should have error type definitions","duration":113.57202900000084,"failureMessages":[],"meta":{}},{"ancestorTitles":["Error Types"],"fullName":"Error Types should have base errors","status":"passed","title":"should have base errors","duration":255.23303400000077,"failureMessages":[],"meta":{}}],"startTime":1756577515185,"endTime":1756577515440.2332,"status":"passed","message":"","name":"/home/runner/work/zenflow/zenflow/packages/core/foundation/tests/unit/error-types.test.ts"},{"assertionResults":[{"ancestorTitles":["EventLogger","Environment-based enablement"],"fullName":"EventLogger Environment-based enablement should be enabled in development environment","status":"failed","title":"should be enabled in development environment","duration":86.78789299999971,"failureMessages":["AssertionError: expected false to be true // Object.is equality\n    at /home/runner/work/zenflow/zenflow/packages/core/foundation/tests/unit/event-logger.test.ts:28:39\n    at processTicksAndRejections (node:internal/process/task_queues:105:5)\n    at file:///home/runner/work/zenflow/zenflow/node_modules/.pnpm/@vitest+runner@3.2.4/node_modules/@vitest/runner/dist/chunk-hooks.js:752:20"],"meta":{}},{"ancestorTitles":["EventLogger","Environment-based enablement"],"fullName":"EventLogger Environment-based enablement should be disabled in production environment by default","status":"passed","title":"should be disabled in production environment by default","duration":86.773776,"failureMessages":[],"meta":{}},{"ancestorTitles":["EventLogger","Environment-based enablement"],"fullName":"EventLogger Environment-based enablement should be enabled when CLAUDE_EVENT_LOGGING is true","status":"failed","title":"should be enabled when CLAUDE_EVENT_LOGGING is true","duration":123.1879629999994,"failureMessages":["AssertionError: expected false to be true // Object.is equality\n    at /home/runner/work/zenflow/zenflow/packages/core/foundation/tests/unit/event-logger.test.ts:45:39\n    at processTicksAndRejections (node:internal/process/task_queues:105:5)\n    at file:///home/runner/work/zenflow/zenflow/node_modules/.pnpm/@vitest+runner@3.2.4/node_modules/@vitest/runner/dist/chunk-hooks.js:752:20"],"meta":{}},{"ancestorTitles":["EventLogger","Environment-based enablement"],"fullName":"EventLogger Environment-based enablement should be disabled when CLAUDE_EVENT_LOGGING is false","status":"passed","title":"should be disabled when CLAUDE_EVENT_LOGGING is false","duration":123.15901900000063,"failureMessages":[],"meta":{}},{"ancestorTitles":["EventLogger","Environment-based enablement"],"fullName":"EventLogger Environment-based enablement should not be enabled with broken space in environment variable","status":"passed","title":"should not be enabled with broken space in environment variable","duration":75.83286399999997,"failureMessages":[],"meta":{}},{"ancestorTitles":["EventLogger","Force enablement"],"fullName":"EventLogger Force enablement should enable logging when force enabled","status":"passed","title":"should enable logging when force enabled","duration":75.79430199999933,"failureMessages":[],"meta":{}},{"ancestorTitles":["EventLogger","Basic functionality"],"fullName":"EventLogger Basic functionality should have all required methods","status":"passed","title":"should have all required methods","duration":73.54934799999955,"failureMessages":[],"meta":{}},{"ancestorTitles":["EventLogger","Basic functionality"],"fullName":"EventLogger Basic functionality should not throw when logging while disabled","status":"passed","title":"should not throw when logging while disabled","duration":73.5209960000002,"failureMessages":[],"meta":{}},{"ancestorTitles":["EventLogger","Basic functionality"],"fullName":"EventLogger Basic functionality should not throw when logging while enabled","status":"passed","title":"should not throw when logging while enabled","duration":1824.1657490000007,"failureMessages":[],"meta":{}},{"ancestorTitles":["EventLogger","Convenience functions"],"fullName":"EventLogger Convenience functions should export convenience functions","status":"passed","title":"should export convenience functions","duration":1824.120403,"failureMessages":[],"meta":{}},{"ancestorTitles":["EventLogger","Convenience functions"],"fullName":"EventLogger Convenience functions should not throw when calling convenience functions","status":"passed","title":"should not throw when calling convenience functions","duration":1061.202315999999,"failureMessages":[],"meta":{}}],"startTime":1756577509401,"endTime":1756577512648.2024,"status":"failed","message":"","name":"/home/runner/work/zenflow/zenflow/packages/core/foundation/tests/unit/event-logger.test.ts"},{"assertionResults":[{"ancestorTitles":["Event System - Comprehensive Coverage","EventBus Advanced Features","Event Configuration"],"fullName":"Event System - Comprehensive Coverage EventBus Advanced Features Event Configuration should create with default configuration","status":"passed","title":"should create with default configuration","duration":0.3102279999999382,"failureMessages":[],"meta":{}},{"ancestorTitles":["Event System - Comprehensive Coverage","EventBus Advanced Features","Event Configuration"],"fullName":"Event System - Comprehensive Coverage EventBus Advanced Features Event Configuration should create with custom configuration","status":"passed","title":"should create with custom configuration","duration":0.27188699999999244,"failureMessages":[],"meta":{}},{"ancestorTitles":["Event System - Comprehensive Coverage","EventBus Advanced Features","Event Configuration"],"fullName":"Event System - Comprehensive Coverage EventBus Advanced Features Event Configuration should create with middleware disabled","status":"passed","title":"should create with middleware disabled","duration":0.7603769999999486,"failureMessages":[],"meta":{}},{"ancestorTitles":["Event System - Comprehensive Coverage","EventBus Advanced Features","Listener Management"],"fullName":"Event System - Comprehensive Coverage EventBus Advanced Features Listener Management should add multiple listeners to same event","status":"failed","title":"should add multiple listeners to same event","duration":0.7393869999999652,"failureMessages":["ReferenceError: eventBase is not defined\n    at /home/runner/work/zenflow/zenflow/packages/core/foundation/tests/unit/events-comprehensive.test.ts:54:9\n    at file:///home/runner/work/zenflow/zenflow/node_modules/.pnpm/@vitest+runner@3.2.4/node_modules/@vitest/runner/dist/chunk-hooks.js:155:11\n    at file:///home/runner/work/zenflow/zenflow/node_modules/.pnpm/@vitest+runner@3.2.4/node_modules/@vitest/runner/dist/chunk-hooks.js:752:26\n    at file:///home/runner/work/zenflow/zenflow/node_modules/.pnpm/@vitest+runner@3.2.4/node_modules/@vitest/runner/dist/chunk-hooks.js:1897:20\n    at new Promise (<anonymous>)\n    at runWithTimeout (file:///home/runner/work/zenflow/zenflow/node_modules/.pnpm/@vitest+runner@3.2.4/node_modules/@vitest/runner/dist/chunk-hooks.js:1863:10)\n    at runTest (file:///home/runner/work/zenflow/zenflow/node_modules/.pnpm/@vitest+runner@3.2.4/node_modules/@vitest/runner/dist/chunk-hooks.js:1574:12)\n    at processTicksAndRejections (node:internal/process/task_queues:105:5)\n    at async Promise.all (index 0)\n    at runSuite (file:///home/runner/work/zenflow/zenflow/node_modules/.pnpm/@vitest+runner@3.2.4/node_modules/@vitest/runner/dist/chunk-hooks.js:1718:7)"],"meta":{}},{"ancestorTitles":["Event System - Comprehensive Coverage","EventBus Advanced Features","Listener Management"],"fullName":"Event System - Comprehensive Coverage EventBus Advanced Features Listener Management should handle listener removal correctly","status":"failed","title":"should handle listener removal correctly","duration":0.8541920000000118,"failureMessages":["ReferenceError: eventBase is not defined\n    at /home/runner/work/zenflow/zenflow/packages/core/foundation/tests/unit/events-comprehensive.test.ts:79:9\n    at file:///home/runner/work/zenflow/zenflow/node_modules/.pnpm/@vitest+runner@3.2.4/node_modules/@vitest/runner/dist/chunk-hooks.js:155:11\n    at file:///home/runner/work/zenflow/zenflow/node_modules/.pnpm/@vitest+runner@3.2.4/node_modules/@vitest/runner/dist/chunk-hooks.js:752:26\n    at file:///home/runner/work/zenflow/zenflow/node_modules/.pnpm/@vitest+runner@3.2.4/node_modules/@vitest/runner/dist/chunk-hooks.js:1897:20\n    at new Promise (<anonymous>)\n    at runWithTimeout (file:///home/runner/work/zenflow/zenflow/node_modules/.pnpm/@vitest+runner@3.2.4/node_modules/@vitest/runner/dist/chunk-hooks.js:1863:10)\n    at runTest (file:///home/runner/work/zenflow/zenflow/node_modules/.pnpm/@vitest+runner@3.2.4/node_modules/@vitest/runner/dist/chunk-hooks.js:1574:12)\n    at processTicksAndRejections (node:internal/process/task_queues:105:5)\n    at async Promise.all (index 1)\n    at runSuite (file:///home/runner/work/zenflow/zenflow/node_modules/.pnpm/@vitest+runner@3.2.4/node_modules/@vitest/runner/dist/chunk-hooks.js:1718:7)"],"meta":{}},{"ancestorTitles":["Event System - Comprehensive Coverage","EventBus Advanced Features","Listener Management"],"fullName":"Event System - Comprehensive Coverage EventBus Advanced Features Listener Management should handle removing non-existent listeners","status":"failed","title":"should handle removing non-existent listeners","duration":0.8349449999999479,"failureMessages":["AssertionError: expected [Function] to not throw an error but 'ReferenceError: eventBase is not defi…' was thrown\n    at Proxy.<anonymous> (file:///home/runner/work/zenflow/zenflow/node_modules/.pnpm/@vitest+expect@3.2.4/node_modules/@vitest/expect/dist/index.js:1420:16)\n    at Proxy.<anonymous> (file:///home/runner/work/zenflow/zenflow/node_modules/.pnpm/@vitest+expect@3.2.4/node_modules/@vitest/expect/dist/index.js:1029:14)\n    at Proxy.methodWrapper (file:///home/runner/work/zenflow/zenflow/node_modules/.pnpm/chai@5.3.3/node_modules/chai/index.js:1686:25)\n    at /home/runner/work/zenflow/zenflow/packages/core/foundation/tests/unit/events-comprehensive.test.ts:94:16\n    at file:///home/runner/work/zenflow/zenflow/node_modules/.pnpm/@vitest+runner@3.2.4/node_modules/@vitest/runner/dist/chunk-hooks.js:155:11\n    at file:///home/runner/work/zenflow/zenflow/node_modules/.pnpm/@vitest+runner@3.2.4/node_modules/@vitest/runner/dist/chunk-hooks.js:752:26\n    at file:///home/runner/work/zenflow/zenflow/node_modules/.pnpm/@vitest+runner@3.2.4/node_modules/@vitest/runner/dist/chunk-hooks.js:1897:20\n    at new Promise (<anonymous>)\n    at runWithTimeout (file:///home/runner/work/zenflow/zenflow/node_modules/.pnpm/@vitest+runner@3.2.4/node_modules/@vitest/runner/dist/chunk-hooks.js:1863:10)\n    at runTest (file:///home/runner/work/zenflow/zenflow/node_modules/.pnpm/@vitest+runner@3.2.4/node_modules/@vitest/runner/dist/chunk-hooks.js:1574:12)"],"meta":{}},{"ancestorTitles":["Event System - Comprehensive Coverage","EventBus Advanced Features","Listener Management"],"fullName":"Event System - Comprehensive Coverage EventBus Advanced Features Listener Management should handle once listeners correctly","status":"failed","title":"should handle once listeners correctly","duration":0.4060970000000452,"failureMessages":["ReferenceError: eventBase is not defined\n    at /home/runner/work/zenflow/zenflow/packages/core/foundation/tests/unit/events-comprehensive.test.ts:101:9\n    at file:///home/runner/work/zenflow/zenflow/node_modules/.pnpm/@vitest+runner@3.2.4/node_modules/@vitest/runner/dist/chunk-hooks.js:155:11\n    at file:///home/runner/work/zenflow/zenflow/node_modules/.pnpm/@vitest+runner@3.2.4/node_modules/@vitest/runner/dist/chunk-hooks.js:752:26\n    at file:///home/runner/work/zenflow/zenflow/node_modules/.pnpm/@vitest+runner@3.2.4/node_modules/@vitest/runner/dist/chunk-hooks.js:1897:20\n    at new Promise (<anonymous>)\n    at runWithTimeout (file:///home/runner/work/zenflow/zenflow/node_modules/.pnpm/@vitest+runner@3.2.4/node_modules/@vitest/runner/dist/chunk-hooks.js:1863:10)\n    at runTest (file:///home/runner/work/zenflow/zenflow/node_modules/.pnpm/@vitest+runner@3.2.4/node_modules/@vitest/runner/dist/chunk-hooks.js:1574:12)\n    at processTicksAndRejections (node:internal/process/task_queues:105:5)\n    at async Promise.all (index 3)\n    at runSuite (file:///home/runner/work/zenflow/zenflow/node_modules/.pnpm/@vitest+runner@3.2.4/node_modules/@vitest/runner/dist/chunk-hooks.js:1718:7)"],"meta":{}},{"ancestorTitles":["Event System - Comprehensive Coverage","EventBus Advanced Features","Listener Management"],"fullName":"Event System - Comprehensive Coverage EventBus Advanced Features Listener Management should handle multiple once listeners","status":"failed","title":"should handle multiple once listeners","duration":0.385407999999984,"failureMessages":["ReferenceError: eventBase is not defined\n    at /home/runner/work/zenflow/zenflow/packages/core/foundation/tests/unit/events-comprehensive.test.ts:120:9\n    at file:///home/runner/work/zenflow/zenflow/node_modules/.pnpm/@vitest+runner@3.2.4/node_modules/@vitest/runner/dist/chunk-hooks.js:155:11\n    at file:///home/runner/work/zenflow/zenflow/node_modules/.pnpm/@vitest+runner@3.2.4/node_modules/@vitest/runner/dist/chunk-hooks.js:752:26\n    at file:///home/runner/work/zenflow/zenflow/node_modules/.pnpm/@vitest+runner@3.2.4/node_modules/@vitest/runner/dist/chunk-hooks.js:1897:20\n    at new Promise (<anonymous>)\n    at runWithTimeout (file:///home/runner/work/zenflow/zenflow/node_modules/.pnpm/@vitest+runner@3.2.4/node_modules/@vitest/runner/dist/chunk-hooks.js:1863:10)\n    at runTest (file:///home/runner/work/zenflow/zenflow/node_modules/.pnpm/@vitest+runner@3.2.4/node_modules/@vitest/runner/dist/chunk-hooks.js:1574:12)\n    at processTicksAndRejections (node:internal/process/task_queues:105:5)\n    at async Promise.all (index 4)\n    at runSuite (file:///home/runner/work/zenflow/zenflow/node_modules/.pnpm/@vitest+runner@3.2.4/node_modules/@vitest/runner/dist/chunk-hooks.js:1718:7)"],"meta":{}},{"ancestorTitles":["Event System - Comprehensive Coverage","EventBus Advanced Features","Event Emission"],"fullName":"Event System - Comprehensive Coverage EventBus Advanced Features Event Emission should return false when no listeners exist","status":"failed","title":"should return false when no listeners exist","duration":0.4024500000000444,"failureMessages":["ReferenceError: eventBase is not defined\n    at /home/runner/work/zenflow/zenflow/packages/core/foundation/tests/unit/events-comprehensive.test.ts:138:24\n    at file:///home/runner/work/zenflow/zenflow/node_modules/.pnpm/@vitest+runner@3.2.4/node_modules/@vitest/runner/dist/chunk-hooks.js:155:11\n    at file:///home/runner/work/zenflow/zenflow/node_modules/.pnpm/@vitest+runner@3.2.4/node_modules/@vitest/runner/dist/chunk-hooks.js:752:26\n    at file:///home/runner/work/zenflow/zenflow/node_modules/.pnpm/@vitest+runner@3.2.4/node_modules/@vitest/runner/dist/chunk-hooks.js:1897:20\n    at new Promise (<anonymous>)\n    at runWithTimeout (file:///home/runner/work/zenflow/zenflow/node_modules/.pnpm/@vitest+runner@3.2.4/node_modules/@vitest/runner/dist/chunk-hooks.js:1863:10)\n    at runTest (file:///home/runner/work/zenflow/zenflow/node_modules/.pnpm/@vitest+runner@3.2.4/node_modules/@vitest/runner/dist/chunk-hooks.js:1574:12)\n    at processTicksAndRejections (node:internal/process/task_queues:105:5)\n    at async Promise.all (index 0)\n    at runSuite (file:///home/runner/work/zenflow/zenflow/node_modules/.pnpm/@vitest+runner@3.2.4/node_modules/@vitest/runner/dist/chunk-hooks.js:1718:7)"],"meta":{}},{"ancestorTitles":["Event System - Comprehensive Coverage","EventBus Advanced Features","Event Emission"],"fullName":"Event System - Comprehensive Coverage EventBus Advanced Features Event Emission should return true when listeners exist and are called","status":"failed","title":"should return true when listeners exist and are called","duration":0.3835340000000542,"failureMessages":["ReferenceError: eventBase is not defined\n    at /home/runner/work/zenflow/zenflow/packages/core/foundation/tests/unit/events-comprehensive.test.ts:143:9\n    at file:///home/runner/work/zenflow/zenflow/node_modules/.pnpm/@vitest+runner@3.2.4/node_modules/@vitest/runner/dist/chunk-hooks.js:155:11\n    at file:///home/runner/work/zenflow/zenflow/node_modules/.pnpm/@vitest+runner@3.2.4/node_modules/@vitest/runner/dist/chunk-hooks.js:752:26\n    at file:///home/runner/work/zenflow/zenflow/node_modules/.pnpm/@vitest+runner@3.2.4/node_modules/@vitest/runner/dist/chunk-hooks.js:1897:20\n    at new Promise (<anonymous>)\n    at runWithTimeout (file:///home/runner/work/zenflow/zenflow/node_modules/.pnpm/@vitest+runner@3.2.4/node_modules/@vitest/runner/dist/chunk-hooks.js:1863:10)\n    at runTest (file:///home/runner/work/zenflow/zenflow/node_modules/.pnpm/@vitest+runner@3.2.4/node_modules/@vitest/runner/dist/chunk-hooks.js:1574:12)\n    at processTicksAndRejections (node:internal/process/task_queues:105:5)\n    at async Promise.all (index 1)\n    at runSuite (file:///home/runner/work/zenflow/zenflow/node_modules/.pnpm/@vitest+runner@3.2.4/node_modules/@vitest/runner/dist/chunk-hooks.js:1718:7)"],"meta":{}},{"ancestorTitles":["Event System - Comprehensive Coverage","EventBus Advanced Features","Event Emission"],"fullName":"Event System - Comprehensive Coverage EventBus Advanced Features Event Emission should handle mixed regular and once listeners","status":"failed","title":"should handle mixed regular and once listeners","duration":0.3790159999999787,"failureMessages":["ReferenceError: eventBase is not defined\n    at /home/runner/work/zenflow/zenflow/packages/core/foundation/tests/unit/events-comprehensive.test.ts:151:9\n    at file:///home/runner/work/zenflow/zenflow/node_modules/.pnpm/@vitest+runner@3.2.4/node_modules/@vitest/runner/dist/chunk-hooks.js:155:11\n    at file:///home/runner/work/zenflow/zenflow/node_modules/.pnpm/@vitest+runner@3.2.4/node_modules/@vitest/runner/dist/chunk-hooks.js:752:26\n    at file:///home/runner/work/zenflow/zenflow/node_modules/.pnpm/@vitest+runner@3.2.4/node_modules/@vitest/runner/dist/chunk-hooks.js:1897:20\n    at new Promise (<anonymous>)\n    at runWithTimeout (file:///home/runner/work/zenflow/zenflow/node_modules/.pnpm/@vitest+runner@3.2.4/node_modules/@vitest/runner/dist/chunk-hooks.js:1863:10)\n    at runTest (file:///home/runner/work/zenflow/zenflow/node_modules/.pnpm/@vitest+runner@3.2.4/node_modules/@vitest/runner/dist/chunk-hooks.js:1574:12)\n    at processTicksAndRejections (node:internal/process/task_queues:105:5)\n    at async Promise.all (index 2)\n    at runSuite (file:///home/runner/work/zenflow/zenflow/node_modules/.pnpm/@vitest+runner@3.2.4/node_modules/@vitest/runner/dist/chunk-hooks.js:1718:7)"],"meta":{}},{"ancestorTitles":["Event System - Comprehensive Coverage","EventBus Advanced Features","Error Handling in Listeners"],"fullName":"Event System - Comprehensive Coverage EventBus Advanced Features Error Handling in Listeners should continue calling other listeners if one throws","status":"failed","title":"should continue calling other listeners if one throws","duration":0.3607319999999845,"failureMessages":["ReferenceError: eventBase is not defined\n    at /home/runner/work/zenflow/zenflow/packages/core/foundation/tests/unit/events-comprehensive.test.ts:169:9\n    at file:///home/runner/work/zenflow/zenflow/node_modules/.pnpm/@vitest+runner@3.2.4/node_modules/@vitest/runner/dist/chunk-hooks.js:155:11\n    at file:///home/runner/work/zenflow/zenflow/node_modules/.pnpm/@vitest+runner@3.2.4/node_modules/@vitest/runner/dist/chunk-hooks.js:752:26\n    at file:///home/runner/work/zenflow/zenflow/node_modules/.pnpm/@vitest+runner@3.2.4/node_modules/@vitest/runner/dist/chunk-hooks.js:1897:20\n    at new Promise (<anonymous>)\n    at runWithTimeout (file:///home/runner/work/zenflow/zenflow/node_modules/.pnpm/@vitest+runner@3.2.4/node_modules/@vitest/runner/dist/chunk-hooks.js:1863:10)\n    at runTest (file:///home/runner/work/zenflow/zenflow/node_modules/.pnpm/@vitest+runner@3.2.4/node_modules/@vitest/runner/dist/chunk-hooks.js:1574:12)\n    at processTicksAndRejections (node:internal/process/task_queues:105:5)\n    at async Promise.all (index 0)\n    at runSuite (file:///home/runner/work/zenflow/zenflow/node_modules/.pnpm/@vitest+runner@3.2.4/node_modules/@vitest/runner/dist/chunk-hooks.js:1718:7)"],"meta":{}},{"ancestorTitles":["Event System - Comprehensive Coverage","EventBus Advanced Features","Complex Event Data"],"fullName":"Event System - Comprehensive Coverage EventBus Advanced Features Complex Event Data should handle error events with complex data","status":"failed","title":"should handle error events with complex data","duration":0.40450399999997444,"failureMessages":["ReferenceError: eventBase is not defined\n    at /home/runner/work/zenflow/zenflow/packages/core/foundation/tests/unit/events-comprehensive.test.ts:196:9\n    at file:///home/runner/work/zenflow/zenflow/node_modules/.pnpm/@vitest+runner@3.2.4/node_modules/@vitest/runner/dist/chunk-hooks.js:155:11\n    at file:///home/runner/work/zenflow/zenflow/node_modules/.pnpm/@vitest+runner@3.2.4/node_modules/@vitest/runner/dist/chunk-hooks.js:752:26\n    at file:///home/runner/work/zenflow/zenflow/node_modules/.pnpm/@vitest+runner@3.2.4/node_modules/@vitest/runner/dist/chunk-hooks.js:1897:20\n    at new Promise (<anonymous>)\n    at runWithTimeout (file:///home/runner/work/zenflow/zenflow/node_modules/.pnpm/@vitest+runner@3.2.4/node_modules/@vitest/runner/dist/chunk-hooks.js:1863:10)\n    at runTest (file:///home/runner/work/zenflow/zenflow/node_modules/.pnpm/@vitest+runner@3.2.4/node_modules/@vitest/runner/dist/chunk-hooks.js:1574:12)\n    at processTicksAndRejections (node:internal/process/task_queues:105:5)\n    at async Promise.all (index 0)\n    at runSuite (file:///home/runner/work/zenflow/zenflow/node_modules/.pnpm/@vitest+runner@3.2.4/node_modules/@vitest/runner/dist/chunk-hooks.js:1718:7)"],"meta":{}},{"ancestorTitles":["Event System - Comprehensive Coverage","EventBus Advanced Features","Complex Event Data"],"fullName":"Event System - Comprehensive Coverage EventBus Advanced Features Complex Event Data should handle events with optional properties","status":"failed","title":"should handle events with optional properties","duration":0.38690999999994347,"failureMessages":["ReferenceError: eventBase is not defined\n    at /home/runner/work/zenflow/zenflow/packages/core/foundation/tests/unit/events-comprehensive.test.ts:211:9\n    at file:///home/runner/work/zenflow/zenflow/node_modules/.pnpm/@vitest+runner@3.2.4/node_modules/@vitest/runner/dist/chunk-hooks.js:155:11\n    at file:///home/runner/work/zenflow/zenflow/node_modules/.pnpm/@vitest+runner@3.2.4/node_modules/@vitest/runner/dist/chunk-hooks.js:752:26\n    at file:///home/runner/work/zenflow/zenflow/node_modules/.pnpm/@vitest+runner@3.2.4/node_modules/@vitest/runner/dist/chunk-hooks.js:1897:20\n    at new Promise (<anonymous>)\n    at runWithTimeout (file:///home/runner/work/zenflow/zenflow/node_modules/.pnpm/@vitest+runner@3.2.4/node_modules/@vitest/runner/dist/chunk-hooks.js:1863:10)\n    at runTest (file:///home/runner/work/zenflow/zenflow/node_modules/.pnpm/@vitest+runner@3.2.4/node_modules/@vitest/runner/dist/chunk-hooks.js:1574:12)\n    at processTicksAndRejections (node:internal/process/task_queues:105:5)\n    at async Promise.all (index 1)\n    at runSuite (file:///home/runner/work/zenflow/zenflow/node_modules/.pnpm/@vitest+runner@3.2.4/node_modules/@vitest/runner/dist/chunk-hooks.js:1718:7)"],"meta":{}},{"ancestorTitles":["Event System - Comprehensive Coverage","EventBus Advanced Features","Event System State"],"fullName":"Event System - Comprehensive Coverage EventBus Advanced Features Event System State should handle rapid event emissions","status":"failed","title":"should handle rapid event emissions","duration":0.3765920000000733,"failureMessages":["ReferenceError: eventBase is not defined\n    at /home/runner/work/zenflow/zenflow/packages/core/foundation/tests/unit/events-comprehensive.test.ts:228:9\n    at file:///home/runner/work/zenflow/zenflow/node_modules/.pnpm/@vitest+runner@3.2.4/node_modules/@vitest/runner/dist/chunk-hooks.js:155:11\n    at file:///home/runner/work/zenflow/zenflow/node_modules/.pnpm/@vitest+runner@3.2.4/node_modules/@vitest/runner/dist/chunk-hooks.js:752:26\n    at file:///home/runner/work/zenflow/zenflow/node_modules/.pnpm/@vitest+runner@3.2.4/node_modules/@vitest/runner/dist/chunk-hooks.js:1897:20\n    at new Promise (<anonymous>)\n    at runWithTimeout (file:///home/runner/work/zenflow/zenflow/node_modules/.pnpm/@vitest+runner@3.2.4/node_modules/@vitest/runner/dist/chunk-hooks.js:1863:10)\n    at runTest (file:///home/runner/work/zenflow/zenflow/node_modules/.pnpm/@vitest+runner@3.2.4/node_modules/@vitest/runner/dist/chunk-hooks.js:1574:12)\n    at processTicksAndRejections (node:internal/process/task_queues:105:5)\n    at async Promise.all (index 0)\n    at runSuite (file:///home/runner/work/zenflow/zenflow/node_modules/.pnpm/@vitest+runner@3.2.4/node_modules/@vitest/runner/dist/chunk-hooks.js:1718:7)"],"meta":{}},{"ancestorTitles":["Event System - Comprehensive Coverage","EventBus Advanced Features","Event System State"],"fullName":"Event System - Comprehensive Coverage EventBus Advanced Features Event System State should handle event emissions during listener execution","status":"failed","title":"should handle event emissions during listener execution","duration":0.35838699999999335,"failureMessages":["ReferenceError: eventBase is not defined\n    at /home/runner/work/zenflow/zenflow/packages/core/foundation/tests/unit/events-comprehensive.test.ts:245:9\n    at file:///home/runner/work/zenflow/zenflow/node_modules/.pnpm/@vitest+runner@3.2.4/node_modules/@vitest/runner/dist/chunk-hooks.js:155:11\n    at file:///home/runner/work/zenflow/zenflow/node_modules/.pnpm/@vitest+runner@3.2.4/node_modules/@vitest/runner/dist/chunk-hooks.js:752:26\n    at file:///home/runner/work/zenflow/zenflow/node_modules/.pnpm/@vitest+runner@3.2.4/node_modules/@vitest/runner/dist/chunk-hooks.js:1897:20\n    at new Promise (<anonymous>)\n    at runWithTimeout (file:///home/runner/work/zenflow/zenflow/node_modules/.pnpm/@vitest+runner@3.2.4/node_modules/@vitest/runner/dist/chunk-hooks.js:1863:10)\n    at runTest (file:///home/runner/work/zenflow/zenflow/node_modules/.pnpm/@vitest+runner@3.2.4/node_modules/@vitest/runner/dist/chunk-hooks.js:1574:12)\n    at processTicksAndRejections (node:internal/process/task_queues:105:5)\n    at async Promise.all (index 1)\n    at runSuite (file:///home/runner/work/zenflow/zenflow/node_modules/.pnpm/@vitest+runner@3.2.4/node_modules/@vitest/runner/dist/chunk-hooks.js:1718:7)"],"meta":{}},{"ancestorTitles":["Event System - Comprehensive Coverage","EventBus Advanced Features","Listener Cleanup"],"fullName":"Event System - Comprehensive Coverage EventBus Advanced Features Listener Cleanup should properly clean up once listeners after execution","status":"failed","title":"should properly clean up once listeners after execution","duration":0.38266299999997955,"failureMessages":["ReferenceError: eventBase is not defined\n    at /home/runner/work/zenflow/zenflow/packages/core/foundation/tests/unit/events-comprehensive.test.ts:267:9\n    at file:///home/runner/work/zenflow/zenflow/node_modules/.pnpm/@vitest+runner@3.2.4/node_modules/@vitest/runner/dist/chunk-hooks.js:155:11\n    at file:///home/runner/work/zenflow/zenflow/node_modules/.pnpm/@vitest+runner@3.2.4/node_modules/@vitest/runner/dist/chunk-hooks.js:752:26\n    at file:///home/runner/work/zenflow/zenflow/node_modules/.pnpm/@vitest+runner@3.2.4/node_modules/@vitest/runner/dist/chunk-hooks.js:1897:20\n    at new Promise (<anonymous>)\n    at runWithTimeout (file:///home/runner/work/zenflow/zenflow/node_modules/.pnpm/@vitest+runner@3.2.4/node_modules/@vitest/runner/dist/chunk-hooks.js:1863:10)\n    at runTest (file:///home/runner/work/zenflow/zenflow/node_modules/.pnpm/@vitest+runner@3.2.4/node_modules/@vitest/runner/dist/chunk-hooks.js:1574:12)\n    at processTicksAndRejections (node:internal/process/task_queues:105:5)\n    at async Promise.all (index 0)\n    at runSuite (file:///home/runner/work/zenflow/zenflow/node_modules/.pnpm/@vitest+runner@3.2.4/node_modules/@vitest/runner/dist/chunk-hooks.js:1718:7)"],"meta":{}},{"ancestorTitles":["Event System - Comprehensive Coverage","EventBus Advanced Features","Multiple Event Types"],"fullName":"Event System - Comprehensive Coverage EventBus Advanced Features Multiple Event Types should handle multiple different event types simultaneously","status":"failed","title":"should handle multiple different event types simultaneously","duration":0.36548100000004524,"failureMessages":["ReferenceError: eventBase is not defined\n    at /home/runner/work/zenflow/zenflow/packages/core/foundation/tests/unit/events-comprehensive.test.ts:286:9\n    at file:///home/runner/work/zenflow/zenflow/node_modules/.pnpm/@vitest+runner@3.2.4/node_modules/@vitest/runner/dist/chunk-hooks.js:155:11\n    at file:///home/runner/work/zenflow/zenflow/node_modules/.pnpm/@vitest+runner@3.2.4/node_modules/@vitest/runner/dist/chunk-hooks.js:752:26\n    at file:///home/runner/work/zenflow/zenflow/node_modules/.pnpm/@vitest+runner@3.2.4/node_modules/@vitest/runner/dist/chunk-hooks.js:1897:20\n    at new Promise (<anonymous>)\n    at runWithTimeout (file:///home/runner/work/zenflow/zenflow/node_modules/.pnpm/@vitest+runner@3.2.4/node_modules/@vitest/runner/dist/chunk-hooks.js:1863:10)\n    at runTest (file:///home/runner/work/zenflow/zenflow/node_modules/.pnpm/@vitest+runner@3.2.4/node_modules/@vitest/runner/dist/chunk-hooks.js:1574:12)\n    at processTicksAndRejections (node:internal/process/task_queues:105:5)\n    at async Promise.all (index 0)\n    at runSuite (file:///home/runner/work/zenflow/zenflow/node_modules/.pnpm/@vitest+runner@3.2.4/node_modules/@vitest/runner/dist/chunk-hooks.js:1718:7)"],"meta":{}}],"startTime":1756577503121,"endTime":1756577503125.3826,"status":"failed","message":"","name":"/home/runner/work/zenflow/zenflow/packages/core/foundation/tests/unit/events-comprehensive.test.ts"},{"assertionResults":[{"ancestorTitles":["Foundation Events","EventBus"],"fullName":"Foundation Events EventBus should create event bus","status":"passed","title":"should create event bus","duration":102.28029200000128,"failureMessages":[],"meta":{}},{"ancestorTitles":["Foundation Events","EventBus"],"fullName":"Foundation Events EventBus should handle typed events","status":"passed","title":"should handle typed events","duration":102.26190900000074,"failureMessages":[],"meta":{}},{"ancestorTitles":["Foundation Events","EventBus"],"fullName":"Foundation Events EventBus should handle multiple listeners","status":"passed","title":"should handle multiple listeners","duration":0.7184080000006361,"failureMessages":[],"meta":{}},{"ancestorTitles":["Foundation Events","EventBus"],"fullName":"Foundation Events EventBus should remove listeners","status":"passed","title":"should remove listeners","duration":0.6821810000001278,"failureMessages":[],"meta":{}},{"ancestorTitles":["Foundation Events","EventBus"],"fullName":"Foundation Events EventBus should handle event configuration","status":"passed","title":"should handle event configuration","duration":0.34005400000023656,"failureMessages":[],"meta":{}}],"startTime":1756577514678,"endTime":1756577514781.34,"status":"passed","message":"","name":"/home/runner/work/zenflow/zenflow/packages/core/foundation/tests/unit/events.test.ts"},{"assertionResults":[],"startTime":1756577502271,"endTime":1756577502271,"status":"failed","message":"Failed to resolve import \"../../src/infrastructure/facades/facade.status.manager\" from \"packages/core/foundation/tests/unit/facade-status.test.ts\". Does the file exist?","name":"/home/runner/work/zenflow/zenflow/packages/core/foundation/tests/unit/facade-status.test.ts"},{"assertionResults":[{"ancestorTitles":["Process Lifecycle Management - Simplified","ProcessLifecycleManager Creation"],"fullName":"Process Lifecycle Management - Simplified ProcessLifecycleManager Creation should create lifecycle manager with basic handlers","status":"passed","title":"should create lifecycle manager with basic handlers","duration":687.65085,"failureMessages":[],"meta":{}},{"ancestorTitles":["Process Lifecycle Management - Simplified","ProcessLifecycleManager Creation"],"fullName":"Process Lifecycle Management - Simplified ProcessLifecycleManager Creation should register signal handlers","status":"passed","title":"should register signal handlers","duration":687.62949,"failureMessages":[],"meta":{}},{"ancestorTitles":["Process Lifecycle Management - Simplified","ProcessLifecycleManager Creation"],"fullName":"Process Lifecycle Management - Simplified ProcessLifecycleManager Creation should accept configuration options","status":"passed","title":"should accept configuration options","duration":462.0211049999998,"failureMessages":[],"meta":{}},{"ancestorTitles":["Process Lifecycle Management - Simplified","ProcessLifecycleManager Creation"],"fullName":"Process Lifecycle Management - Simplified ProcessLifecycleManager Creation should work with minimal configuration","status":"passed","title":"should work with minimal configuration","duration":461.95551399999977,"failureMessages":[],"meta":{}},{"ancestorTitles":["Process Lifecycle Management - Simplified","setupProcessLifecycle Helper"],"fullName":"Process Lifecycle Management - Simplified setupProcessLifecycle Helper should create manager with simple shutdown handler","status":"passed","title":"should create manager with simple shutdown handler","duration":395.26408400000037,"failureMessages":[],"meta":{}},{"ancestorTitles":["Process Lifecycle Management - Simplified","setupProcessLifecycle Helper"],"fullName":"Process Lifecycle Management - Simplified setupProcessLifecycle Helper should work without parameters","status":"passed","title":"should work without parameters","duration":395.230051,"failureMessages":[],"meta":{}},{"ancestorTitles":["Process Lifecycle Management - Simplified","Handler Registration"],"fullName":"Process Lifecycle Management - Simplified Handler Registration should register all required signal handlers","status":"passed","title":"should register all required signal handlers","duration":722.6719209999997,"failureMessages":[],"meta":{}},{"ancestorTitles":["Process Lifecycle Management - Simplified","Handler Registration"],"fullName":"Process Lifecycle Management - Simplified Handler Registration should handle multiple manager instances","status":"passed","title":"should handle multiple manager instances","duration":722.629672,"failureMessages":[],"meta":{}},{"ancestorTitles":["Process Lifecycle Management - Simplified","Dispose Functionality"],"fullName":"Process Lifecycle Management - Simplified Dispose Functionality should provide dispose method","status":"passed","title":"should provide dispose method","duration":692.4939889999996,"failureMessages":[],"meta":{}},{"ancestorTitles":["Process Lifecycle Management - Simplified","Interface Validation"],"fullName":"Process Lifecycle Management - Simplified Interface Validation should expose correct public interface","status":"passed","title":"should expose correct public interface","duration":692.4573,"failureMessages":[],"meta":{}},{"ancestorTitles":["Process Lifecycle Management - Simplified","Interface Validation"],"fullName":"Process Lifecycle Management - Simplified Interface Validation should validate handler types","status":"passed","title":"should validate handler types","duration":227.6684779999996,"failureMessages":[],"meta":{}},{"ancestorTitles":["Process Lifecycle Management - Simplified","Export Validation"],"fullName":"Process Lifecycle Management - Simplified Export Validation should export expected classes and functions","status":"passed","title":"should export expected classes and functions","duration":227.6345650000003,"failureMessages":[],"meta":{}}],"startTime":1756577504231,"endTime":1756577507419.6345,"status":"passed","message":"","name":"/home/runner/work/zenflow/zenflow/packages/core/foundation/tests/unit/lifecycle-simple.test.ts"},{"assertionResults":[{"ancestorTitles":["Logging System - 100% Coverage","getLogger"],"fullName":"Logging System - 100% Coverage getLogger should create logger with default config","status":"passed","title":"should create logger with default config","duration":1.5053950000000214,"failureMessages":[],"meta":{}},{"ancestorTitles":["Logging System - 100% Coverage","getLogger"],"fullName":"Logging System - 100% Coverage getLogger should create different loggers for different names","status":"passed","title":"should create different loggers for different names","duration":1.4611130000000685,"failureMessages":[],"meta":{}},{"ancestorTitles":["Logging System - 100% Coverage","getLogger"],"fullName":"Logging System - 100% Coverage getLogger should handle empty logger name","status":"passed","title":"should handle empty logger name","duration":70.592399,"failureMessages":[],"meta":{}},{"ancestorTitles":["Logging System - 100% Coverage","updateLoggingConfig"],"fullName":"Logging System - 100% Coverage updateLoggingConfig should update logging configuration","status":"passed","title":"should update logging configuration","duration":70.57524699999999,"failureMessages":[],"meta":{}},{"ancestorTitles":["Logging System - 100% Coverage","updateLoggingConfig"],"fullName":"Logging System - 100% Coverage updateLoggingConfig should handle partial config updates","status":"passed","title":"should handle partial config updates","duration":257.67685200000005,"failureMessages":[],"meta":{}},{"ancestorTitles":["Logging System - 100% Coverage","updateLoggingConfig"],"fullName":"Logging System - 100% Coverage updateLoggingConfig should handle invalid config gracefully","status":"passed","title":"should handle invalid config gracefully","duration":257.6272,"failureMessages":[],"meta":{}},{"ancestorTitles":["Logging System - 100% Coverage","getLoggingConfig"],"fullName":"Logging System - 100% Coverage getLoggingConfig should return current logging configuration","status":"passed","title":"should return current logging configuration","duration":1.0201409999999669,"failureMessages":[],"meta":{}},{"ancestorTitles":["Logging System - 100% Coverage","getLoggingConfig"],"fullName":"Logging System - 100% Coverage getLoggingConfig should return consistent config","status":"passed","title":"should return consistent config","duration":0.9378169999999955,"failureMessages":[],"meta":{}},{"ancestorTitles":["Logging System - 100% Coverage","validateLoggingEnvironment"],"fullName":"Logging System - 100% Coverage validateLoggingEnvironment should validate clean environment","status":"passed","title":"should validate clean environment","duration":0.8234639999998308,"failureMessages":[],"meta":{}},{"ancestorTitles":["Logging System - 100% Coverage","validateLoggingEnvironment"],"fullName":"Logging System - 100% Coverage validateLoggingEnvironment should validate with LOG_LEVEL set","status":"passed","title":"should validate with LOG_LEVEL set","duration":0.7914340000002085,"failureMessages":[],"meta":{}},{"ancestorTitles":["Logging System - 100% Coverage","validateLoggingEnvironment"],"fullName":"Logging System - 100% Coverage validateLoggingEnvironment should handle invalid LOG_LEVEL","status":"passed","title":"should handle invalid LOG_LEVEL","duration":0.6518749999997908,"failureMessages":[],"meta":{}},{"ancestorTitles":["Logging System - 100% Coverage","validateLoggingEnvironment"],"fullName":"Logging System - 100% Coverage validateLoggingEnvironment should validate with multiple env vars","status":"passed","title":"should validate with multiple env vars","duration":0.6293620000001283,"failureMessages":[],"meta":{}},{"ancestorTitles":["Logging System - 100% Coverage","LoggingLevel enum"],"fullName":"Logging System - 100% Coverage LoggingLevel enum should have all required levels","status":"passed","title":"should have all required levels","duration":0.3829839999998512,"failureMessages":[],"meta":{}},{"ancestorTitles":["Logging System - 100% Coverage","LoggingLevel enum"],"fullName":"Logging System - 100% Coverage LoggingLevel enum should have string values","status":"passed","title":"should have string values","duration":0.3519459999999981,"failureMessages":[],"meta":{}},{"ancestorTitles":["Logging System - 100% Coverage","Logger interface implementation"],"fullName":"Logging System - 100% Coverage Logger interface implementation should implement debug method","status":"passed","title":"should implement debug method","duration":4.258864999999787,"failureMessages":[],"meta":{}},{"ancestorTitles":["Logging System - 100% Coverage","Logger interface implementation"],"fullName":"Logging System - 100% Coverage Logger interface implementation should implement info method","status":"passed","title":"should implement info method","duration":4.242083000000093,"failureMessages":[],"meta":{}},{"ancestorTitles":["Logging System - 100% Coverage","Logger interface implementation"],"fullName":"Logging System - 100% Coverage Logger interface implementation should implement warn method","status":"passed","title":"should implement warn method","duration":610.481268,"failureMessages":[],"meta":{}},{"ancestorTitles":["Logging System - 100% Coverage","Logger interface implementation"],"fullName":"Logging System - 100% Coverage Logger interface implementation should implement error method","status":"passed","title":"should implement error method","duration":610.461622,"failureMessages":[],"meta":{}},{"ancestorTitles":["Logging System - 100% Coverage","Logger interface implementation"],"fullName":"Logging System - 100% Coverage Logger interface implementation should handle various data types","status":"passed","title":"should handle various data types","duration":1.4451429999999164,"failureMessages":[],"meta":{}},{"ancestorTitles":["Logging System - 100% Coverage","Edge cases and error handling"],"fullName":"Logging System - 100% Coverage Edge cases and error handling should handle logger creation with special characters","status":"passed","title":"should handle logger creation with special characters","duration":1.3986460000000989,"failureMessages":[],"meta":{}},{"ancestorTitles":["Logging System - 100% Coverage","Edge cases and error handling"],"fullName":"Logging System - 100% Coverage Edge cases and error handling should handle very long logger names","status":"passed","title":"should handle very long logger names","duration":0.5289549999999963,"failureMessages":[],"meta":{}},{"ancestorTitles":["Logging System - 100% Coverage","Edge cases and error handling"],"fullName":"Logging System - 100% Coverage Edge cases and error handling should handle concurrent logger creation","status":"passed","title":"should handle concurrent logger creation","duration":0.5027859999997872,"failureMessages":[],"meta":{}},{"ancestorTitles":["Logging System - 100% Coverage","Performance characteristics"],"fullName":"Logging System - 100% Coverage Performance characteristics should create loggers efficiently","status":"passed","title":"should create loggers efficiently","duration":0.7326149999998961,"failureMessages":[],"meta":{}},{"ancestorTitles":["Logging System - 100% Coverage","Performance characteristics"],"fullName":"Logging System - 100% Coverage Performance characteristics should log messages efficiently","status":"passed","title":"should log messages efficiently","duration":0.7084700000000339,"failureMessages":[],"meta":{}}],"startTime":1756577503263,"endTime":1756577504214.7327,"status":"passed","message":"","name":"/home/runner/work/zenflow/zenflow/packages/core/foundation/tests/unit/logging.test.ts"},{"assertionResults":[{"ancestorTitles":["Foundation Main Exports","Tree-shakable Entry Point"],"fullName":"Foundation Main Exports Tree-shakable Entry Point should export essent
[...]
roxy.<anonymous> (file:///home/runner/work/zenflow/zenflow/node_modules/.pnpm/@vitest+expect@3.2.4/node_modules/@vitest/expect/dist/index.js:1029:14)\n    at Proxy.methodWrapper (file:///home/runner/work/zenflow/zenflow/node_modules/.pnpm/chai@5.3.3/node_modules/chai/index.js:1686:25)\n    at /home/runner/work/zenflow/zenflow/packages/core/foundation/tests/unit/type-utilities.test.ts:247:26\n    at file:///home/runner/work/zenflow/zenflow/node_modules/.pnpm/@vitest+runner@3.2.4/node_modules/@vitest/runner/dist/chunk-hooks.js:155:11\n    at file:///home/runner/work/zenflow/zenflow/node_modules/.pnpm/@vitest+runner@3.2.4/node_modules/@vitest/runner/dist/chunk-hooks.js:752:26\n    at file:///home/runner/work/zenflow/zenflow/node_modules/.pnpm/@vitest+runner@3.2.4/node_modules/@vitest/runner/dist/chunk-hooks.js:1897:20\n    at new Promise (<anonymous>)\n    at runWithTimeout (file:///home/runner/work/zenflow/zenflow/node_modules/.pnpm/@vitest+runner@3.2.4/node_modules/@vitest/runner/dist/chunk-hooks.js:1863:10)\n    at runTest (file:///home/runner/work/zenflow/zenflow/node_modules/.pnpm/@vitest+runner@3.2.4/node_modules/@vitest/runner/dist/chunk-hooks.js:1574:12)"],"meta":{}},{"ancestorTitles":["Foundation Type Utilities - 100% Coverage","Enums","Status"],"fullName":"Foundation Type Utilities - 100% Coverage Enums Status should have all status types","status":"failed","title":"should have all status types","duration":2.3651559999999563,"failureMessages":["AssertionError: expected undefined to be 'cancelled' // Object.is equality\n    at /home/runner/work/zenflow/zenflow/packages/core/foundation/tests/unit/type-utilities.test.ts:259:34\n    at file:///home/runner/work/zenflow/zenflow/node_modules/.pnpm/@vitest+runner@3.2.4/node_modules/@vitest/runner/dist/chunk-hooks.js:155:11\n    at file:///home/runner/work/zenflow/zenflow/node_modules/.pnpm/@vitest+runner@3.2.4/node_modules/@vitest/runner/dist/chunk-hooks.js:752:26\n    at file:///home/runner/work/zenflow/zenflow/node_modules/.pnpm/@vitest+runner@3.2.4/node_modules/@vitest/runner/dist/chunk-hooks.js:1897:20\n    at new Promise (<anonymous>)\n    at runWithTimeout (file:///home/runner/work/zenflow/zenflow/node_modules/.pnpm/@vitest+runner@3.2.4/node_modules/@vitest/runner/dist/chunk-hooks.js:1863:10)\n    at runTest (file:///home/runner/work/zenflow/zenflow/node_modules/.pnpm/@vitest+runner@3.2.4/node_modules/@vitest/runner/dist/chunk-hooks.js:1574:12)\n    at processTicksAndRejections (node:internal/process/task_queues:105:5)\n    at async Promise.all (index 0)\n    at runSuite (file:///home/runner/work/zenflow/zenflow/node_modules/.pnpm/@vitest+runner@3.2.4/node_modules/@vitest/runner/dist/chunk-hooks.js:1718:7)"],"meta":{}},{"ancestorTitles":["Foundation Type Utilities - 100% Coverage","Enums","Status"],"fullName":"Foundation Type Utilities - 100% Coverage Enums Status should have consistent enum values","status":"failed","title":"should have consistent enum values","duration":0.9772409999999354,"failureMessages":["AssertionError: expected [ 'pending', 'in_progress', …(2) ] to have a length of 7 but got 4\n    at Proxy.<anonymous> (file:///home/runner/work/zenflow/zenflow/node_modules/.pnpm/@vitest+expect@3.2.4/node_modules/@vitest/expect/dist/index.js:1257:20)\n    at Proxy.<anonymous> (file:///home/runner/work/zenflow/zenflow/node_modules/.pnpm/@vitest+expect@3.2.4/node_modules/@vitest/expect/dist/index.js:1029:14)\n    at Proxy.methodWrapper (file:///home/runner/work/zenflow/zenflow/node_modules/.pnpm/chai@5.3.3/node_modules/chai/index.js:1686:25)\n    at /home/runner/work/zenflow/zenflow/packages/core/foundation/tests/unit/type-utilities.test.ts:266:24\n    at file:///home/runner/work/zenflow/zenflow/node_modules/.pnpm/@vitest+runner@3.2.4/node_modules/@vitest/runner/dist/chunk-hooks.js:155:11\n    at file:///home/runner/work/zenflow/zenflow/node_modules/.pnpm/@vitest+runner@3.2.4/node_modules/@vitest/runner/dist/chunk-hooks.js:752:26\n    at file:///home/runner/work/zenflow/zenflow/node_modules/.pnpm/@vitest+runner@3.2.4/node_modules/@vitest/runner/dist/chunk-hooks.js:1897:20\n    at new Promise (<anonymous>)\n    at runWithTimeout (file:///home/runner/work/zenflow/zenflow/node_modules/.pnpm/@vitest+runner@3.2.4/node_modules/@vitest/runner/dist/chunk-hooks.js:1863:10)\n    at runTest (file:///home/runner/work/zenflow/zenflow/node_modules/.pnpm/@vitest+runner@3.2.4/node_modules/@vitest/runner/dist/chunk-hooks.js:1574:12)"],"meta":{}},{"ancestorTitles":["Foundation Type Utilities - 100% Coverage","Enums","LogLevel"],"fullName":"Foundation Type Utilities - 100% Coverage Enums LogLevel should have all log levels","status":"failed","title":"should have all log levels","duration":0.9514130000000023,"failureMessages":["AssertionError: expected undefined to be 'emergency' // Object.is equality\n    at /home/runner/work/zenflow/zenflow/packages/core/foundation/tests/unit/type-utilities.test.ts:275:36\n    at file:///home/runner/work/zenflow/zenflow/node_modules/.pnpm/@vitest+runner@3.2.4/node_modules/@vitest/runner/dist/chunk-hooks.js:155:11\n    at file:///home/runner/work/zenflow/zenflow/node_modules/.pnpm/@vitest+runner@3.2.4/node_modules/@vitest/runner/dist/chunk-hooks.js:752:26\n    at file:///home/runner/work/zenflow/zenflow/node_modules/.pnpm/@vitest+runner@3.2.4/node_modules/@vitest/runner/dist/chunk-hooks.js:1897:20\n    at new Promise (<anonymous>)\n    at runWithTimeout (file:///home/runner/work/zenflow/zenflow/node_modules/.pnpm/@vitest+runner@3.2.4/node_modules/@vitest/runner/dist/chunk-hooks.js:1863:10)\n    at runTest (file:///home/runner/work/zenflow/zenflow/node_modules/.pnpm/@vitest+runner@3.2.4/node_modules/@vitest/runner/dist/chunk-hooks.js:1574:12)\n    at processTicksAndRejections (node:internal/process/task_queues:105:5)\n    at async Promise.all (index 0)\n    at runSuite (file:///home/runner/work/zenflow/zenflow/node_modules/.pnpm/@vitest+runner@3.2.4/node_modules/@vitest/runner/dist/chunk-hooks.js:1718:7)"],"meta":{}},{"ancestorTitles":["Foundation Type Utilities - 100% Coverage","Enums","LogLevel"],"fullName":"Foundation Type Utilities - 100% Coverage Enums LogLevel should have consistent enum values","status":"failed","title":"should have consistent enum values","duration":0.8040979999999536,"failureMessages":["AssertionError: expected [ 'error', 'warn', 'info', 'debug' ] to have a length of 8 but got 4\n    at Proxy.<anonymous> (file:///home/runner/work/zenflow/zenflow/node_modules/.pnpm/@vitest+expect@3.2.4/node_modules/@vitest/expect/dist/index.js:1257:20)\n    at Proxy.<anonymous> (file:///home/runner/work/zenflow/zenflow/node_modules/.pnpm/@vitest+expect@3.2.4/node_modules/@vitest/expect/dist/index.js:1029:14)\n    at Proxy.methodWrapper (file:///home/runner/work/zenflow/zenflow/node_modules/.pnpm/chai@5.3.3/node_modules/chai/index.js:1686:25)\n    at /home/runner/work/zenflow/zenflow/packages/core/foundation/tests/unit/type-utilities.test.ts:287:24\n    at file:///home/runner/work/zenflow/zenflow/node_modules/.pnpm/@vitest+runner@3.2.4/node_modules/@vitest/runner/dist/chunk-hooks.js:155:11\n    at file:///home/runner/work/zenflow/zenflow/node_modules/.pnpm/@vitest+runner@3.2.4/node_modules/@vitest/runner/dist/chunk-hooks.js:752:26\n    at file:///home/runner/work/zenflow/zenflow/node_modules/.pnpm/@vitest+runner@3.2.4/node_modules/@vitest/runner/dist/chunk-hooks.js:1897:20\n    at new Promise (<anonymous>)\n    at runWithTimeout (file:///home/runner/work/zenflow/zenflow/node_modules/.pnpm/@vitest+runner@3.2.4/node_modules/@vitest/runner/dist/chunk-hooks.js:1863:10)\n    at runTest (file:///home/runner/work/zenflow/zenflow/node_modules/.pnpm/@vitest+runner@3.2.4/node_modules/@vitest/runner/dist/chunk-hooks.js:1574:12)"],"meta":{}},{"ancestorTitles":["Foundation Type Utilities - 100% Coverage","Enums","Environment"],"fullName":"Foundation Type Utilities - 100% Coverage Enums Environment should have all environment types","status":"failed","title":"should have all environment types","duration":0.7787809999999808,"failureMessages":["AssertionError: expected undefined to be 'testing' // Object.is equality\n    at /home/runner/work/zenflow/zenflow/packages/core/foundation/tests/unit/type-utilities.test.ts:296:37\n    at file:///home/runner/work/zenflow/zenflow/node_modules/.pnpm/@vitest+runner@3.2.4/node_modules/@vitest/runner/dist/chunk-hooks.js:155:11\n    at file:///home/runner/work/zenflow/zenflow/node_modules/.pnpm/@vitest+runner@3.2.4/node_modules/@vitest/runner/dist/chunk-hooks.js:752:26\n    at file:///home/runner/work/zenflow/zenflow/node_modules/.pnpm/@vitest+runner@3.2.4/node_modules/@vitest/runner/dist/chunk-hooks.js:1897:20\n    at new Promise (<anonymous>)\n    at runWithTimeout (file:///home/runner/work/zenflow/zenflow/node_modules/.pnpm/@vitest+runner@3.2.4/node_modules/@vitest/runner/dist/chunk-hooks.js:1863:10)\n    at runTest (file:///home/runner/work/zenflow/zenflow/node_modules/.pnpm/@vitest+runner@3.2.4/node_modules/@vitest/runner/dist/chunk-hooks.js:1574:12)\n    at processTicksAndRejections (node:internal/process/task_queues:105:5)\n    at async Promise.all (index 0)\n    at runSuite (file:///home/runner/work/zenflow/zenflow/node_modules/.pnpm/@vitest+runner@3.2.4/node_modules/@vitest/runner/dist/chunk-hooks.js:1718:7)"],"meta":{}},{"ancestorTitles":["Foundation Type Utilities - 100% Coverage","Enums","Environment"],"fullName":"Foundation Type Utilities - 100% Coverage Enums Environment should have consistent enum values","status":"failed","title":"should have consistent enum values","duration":0.4833210000000463,"failureMessages":["AssertionError: expected [ 'development', 'production', 'test' ] to have a length of 5 but got 3\n    at Proxy.<anonymous> (file:///home/runner/work/zenflow/zenflow/node_modules/.pnpm/@vitest+expect@3.2.4/node_modules/@vitest/expect/dist/index.js:1257:20)\n    at Proxy.<anonymous> (file:///home/runner/work/zenflow/zenflow/node_modules/.pnpm/@vitest+expect@3.2.4/node_modules/@vitest/expect/dist/index.js:1029:14)\n    at Proxy.methodWrapper (file:///home/runner/work/zenflow/zenflow/node_modules/.pnpm/chai@5.3.3/node_modules/chai/index.js:1686:25)\n    at /home/runner/work/zenflow/zenflow/packages/core/foundation/tests/unit/type-utilities.test.ts:304:24\n    at file:///home/runner/work/zenflow/zenflow/node_modules/.pnpm/@vitest+runner@3.2.4/node_modules/@vitest/runner/dist/chunk-hooks.js:155:11\n    at file:///home/runner/work/zenflow/zenflow/node_modules/.pnpm/@vitest+runner@3.2.4/node_modules/@vitest/runner/dist/chunk-hooks.js:752:26\n    at file:///home/runner/work/zenflow/zenflow/node_modules/.pnpm/@vitest+runner@3.2.4/node_modules/@vitest/runner/dist/chunk-hooks.js:1897:20\n    at new Promise (<anonymous>)\n    at runWithTimeout (file:///home/runner/work/zenflow/zenflow/node_modules/.pnpm/@vitest+runner@3.2.4/node_modules/@vitest/runner/dist/chunk-hooks.js:1863:10)\n    at runTest (file:///home/runner/work/zenflow/zenflow/node_modules/.pnpm/@vitest+runner@3.2.4/node_modules/@vitest/runner/dist/chunk-hooks.js:1574:12)"],"meta":{}},{"ancestorTitles":["Foundation Type Utilities - 100% Coverage","Performance"],"fullName":"Foundation Type Utilities - 100% Coverage Performance should handle many type guard operations efficiently","status":"passed","title":"should handle many type guard operations efficiently","duration":70.79586900000004,"failureMessages":[],"meta":{}},{"ancestorTitles":["Foundation Type Utilities - 100% Coverage","Performance"],"fullName":"Foundation Type Utilities - 100% Coverage Performance should handle branding/unbranding efficiently","status":"failed","title":"should handle branding/unbranding efficiently","duration":70.765041,"failureMessages":["TypeError: (0 , brand) is not a function\n    at /home/runner/work/zenflow/zenflow/packages/core/foundation/tests/unit/type-utilities.test.ts:340:43\n    at Array.map (<anonymous>)\n    at /home/runner/work/zenflow/zenflow/packages/core/foundation/tests/unit/type-utilities.test.ts:340:30\n    at file:///home/runner/work/zenflow/zenflow/node_modules/.pnpm/@vitest+runner@3.2.4/node_modules/@vitest/runner/dist/chunk-hooks.js:155:11\n    at file:///home/runner/work/zenflow/zenflow/node_modules/.pnpm/@vitest+runner@3.2.4/node_modules/@vitest/runner/dist/chunk-hooks.js:752:26\n    at file:///home/runner/work/zenflow/zenflow/node_modules/.pnpm/@vitest+runner@3.2.4/node_modules/@vitest/runner/dist/chunk-hooks.js:1897:20\n    at new Promise (<anonymous>)\n    at runWithTimeout (file:///home/runner/work/zenflow/zenflow/node_modules/.pnpm/@vitest+runner@3.2.4/node_modules/@vitest/runner/dist/chunk-hooks.js:1863:10)\n    at runTest (file:///home/runner/work/zenflow/zenflow/node_modules/.pnpm/@vitest+runner@3.2.4/node_modules/@vitest/runner/dist/chunk-hooks.js:1574:12)\n    at processTicksAndRejections (node:internal/process/task_queues:105:5)"],"meta":{}},{"ancestorTitles":["Foundation Type Utilities - 100% Coverage","Edge Cases"],"fullName":"Foundation Type Utilities - 100% Coverage Edge Cases should handle edge case timestamps","status":"passed","title":"should handle edge case timestamps","duration":0.2917139999999563,"failureMessages":[],"meta":{}},{"ancestorTitles":["Foundation Type Utilities - 100% Coverage","Edge Cases"],"fullName":"Foundation Type Utilities - 100% Coverage Edge Cases should handle edge case emails","status":"passed","title":"should handle edge case emails","duration":0.26166699999998855,"failureMessages":[],"meta":{}},{"ancestorTitles":["Foundation Type Utilities - 100% Coverage","Edge Cases"],"fullName":"Foundation Type Utilities - 100% Coverage Edge Cases should handle special characters in UUIDs","status":"passed","title":"should handle special characters in UUIDs","duration":0.3082640000000083,"failureMessages":[],"meta":{}}],"startTime":1756577502917,"endTime":1756577502999.8042,"status":"failed","message":"","name":"/home/runner/work/zenflow/zenflow/packages/core/foundation/tests/unit/type-utilities.test.ts"},{"assertionResults":[{"ancestorTitles":["Foundation Types Import Tests"],"fullName":"Foundation Types Import Tests should import types from package export path","status":"passed","title":"should import types from package export path","duration":8.740319000000454,"failureMessages":[],"meta":{}},{"ancestorTitles":["Foundation Types Import Tests"],"fullName":"Foundation Types Import Tests should generate valid UUIDs and timestamps","status":"passed","title":"should generate valid UUIDs and timestamps","duration":8.716464000000087,"failureMessages":[],"meta":{}},{"ancestorTitles":["Foundation Types Import Tests"],"fullName":"Foundation Types Import Tests should work with Result pattern","status":"passed","title":"should work with Result pattern","duration":1.2329680000002554,"failureMessages":[],"meta":{}},{"ancestorTitles":["Foundation Types Import Tests"],"fullName":"Foundation Types Import Tests should work with pagination utilities","status":"passed","title":"should work with pagination utilities","duration":1.2049350000006598,"failureMessages":[],"meta":{}},{"ancestorTitles":["Foundation Types Import Tests"],"fullName":"Foundation Types Import Tests should provide enum values correctly","status":"failed","title":"should provide enum values correctly","duration":2.1395159999992757,"failureMessages":["AssertionError: expected undefined to be 'urgent' // Object.is equality\n    at /home/runner/work/zenflow/zenflow/packages/core/foundation/tests/unit/types-import.test.ts:101:33\n    at processTicksAndRejections (node:internal/process/task_queues:105:5)\n    at file:///home/runner/work/zenflow/zenflow/node_modules/.pnpm/@vitest+runner@3.2.4/node_modules/@vitest/runner/dist/chunk-hooks.js:752:20"],"meta":{}},{"ancestorTitles":["Foundation Types Import Tests"],"fullName":"Foundation Types Import Tests should handle type guards correctly","status":"passed","title":"should handle type guards correctly","duration":2.121643000000404,"failureMessages":[],"meta":{}}],"startTime":1756577509378,"endTime":1756577509390.1394,"status":"failed","message":"","name":"/home/runner/work/zenflow/zenflow/packages/core/foundation/tests/unit/types-import.test.ts"},{"assertionResults":[],"startTime":1756577502271,"endTime":1756577502271,"status":"failed","message":"Failed to resolve import \"../../src/types/guards/type.guards\" from \"packages/core/foundation/tests/unit/types.test.ts\". Does the file exist?","name":"/home/runner/work/zenflow/zenflow/packages/core/foundation/tests/unit/types.test.ts"},{"assertionResults":[{"ancestorTitles":["Foundation Utilities","Common Utilities"],"fullName":"Foundation Utilities Common Utilities should provide common utility exports","status":"passed","title":"should provide common utility exports","duration":247.46688099999847,"failureMessages":[],"meta":{}},{"ancestorTitles":["Foundation Utilities","Common Utilities"],"fullName":"Foundation Utilities Common Utilities should provide utility functions","status":"passed","title":"should provide utility functions","duration":247.2861039999989,"failureMessages":[],"meta":{}},{"ancestorTitles":["Foundation Utilities","Common Utilities"],"fullName":"Foundation Utilities Common Utilities should provide helper functions","status":"passed","title":"should provide helper functions","duration":6.2453220000006695,"failureMessages":[],"meta":{}},{"ancestorTitles":["Foundation Utilities","System Utilities"],"fullName":"Foundation Utilities System Utilities should provide system utility exports","status":"passed","title":"should provide system utility exports","duration":6.839199000000008,"failureMessages":[],"meta":{}},{"ancestorTitles":["Foundation Utilities","System Utilities"],"fullName":"Foundation Utilities System Utilities should provide capability provider","status":"passed","title":"should provide capability provider","duration":0.18330099999911909,"failureMessages":[],"meta":{}},{"ancestorTitles":["Foundation Utilities","System Utilities"],"fullName":"Foundation Utilities System Utilities should provide monorepo detector","status":"passed","title":"should provide monorepo detector","duration":0.35396899999977904,"failureMessages":[],"meta":{}},{"ancestorTitles":["Foundation Utilities","Project Utilities"],"fullName":"Foundation Utilities Project Utilities should provide project utility exports","status":"passed","title":"should provide project utility exports","duration":103.26095799999894,"failureMessages":[],"meta":{}},{"ancestorTitles":["Foundation Utilities","Project Utilities"],"fullName":"Foundation Utilities Project Utilities should provide project manager","status":"passed","title":"should provide project manager","duration":102.93666499999927,"failureMessages":[],"meta":{}},{"ancestorTitles":["Foundation Utilities","Validation Utilities"],"fullName":"Foundation Utilities Validation Utilities should provide validation exports","status":"passed","title":"should provide validation exports","duration":0.42358899999999267,"failureMessages":[],"meta":{}},{"ancestorTitles":["Foundation Utilities","Validation Utilities"],"fullName":"Foundation Utilities Validation Utilities should provide schema validator","status":"passed","title":"should provide schema validator","duration":40.411065000000235,"failureMessages":[],"meta":{}},{"ancestorTitles":["Foundation Utilities","Validation Utilities"],"fullName":"Foundation Utilities Validation Utilities should provide prompt validator","status":"passed","title":"should provide prompt validator","duration":12.12771900000007,"failureMessages":[],"meta":{}},{"ancestorTitles":["Foundation Utilities","Validation Utilities"],"fullName":"Foundation Utilities Validation Utilities should validate input correctly","status":"passed","title":"should validate input correctly","duration":0.3663429999996879,"failureMessages":[],"meta":{}}],"startTime":1756577514017,"endTime":1756577514415.4111,"status":"passed","message":"","name":"/home/runner/work/zenflow/zenflow/packages/core/foundation/tests/unit/utilities.test.ts"}]}