{"numTotalTestSuites":6,"numPassedTestSuites":0,"numFailedTestSuites":6,"numPendingTestSuites":0,"numTotalTests":0,"numPassedTests":0,"numFailedTests":0,"numPendingTests":0,"numTodoTests":0,"snapshot":{"added":0,"failure":false,"filesAdded":0,"filesRemoved":0,"filesRemovedList":[],"filesUnmatched":0,"filesUpdated":0,"matched":0,"total":0,"unchecked":0,"uncheckedKeysByFile":[],"unmatched":0,"updated":0,"didUpdate":false},"startTime":1755830681271,"success":false,"testResults":[{"assertionResults":[],"startTime":1755830681271,"endTime":1755830681271,"status":"failed","message":"Failed to resolve import \"../src/__tests__/helpers/test-utils.js\" from \"tests/vitest-setup.ts\". Does the file exist?","name":"/home/mhugo/code/claude-code-zen/tests/integration/servicecontainer-registry-integration.test.ts"},{"assertionResults":[],"startTime":1755830681271,"endTime":1755830681271,"status":"failed","message":"Failed to resolve import \"../src/__tests__/helpers/test-utils.js\" from \"tests/vitest-setup.ts\". Does the file exist?","name":"/home/mhugo/code/claude-code-zen/tests/jest/ai-workflow.test.ts"},{"assertionResults":[],"startTime":1755830681271,"endTime":1755830681271,"status":"failed","message":"Failed to resolve import \"../src/__tests__/helpers/test-utils.js\" from \"tests/vitest-setup.ts\". Does the file exist?","name":"/home/mhugo/code/claude-code-zen/tests/jest/teamwork-conversation.test.ts"},{"assertionResults":[],"startTime":1755830681271,"endTime":1755830681271,"status":"failed","message":"Failed to resolve import \"../src/__tests__/helpers/test-utils.js\" from \"tests/vitest-setup.ts\". Does the file exist?","name":"/home/mhugo/code/claude-code-zen/tests/intelligence/conversation-framework/memory.test.ts"},{"assertionResults":[],"startTime":1755830681271,"endTime":1755830681271,"status":"failed","message":"Failed to resolve import \"../src/__tests__/helpers/test-utils.js\" from \"tests/vitest-setup.ts\". Does the file exist?","name":"/home/mhugo/code/claude-code-zen/tests/intelligence/conversation-framework/orchestrator.test.ts"},{"assertionResults":[],"startTime":1755830681271,"endTime":1755830681271,"status":"failed","message":"Failed to resolve import \"../src/__tests__/helpers/test-utils.js\" from \"tests/vitest-setup.ts\". Does the file exist?","name":"/home/mhugo/code/claude-code-zen/src/__tests__/unit/neural/wasm-gateway.test.ts"}]}