{
  "numTotalTestSuites": 381,
  "numPassedTestSuites": 118,
  "numFailedTestSuites": 263,
  "numPendingTestSuites": 0,
  "numTotalTests": 605,
  "numPassedTests": 363,
  "numFailedTests": 242,
  "numPendingTests": 0,
  "numTodoTests": 0,
  "snapshot": {
    "added": 0,
    "failure": false,
    "filesAdded": 0,
    "filesRemoved": 0,
    "filesRemovedList": [],
    "filesUnmatched": 0,
    "filesUpdated": 0,
    "matched": 0,
    "total": 0,
    "unchecked": 0,
    "uncheckedKeysByFile": [],
    "unmatched": 0,
    "updated": 0,
    "didUpdate": false
  },
  "startTime": 1754863440407,
  "success": false,
  "testResults": [
    {
      "assertionResults": [
        {
          "ancestorTitles": ["Simple Test"],
          "fullName": "Simple Test should pass",
          "status": "passed",
          "title": "should pass",
          "duration": 2.1371820000058506,
          "failureMessages": [],
          "meta": {}
        }
      ],
      "startTime": 1754863482669,
      "endTime": 1754863482671.1372,
      "status": "passed",
      "message": "",
      "name": "/home/mhugo/code/claude-code-zen/src/__tests__/basic-functionality.test.ts"
    },
    {
      "assertionResults": [],
      "startTime": 1754863440407,
      "endTime": 1754863440407,
      "status": "failed",
      "message": "Do not import `@jest/globals` outside of the Jest test environment",
      "name": "/home/mhugo/code/claude-code-zen/src/__tests__/claude-zen-tdd-architecture.test.ts"
    },
    {
      "assertionResults": [],
      "startTime": 1754863440407,
      "endTime": 1754863440407,
      "status": "failed",
      "message": "(0 , getLogger) is not a function",
      "name": "/home/mhugo/code/claude-code-zen/src/__tests__/integration-service-adapter.test.ts"
    },
    {
      "assertionResults": [],
      "startTime": 1754863440407,
      "endTime": 1754863440407,
      "status": "failed",
      "message": "Do not import `@jest/globals` outside of the Jest test environment",
      "name": "/home/mhugo/code/claude-code-zen/src/__tests__/tdd-london-swarm.test.ts"
    },
    {
      "assertionResults": [],
      "startTime": 1754863440407,
      "endTime": 1754863440407,
      "status": "failed",
      "message": "Do not import `@jest/globals` outside of the Jest test environment",
      "name": "/home/mhugo/code/claude-code-zen/src/__tests__/coordination/hive-knowledge-bridge.test.ts"
    },
    {
      "assertionResults": [],
      "startTime": 1754863440407,
      "endTime": 1754863440407,
      "status": "failed",
      "message": "Do not import `@jest/globals` outside of the Jest test environment",
      "name": "/home/mhugo/code/claude-code-zen/src/__tests__/coordination/hive-knowledge-integration.test.ts"
    },
    {
      "assertionResults": [],
      "startTime": 1754863440407,
      "endTime": 1754863440407,
      "status": "failed",
      "message": "Do not import `@jest/globals` outside of the Jest test environment",
      "name": "/home/mhugo/code/claude-code-zen/src/__tests__/coordination/hive-knowledge-performance.test.ts"
    },
    {
      "assertionResults": [
        {
          "ancestorTitles": ["DomainBoundaryValidator", "validateInput"],
          "fullName": "DomainBoundaryValidator validateInput validates simple types correctly",
          "status": "passed",
          "title": "validates simple types correctly",
          "duration": 12.93163800000002,
          "failureMessages": [],
          "meta": {}
        },
        {
          "ancestorTitles": ["DomainBoundaryValidator", "validateInput"],
          "fullName": "DomainBoundaryValidator validateInput validates complex object types",
          "status": "passed",
          "title": "validates complex object types",
          "duration": 12.209074999999757,
          "failureMessages": [],
          "meta": {}
        },
        {
          "ancestorTitles": ["DomainBoundaryValidator", "validateInput"],
          "fullName": "DomainBoundaryValidator validateInput validates array types with item schemas",
          "status": "passed",
          "title": "validates array types with item schemas",
          "duration": 12.100028000000748,
          "failureMessages": [],
          "meta": {}
        },
        {
          "ancestorTitles": ["DomainBoundaryValidator", "validateInput"],
          "fullName": "DomainBoundaryValidator validateInput validates enum values",
          "status": "passed",
          "title": "validates enum values",
          "duration": 12.014941999999792,
          "failureMessages": [],
          "meta": {}
        },
        {
          "ancestorTitles": ["DomainBoundaryValidator", "validateInput"],
          "fullName": "DomainBoundaryValidator validateInput throws DomainValidationError for invalid types",
          "status": "passed",
          "title": "throws DomainValidationError for invalid types",
          "duration": 11.940567999999985,
          "failureMessages": [],
          "meta": {}
        },
        {
          "ancestorTitles": ["DomainBoundaryValidator", "validateInput"],
          "fullName": "DomainBoundaryValidator validateInput throws DomainValidationError for enum violations",
          "status": "passed",
          "title": "throws DomainValidationError for enum violations",
          "duration": 11.863325000000259,
          "failureMessages": [],
          "meta": {}
        },
        {
          "ancestorTitles": ["DomainBoundaryValidator", "validateInput"],
          "fullName": "DomainBoundaryValidator validateInput handles optional fields correctly",
          "status": "passed",
          "title": "handles optional fields correctly",
          "duration": 11.816870000000563,
          "failureMessages": [],
          "meta": {}
        },
        {
          "ancestorTitles": ["DomainBoundaryValidator", "validateInput"],
          "fullName": "DomainBoundaryValidator validateInput applies custom validators",
          "status": "passed",
          "title": "applies custom validators",
          "duration": 11.657712000000174,
          "failureMessages": [],
          "meta": {}
        },
        {
          "ancestorTitles": ["DomainBoundaryValidator", "validateInput"],
          "fullName": "DomainBoundaryValidator validateInput applies transformations",
          "status": "passed",
          "title": "applies transformations",
          "duration": 26.188473999999587,
          "failureMessages": [],
          "meta": {}
        },
        {
          "ancestorTitles": ["DomainBoundaryValidator", "validateInput"],
          "fullName": "DomainBoundaryValidator validateInput validates nested objects recursively",
          "status": "passed",
          "title": "validates nested objects recursively",
          "duration": 26.10367099999985,
          "failureMessages": [],
          "meta": {}
        },
        {
          "ancestorTitles": ["DomainBoundaryValidator", "enforceContract"],
          "fullName": "DomainBoundaryValidator enforceContract enforces contract rules successfully",
          "status": "passed",
          "title": "enforces contract rules successfully",
          "duration": 26.250928000000386,
          "failureMessages": [],
          "meta": {}
        },
        {
          "ancestorTitles": ["DomainBoundaryValidator", "enforceContract"],
          "fullName": "DomainBoundaryValidator enforceContract fails contract enforcement on rule violations",
          "status": "passed",
          "title": "fails contract enforcement on rule violations",
          "duration": 26.238744999999653,
          "failureMessages": [],
          "meta": {}
        },
        {
          "ancestorTitles": ["DomainBoundaryValidator", "enforceContract"],
          "fullName": "DomainBoundaryValidator enforceContract handles warnings without blocking operation",
          "status": "passed",
          "title": "handles warnings without blocking operation",
          "duration": 26.21974500000033,
          "failureMessages": [],
          "meta": {}
        },
        {
          "ancestorTitles": ["DomainBoundaryValidator", "enforceContract"],
          "fullName": "DomainBoundaryValidator enforceContract handles multiple contract rules",
          "status": "passed",
          "title": "handles multiple contract rules",
          "duration": 26.210548000000017,
          "failureMessages": [],
          "meta": {}
        },
        {
          "ancestorTitles": ["DomainBoundaryValidator", "enforceContract"],
          "fullName": "DomainBoundaryValidator enforceContract handles contract rule execution errors",
          "status": "passed",
          "title": "handles contract rule execution errors",
          "duration": 26.182331999999406,
          "failureMessages": [],
          "meta": {}
        },
        {
          "ancestorTitles": ["DomainBoundaryValidator", "trackCrossings"],
          "fullName": "DomainBoundaryValidator trackCrossings tracks domain crossings correctly",
          "status": "passed",
          "title": "tracks domain crossings correctly",
          "duration": 25.95223000000078,
          "failureMessages": [],
          "meta": {}
        },
        {
          "ancestorTitles": ["DomainBoundaryValidator", "trackCrossings"],
          "fullName": "DomainBoundaryValidator trackCrossings maintains crossing log size limit",
          "status": "passed",
          "title": "maintains crossing log size limit",
          "duration": 45.28538600000047,
          "failureMessages": [],
          "meta": {}
        },
        {
          "ancestorTitles": ["DomainBoundaryValidator", "trackCrossings"],
          "fullName": "DomainBoundaryValidator trackCrossings returns limited crossings when requested",
          "status": "passed",
          "title": "returns limited crossings when requested",
          "duration": 45.214296000000104,
          "failureMessages": [],
          "meta": {}
        },
        {
          "ancestorTitles": ["DomainBoundaryValidator", "performance and caching"],
          "fullName": "DomainBoundaryValidator performance and caching caches validation results for performance",
          "status": "passed",
          "title": "caches validation results for performance",
          "duration": 45.19708900000023,
          "failureMessages": [],
          "meta": {}
        },
        {
          "ancestorTitles": ["DomainBoundaryValidator", "performance and caching"],
          "fullName": "DomainBoundaryValidator performance and caching tracks performance metrics",
          "status": "passed",
          "title": "tracks performance metrics",
          "duration": 45.079775000000154,
          "failureMessages": [],
          "meta": {}
        },
        {
          "ancestorTitles": ["DomainBoundaryValidator", "performance and caching"],
          "fullName": "DomainBoundaryValidator performance and caching provides validation statistics",
          "status": "failed",
          "title": "provides validation statistics",
          "duration": 44.933288000000175,
          "failureMessages": [
            "AssertionError: expected 6 to be 1 // Object.is equality\n    at /home/mhugo/code/claude-code-zen/src/__tests__/core/domain-boundary-validator.test.ts:435:35\n    at file:///home/mhugo/code/claude-code-zen/node_modules/@vitest/runner/dist/chunk-hooks.js:155:11\n    at file:///home/mhugo/code/claude-code-zen/node_modules/@vitest/runner/dist/chunk-hooks.js:752:26\n    at file:///home/mhugo/code/claude-code-zen/node_modules/@vitest/runner/dist/chunk-hooks.js:1897:20\n    at new Promise (<anonymous>)\n    at runWithTimeout (file:///home/mhugo/code/claude-code-zen/node_modules/@vitest/runner/dist/chunk-hooks.js:1863:10)\n    at runTest (file:///home/mhugo/code/claude-code-zen/node_modules/@vitest/runner/dist/chunk-hooks.js:1574:12)\n    at async Promise.all (index 2)\n    at runSuite (file:///home/mhugo/code/claude-code-zen/node_modules/@vitest/runner/dist/chunk-hooks.js:1718:7)\n    at async Promise.all (index 3)"
          ],
          "meta": {}
        },
        {
          "ancestorTitles": ["DomainBoundaryValidator", "performance and caching"],
          "fullName": "DomainBoundaryValidator performance and caching respects cache size limits",
          "status": "passed",
          "title": "respects cache size limits",
          "duration": 44.95993500000077,
          "failureMessages": [],
          "meta": {}
        },
        {
          "ancestorTitles": ["DomainBoundaryValidator", "error handling"],
          "fullName": "DomainBoundaryValidator error handling DomainValidationError contains comprehensive context",
          "status": "passed",
          "title": "DomainValidationError contains comprehensive context",
          "duration": 44.90043799999967,
          "failureMessages": [],
          "meta": {}
        },
        {
          "ancestorTitles": ["DomainBoundaryValidator", "error handling"],
          "fullName": "DomainBoundaryValidator error handling ContractViolationError contains rule context",
          "status": "passed",
          "title": "ContractViolationError contains rule context",
          "duration": 44.71046999999999,
          "failureMessages": [],
          "meta": {}
        },
        {
          "ancestorTitles": ["DomainBoundaryValidator", "error handling"],
          "fullName": "DomainBoundaryValidator error handling handles validation path for nested objects",
          "status": "passed",
          "title": "handles validation path for nested objects",
          "duration": 11.352294999999685,
          "failureMessages": [],
          "meta": {}
        },
        {
          "ancestorTitles": ["DomainBoundaryValidator", "CommonSchemas"],
          "fullName": "DomainBoundaryValidator CommonSchemas validates Agent objects correctly",
          "status": "passed",
          "title": "validates Agent objects correctly",
          "duration": 11.186461999999665,
          "failureMessages": [],
          "meta": {}
        },
        {
          "ancestorTitles": ["DomainBoundaryValidator", "CommonSchemas"],
          "fullName": "DomainBoundaryValidator CommonSchemas validates Task objects correctly",
          "status": "passed",
          "title": "validates Task objects correctly",
          "duration": 11.035054000000855,
          "failureMessages": [],
          "meta": {}
        },
        {
          "ancestorTitles": ["DomainBoundaryValidator", "CommonSchemas"],
          "fullName": "DomainBoundaryValidator CommonSchemas rejects invalid Agent status",
          "status": "passed",
          "title": "rejects invalid Agent status",
          "duration": 10.896872000000258,
          "failureMessages": [],
          "meta": {}
        },
        {
          "ancestorTitles": ["DomainBoundaryValidator", "DomainBoundaryValidatorRegistry"],
          "fullName": "DomainBoundaryValidator DomainBoundaryValidatorRegistry provides singleton validators for domains",
          "status": "passed",
          "title": "provides singleton validators for domains",
          "duration": 10.516728999999941,
          "failureMessages": [],
          "meta": {}
        },
        {
          "ancestorTitles": ["DomainBoundaryValidator", "DomainBoundaryValidatorRegistry"],
          "fullName": "DomainBoundaryValidator DomainBoundaryValidatorRegistry provides different validators for different domains",
          "status": "passed",
          "title": "provides different validators for different domains",
          "duration": 10.321469999999863,
          "failureMessages": [],
          "meta": {}
        },
        {
          "ancestorTitles": ["DomainBoundaryValidator", "DomainBoundaryValidatorRegistry"],
          "fullName": "DomainBoundaryValidator DomainBoundaryValidatorRegistry provides system-wide statistics",
          "status": "passed",
          "title": "provides system-wide statistics",
          "duration": 10.23657700000058,
          "failureMessages": [],
          "meta": {}
        },
        {
          "ancestorTitles": ["DomainBoundaryValidator", "DomainBoundaryValidatorRegistry"],
          "fullName": "DomainBoundaryValidator DomainBoundaryValidatorRegistry resets all validators",
          "status": "passed",
          "title": "resets all validators",
          "duration": 9.806062999999995,
          "failureMessages": [],
          "meta": {}
        },
        {
          "ancestorTitles": ["DomainBoundaryValidator", "validateCrossDomain integration function"],
          "fullName": "DomainBoundaryValidator validateCrossDomain integration function validates cross-domain operations",
          "status": "passed",
          "title": "validates cross-domain operations",
          "duration": 21.128074999999626,
          "failureMessages": [],
          "meta": {}
        },
        {
          "ancestorTitles": ["DomainBoundaryValidator", "realistic integration scenarios"],
          "fullName": "DomainBoundaryValidator realistic integration scenarios coordination to workflows domain operation",
          "status": "passed",
          "title": "coordination to workflows domain operation",
          "duration": 21.077406999999766,
          "failureMessages": [],
          "meta": {}
        },
        {
          "ancestorTitles": ["DomainBoundaryValidator", "realistic integration scenarios"],
          "fullName": "DomainBoundaryValidator realistic integration scenarios handles complex validation with multiple domains",
          "status": "passed",
          "title": "handles complex validation with multiple domains",
          "duration": 20.984475000000202,
          "failureMessages": [],
          "meta": {}
        },
        {
          "ancestorTitles": ["DomainBoundaryValidator", "edge cases"],
          "fullName": "DomainBoundaryValidator edge cases handles null and undefined values correctly",
          "status": "passed",
          "title": "handles null and undefined values correctly",
          "duration": 20.868813999999475,
          "failureMessages": [],
          "meta": {}
        },
        {
          "ancestorTitles": ["DomainBoundaryValidator", "edge cases"],
          "fullName": "DomainBoundaryValidator edge cases handles empty arrays and objects",
          "status": "passed",
          "title": "handles empty arrays and objects",
          "duration": 20.438046000000213,
          "failureMessages": [],
          "meta": {}
        },
        {
          "ancestorTitles": ["DomainBoundaryValidator", "edge cases"],
          "fullName": "DomainBoundaryValidator edge cases handles circular references gracefully",
          "status": "passed",
          "title": "handles circular references gracefully",
          "duration": 19.041729999999916,
          "failureMessages": [],
          "meta": {}
        },
        {
          "ancestorTitles": ["DomainBoundaryValidator", "edge cases"],
          "fullName": "DomainBoundaryValidator edge cases handles very large data sets",
          "status": "passed",
          "title": "handles very large data sets",
          "duration": 18.05750099999932,
          "failureMessages": [],
          "meta": {}
        }
      ],
      "startTime": 1754863447649,
      "endTime": 1754863447767.438,
      "status": "failed",
      "message": "",
      "name": "/home/mhugo/code/claude-code-zen/src/__tests__/core/domain-boundary-validator.test.ts"
    },
    {
      "assertionResults": [],
      "startTime": 1754863440407,
      "endTime": 1754863440407,
      "status": "failed",
      "message": "Transform failed with 1 error:\n/home/mhugo/code/claude-code-zen/src/__tests__/core/type-safe-event-system.test.ts:13:56: ERROR: Expected identifier but found \",\"",
      "name": "/home/mhugo/code/claude-code-zen/src/__tests__/core/type-safe-event-system.test.ts"
    },
    {
      "assertionResults": [
        {
          "ancestorTitles": ["Database Adapter Interface Consistency"],
          "fullName": "Database Adapter Interface Consistency interfaces are properly defined and can be imported",
          "status": "passed",
          "title": "interfaces are properly defined and can be imported",
          "duration": 5.17369399999734,
          "failureMessages": [],
          "meta": {}
        },
        {
          "ancestorTitles": ["Database Adapter Interface Consistency"],
          "fullName": "Database Adapter Interface Consistency validates interface consistency through TypeScript compilation",
          "status": "passed",
          "title": "validates interface consistency through TypeScript compilation",
          "duration": 4.4653049999978975,
          "failureMessages": [],
          "meta": {}
        }
      ],
      "startTime": 1754863481806,
      "endTime": 1754863481811.4653,
      "status": "passed",
      "message": "",
      "name": "/home/mhugo/code/claude-code-zen/src/__tests__/database/adapter-interface-consistency.test.ts"
    },
    {
      "assertionResults": [],
      "startTime": 1754863440407,
      "endTime": 1754863440407,
      "status": "failed",
      "message": "(0 , describe) is not a function",
      "name": "/home/mhugo/code/claude-code-zen/src/__tests__/database/document-manager-integration.test.ts"
    },
    {
      "assertionResults": [],
      "startTime": 1754863440407,
      "endTime": 1754863440407,
      "status": "failed",
      "message": "Failed to resolve import \"../../src/di/index\" from \"src/__tests__/di-integration/comprehensive-di.test.ts\". Does the file exist?",
      "name": "/home/mhugo/code/claude-code-zen/src/__tests__/di-integration/comprehensive-di.test.ts"
    },
    {
      "assertionResults": [],
      "startTime": 1754863440407,
      "endTime": 1754863440407,
      "status": "failed",
      "message": "Failed to resolve import \"../di/decorators/injectable\" from \"src/memory/controllers/memory-controller.ts\". Does the file exist?",
      "name": "/home/mhugo/code/claude-code-zen/src/__tests__/di-integration/issue-63-comprehensive.test.ts"
    },
    {
      "assertionResults": [],
      "startTime": 1754863440407,
      "endTime": 1754863440407,
      "status": "failed",
      "message": "Do not import `@jest/globals` outside of the Jest test environment",
      "name": "/home/mhugo/code/claude-code-zen/src/__tests__/examples/hybrid-tdd-neural-coordination.test.ts"
    },
    {
      "assertionResults": [],
      "startTime": 1754863440407,
      "endTime": 1754863440407,
      "status": "failed",
      "message": "Transform failed with 1 error:\n/home/mhugo/code/claude-code-zen/src/__tests__/helpers/example-usage.test.ts:8:54: ERROR: Expected identifier but found \",\"",
      "name": "/home/mhugo/code/claude-code-zen/src/__tests__/helpers/example-usage.test.ts"
    },
    {
      "assertionResults": [
        {
          "ancestorTitles": ["Auto-Swarm Integration"],
          "fullName": "Auto-Swarm Integration should be able to import all required swarm components",
          "status": "passed",
          "title": "should be able to import all required swarm components",
          "duration": 53.14730000000418,
          "failureMessages": [],
          "meta": {}
        },
        {
          "ancestorTitles": ["Auto-Swarm Integration"],
          "fullName": "Auto-Swarm Integration should be able to create auto-swarm factory with all dependencies",
          "status": "passed",
          "title": "should be able to create auto-swarm factory with all dependencies",
          "duration": 64.7697429999971,
          "failureMessages": [],
          "meta": {}
        }
      ],
      "startTime": 1754863478988,
      "endTime": 1754863479053.7698,
      "status": "passed",
      "message": "",
      "name": "/home/mhugo/code/claude-code-zen/src/__tests__/integration/auto-swarm-integration.test.ts"
    },
    {
      "assertionResults": [
        {
          "ancestorTitles": ["CLI Discover Auto-Swarm Integration"],
          "fullName": "CLI Discover Auto-Swarm Integration should be able to create auto-swarm infrastructure for CLI integration",
          "status": "passed",
          "title": "should be able to create auto-swarm infrastructure for CLI integration",
          "duration": 46.65470500000083,
          "failureMessages": [],
          "meta": {}
        },
        {
          "ancestorTitles": ["CLI Discover Auto-Swarm Integration"],
          "fullName": "CLI Discover Auto-Swarm Integration should handle deployment verification",
          "status": "passed",
          "title": "should handle deployment verification",
          "duration": 15.7844910000058,
          "failureMessages": [],
          "meta": {}
        }
      ],
      "startTime": 1754863478539,
      "endTime": 1754863478585.6548,
      "status": "passed",
      "message": "",
      "name": "/home/mhugo/code/claude-code-zen/src/__tests__/integration/cli-discover-auto-swarm.test.ts"
    },
    {
      "assertionResults": [
        {
          "ancestorTitles": ["Complete Auto-Swarm Pipeline Integration"],
          "fullName": "Complete Auto-Swarm Pipeline Integration should complete the full auto-swarm creation pipeline",
          "status": "passed",
          "title": "should complete the full auto-swarm creation pipeline",
          "duration": 129.23749699999917,
          "failureMessages": [],
          "meta": {}
        },
        {
          "ancestorTitles": ["Complete Auto-Swarm Pipeline Integration"],
          "fullName": "Complete Auto-Swarm Pipeline Integration should handle error scenarios gracefully",
          "status": "failed",
          "title": "should handle error scenarios gracefully",
          "duration": 126.32874500000071,
          "failureMessages": [
            "Error: Initialization failed\n    at Object.<anonymous> (/home/mhugo/code/claude-code-zen/src/__tests__/integration/complete-auto-swarm-pipeline.test.ts:164:15)\n    at Object.mockCall (file:///home/mhugo/code/claude-code-zen/node_modules/@vitest/spy/dist/index.js:96:15)\n    at Object.spy [as initialize] (file:///home/mhugo/code/claude-code-zen/node_modules/tinyspy/dist/index.js:47:103)\n    at /home/mhugo/code/claude-code-zen/src/coordination/discovery/auto-swarm-factory.ts:724:37\n    at Array.map (<anonymous>)\n    at AutoSwarmFactory.initializeSwarms (/home/mhugo/code/claude-code-zen/src/coordination/discovery/auto-swarm-factory.ts:721:34)\n    at AutoSwarmFactory.createSwarmsForDomains (/home/mhugo/code/claude-code-zen/src/coordination/discovery/auto-swarm-factory.ts:216:18)\n    at /home/mhugo/code/claude-code-zen/src/__tests__/integration/complete-auto-swarm-pipeline.test.ts:215:26\n    at file:///home/mhugo/code/claude-code-zen/node_modules/@vitest/runner/dist/chunk-hooks.js:752:20"
          ],
          "meta": {}
        },
        {
          "ancestorTitles": ["Complete Auto-Swarm Pipeline Integration"],
          "fullName": "Complete Auto-Swarm Pipeline Integration should validate resource constraints properly",
          "status": "passed",
          "title": "should validate resource constraints properly",
          "duration": 127.9178520000005,
          "failureMessages": [],
          "meta": {}
        }
      ],
      "startTime": 1754863445082,
      "endTime": 1754863445211.918,
      "status": "failed",
      "message": "",
      "name": "/home/mhugo/code/claude-code-zen/src/__tests__/integration/complete-auto-swarm-pipeline.test.ts"
    },
    {
      "assertionResults": [],
      "startTime": 1754863440407,
      "endTime": 1754863440407,
      "status": "failed",
      "message": "Failed to resolve import \"../../utils/error-system-integration\" from \"src/__tests__/integration/error-handling-system.test.ts\". Does the file exist?",
      "name": "/home/mhugo/code/claude-code-zen/src/__tests__/integration/error-handling-system.test.ts"
    },
    {
      "assertionResults": [],
      "startTime": 1754863440407,
      "endTime": 1754863440407,
      "status": "failed",
      "message": "Failed to resolve import \"../../coordination/mcp/mcp-server\" from \"src/__tests__/integration/mcp-protocol-compliance.test.ts\". Does the file exist?",
      "name": "/home/mhugo/code/claude-code-zen/src/__tests__/integration/mcp-protocol-compliance.test.ts"
    },
    {
      "assertionResults": [],
      "startTime": 1754863440407,
      "endTime": 1754863440407,
      "status": "failed",
      "message": "Transform failed with 1 error:\n/home/mhugo/code/claude-code-zen/src/__tests__/integration/mcp-server-london-tdd.test.ts:12:54: ERROR: Expected identifier but found \",\"",
      "name": "/home/mhugo/code/claude-code-zen/src/__tests__/integration/mcp-server-london-tdd.test.ts"
    },
    {
      "assertionResults": [],
      "startTime": 1754863440407,
      "endTime": 1754863440407,
      "status": "failed",
      "message": "Failed to resolve import \"coordination/orchestrator\" from \"src/__tests__/integration/orchestrator.test.ts\". Does the file exist?",
      "name": "/home/mhugo/code/claude-code-zen/src/__tests__/integration/orchestrator.test.ts"
    },
    {
      "assertionResults": [],
      "startTime": 1754863440407,
      "endTime": 1754863440407,
      "status": "failed",
      "message": "Failed to resolve import \"../../database/core/database-coordinator\" from \"src/__tests__/integration/product-flow-sparc-integration.test.ts\". Does the file exist?",
      "name": "/home/mhugo/code/claude-code-zen/src/__tests__/integration/product-flow-sparc-integration.test.ts"
    },
    {
      "assertionResults": [],
      "startTime": 1754863440407,
      "endTime": 1754863440407,
      "status": "failed",
      "message": "Do not import `@jest/globals` outside of the Jest test environment",
      "name": "/home/mhugo/code/claude-code-zen/src/__tests__/integration/web-mcp-integration-london-tdd.test.ts"
    },
    {
      "assertionResults": [],
      "startTime": 1754863440407,
      "endTime": 1754863440407,
      "status": "failed",
      "message": "Transform failed with 1 error:\n/home/mhugo/code/claude-code-zen/src/__tests__/integration/websocket-client-london-tdd.test.ts:12:54: ERROR: Expected identifier but found \",\"",
      "name": "/home/mhugo/code/claude-code-zen/src/__tests__/integration/websocket-client-london-tdd.test.ts"
    },
    {
      "assertionResults": [],
      "startTime": 1754863440407,
      "endTime": 1754863440407,
      "status": "failed",
      "message": "Failed to resolve import \"sqlite3\" from \"src/__tests__/helpers/integration-test-setup.ts\". Does the file exist?",
      "name": "/home/mhugo/code/claude-code-zen/src/__tests__/integration/websocket-realtime-coordination.test.ts"
    },
    {
      "assertionResults": [],
      "startTime": 1754863440407,
      "endTime": 1754863440407,
      "status": "failed",
      "message": "Transform failed with 1 error:\n/home/mhugo/code/claude-code-zen/src/__tests__/integration/websocket-swarm-coordination.test.ts:9:54: ERROR: Expected identifier but found \",\"",
      "name": "/home/mhugo/code/claude-code-zen/src/__tests__/integration/websocket-swarm-coordination.test.ts"
    },
    {
      "assertionResults": [],
      "startTime": 1754863440407,
      "endTime": 1754863440407,
      "status": "failed",
      "message": "(0 , getLogger) is not a function",
      "name": "/home/mhugo/code/claude-code-zen/src/__tests__/patterns/adapter-pattern.test.ts"
    },
    {
      "assertionResults": [
        {
          "ancestorTitles": [
            "Command Pattern Implementation",
            "Command Execution Algorithms (Classical TDD)",
            "SwarmInitCommand"
          ],
          "fullName": "Command Pattern Implementation Command Execution Algorithms (Classical TDD) SwarmInitCommand should execute swarm initialization successfully",
          "status": "failed",
          "title": "should execute swarm initialization successfully",
          "duration": 59.69936299999972,
          "failureMessages": [
            "AssertionError: expected \"spy\" to be called with arguments: [ 'mesh', 5, { …(3) } ]\u001b[90m\n\nReceived: \n\n\u001b[1m  1st spy call:\n\n\u001b[22m\u001b[2m  [\u001b[22m\n\u001b[32m-   \"mesh\",\u001b[90m\n\u001b[32m-   5,\u001b[90m\n\u001b[31m+   \"hierarchical\",\u001b[90m\n\u001b[31m+   100,\u001b[90m\n\u001b[2m    {\u001b[22m\n\u001b[32m-     \"capabilities\": [\u001b[90m\n\u001b[32m-       \"data-processing\",\u001b[90m\n\u001b[32m-       \"analysis\",\u001b[90m\n\u001b[32m-     ],\u001b[90m\n\u001b[31m+     \"capabilities\": undefined,\u001b[90m\n\u001b[2m      \"resourceLimits\": undefined,\u001b[22m\n\u001b[32m-     \"timeout\": undefined,\u001b[90m\n\u001b[31m+     \"timeout\": 1000,\u001b[90m\n\u001b[2m    },\u001b[22m\n\u001b[2m  ]\u001b[22m\n\u001b[39m\u001b[90m\n\nNumber of calls: \u001b[1m1\u001b[22m\n\u001b[39m\n    at Proxy.<anonymous> (file:///home/mhugo/code/claude-code-zen/node_modules/@vitest/expect/dist/index.js:1355:10)\n    at Proxy.<anonymous> (file:///home/mhugo/code/claude-code-zen/node_modules/@vitest/expect/dist/index.js:1029:14)\n    at Proxy.methodWrapper (file:///home/mhugo/code/claude-code-zen/node_modules/chai/chai.js:1706:25)\n    at /home/mhugo/code/claude-code-zen/src/__tests__/patterns/command-pattern.test.ts:102:50\n    at runNextTicks (node:internal/process/task_queues:65:5)\n    at listOnTimeout (node:internal/timers:549:9)\n    at processTimers (node:internal/timers:523:7)\n    at file:///home/mhugo/code/claude-code-zen/node_modules/@vitest/runner/dist/chunk-hooks.js:752:20"
          ],
          "meta": {}
        },
        {
          "ancestorTitles": [
            "Command Pattern Implementation",
            "Command Execution Algorithms (Classical TDD)",
            "SwarmInitCommand"
          ],
          "fullName": "Command Pattern Implementation Command Execution Algorithms (Classical TDD) SwarmInitCommand should handle swarm initialization failures gracefully",
          "status": "passed",
          "title": "should handle swarm initialization failures gracefully",
          "duration": 2.3465970000002017,
          "failureMessages": [],
          "meta": {}
        },
        {
          "ancestorTitles": [
            "Command Pattern Implementation",
            "Command Execution Algorithms (Classical TDD)",
            "SwarmInitCommand"
          ],
          "fullName": "Command Pattern Implementation Command Execution Algorithms (Classical TDD) SwarmInitCommand should support undo operation for swarm initialization",
          "status": "passed",
          "title": "should support undo operation for swarm initialization",
          "duration": 3.749830000000202,
          "failureMessages": [],
          "meta": {}
        },
        {
          "ancestorTitles": [
            "Command Pattern Implementation",
            "Command Execution Algorithms (Classical TDD)",
            "SwarmInitCommand"
          ],
          "fullName": "Command Pattern Implementation Command Execution Algorithms (Classical TDD) SwarmInitCommand should calculate resource usage accurately",
          "status": "failed",
          "title": "should calculate resource usage accurately",
          "duration": 3.1786840000004304,
          "failureMessages": [
            "AssertionError: expected 0.000021000000000048757 to be greater than 0.5\n    at /home/mhugo/code/claude-code-zen/src/__tests__/patterns/command-pattern.test.ts:198:44\n    at processTicksAndRejections (node:internal/process/task_queues:105:5)\n    at runNextTicks (node:internal/process/task_queues:69:3)\n    at listOnTimeout (node:internal/timers:549:9)\n    at processTimers (node:internal/timers:523:7)\n    at file:///home/mhugo/code/claude-code-zen/node_modules/@vitest/runner/dist/chunk-hooks.js:752:20"
          ],
          "meta": {}
        },
        {
          "ancestorTitles": [
            "Command Pattern Implementation",
            "Command Execution Algorithms (Classical TDD)",
            "AgentSpawnCommand"
          ],
          "fullName": "Command Pattern Implementation Command Execution Algorithms (Classical TDD) AgentSpawnCommand should spawn agents with correct configuration",
          "status": "failed",
          "title": "should spawn agents with correct configuration",
          "duration": 6.751575999999659,
          "failureMessages": [
            "TypeError: Cannot read properties of undefined (reading 'healthy')\n    at AgentSpawnCommand.validate (/home/mhugo/code/claude-code-zen/src/interfaces/mcp/command-system.ts:315:22)\n    at processTicksAndRejections (node:internal/process/task_queues:105:5)\n    at runNextTicks (node:internal/process/task_queues:69:3)\n    at listOnTimeout (node:internal/timers:549:9)\n    at processTimers (node:internal/timers:523:7)\n    at AgentSpawnCommand.execute (/home/mhugo/code/claude-code-zen/src/interfaces/mcp/command-system.ts:324:24)\n    at /home/mhugo/code/claude-code-zen/src/__tests__/patterns/command-pattern.test.ts:227:24\n    at file:///home/mhugo/code/claude-code-zen/node_modules/@vitest/runner/dist/chunk-hooks.js:752:20"
          ],
          "meta": {}
        },
        {
          "ancestorTitles": [
            "Command Pattern Implementation",
            "Command Execution Algorithms (Classical TDD)",
            "AgentSpawnCommand"
          ],
          "fullName": "Command Pattern Implementation Command Execution Algorithms (Classical TDD) AgentSpawnCommand should handle agent spawn failures with proper error context",
          "status": "failed",
          "title": "should handle agent spawn failures with proper error context",
          "duration": 2.8292089999999916,
          "failureMessages": [
            "TypeError: Cannot read properties of undefined (reading 'healthy')\n    at AgentSpawnCommand.validate (/home/mhugo/code/claude-code-zen/src/interfaces/mcp/command-system.ts:315:22)\n    at processTicksAndRejections (node:internal/process/task_queues:105:5)\n    at runNextTicks (node:internal/process/task_queues:69:3)\n    at listOnTimeout (node:internal/timers:549:9)\n    at processTimers (node:internal/timers:523:7)\n    at AgentSpawnCommand.execute (/home/mhugo/code/claude-code-zen/src/interfaces/mcp/command-system.ts:324:24)\n    at /home/mhugo/code/claude-code-zen/src/__tests__/patterns/command-pattern.test.ts:251:24\n    at file:///home/mhugo/code/claude-code-zen/node_modules/@vitest/runner/dist/chunk-hooks.js:752:20"
          ],
          "meta": {}
        },
        {
          "ancestorTitles": [
            "Command Pattern Implementation",
            "Command Execution Algorithms (Classical TDD)",
            "AgentSpawnCommand"
          ],
          "fullName": "Command Pattern Implementation Command Execution Algorithms (Classical TDD) AgentSpawnCommand should support batch agent spawning",
          "status": "failed",
          "title": "should support batch agent spawning",
          "duration": 2.4279029999997874,
          "failureMessages": [
            "TypeError: Cannot read properties of undefined (reading 'healthy')\n    at AgentSpawnCommand.validate (/home/mhugo/code/claude-code-zen/src/interfaces/mcp/command-system.ts:315:22)\n    at processTicksAndRejections (node:internal/process/task_queues:105:5)\n    at runNextTicks (node:internal/process/task_queues:69:3)\n    at listOnTimeout (node:internal/timers:549:9)\n    at processTimers (node:internal/timers:523:7)\n    at AgentSpawnCommand.execute (/home/mhugo/code/claude-code-zen/src/interfaces/mcp/command-system.ts:324:24)\n    at async Promise.all (index 0)\n    at /home/mhugo/code/claude-code-zen/src/__tests__/patterns/command-pattern.test.ts:295:25\n    at file:///home/mhugo/code/claude-code-zen/node_modules/@vitest/runner/dist/chunk-hooks.js:752:20"
          ],
          "meta": {}
        },
        {
          "ancestorTitles": [
            "Command Pattern Implementation",
            "Command Execution Algorithms (Classical TDD)",
            "TaskOrchestrationCommand"
          ],
          "fullName": "Command Pattern Implementation Command Execution Algorithms (Classical TDD) TaskOrchestrationCommand should orchestrate complex tasks across multiple agents",
          "status": "failed",
          "title": "should orchestrate complex tasks across multiple agents",
          "duration": 3.6495820000000094,
          "failureMessages": [
            "AssertionError: expected false to be true // Object.is equality\n    at /home/mhugo/code/claude-code-zen/src/__tests__/patterns/command-pattern.test.ts:341:33\n    at processTicksAndRejections (node:internal/process/task_queues:105:5)\n    at runNextTicks (node:internal/process/task_queues:69:3)\n    at listOnTimeout (node:internal/timers:549:9)\n    at processTimers (node:internal/timers:523:7)\n    at file:///home/mhugo/code/claude-code-zen/node_modules/@vitest/runner/dist/chunk-hooks.js:752:20"
          ],
          "meta": {}
        },
        {
          "ancestorTitles": [
            "Command Pattern Implementation",
            "Command Execution Algorithms (Classical TDD)",
            "TaskOrchestrationCommand"
          ],
          "fullName": "Command Pattern Implementation Command Execution Algorithms (Classical TDD) TaskOrchestrationCommand should handle task orchestration with dependency resolution",
          "status": "failed",
          "title": "should handle task orchestration with dependency resolution",
          "duration": 2.5563109999998233,
          "failureMessages": [
            "AssertionError: expected false to be true // Object.is equality\n    at /home/mhugo/code/claude-code-zen/src/__tests__/patterns/command-pattern.test.ts:383:33\n    at processTicksAndRejections (node:internal/process/task_queues:105:5)\n    at runNextTicks (node:internal/process/task_queues:69:3)\n    at listOnTimeout (node:internal/timers:549:9)\n    at processTimers (node:internal/timers:523:7)\n    at file:///home/mhugo/code/claude-code-zen/node_modules/@vitest/runner/dist/chunk-hooks.js:752:20"
          ],
          "meta": {}
        },
        {
          "ancestorTitles": [
            "Command Pattern Implementation",
            "Command Execution Algorithms (Classical TDD)",
            "TaskOrchestrationCommand"
          ],
          "fullName": "Command Pattern Implementation Command Execution Algorithms (Classical TDD) TaskOrchestrationCommand should calculate accurate performance metrics for orchestration",
          "status": "failed",
          "title": "should calculate accurate performance metrics for orchestration",
          "duration": 2.713662999999997,
          "failureMessages": [
            "AssertionError: expected false to be true // Object.is equality\n    at /home/mhugo/code/claude-code-zen/src/__tests__/patterns/command-pattern.test.ts:425:33\n    at processTicksAndRejections (node:internal/process/task_queues:105:5)\n    at runNextTicks (node:internal/process/task_queues:69:3)\n    at listOnTimeout (node:internal/timers:549:9)\n    at processTimers (node:internal/timers:523:7)\n    at file:///home/mhugo/code/claude-code-zen/node_modules/@vitest/runner/dist/chunk-hooks.js:752:20"
          ],
          "meta": {}
        },
        {
          "ancestorTitles": [
            "Command Pattern Implementation",
            "Command Execution Algorithms (Classical TDD)",
            "Command Validation and Security"
          ],
          "fullName": "Command Pattern Implementation Command Execution Algorithms (Classical TDD) Command Validation and Security should validate command permissions before execution",
          "status": "failed",
          "title": "should validate command permissions before execution",
          "duration": 3.5275000000001455,
          "failureMessages": [
            "AssertionError: expected undefined to be 'PERMISSION_DENIED' // Object.is equality\n    at /home/mhugo/code/claude-code-zen/src/__tests__/patterns/command-pattern.test.ts:458:37\n    at processTicksAndRejections (node:internal/process/task_queues:105:5)\n    at runNextTicks (node:internal/process/task_queues:69:3)\n    at listOnTimeout (node:internal/timers:549:9)\n    at processTimers (node:internal/timers:523:7)\n    at file:///home/mhugo/code/claude-code-zen/node_modules/@vitest/runner/dist/chunk-hooks.js:752:20"
          ],
          "meta": {}
        },
        {
          "ancestorTitles": [
            "Command Pattern Implementation",
            "Command Execution Algorithms (Classical TDD)",
            "Command Validation and Security"
          ],
          "fullName": "Command Pattern Implementation Command Execution Algorithms (Classical TDD) Command Validation and Security should validate resource constraints before command execution",
          "status": "failed",
          "title": "should validate resource constraints before command execution",
          "duration": 2.8958520000001045,
          "failureMessages": [
            "AssertionError: expected true to be false // Object.is equality\n    at /home/mhugo/code/claude-code-zen/src/__tests__/patterns/command-pattern.test.ts:488:33\n    at processTicksAndRejections (node:internal/process/task_queues:105:5)\n    at runNextTicks (node:internal/process/task_queues:69:3)\n    at listOnTimeout (node:internal/timers:549:9)\n    at processTimers (node:internal/timers:523:7)\n    at file:///home/mhugo/code/claude-code-zen/node_modules/@vitest/runner/dist/chunk-hooks.js:752:20"
          ],
          "meta": {}
        },
        {
          "ancestorTitles": [
            "Command Pattern Implementation",
            "Command Execution Algorithms (Classical TDD)",
            "Command Validation and Security"
          ],
          "fullName": "Command Pattern Implementation Command Execution Algorithms (Classical TDD) Command Validation and Security should sanitize command parameters for security",
          "status": "failed",
          "title": "should sanitize command parameters for security",
          "duration": 3.3565380000000005,
          "failureMessages": [
            "AssertionError: expected false to be true // Object.is equality\n    at /home/mhugo/code/claude-code-zen/src/__tests__/patterns/command-pattern.test.ts:529:33\n    at processTicksAndRejections (node:internal/process/task_queues:105:5)\n    at runNextTicks (node:internal/process/task_queues:69:3)\n    at listOnTimeout (node:internal/timers:549:9)\n    at processTimers (node:internal/timers:523:7)\n    at file:///home/mhugo/code/claude-code-zen/node_modules/@vitest/runner/dist/chunk-hooks.js:752:20"
          ],
          "meta": {}
        },
        {
          "ancestorTitles": [
            "Command Pattern Implementation",
            "Command Execution Algorithms (Classical TDD)",
            "Command Performance and Optimization"
          ],
          "fullName": "Command Pattern Implementation Command Execution Algorithms (Classical TDD) Command Performance and Optimization should optimize command execution based on system resources",
          "status": "failed",
          "title": "should optimize command execution based on system resources",
          "duration": 2.7569909999997435,
          "failureMessages": [
            "AssertionError: expected false to be true // Object.is equality\n    at /home/mhugo/code/claude-code-zen/src/__tests__/patterns/command-pattern.test.ts:580:33\n    at processTicksAndRejections (node:internal/process/task_queues:105:5)\n    at runNextTicks (node:internal/process/task_queues:69:3)\n    at listOnTimeout (node:internal/timers:549:9)\n    at processTimers (node:internal/timers:523:7)\n    at file:///home/mhugo/code/claude-code-zen/node_modules/@vitest/runner/dist/chunk-hooks.js:752:20"
          ],
          "meta": {}
        },
        {
          "ancestorTitles": [
            "Command Pattern Implementation",
            "Command Execution Algorithms (Classical TDD)",
            "Command Performance and Optimization"
          ],
          "fullName": "Command Pattern Implementation Command Execution Algorithms (Classical TDD) Command Performance and Optimization should handle command timeout and cancellation gracefully",
          "status": "failed",
          "title": "should handle command timeout and cancellation gracefully",
          "duration": 2003.3242779999996,
          "failureMessages": [
            "AssertionError: expected true to be false // Object.is equality\n    at /home/mhugo/code/claude-code-zen/src/__tests__/patterns/command-pattern.test.ts:608:33\n    at file:///home/mhugo/code/claude-code-zen/node_modules/@vitest/runner/dist/chunk-hooks.js:752:20"
          ],
          "meta": {}
        },
        {
          "ancestorTitles": [
            "Command Pattern Implementation",
            "Command Queue Management (London TDD)"
          ],
          "fullName": "Command Pattern Implementation Command Queue Management (London TDD) should execute commands in queue order",
          "status": "failed",
          "title": "should execute commands in queue order",
          "duration": 49.16304899999977,
          "failureMessages": [
            "AssertionError: expected { success: true, …(2) } to deeply equal { success: true, …(2) }\n    at /home/mhugo/code/claude-code-zen/src/__tests__/patterns/command-pattern.test.ts:658:22\n    at file:///home/mhugo/code/claude-code-zen/node_modules/@vitest/runner/dist/chunk-hooks.js:752:20"
          ],
          "meta": {}
        },
        {
          "ancestorTitles": [
            "Command Pattern Implementation",
            "Command Queue Management (London TDD)"
          ],
          "fullName": "Command Pattern Implementation Command Queue Management (London TDD) should maintain command history",
          "status": "failed",
          "title": "should maintain command history",
          "duration": 58.796040000000175,
          "failureMessages": [
            "AssertionError: expected [ { command: { …(9) }, …(2) }, …(1) ] to have a length of 1 but got 2\n    at Proxy.<anonymous> (file:///home/mhugo/code/claude-code-zen/node_modules/@vitest/expect/dist/index.js:1257:20)\n    at Proxy.<anonymous> (file:///home/mhugo/code/claude-code-zen/node_modules/@vitest/expect/dist/index.js:1029:14)\n    at Proxy.methodWrapper (file:///home/mhugo/code/claude-code-zen/node_modules/chai/chai.js:1706:25)\n    at /home/mhugo/code/claude-code-zen/src/__tests__/patterns/command-pattern.test.ts:677:23\n    at runNextTicks (node:internal/process/task_queues:65:5)\n    at processImmediate (node:internal/timers:453:9)\n    at file:///home/mhugo/code/claude-code-zen/node_modules/@vitest/runner/dist/chunk-hooks.js:752:20"
          ],
          "meta": {}
        },
        {
          "ancestorTitles": [
            "Command Pattern Implementation",
            "Command Queue Management (London TDD)"
          ],
          "fullName": "Command Pattern Implementation Command Queue Management (London TDD) should handle command execution failures",
          "status": "failed",
          "title": "should handle command execution failures",
          "duration": 63.28611000000001,
          "failureMessages": [
            "AssertionError: expected true to be false // Object.is equality\n    at /home/mhugo/code/claude-code-zen/src/__tests__/patterns/command-pattern.test.ts:687:31\n    at file:///home/mhugo/code/claude-code-zen/node_modules/@vitest/runner/dist/chunk-hooks.js:752:20"
          ],
          "meta": {}
        },
        {
          "ancestorTitles": [
            "Command Pattern Implementation",
            "Command Queue Management (London TDD)"
          ],
          "fullName": "Command Pattern Implementation Command Queue Management (London TDD) should support undo operations",
          "status": "failed",
          "title": "should support undo operations",
          "duration": 129.3727829999998,
          "failureMessages": [
            "AssertionError: expected \"spy\" to be called with arguments: [ 'Command undone:', …(1) ]\u001b[90m\n\nNumber of calls: \u001b[1m0\u001b[22m\n\u001b[39m\n    at Proxy.<anonymous> (file:///home/mhugo/code/claude-code-zen/node_modules/@vitest/expect/dist/index.js:1355:10)\n    at Proxy.<anonymous> (file:///home/mhugo/code/claude-code-zen/node_modules/@vitest/expect/dist/index.js:1029:14)\n    at Proxy.methodWrapper (file:///home/mhugo/code/claude-code-zen/node_modules/chai/chai.js:1706:25)\n    at /home/mhugo/code/claude-code-zen/src/__tests__/patterns/command-pattern.test.ts:718:33\n    at runNextTicks (node:internal/process/task_queues:65:5)\n    at processImmediate (node:internal/timers:453:9)\n    at file:///home/mhugo/code/claude-code-zen/node_modules/@vitest/runner/dist/chunk-hooks.js:752:20"
          ],
          "meta": {}
        },
        {
          "ancestorTitles": [
            "Command Pattern Implementation",
            "Command Queue Management (London TDD)"
          ],
          "fullName": "Command Pattern Implementation Command Queue Management (London TDD) should validate commands before execution",
          "status": "failed",
          "title": "should validate commands before execution",
          "duration": 130.23621700000012,
          "failureMessages": [
            "AssertionError: expected true to be false // Object.is equality\n    at /home/mhugo/code/claude-code-zen/src/__tests__/patterns/command-pattern.test.ts:730:31\n    at runNextTicks (node:internal/process/task_queues:65:5)\n    at processImmediate (node:internal/timers:453:9)\n    at file:///home/mhugo/code/claude-code-zen/node_modules/@vitest/runner/dist/chunk-hooks.js:752:20"
          ],
          "meta": {}
        },
        {
          "ancestorTitles": [
            "Command Pattern Implementation",
            "Command Queue Management (London TDD)"
          ],
          "fullName": "Command Pattern Implementation Command Queue Management (London TDD) should handle concurrent command execution",
          "status": "passed",
          "title": "should handle concurrent command execution",
          "duration": 135.86627399999998,
          "failureMessages": [],
          "meta": {}
        },
        {
          "ancestorTitles": [
            "Command Pattern Implementation",
            "Command Queue Management (London TDD)"
          ],
          "fullName": "Command Pattern Implementation Command Queue Management (London TDD) should provide command queue metrics",
          "status": "failed",
          "title": "should provide command queue metrics",
          "duration": 140.38284999999996,
          "failureMessages": [
            "AssertionError: expected { totalExecuted: 13, …(5) } to deeply equal ObjectContaining{…}\n    at /home/mhugo/code/claude-code-zen/src/__tests__/patterns/command-pattern.test.ts:791:23\n    at runNextTicks (node:internal/process/task_queues:65:5)\n    at processImmediate (node:internal/timers:453:9)\n    at file:///home/mhugo/code/claude-code-zen/node_modules/@vitest/runner/dist/chunk-hooks.js:752:20"
          ],
          "meta": {}
        },
        {
          "ancestorTitles": ["Command Pattern Implementation", "Transaction Support (Hybrid TDD)"],
          "fullName": "Command Pattern Implementation Transaction Support (Hybrid TDD) should execute transaction successfully when all commands succeed",
          "status": "failed",
          "title": "should execute transaction successfully when all commands succeed",
          "duration": 79.39741700000013,
          "failureMessages": [
            "AssertionError: expected false to be true // Object.is equality\n    at /home/mhugo/code/claude-code-zen/src/__tests__/patterns/command-pattern.test.ts:878:48\n    at processTicksAndRejections (node:internal/process/task_queues:105:5)\n    at runNextTicks (node:internal/process/task_queues:69:3)\n    at listOnTimeout (node:internal/timers:549:9)\n    at processTimers (node:internal/timers:523:7)\n    at file:///home/mhugo/code/claude-code-zen/node_modules/@vitest/runner/dist/chunk-hooks.js:752:20"
          ],
          "meta": {}
        },
        {
          "ancestorTitles": ["Command Pattern Implementation", "Transaction Support (Hybrid TDD)"],
          "fullName": "Command Pattern Implementation Transaction Support (Hybrid TDD) should rollback transaction when any command fails",
          "status": "failed",
          "title": "should rollback transaction when any command fails",
          "duration": 76.94501300000002,
          "failureMessages": [
            "AssertionError: expected \"undo\" to be called 1 times, but got 0 times\n    at /home/mhugo/code/claude-code-zen/src/__tests__/patterns/command-pattern.test.ts:934:37\n    at processTicksAndRejections (node:internal/process/task_queues:105:5)\n    at runNextTicks (node:internal/process/task_queues:69:3)\n    at listOnTimeout (node:internal/timers:549:9)\n    at processTimers (node:internal/timers:523:7)\n    at file:///home/mhugo/code/claude-code-zen/node_modules/@vitest/runner/dist/chunk-hooks.js:752:20"
          ],
          "meta": {}
        },
        {
          "ancestorTitles": ["Command Pattern Implementation", "Transaction Support (Hybrid TDD)"],
          "fullName": "Command Pattern Implementation Transaction Support (Hybrid TDD) should handle nested transactions correctly",
          "status": "failed",
          "title": "should handle nested transactions correctly",
          "duration": 68.11818500000027,
          "failureMessages": [
            "AssertionError: expected false to be true // Object.is equality\n    at /home/mhugo/code/claude-code-zen/src/__tests__/patterns/command-pattern.test.ts:993:54\n    at file:///home/mhugo/code/claude-code-zen/node_modules/@vitest/runner/dist/chunk-hooks.js:752:20"
          ],
          "meta": {}
        },
        {
          "ancestorTitles": [
            "Command Pattern Implementation",
            "Command Factory and Utilities (Classical TDD)"
          ],
          "fullName": "Command Pattern Implementation Command Factory and Utilities (Classical TDD) should create commands with correct types",
          "status": "passed",
          "title": "should create commands with correct types",
          "duration": 1.5966090000001714,
          "failureMessages": [],
          "meta": {}
        },
        {
          "ancestorTitles": [
            "Command Pattern Implementation",
            "Command Factory and Utilities (Classical TDD)"
          ],
          "fullName": "Command Pattern Implementation Command Factory and Utilities (Classical TDD) should validate command factory inputs",
          "status": "failed",
          "title": "should validate command factory inputs",
          "duration": 5.689672999999857,
          "failureMessages": [
            "AssertionError: expected [Function] to throw an error\n    at Proxy.<anonymous> (file:///home/mhugo/code/claude-code-zen/node_modules/@vitest/expect/dist/index.js:1420:16)\n    at Proxy.<anonymous> (file:///home/mhugo/code/claude-code-zen/node_modules/@vitest/expect/dist/index.js:1029:14)\n    at Proxy.methodWrapper (file:///home/mhugo/code/claude-code-zen/node_modules/chai/chai.js:1706:25)\n    at /home/mhugo/code/claude-code-zen/src/__tests__/patterns/command-pattern.test.ts:1064:10\n    at file:///home/mhugo/code/claude-code-zen/node_modules/@vitest/runner/dist/chunk-hooks.js:155:11\n    at file:///home/mhugo/code/claude-code-zen/node_modules/@vitest/runner/dist/chunk-hooks.js:752:26\n    at file:///home/mhugo/code/claude-code-zen/node_modules/@vitest/runner/dist/chunk-hooks.js:1897:20\n    at new Promise (<anonymous>)\n    at runWithTimeout (file:///home/mhugo/code/claude-code-zen/node_modules/@vitest/runner/dist/chunk-hooks.js:1863:10)\n    at runTest (file:///home/mhugo/code/claude-code-zen/node_modules/@vitest/runner/dist/chunk-hooks.js:1574:12)"
          ],
          "meta": {}
        },
        {
          "ancestorTitles": [
            "Command Pattern Implementation",
            "Command Factory and Utilities (Classical TDD)"
          ],
          "fullName": "Command Pattern Implementation Command Factory and Utilities (Classical TDD) should calculate command complexity correctly",
          "status": "passed",
          "title": "should calculate command complexity correctly",
          "duration": 1.193011000000297,
          "failureMessages": [],
          "meta": {}
        },
        {
          "ancestorTitles": [
            "Command Pattern Implementation",
            "Command System Integration (Hybrid TDD)"
          ],
          "fullName": "Command Pattern Implementation Command System Integration (Hybrid TDD) should integrate with event system for command lifecycle notifications",
          "status": "passed",
          "title": "should integrate with event system for command lifecycle notifications",
          "duration": 1.8635229999999865,
          "failureMessages": [],
          "meta": {}
        },
        {
          "ancestorTitles": [
            "Command Pattern Implementation",
            "Command System Integration (Hybrid TDD)"
          ],
          "fullName": "Command Pattern Implementation Command System Integration (Hybrid TDD) should integrate with facade pattern for simplified command execution",
          "status": "passed",
          "title": "should integrate with facade pattern for simplified command execution",
          "duration": 0.557311000000027,
          "failureMessages": [],
          "meta": {}
        },
        {
          "ancestorTitles": [
            "Command Pattern Implementation",
            "Command System Integration (Hybrid TDD)"
          ],
          "fullName": "Command Pattern Implementation Command System Integration (Hybrid TDD) should support protocol adaptation through adapter pattern",
          "status": "passed",
          "title": "should support protocol adaptation through adapter pattern",
          "duration": 0.30554799999981697,
          "failureMessages": [],
          "meta": {}
        }
      ],
      "startTime": 1754863442311,
      "endTime": 1754863444437.3242,
      "status": "failed",
      "message": "",
      "name": "/home/mhugo/code/claude-code-zen/src/__tests__/patterns/command-pattern.test.ts"
    },
    {
      "assertionResults": [
        {
          "ancestorTitles": [
            "Composite Pattern Implementation",
            "Task Execution Algorithms (Classical TDD)",
            "Individual Agent Execution"
          ],
          "fullName": "Composite Pattern Implementation Task Execution Algorithms (Classical TDD) Individual Agent Execution should execute compatible tasks successfully",
          "status": "failed",
          "title": "should execute compatible tasks successfully",
          "duration": 23.933455000000322,
          "failureMessages": [
            "TypeError: Cannot read properties of undefined (reading 'every')\n    at Agent.canHandleTask (/home/mhugo/code/claude-code-zen/src/coordination/agents/composite-system.ts:248:55)\n    at Agent.executeTask (/home/mhugo/code/claude-code-zen/src/coordination/agents/composite-system.ts:224:15)\n    at /home/mhugo/code/claude-code-zen/src/__tests__/patterns/composite-pattern.test.ts:85:36\n    at file:///home/mhugo/code/claude-code-zen/node_modules/@vitest/runner/dist/chunk-hooks.js:752:20"
          ],
          "meta": {}
        },
        {
          "ancestorTitles": [
            "Composite Pattern Implementation",
            "Task Execution Algorithms (Classical TDD)",
            "Individual Agent Execution"
          ],
          "fullName": "Composite Pattern Implementation Task Execution Algorithms (Classical TDD) Individual Agent Execution should reject incompatible tasks",
          "status": "failed",
          "title": "should reject incompatible tasks",
          "duration": 23.701794999999947,
          "failureMessages": [
            "TypeError: Cannot read properties of undefined (reading 'every')\n    at Agent.canHandleTask (/home/mhugo/code/claude-code-zen/src/coordination/agents/composite-system.ts:248:55)\n    at /home/mhugo/code/claude-code-zen/src/__tests__/patterns/composite-pattern.test.ts:112:33\n    at file:///home/mhugo/code/claude-code-zen/node_modules/@vitest/runner/dist/chunk-hooks.js:752:20"
          ],
          "meta": {}
        },
        {
          "ancestorTitles": [
            "Composite Pattern Implementation",
            "Task Execution Algorithms (Classical TDD)",
            "Individual Agent Execution"
          ],
          "fullName": "Composite Pattern Implementation Task Execution Algorithms (Classical TDD) Individual Agent Execution should respect resource constraints",
          "status": "failed",
          "title": "should respect resource constraints",
          "duration": 23.69278200000008,
          "failureMessages": [
            "TypeError: Cannot read properties of undefined (reading 'every')\n    at Agent.canHandleTask (/home/mhugo/code/claude-code-zen/src/coordination/agents/composite-system.ts:248:55)\n    at /home/mhugo/code/claude-code-zen/src/__tests__/patterns/composite-pattern.test.ts:139:33\n    at file:///home/mhugo/code/claude-code-zen/node_modules/@vitest/runner/dist/chunk-hooks.js:752:20"
          ],
          "meta": {}
        },
        {
          "ancestorTitles": [
            "Composite Pattern Implementation",
            "Task Execution Algorithms (Classical TDD)",
            "Individual Agent Execution"
          ],
          "fullName": "Composite Pattern Implementation Task Execution Algorithms (Classical TDD) Individual Agent Execution should handle concurrent task execution",
          "status": "failed",
          "title": "should handle concurrent task execution",
          "duration": 24.06268799999998,
          "failureMessages": [
            "TypeError: Cannot read properties of undefined (reading 'every')\n    at Agent.canHandleTask (/home/mhugo/code/claude-code-zen/src/coordination/agents/composite-system.ts:248:55)\n    at Agent.executeTask (/home/mhugo/code/claude-code-zen/src/coordination/agents/composite-system.ts:224:15)\n    at /home/mhugo/code/claude-code-zen/src/__tests__/patterns/composite-pattern.test.ts:164:69\n    at Array.map (<anonymous>)\n    at /home/mhugo/code/claude-code-zen/src/__tests__/patterns/composite-pattern.test.ts:164:49\n    at file:///home/mhugo/code/claude-code-zen/node_modules/@vitest/runner/dist/chunk-hooks.js:752:20"
          ],
          "meta": {}
        },
        {
          "ancestorTitles": [
            "Composite Pattern Implementation",
            "Task Execution Algorithms (Classical TDD)",
            "Individual Agent Execution"
          ],
          "fullName": "Composite Pattern Implementation Task Execution Algorithms (Classical TDD) Individual Agent Execution should track performance metrics accurately",
          "status": "failed",
          "title": "should track performance metrics accurately",
          "duration": 6.636137000000417,
          "failureMessages": [
            "TypeError: Cannot read properties of undefined (reading 'every')\n    at Agent.canHandleTask (/home/mhugo/code/claude-code-zen/src/coordination/agents/composite-system.ts:248:55)\n    at Agent.executeTask (/home/mhugo/code/claude-code-zen/src/coordination/agents/composite-system.ts:224:15)\n    at /home/mhugo/code/claude-code-zen/src/__tests__/patterns/composite-pattern.test.ts:213:23\n    at file:///home/mhugo/code/claude-code-zen/node_modules/@vitest/runner/dist/chunk-hooks.js:752:20"
          ],
          "meta": {}
        },
        {
          "ancestorTitles": [
            "Composite Pattern Implementation",
            "Task Execution Algorithms (Classical TDD)",
            "Agent Group Execution"
          ],
          "fullName": "Composite Pattern Implementation Task Execution Algorithms (Classical TDD) Agent Group Execution should distribute tasks across group members",
          "status": "failed",
          "title": "should distribute tasks across group members",
          "duration": 6.29544900000019,
          "failureMessages": [
            "TypeError: AgentFactory.createAgentGroup is not a function\n    at /home/mhugo/code/claude-code-zen/src/__tests__/patterns/composite-pattern.test.ts:255:35\n    at file:///home/mhugo/code/claude-code-zen/node_modules/@vitest/runner/dist/chunk-hooks.js:155:11\n    at file:///home/mhugo/code/claude-code-zen/node_modules/@vitest/runner/dist/chunk-hooks.js:1897:20\n    at new Promise (<anonymous>)\n    at runWithTimeout (file:///home/mhugo/code/claude-code-zen/node_modules/@vitest/runner/dist/chunk-hooks.js:1863:10)\n    at runHook (file:///home/mhugo/code/claude-code-zen/node_modules/@vitest/runner/dist/chunk-hooks.js:1436:51)\n    at callSuiteHook (file:///home/mhugo/code/claude-code-zen/node_modules/@vitest/runner/dist/chunk-hooks.js:1442:25)\n    at runTest (file:///home/mhugo/code/claude-code-zen/node_modules/@vitest/runner/dist/chunk-hooks.js:1566:26)\n    at async Promise.all (index 0)\n    at runSuite (file:///home/mhugo/code/claude-code-zen/node_modules/@vitest/runner/dist/chunk-hooks.js:1718:7)"
          ],
          "meta": {}
        },
        {
          "ancestorTitles": [
            "Composite Pattern Implementation",
            "Task Execution Algorithms (Classical TDD)",
            "Agent Group Execution"
          ],
          "fullName": "Composite Pattern Implementation Task Execution Algorithms (Classical TDD) Agent Group Execution should handle different load balancing strategies",
          "status": "failed",
          "title": "should handle different load balancing strategies",
          "duration": 6.2312620000002426,
          "failureMessages": [
            "TypeError: AgentFactory.createAgentGroup is not a function\n    at /home/mhugo/code/claude-code-zen/src/__tests__/patterns/composite-pattern.test.ts:255:35\n    at file:///home/mhugo/code/claude-code-zen/node_modules/@vitest/runner/dist/chunk-hooks.js:155:11\n    at file:///home/mhugo/code/claude-code-zen/node_modules/@vitest/runner/dist/chunk-hooks.js:1897:20\n    at new Promise (<anonymous>)\n    at runWithTimeout (file:///home/mhugo/code/claude-code-zen/node_modules/@vitest/runner/dist/chunk-hooks.js:1863:10)\n    at runHook (file:///home/mhugo/code/claude-code-zen/node_modules/@vitest/runner/dist/chunk-hooks.js:1436:51)\n    at callSuiteHook (file:///home/mhugo/code/claude-code-zen/node_modules/@vitest/runner/dist/chunk-hooks.js:1442:25)\n    at runTest (file:///home/mhugo/code/claude-code-zen/node_modules/@vitest/runner/dist/chunk-hooks.js:1566:26)\n    at async Promise.all (index 1)\n    at runSuite (file:///home/mhugo/code/claude-code-zen/node_modules/@vitest/runner/dist/chunk-hooks.js:1718:7)"
          ],
          "meta": {}
        },
        {
          "ancestorTitles": [
            "Composite Pattern Implementation",
            "Task Execution Algorithms (Classical TDD)",
            "Agent Group Execution"
          ],
          "fullName": "Composite Pattern Implementation Task Execution Algorithms (Classical TDD) Agent Group Execution should handle member failures gracefully",
          "status": "failed",
          "title": "should handle member failures gracefully",
          "duration": 5.6449819999998,
          "failureMessages": [
            "TypeError: AgentFactory.createAgentGroup is not a function\n    at /home/mhugo/code/claude-code-zen/src/__tests__/patterns/composite-pattern.test.ts:255:35\n    at file:///home/mhugo/code/claude-code-zen/node_modules/@vitest/runner/dist/chunk-hooks.js:155:11\n    at file:///home/mhugo/code/claude-code-zen/node_modules/@vitest/runner/dist/chunk-hooks.js:1897:20\n    at new Promise (<anonymous>)\n    at runWithTimeout (file:///home/mhugo/code/claude-code-zen/node_modules/@vitest/runner/dist/chunk-hooks.js:1863:10)\n    at runHook (file:///home/mhugo/code/claude-code-zen/node_modules/@vitest/runner/dist/chunk-hooks.js:1436:51)\n    at callSuiteHook (file:///home/mhugo/code/claude-code-zen/node_modules/@vitest/runner/dist/chunk-hooks.js:1442:25)\n    at runTest (file:///home/mhugo/code/claude-code-zen/node_modules/@vitest/runner/dist/chunk-hooks.js:1566:26)\n    at async Promise.all (index 2)\n    at runSuite (file:///home/mhugo/code/claude-code-zen/node_modules/@vitest/runner/dist/chunk-hooks.js:1718:7)"
          ],
          "meta": {}
        },
        {
          "ancestorTitles": [
            "Composite Pattern Implementation",
            "Task Execution Algorithms (Classical TDD)",
            "Agent Group Execution"
          ],
          "fullName": "Composite Pattern Implementation Task Execution Algorithms (Classical TDD) Agent Group Execution should aggregate capabilities from all members",
          "status": "failed",
          "title": "should aggregate capabilities from all members",
          "duration": 5.589754999999968,
          "failureMessages": [
            "TypeError: AgentFactory.createAgentGroup is not a function\n    at /home/mhugo/code/claude-code-zen/src/__tests__/patterns/composite-pattern.test.ts:255:35\n    at file:///home/mhugo/code/claude-code-zen/node_modules/@vitest/runner/dist/chunk-hooks.js:155:11\n    at file:///home/mhugo/code/claude-code-zen/node_modules/@vitest/runner/dist/chunk-hooks.js:1897:20\n    at new Promise (<anonymous>)\n    at runWithTimeout (file:///home/mhugo/code/claude-code-zen/node_modules/@vitest/runner/dist/chunk-hooks.js:1863:10)\n    at runHook (file:///home/mhugo/code/claude-code-zen/node_modules/@vitest/runner/dist/chunk-hooks.js:1436:51)\n    at callSuiteHook (file:///home/mhugo/code/claude-code-zen/node_modules/@vitest/runner/dist/chunk-hooks.js:1442:25)\n    at runTest (file:///home/mhugo/code/claude-code-zen/node_modules/@vitest/runner/dist/chunk-hooks.js:1566:26)\n    at async Promise.all (index 3)\n    at runSuite (file:///home/mhugo/code/claude-code-zen/node_modules/@vitest/runner/dist/chunk-hooks.js:1718:7)"
          ],
          "meta": {}
        },
        {
          "ancestorTitles": [
            "Composite Pattern Implementation",
            "Task Execution Algorithms (Classical TDD)",
            "Agent Group Execution"
          ],
          "fullName": "Composite Pattern Implementation Task Execution Algorithms (Classical TDD) Agent Group Execution should calculate composite resource availability",
          "status": "failed",
          "title": "should calculate composite resource availability",
          "duration": 5.401813000000402,
          "failureMessages": [
            "TypeError: AgentFactory.createAgentGroup is not a function\n    at /home/mhugo/code/claude-code-zen/src/__tests__/patterns/composite-pattern.test.ts:255:35\n    at file:///home/mhugo/code/claude-code-zen/node_modules/@vitest/runner/dist/chunk-hooks.js:155:11\n    at file:///home/mhugo/code/claude-code-zen/node_modules/@vitest/runner/dist/chunk-hooks.js:1897:20\n    at new Promise (<anonymous>)\n    at runWithTimeout (file:///home/mhugo/code/claude-code-zen/node_modules/@vitest/runner/dist/chunk-hooks.js:1863:10)\n    at runHook (file:///home/mhugo/code/claude-code-zen/node_modules/@vitest/runner/dist/chunk-hooks.js:1436:51)\n    at callSuiteHook (file:///home/mhugo/code/claude-code-zen/node_modules/@vitest/runner/dist/chunk-hooks.js:1442:25)\n    at runTest (file:///home/mhugo/code/claude-code-zen/node_modules/@vitest/runner/dist/chunk-hooks.js:1566:26)\n    at async Promise.all (index 4)\n    at runSuite (file:///home/mhugo/code/claude-code-zen/node_modules/@vitest/runner/dist/chunk-hooks.js:1718:7)"
          ],
          "meta": {}
        },
        {
          "ancestorTitles": [
            "Composite Pattern Implementation",
            "Task Execution Algorithms (Classical TDD)",
            "Hierarchical Agent Groups"
          ],
          "fullName": "Composite Pattern Implementation Task Execution Algorithms (Classical TDD) Hierarchical Agent Groups should route tasks through hierarchy levels",
          "status": "failed",
          "title": "should route tasks through hierarchy levels",
          "duration": 4.681257000000187,
          "failureMessages": [
            "TypeError: AgentFactory.createAgentGroup is not a function\n    at /home/mhugo/code/claude-code-zen/src/__tests__/patterns/composite-pattern.test.ts:437:41\n    at file:///home/mhugo/code/claude-code-zen/node_modules/@vitest/runner/dist/chunk-hooks.js:155:11\n    at file:///home/mhugo/code/claude-code-zen/node_modules/@vitest/runner/dist/chunk-hooks.js:1897:20\n    at new Promise (<anonymous>)\n    at runWithTimeout (file:///home/mhugo/code/claude-code-zen/node_modules/@vitest/runner/dist/chunk-hooks.js:1863:10)\n    at runHook (file:///home/mhugo/code/claude-code-zen/node_modules/@vitest/runner/dist/chunk-hooks.js:1436:51)\n    at callSuiteHook (file:///home/mhugo/code/claude-code-zen/node_modules/@vitest/runner/dist/chunk-hooks.js:1442:25)\n    at runTest (file:///home/mhugo/code/claude-code-zen/node_modules/@vitest/runner/dist/chunk-hooks.js:1566:26)\n    at async Promise.all (index 0)\n    at runSuite (file:///home/mhugo/code/claude-code-zen/node_modules/@vitest/runner/dist/chunk-hooks.js:1718:7)"
          ],
          "meta": {}
        },
        {
          "ancestorTitles": [
            "Composite Pattern Implementation",
            "Task Execution Algorithms (Classical TDD)",
            "Hierarchical Agent Groups"
          ],
          "fullName": "Composite Pattern Implementation Task Execution Algorithms (Classical TDD) Hierarchical Agent Groups should calculate hierarchy depth correctly",
          "status": "failed",
          "title": "should calculate hierarchy depth correctly",
          "duration": 4.135237999999845,
          "failureMessages": [
            "TypeError: AgentFactory.createAgentGroup is not a function\n    at /home/mhugo/code/claude-code-zen/src/__tests__/patterns/composite-pattern.test.ts:437:41\n    at file:///home/mhugo/code/claude-code-zen/node_modules/@vitest/runner/dist/chunk-hooks.js:155:11\n    at file:///home/mhugo/code/claude-code-zen/node_modules/@vitest/runner/dist/chunk-hooks.js:1897:20\n    at new Promise (<anonymous>)\n    at runWithTimeout (file:///home/mhugo/code/claude-code-zen/node_modules/@vitest/runner/dist/chunk-hooks.js:1863:10)\n    at runHook (file:///home/mhugo/code/claude-code-zen/node_modules/@vitest/runner/dist/chunk-hooks.js:1436:51)\n    at callSuiteHook (file:///home/mhugo/code/claude-code-zen/node_modules/@vitest/runner/dist/chunk-hooks.js:1442:25)\n    at runTest (file:///home/mhugo/code/claude-code-zen/node_modules/@vitest/runner/dist/chunk-hooks.js:1566:26)\n    at async Promise.all (index 1)\n    at runSuite (file:///home/mhugo/code/claude-code-zen/node_modules/@vitest/runner/dist/chunk-hooks.js:1718:7)"
          ],
          "meta": {}
        },
        {
          "ancestorTitles": [
            "Composite Pattern Implementation",
            "Task Execution Algorithms (Classical TDD)",
            "Hierarchical Agent Groups"
          ],
          "fullName": "Composite Pattern Implementation Task Execution Algorithms (Classical TDD) Hierarchical Agent Groups should handle cascading failures correctly",
          "status": "failed",
          "title": "should handle cascading failures correctly",
          "duration": 19.11268100000052,
          "failureMessages": [
[...]
          ],
          "meta": {}
        },
        {
          "ancestorTitles": [
            "Enhanced Hook System - London TDD",
            "🛡️ Acceptance Tests - Safety Validation",
            "User Story: Validate Dangerous Commands"
          ],
          "fullName": "Enhanced Hook System - London TDD 🛡️ Acceptance Tests - Safety Validation User Story: Validate Dangerous Commands should provide safer alternatives for risky commands",
          "status": "failed",
          "title": "should provide safer alternatives for risky commands",
          "duration": 22.97791099999995,
          "failureMessages": [
            "TypeError: DefaultEnhancedHookManager is not a constructor\n    at /home/mhugo/code/claude-code-zen/src/__tests__/unit/london/coordination/hooks/hook-system.test.ts:32:19\n    at file:///home/mhugo/code/claude-code-zen/node_modules/@vitest/runner/dist/chunk-hooks.js:155:11\n    at file:///home/mhugo/code/claude-code-zen/node_modules/@vitest/runner/dist/chunk-hooks.js:1897:20\n    at new Promise (<anonymous>)\n    at runWithTimeout (file:///home/mhugo/code/claude-code-zen/node_modules/@vitest/runner/dist/chunk-hooks.js:1863:10)\n    at runHook (file:///home/mhugo/code/claude-code-zen/node_modules/@vitest/runner/dist/chunk-hooks.js:1436:51)\n    at callSuiteHook (file:///home/mhugo/code/claude-code-zen/node_modules/@vitest/runner/dist/chunk-hooks.js:1442:25)\n    at callSuiteHook (file:///home/mhugo/code/claude-code-zen/node_modules/@vitest/runner/dist/chunk-hooks.js:1429:21)\n    at callSuiteHook (file:///home/mhugo/code/claude-code-zen/node_modules/@vitest/runner/dist/chunk-hooks.js:1429:21)\n    at runTest (file:///home/mhugo/code/claude-code-zen/node_modules/@vitest/runner/dist/chunk-hooks.js:1566:26)"
          ],
          "meta": {}
        },
        {
          "ancestorTitles": [
            "Enhanced Hook System - London TDD",
            "🛡️ Acceptance Tests - Safety Validation",
            "User Story: Validate File Operations"
          ],
          "fullName": "Enhanced Hook System - London TDD 🛡️ Acceptance Tests - Safety Validation User Story: Validate File Operations should validate file access permissions",
          "status": "failed",
          "title": "should validate file access permissions",
          "duration": 22.95326700000078,
          "failureMessages": [
            "TypeError: DefaultEnhancedHookManager is not a constructor\n    at /home/mhugo/code/claude-code-zen/src/__tests__/unit/london/coordination/hooks/hook-system.test.ts:32:19\n    at file:///home/mhugo/code/claude-code-zen/node_modules/@vitest/runner/dist/chunk-hooks.js:155:11\n    at file:///home/mhugo/code/claude-code-zen/node_modules/@vitest/runner/dist/chunk-hooks.js:1897:20\n    at new Promise (<anonymous>)\n    at runWithTimeout (file:///home/mhugo/code/claude-code-zen/node_modules/@vitest/runner/dist/chunk-hooks.js:1863:10)\n    at runHook (file:///home/mhugo/code/claude-code-zen/node_modules/@vitest/runner/dist/chunk-hooks.js:1436:51)\n    at callSuiteHook (file:///home/mhugo/code/claude-code-zen/node_modules/@vitest/runner/dist/chunk-hooks.js:1442:25)\n    at callSuiteHook (file:///home/mhugo/code/claude-code-zen/node_modules/@vitest/runner/dist/chunk-hooks.js:1429:21)\n    at callSuiteHook (file:///home/mhugo/code/claude-code-zen/node_modules/@vitest/runner/dist/chunk-hooks.js:1429:21)\n    at runTest (file:///home/mhugo/code/claude-code-zen/node_modules/@vitest/runner/dist/chunk-hooks.js:1566:26)"
          ],
          "meta": {}
        },
        {
          "ancestorTitles": [
            "Enhanced Hook System - London TDD",
            "🤖 Acceptance Tests - Auto-Agent Assignment",
            "User Story: Assign Optimal Agents"
          ],
          "fullName": "Enhanced Hook System - London TDD 🤖 Acceptance Tests - Auto-Agent Assignment User Story: Assign Optimal Agents should assign agents based on file type",
          "status": "failed",
          "title": "should assign agents based on file type",
          "duration": 18.444924999999785,
          "failureMessages": [
            "TypeError: DefaultEnhancedHookManager is not a constructor\n    at /home/mhugo/code/claude-code-zen/src/__tests__/unit/london/coordination/hooks/hook-system.test.ts:32:19\n    at file:///home/mhugo/code/claude-code-zen/node_modules/@vitest/runner/dist/chunk-hooks.js:155:11\n    at file:///home/mhugo/code/claude-code-zen/node_modules/@vitest/runner/dist/chunk-hooks.js:1897:20\n    at new Promise (<anonymous>)\n    at runWithTimeout (file:///home/mhugo/code/claude-code-zen/node_modules/@vitest/runner/dist/chunk-hooks.js:1863:10)\n    at runHook (file:///home/mhugo/code/claude-code-zen/node_modules/@vitest/runner/dist/chunk-hooks.js:1436:51)\n    at callSuiteHook (file:///home/mhugo/code/claude-code-zen/node_modules/@vitest/runner/dist/chunk-hooks.js:1442:25)\n    at callSuiteHook (file:///home/mhugo/code/claude-code-zen/node_modules/@vitest/runner/dist/chunk-hooks.js:1429:21)\n    at callSuiteHook (file:///home/mhugo/code/claude-code-zen/node_modules/@vitest/runner/dist/chunk-hooks.js:1429:21)\n    at runTest (file:///home/mhugo/code/claude-code-zen/node_modules/@vitest/runner/dist/chunk-hooks.js:1566:26)"
          ],
          "meta": {}
        },
        {
          "ancestorTitles": [
            "Enhanced Hook System - London TDD",
            "🤖 Acceptance Tests - Auto-Agent Assignment",
            "User Story: Assign Optimal Agents"
          ],
          "fullName": "Enhanced Hook System - London TDD 🤖 Acceptance Tests - Auto-Agent Assignment User Story: Assign Optimal Agents should handle agent assignment failure gracefully",
          "status": "failed",
          "title": "should handle agent assignment failure gracefully",
          "duration": 15.318617000000813,
          "failureMessages": [
            "TypeError: DefaultEnhancedHookManager is not a constructor\n    at /home/mhugo/code/claude-code-zen/src/__tests__/unit/london/coordination/hooks/hook-system.test.ts:32:19\n    at file:///home/mhugo/code/claude-code-zen/node_modules/@vitest/runner/dist/chunk-hooks.js:155:11\n    at file:///home/mhugo/code/claude-code-zen/node_modules/@vitest/runner/dist/chunk-hooks.js:1897:20\n    at new Promise (<anonymous>)\n    at runWithTimeout (file:///home/mhugo/code/claude-code-zen/node_modules/@vitest/runner/dist/chunk-hooks.js:1863:10)\n    at runHook (file:///home/mhugo/code/claude-code-zen/node_modules/@vitest/runner/dist/chunk-hooks.js:1436:51)\n    at callSuiteHook (file:///home/mhugo/code/claude-code-zen/node_modules/@vitest/runner/dist/chunk-hooks.js:1442:25)\n    at callSuiteHook (file:///home/mhugo/code/claude-code-zen/node_modules/@vitest/runner/dist/chunk-hooks.js:1429:21)\n    at callSuiteHook (file:///home/mhugo/code/claude-code-zen/node_modules/@vitest/runner/dist/chunk-hooks.js:1429:21)\n    at runTest (file:///home/mhugo/code/claude-code-zen/node_modules/@vitest/runner/dist/chunk-hooks.js:1566:26)"
          ],
          "meta": {}
        },
        {
          "ancestorTitles": [
            "Enhanced Hook System - London TDD",
            "📊 Acceptance Tests - Performance Tracking",
            "User Story: Track Operation Performance"
          ],
          "fullName": "Enhanced Hook System - London TDD 📊 Acceptance Tests - Performance Tracking User Story: Track Operation Performance should track successful operations",
          "status": "failed",
          "title": "should track successful operations",
          "duration": 15.048461000000316,
          "failureMessages": [
            "TypeError: DefaultEnhancedHookManager is not a constructor\n    at /home/mhugo/code/claude-code-zen/src/__tests__/unit/london/coordination/hooks/hook-system.test.ts:32:19\n    at file:///home/mhugo/code/claude-code-zen/node_modules/@vitest/runner/dist/chunk-hooks.js:155:11\n    at file:///home/mhugo/code/claude-code-zen/node_modules/@vitest/runner/dist/chunk-hooks.js:1897:20\n    at new Promise (<anonymous>)\n    at runWithTimeout (file:///home/mhugo/code/claude-code-zen/node_modules/@vitest/runner/dist/chunk-hooks.js:1863:10)\n    at runHook (file:///home/mhugo/code/claude-code-zen/node_modules/@vitest/runner/dist/chunk-hooks.js:1436:51)\n    at callSuiteHook (file:///home/mhugo/code/claude-code-zen/node_modules/@vitest/runner/dist/chunk-hooks.js:1442:25)\n    at callSuiteHook (file:///home/mhugo/code/claude-code-zen/node_modules/@vitest/runner/dist/chunk-hooks.js:1429:21)\n    at callSuiteHook (file:///home/mhugo/code/claude-code-zen/node_modules/@vitest/runner/dist/chunk-hooks.js:1429:21)\n    at runTest (file:///home/mhugo/code/claude-code-zen/node_modules/@vitest/runner/dist/chunk-hooks.js:1566:26)"
          ],
          "meta": {}
        },
        {
          "ancestorTitles": [
            "Enhanced Hook System - London TDD",
            "📊 Acceptance Tests - Performance Tracking",
            "User Story: Track Operation Performance"
          ],
          "fullName": "Enhanced Hook System - London TDD 📊 Acceptance Tests - Performance Tracking User Story: Track Operation Performance should generate performance metrics",
          "status": "failed",
          "title": "should generate performance metrics",
          "duration": 14.958209999998871,
          "failureMessages": [
            "TypeError: DefaultEnhancedHookManager is not a constructor\n    at /home/mhugo/code/claude-code-zen/src/__tests__/unit/london/coordination/hooks/hook-system.test.ts:32:19\n    at file:///home/mhugo/code/claude-code-zen/node_modules/@vitest/runner/dist/chunk-hooks.js:155:11\n    at file:///home/mhugo/code/claude-code-zen/node_modules/@vitest/runner/dist/chunk-hooks.js:1897:20\n    at new Promise (<anonymous>)\n    at runWithTimeout (file:///home/mhugo/code/claude-code-zen/node_modules/@vitest/runner/dist/chunk-hooks.js:1863:10)\n    at runHook (file:///home/mhugo/code/claude-code-zen/node_modules/@vitest/runner/dist/chunk-hooks.js:1436:51)\n    at callSuiteHook (file:///home/mhugo/code/claude-code-zen/node_modules/@vitest/runner/dist/chunk-hooks.js:1442:25)\n    at callSuiteHook (file:///home/mhugo/code/claude-code-zen/node_modules/@vitest/runner/dist/chunk-hooks.js:1429:21)\n    at callSuiteHook (file:///home/mhugo/code/claude-code-zen/node_modules/@vitest/runner/dist/chunk-hooks.js:1429:21)\n    at runTest (file:///home/mhugo/code/claude-code-zen/node_modules/@vitest/runner/dist/chunk-hooks.js:1566:26)"
          ],
          "meta": {}
        },
        {
          "ancestorTitles": [
            "Enhanced Hook System - London TDD",
            "🔄 Acceptance Tests - Context Loading",
            "User Story: Load Operation Context"
          ],
          "fullName": "Enhanced Hook System - London TDD 🔄 Acceptance Tests - Context Loading User Story: Load Operation Context should load context for operations",
          "status": "failed",
          "title": "should load context for operations",
          "duration": 14.90281800000048,
          "failureMessages": [
            "TypeError: DefaultEnhancedHookManager is not a constructor\n    at /home/mhugo/code/claude-code-zen/src/__tests__/unit/london/coordination/hooks/hook-system.test.ts:32:19\n    at file:///home/mhugo/code/claude-code-zen/node_modules/@vitest/runner/dist/chunk-hooks.js:155:11\n    at file:///home/mhugo/code/claude-code-zen/node_modules/@vitest/runner/dist/chunk-hooks.js:1897:20\n    at new Promise (<anonymous>)\n    at runWithTimeout (file:///home/mhugo/code/claude-code-zen/node_modules/@vitest/runner/dist/chunk-hooks.js:1863:10)\n    at runHook (file:///home/mhugo/code/claude-code-zen/node_modules/@vitest/runner/dist/chunk-hooks.js:1436:51)\n    at callSuiteHook (file:///home/mhugo/code/claude-code-zen/node_modules/@vitest/runner/dist/chunk-hooks.js:1442:25)\n    at callSuiteHook (file:///home/mhugo/code/claude-code-zen/node_modules/@vitest/runner/dist/chunk-hooks.js:1429:21)\n    at callSuiteHook (file:///home/mhugo/code/claude-code-zen/node_modules/@vitest/runner/dist/chunk-hooks.js:1429:21)\n    at runTest (file:///home/mhugo/code/claude-code-zen/node_modules/@vitest/runner/dist/chunk-hooks.js:1566:26)"
          ],
          "meta": {}
        },
        {
          "ancestorTitles": [
            "Enhanced Hook System - London TDD",
            "🔄 Acceptance Tests - Context Loading",
            "User Story: Load Operation Context"
          ],
          "fullName": "Enhanced Hook System - London TDD 🔄 Acceptance Tests - Context Loading User Story: Load Operation Context should handle context loading failure gracefully",
          "status": "failed",
          "title": "should handle context loading failure gracefully",
          "duration": 14.8223109999999,
          "failureMessages": [
            "TypeError: DefaultEnhancedHookManager is not a constructor\n    at /home/mhugo/code/claude-code-zen/src/__tests__/unit/london/coordination/hooks/hook-system.test.ts:32:19\n    at file:///home/mhugo/code/claude-code-zen/node_modules/@vitest/runner/dist/chunk-hooks.js:155:11\n    at file:///home/mhugo/code/claude-code-zen/node_modules/@vitest/runner/dist/chunk-hooks.js:1897:20\n    at new Promise (<anonymous>)\n    at runWithTimeout (file:///home/mhugo/code/claude-code-zen/node_modules/@vitest/runner/dist/chunk-hooks.js:1863:10)\n    at runHook (file:///home/mhugo/code/claude-code-zen/node_modules/@vitest/runner/dist/chunk-hooks.js:1436:51)\n    at callSuiteHook (file:///home/mhugo/code/claude-code-zen/node_modules/@vitest/runner/dist/chunk-hooks.js:1442:25)\n    at callSuiteHook (file:///home/mhugo/code/claude-code-zen/node_modules/@vitest/runner/dist/chunk-hooks.js:1429:21)\n    at callSuiteHook (file:///home/mhugo/code/claude-code-zen/node_modules/@vitest/runner/dist/chunk-hooks.js:1429:21)\n    at runTest (file:///home/mhugo/code/claude-code-zen/node_modules/@vitest/runner/dist/chunk-hooks.js:1566:26)"
          ],
          "meta": {}
        },
        {
          "ancestorTitles": [
            "Enhanced Hook System - London TDD",
            "🎨 Acceptance Tests - Auto-Formatting",
            "User Story: Format Code Files"
          ],
          "fullName": "Enhanced Hook System - London TDD 🎨 Acceptance Tests - Auto-Formatting User Story: Format Code Files should suggest formatting for TypeScript files",
          "status": "failed",
          "title": "should suggest formatting for TypeScript files",
          "duration": 14.739118999999846,
          "failureMessages": [
            "TypeError: DefaultEnhancedHookManager is not a constructor\n    at /home/mhugo/code/claude-code-zen/src/__tests__/unit/london/coordination/hooks/hook-system.test.ts:32:19\n    at file:///home/mhugo/code/claude-code-zen/node_modules/@vitest/runner/dist/chunk-hooks.js:155:11\n    at file:///home/mhugo/code/claude-code-zen/node_modules/@vitest/runner/dist/chunk-hooks.js:1897:20\n    at new Promise (<anonymous>)\n    at runWithTimeout (file:///home/mhugo/code/claude-code-zen/node_modules/@vitest/runner/dist/chunk-hooks.js:1863:10)\n    at runHook (file:///home/mhugo/code/claude-code-zen/node_modules/@vitest/runner/dist/chunk-hooks.js:1436:51)\n    at callSuiteHook (file:///home/mhugo/code/claude-code-zen/node_modules/@vitest/runner/dist/chunk-hooks.js:1442:25)\n    at callSuiteHook (file:///home/mhugo/code/claude-code-zen/node_modules/@vitest/runner/dist/chunk-hooks.js:1429:21)\n    at callSuiteHook (file:///home/mhugo/code/claude-code-zen/node_modules/@vitest/runner/dist/chunk-hooks.js:1429:21)\n    at runTest (file:///home/mhugo/code/claude-code-zen/node_modules/@vitest/runner/dist/chunk-hooks.js:1566:26)"
          ],
          "meta": {}
        },
        {
          "ancestorTitles": [
            "Enhanced Hook System - London TDD",
            "🎨 Acceptance Tests - Auto-Formatting",
            "User Story: Format Code Files"
          ],
          "fullName": "Enhanced Hook System - London TDD 🎨 Acceptance Tests - Auto-Formatting User Story: Format Code Files should suggest appropriate formatter for different file types",
          "status": "failed",
          "title": "should suggest appropriate formatter for different file types",
          "duration": 14.671699000000444,
          "failureMessages": [
            "TypeError: DefaultEnhancedHookManager is not a constructor\n    at /home/mhugo/code/claude-code-zen/src/__tests__/unit/london/coordination/hooks/hook-system.test.ts:32:19\n    at file:///home/mhugo/code/claude-code-zen/node_modules/@vitest/runner/dist/chunk-hooks.js:155:11\n    at file:///home/mhugo/code/claude-code-zen/node_modules/@vitest/runner/dist/chunk-hooks.js:1897:20\n    at new Promise (<anonymous>)\n    at runWithTimeout (file:///home/mhugo/code/claude-code-zen/node_modules/@vitest/runner/dist/chunk-hooks.js:1863:10)\n    at runHook (file:///home/mhugo/code/claude-code-zen/node_modules/@vitest/runner/dist/chunk-hooks.js:1436:51)\n    at callSuiteHook (file:///home/mhugo/code/claude-code-zen/node_modules/@vitest/runner/dist/chunk-hooks.js:1442:25)\n    at callSuiteHook (file:///home/mhugo/code/claude-code-zen/node_modules/@vitest/runner/dist/chunk-hooks.js:1429:21)\n    at callSuiteHook (file:///home/mhugo/code/claude-code-zen/node_modules/@vitest/runner/dist/chunk-hooks.js:1429:21)\n    at runTest (file:///home/mhugo/code/claude-code-zen/node_modules/@vitest/runner/dist/chunk-hooks.js:1566:26)"
          ],
          "meta": {}
        },
        {
          "ancestorTitles": [
            "Enhanced Hook System - London TDD",
            "🧪 London School Patterns - Hook Workflow"
          ],
          "fullName": "Enhanced Hook System - London TDD 🧪 London School Patterns - Hook Workflow should demonstrate complete enhanced hook lifecycle",
          "status": "failed",
          "title": "should demonstrate complete enhanced hook lifecycle",
          "duration": 22.88097800000105,
          "failureMessages": [
            "TypeError: DefaultEnhancedHookManager is not a constructor\n    at /home/mhugo/code/claude-code-zen/src/__tests__/unit/london/coordination/hooks/hook-system.test.ts:32:19\n    at file:///home/mhugo/code/claude-code-zen/node_modules/@vitest/runner/dist/chunk-hooks.js:155:11\n    at file:///home/mhugo/code/claude-code-zen/node_modules/@vitest/runner/dist/chunk-hooks.js:1897:20\n    at new Promise (<anonymous>)\n    at runWithTimeout (file:///home/mhugo/code/claude-code-zen/node_modules/@vitest/runner/dist/chunk-hooks.js:1863:10)\n    at runHook (file:///home/mhugo/code/claude-code-zen/node_modules/@vitest/runner/dist/chunk-hooks.js:1436:51)\n    at callSuiteHook (file:///home/mhugo/code/claude-code-zen/node_modules/@vitest/runner/dist/chunk-hooks.js:1442:25)\n    at callSuiteHook (file:///home/mhugo/code/claude-code-zen/node_modules/@vitest/runner/dist/chunk-hooks.js:1429:21)\n    at runTest (file:///home/mhugo/code/claude-code-zen/node_modules/@vitest/runner/dist/chunk-hooks.js:1566:26)\n    at async Promise.all (index 0)"
          ],
          "meta": {}
        }
      ],
      "startTime": 1754863451475,
      "endTime": 1754863451518.0483,
      "status": "failed",
      "message": "",
      "name": "/home/mhugo/code/claude-code-zen/src/__tests__/unit/london/coordination/hooks/hook-system.test.ts"
    }
  ]
}
