{"numTotalTestSuites":17,"numPassedTestSuites":2,"numFailedTestSuites":15,"numPendingTestSuites":0,"numTotalTests":29,"numPassedTests":11,"numFailedTests":18,"numPendingTests":0,"numTodoTests":0,"snapshot":{"added":0,"failure":false,"filesAdded":0,"filesRemoved":0,"filesRemovedList":[],"filesUnmatched":0,"filesUpdated":0,"matched":0,"total":0,"unchecked":0,"uncheckedKeysByFile":[],"unmatched":0,"updated":0,"didUpdate":false},"startTime":1756574654993,"success":false,"testResults":[{"assertionResults":[{"ancestorTitles":["Foundation Type Utilities - 100% Coverage","Branding Functions"],"fullName":"Foundation Type Utilities - 100% Coverage Branding Functions should brand and unbrand values","status":"failed","title":"should brand and unbrand values","duration":6.010762999999997,"failureMessages":["TypeError: (0 , brand) is not a function\n    at /home/runner/work/zenflow/zenflow/packages/core/foundation/tests/unit/type-utilities.test.ts:32:23\n    at file:///home/runner/work/zenflow/zenflow/node_modules/.pnpm/@vitest+runner@3.2.4/node_modules/@vitest/runner/dist/chunk-hooks.js:155:11\n    at file:///home/runner/work/zenflow/zenflow/node_modules/.pnpm/@vitest+runner@3.2.4/node_modules/@vitest/runner/dist/chunk-hooks.js:752:26\n    at file:///home/runner/work/zenflow/zenflow/node_modules/.pnpm/@vitest+runner@3.2.4/node_modules/@vitest/runner/dist/chunk-hooks.js:1897:20\n    at new Promise (<anonymous>)\n    at runWithTimeout (file:///home/runner/work/zenflow/zenflow/node_modules/.pnpm/@vitest+runner@3.2.4/node_modules/@vitest/runner/dist/chunk-hooks.js:1863:10)\n    at runTest (file:///home/runner/work/zenflow/zenflow/node_modules/.pnpm/@vitest+runner@3.2.4/node_modules/@vitest/runner/dist/chunk-hooks.js:1574:12)\n    at processTicksAndRejections (node:internal/process/task_queues:105:5)\n    at async Promise.all (index 0)\n    at runSuite (file:///home/runner/work/zenflow/zenflow/node_modules/.pnpm/@vitest+runner@3.2.4/node_modules/@vitest/runner/dist/chunk-hooks.js:1718:7)"],"meta":{}},{"ancestorTitles":["Foundation Type Utilities - 100% Coverage","Branding Functions"],"fullName":"Foundation Type Utilities - 100% Coverage Branding Functions should handle different types for branding","status":"failed","title":"should handle different types for branding","duration":5.767327000000023,"failureMessages":["TypeError: (0 , brand) is not a function\n    at /home/runner/work/zenflow/zenflow/packages/core/foundation/tests/unit/type-utilities.test.ts:41:27\n    at file:///home/runner/work/zenflow/zenflow/node_modules/.pnpm/@vitest+runner@3.2.4/node_modules/@vitest/runner/dist/chunk-hooks.js:155:11\n    at file:///home/runner/work/zenflow/zenflow/node_modules/.pnpm/@vitest+runner@3.2.4/node_modules/@vitest/runner/dist/chunk-hooks.js:752:26\n    at file:///home/runner/work/zenflow/zenflow/node_modules/.pnpm/@vitest+runner@3.2.4/node_modules/@vitest/runner/dist/chunk-hooks.js:1897:20\n    at new Promise (<anonymous>)\n    at runWithTimeout (file:///home/runner/work/zenflow/zenflow/node_modules/.pnpm/@vitest+runner@3.2.4/node_modules/@vitest/runner/dist/chunk-hooks.js:1863:10)\n    at runTest (file:///home/runner/work/zenflow/zenflow/node_modules/.pnpm/@vitest+runner@3.2.4/node_modules/@vitest/runner/dist/chunk-hooks.js:1574:12)\n    at processTicksAndRejections (node:internal/process/task_queues:105:5)\n    at async Promise.all (index 1)\n    at runSuite (file:///home/runner/work/zenflow/zenflow/node_modules/.pnpm/@vitest+runner@3.2.4/node_modules/@vitest/runner/dist/chunk-hooks.js:1718:7)"],"meta":{}},{"ancestorTitles":["Foundation Type Utilities - 100% Coverage","Timestamp Functions"],"fullName":"Foundation Type Utilities - 100% Coverage Timestamp Functions should create current timestamp","status":"failed","title":"should create current timestamp","duration":0.9350220000000036,"failureMessages":["TypeError: (0 , unbrand) is not a function\n    at /home/runner/work/zenflow/zenflow/packages/core/foundation/tests/unit/type-utilities.test.ts:56:21\n    at file:///home/runner/work/zenflow/zenflow/node_modules/.pnpm/@vitest+runner@3.2.4/node_modules/@vitest/runner/dist/chunk-hooks.js:155:11\n    at file:///home/runner/work/zenflow/zenflow/node_modules/.pnpm/@vitest+runner@3.2.4/node_modules/@vitest/runner/dist/chunk-hooks.js:752:26\n    at file:///home/runner/work/zenflow/zenflow/node_modules/.pnpm/@vitest+runner@3.2.4/node_modules/@vitest/runner/dist/chunk-hooks.js:1897:20\n    at new Promise (<anonymous>)\n    at runWithTimeout (file:///home/runner/work/zenflow/zenflow/node_modules/.pnpm/@vitest+runner@3.2.4/node_modules/@vitest/runner/dist/chunk-hooks.js:1863:10)\n    at runTest (file:///home/runner/work/zenflow/zenflow/node_modules/.pnpm/@vitest+runner@3.2.4/node_modules/@vitest/runner/dist/chunk-hooks.js:1574:12)\n    at processTicksAndRejections (node:internal/process/task_queues:105:5)\n    at async Promise.all (index 0)\n    at runSuite (file:///home/runner/work/zenflow/zenflow/node_modules/.pnpm/@vitest+runner@3.2.4/node_modules/@vitest/runner/dist/chunk-hooks.js:1718:7)"],"meta":{}},{"ancestorTitles":["Foundation Type Utilities - 100% Coverage","Timestamp Functions"],"fullName":"Foundation Type Utilities - 100% Coverage Timestamp Functions should create timestamp from date","status":"failed","title":"should create timestamp from date","duration":0.8873629999999935,"failureMessages":["TypeError: (0 , unbrand) is not a function\n    at /home/runner/work/zenflow/zenflow/packages/core/foundation/tests/unit/type-utilities.test.ts:64:14\n    at file:///home/runner/work/zenflow/zenflow/node_modules/.pnpm/@vitest+runner@3.2.4/node_modules/@vitest/runner/dist/chunk-hooks.js:155:11\n    at file:///home/runner/work/zenflow/zenflow/node_modules/.pnpm/@vitest+runner@3.2.4/node_modules/@vitest/runner/dist/chunk-hooks.js:752:26\n    at file:///home/runner/work/zenflow/zenflow/node_modules/.pnpm/@vitest+runner@3.2.4/node_modules/@vitest/runner/dist/chunk-hooks.js:1897:20\n    at new Promise (<anonymous>)\n    at runWithTimeout (file:///home/runner/work/zenflow/zenflow/node_modules/.pnpm/@vitest+runner@3.2.4/node_modules/@vitest/runner/dist/chunk-hooks.js:1863:10)\n    at runTest (file:///home/runner/work/zenflow/zenflow/node_modules/.pnpm/@vitest+runner@3.2.4/node_modules/@vitest/runner/dist/chunk-hooks.js:1574:12)\n    at processTicksAndRejections (node:internal/process/task_queues:105:5)\n    at async Promise.all (index 1)\n    at runSuite (file:///home/runner/work/zenflow/zenflow/node_modules/.pnpm/@vitest+runner@3.2.4/node_modules/@vitest/runner/dist/chunk-hooks.js:1718:7)"],"meta":{}},{"ancestorTitles":["Foundation Type Utilities - 100% Coverage","Timestamp Functions"],"fullName":"Foundation Type Utilities - 100% Coverage Timestamp Functions should convert timestamp to date","status":"passed","title":"should convert timestamp to date","duration":1.2342530000000238,"failureMessages":[],"meta":{}},{"ancestorTitles":["Foundation Type Utilities - 100% Coverage","Timestamp Functions"],"fullName":"Foundation Type Utilities - 100% Coverage Timestamp Functions should create ISO string from timestamp","status":"failed","title":"should create ISO string from timestamp","duration":1.171856000000048,"failureMessages":["TypeError: (0 , unbrand) is not a function\n    at /home/runner/work/zenflow/zenflow/packages/core/foundation/tests/unit/type-utilities.test.ts:81:14\n    at file:///home/runner/work/zenflow/zenflow/node_modules/.pnpm/@vitest+runner@3.2.4/node_modules/@vitest/runner/dist/chunk-hooks.js:155:11\n    at file:///home/runner/work/zenflow/zenflow/node_modules/.pnpm/@vitest+runner@3.2.4/node_modules/@vitest/runner/dist/chunk-hooks.js:752:26\n    at file:///home/runner/work/zenflow/zenflow/node_modules/.pnpm/@vitest+runner@3.2.4/node_modules/@vitest/runner/dist/chunk-hooks.js:1897:20\n    at new Promise (<anonymous>)\n    at runWithTimeout (file:///home/runner/work/zenflow/zenflow/node_modules/.pnpm/@vitest+runner@3.2.4/node_modules/@vitest/runner/dist/chunk-hooks.js:1863:10)\n    at runTest (file:///home/runner/work/zenflow/zenflow/node_modules/.pnpm/@vitest+runner@3.2.4/node_modules/@vitest/runner/dist/chunk-hooks.js:1574:12)\n    at processTicksAndRejections (node:internal/process/task_queues:105:5)\n    at async Promise.all (index 3)\n    at runSuite (file:///home/runner/work/zenflow/zenflow/node_modules/.pnpm/@vitest+runner@3.2.4/node_modules/@vitest/runner/dist/chunk-hooks.js:1718:7)"],"meta":{}},{"ancestorTitles":["Foundation Type Utilities - 100% Coverage","Type Guards","isTimestamp"],"fullName":"Foundation Type Utilities - 100% Coverage Type Guards isTimestamp should validate correct timestamps","status":"passed","title":"should validate correct timestamps","duration":0.36364100000002963,"failureMessages":[],"meta":{}},{"ancestorTitles":["Foundation Type Utilities - 100% Coverage","Type Guards","isTimestamp"],"fullName":"Foundation Type Utilities - 100% Coverage Type Guards isTimestamp should reject invalid timestamps","status":"failed","title":"should reject invalid timestamps","duration":4.193718999999987,"failureMessages":["AssertionError: expected true to be false // Object.is equality\n    at /home/runner/work/zenflow/zenflow/packages/core/foundation/tests/unit/type-utilities.test.ts:110:35\n    at file:///home/runner/work/zenflow/zenflow/node_modules/.pnpm/@vitest+runner@3.2.4/node_modules/@vitest/runner/dist/chunk-hooks.js:155:11\n    at file:///home/runner/work/zenflow/zenflow/node_modules/.pnpm/@vitest+runner@3.2.4/node_modules/@vitest/runner/dist/chunk-hooks.js:752:26\n    at file:///home/runner/work/zenflow/zenflow/node_modules/.pnpm/@vitest+runner@3.2.4/node_modules/@vitest/runner/dist/chunk-hooks.js:1897:20\n    at new Promise (<anonymous>)\n    at runWithTimeout (file:///home/runner/work/zenflow/zenflow/node_modules/.pnpm/@vitest+runner@3.2.4/node_modules/@vitest/runner/dist/chunk-hooks.js:1863:10)\n    at runTest (file:///home/runner/work/zenflow/zenflow/node_modules/.pnpm/@vitest+runner@3.2.4/node_modules/@vitest/runner/dist/chunk-hooks.js:1574:12)\n    at processTicksAndRejections (node:internal/process/task_queues:105:5)\n    at async Promise.all (index 1)\n    at runSuite (file:///home/runner/work/zenflow/zenflow/node_modules/.pnpm/@vitest+runner@3.2.4/node_modules/@vitest/runner/dist/chunk-hooks.js:1718:7)"],"meta":{}},{"ancestorTitles":["Foundation Type Utilities - 100% Coverage","Type Guards","isISODateString"],"fullName":"Foundation Type Utilities - 100% Coverage Type Guards isISODateString should validate correct ISO date strings","status":"passed","title":"should validate correct ISO date strings","duration":4.155197000000044,"failureMessages":[],"meta":{}},{"ancestorTitles":["Foundation Type Utilities - 100% Coverage","Type Guards","isISODateString"],"fullName":"Foundation Type Utilities - 100% Coverage Type Guards isISODateString should reject invalid ISO date strings","status":"failed","title":"should reject invalid ISO date strings","duration":2.7263410000000476,"failureMessages":["AssertionError: expected true to be false // Object.is equality\n    at /home/runner/work/zenflow/zenflow/packages/core/foundation/tests/unit/type-utilities.test.ts:143:41\n    at file:///home/runner/work/zenflow/zenflow/node_modules/.pnpm/@vitest+runner@3.2.4/node_modules/@vitest/runner/dist/chunk-hooks.js:155:11\n    at file:///home/runner/work/zenflow/zenflow/node_modules/.pnpm/@vitest+runner@3.2.4/node_modules/@vitest/runner/dist/chunk-hooks.js:752:26\n    at file:///home/runner/work/zenflow/zenflow/node_modules/.pnpm/@vitest+runner@3.2.4/node_modules/@vitest/runner/dist/chunk-hooks.js:1897:20\n    at new Promise (<anonymous>)\n    at runWithTimeout (file:///home/runner/work/zenflow/zenflow/node_modules/.pnpm/@vitest+runner@3.2.4/node_modules/@vitest/runner/dist/chunk-hooks.js:1863:10)\n    at runTest (file:///home/runner/work/zenflow/zenflow/node_modules/.pnpm/@vitest+runner@3.2.4/node_modules/@vitest/runner/dist/chunk-hooks.js:1574:12)\n    at processTicksAndRejections (node:internal/process/task_queues:105:5)\n    at async Promise.all (index 1)\n    at runSuite (file:///home/runner/work/zenflow/zenflow/node_modules/.pnpm/@vitest+runner@3.2.4/node_modules/@vitest/runner/dist/chunk-hooks.js:1718:7)"],"meta":{}},{"ancestorTitles":["Foundation Type Utilities - 100% Coverage","Type Guards","isEmail"],"fullName":"Foundation Type Utilities - 100% Coverage Type Guards isEmail should validate correct email addresses","status":"passed","title":"should validate correct email addresses","duration":2.6976769999999988,"failureMessages":[],"meta":{}},{"ancestorTitles":["Foundation Type Utilities - 100% Coverage","Type Guards","isEmail"],"fullName":"Foundation Type Utilities - 100% Coverage Type Guards isEmail should reject invalid email addresses","status":"failed","title":"should reject invalid email addresses","duration":0.8510949999999866,"failureMessages":["AssertionError: expected true to be false // Object.is equality\n    at /home/runner/work/zenflow/zenflow/packages/core/foundation/tests/unit/type-utilities.test.ts:176:34\n    at file:///home/runner/work/zenflow/zenflow/node_modules/.pnpm/@vitest+runner@3.2.4/node_modules/@vitest/runner/dist/chunk-hooks.js:155:11\n    at file:///home/runner/work/zenflow/zenflow/node_modules/.pnpm/@vitest+runner@3.2.4/node_modules/@vitest/runner/dist/chunk-hooks.js:752:26\n    at file:///home/runner/work/zenflow/zenflow/node_modules/.pnpm/@vitest+runner@3.2.4/node_modules/@vitest/runner/dist/chunk-hooks.js:1897:20\n    at new Promise (<anonymous>)\n    at runWithTimeout (file:///home/runner/work/zenflow/zenflow/node_modules/.pnpm/@vitest+runner@3.2.4/node_modules/@vitest/runner/dist/chunk-hooks.js:1863:10)\n    at runTest (file:///home/runner/work/zenflow/zenflow/node_modules/.pnpm/@vitest+runner@3.2.4/node_modules/@vitest/runner/dist/chunk-hooks.js:1574:12)\n    at processTicksAndRejections (node:internal/process/task_queues:105:5)\n    at async Promise.all (index 1)\n    at runSuite (file:///home/runner/work/zenflow/zenflow/node_modules/.pnpm/@vitest+runner@3.2.4/node_modules/@vitest/runner/dist/chunk-hooks.js:1718:7)"],"meta":{}},{"ancestorTitles":["Foundation Type Utilities - 100% Coverage","Type Guards","isNonEmptyArray"],"fullName":"Foundation Type Utilities - 100% Coverage Type Guards isNonEmptyArray should validate non-empty arrays","status":"passed","title":"should validate non-empty arrays","duration":0.7912629999999581,"failureMessages":[],"meta":{}},{"ancestorTitles":["Foundation Type Utilities - 100% Coverage","Type Guards","isNonEmptyArray"],"fullName":"Foundation Type Utilities - 100% Coverage Type Guards isNonEmptyArray should reject empty arrays","status":"passed","title":"should reject empty arrays","duration":0.7316710000000057,"failureMessages":[],"meta":{}},{"ancestorTitles":["Foundation Type Utilities - 100% Coverage","Type Guards","isPrimitive"],"fullName":"Foundation Type Utilities - 100% Coverage Type Guards isPrimitive should validate primitive values","status":"failed","title":"should validate primitive values","duration":0.6311329999999771,"failureMessages":["AssertionError: expected false to be true // Object.is equality\n    at /home/runner/work/zenflow/zenflow/packages/core/foundation/tests/unit/type-utilities.test.ts:219:42\n    at file:///home/runner/work/zenflow/zenflow/node_modules/.pnpm/@vitest+runner@3.2.4/node_modules/@vitest/runner/dist/chunk-hooks.js:155:11\n    at file:///home/runner/work/zenflow/zenflow/node_modules/.pnpm/@vitest+runner@3.2.4/node_modules/@vitest/runner/dist/chunk-hooks.js:752:26\n    at file:///home/runner/work/zenflow/zenflow/node_modules/.pnpm/@vitest+runner@3.2.4/node_modules/@vitest/runner/dist/chunk-hooks.js:1897:20\n    at new Promise (<anonymous>)\n    at runWithTimeout (file:///home/runner/work/zenflow/zenflow/node_modules/.pnpm/@vitest+runner@3.2.4/node_modules/@vitest/runner/dist/chunk-hooks.js:1863:10)\n    at runTest (file:///home/runner/work/zenflow/zenflow/node_modules/.pnpm/@vitest+runner@3.2.4/node_modules/@vitest/runner/dist/chunk-hooks.js:1574:12)\n    at processTicksAndRejections (node:internal/process/task_queues:105:5)\n    at async Promise.all (index 0)\n    at runSuite (file:///home/runner/work/zenflow/zenflow/node_modules/.pnpm/@vitest+runner@3.2.4/node_modules/@vitest/runner/dist/chunk-hooks.js:1718:7)"],"meta":{}},{"ancestorTitles":["Foundation Type Utilities - 100% Coverage","Type Guards","isPrimitive"],"fullName":"Foundation Type Utilities - 100% Coverage Type Guards isPrimitive should reject non-primitive values","status":"passed","title":"should reject non-primitive values","duration":1.0384559999999965,"failureMessages":[],"meta":{}},{"ancestorTitles":["Foundation Type Utilities - 100% Coverage","Enums","Priority"],"fullName":"Foundation Type Utilities - 100% Coverage Enums Priority should have all priority levels","status":"failed","title":"should have all priority levels","duration":1.0093909999999369,"failureMessages":["AssertionError: expected undefined to be 'urgent' // Object.is equality\n    at /home/runner/work/zenflow/zenflow/packages/core/foundation/tests/unit/type-utilities.test.ts:240:33\n    at file:///home/runner/work/zenflow/zenflow/node_modules/.pnpm/@vitest+runner@3.2.4/node_modules/@vitest/runner/dist/chunk-hooks.js:155:11\n    at file:///home/runner/work/zenflow/zenflow/node_modules/.pnpm/@vitest+runner@3.2.4/node_modules/@vitest/runner/dist/chunk-hooks.js:752:26\n    at file:///home/runner/work/zenflow/zenflow/node_modules/.pnpm/@vitest+runner@3.2.4/node_modules/@vitest/runner/dist/chunk-hooks.js:1897:20\n    at new Promise (<anonymous>)\n    at runWithTimeout (file:///home/runner/work/zenflow/zenflow/node_modules/.pnpm/@vitest+runner@3.2.4/node_modules/@vitest/runner/dist/chunk-hooks.js:1863:10)\n    at runTest (file:///home/runner/work/zenflow/zenflow/node_modules/.pnpm/@vitest+runner@3.2.4/node_modules/@vitest/runner/dist/chunk-hooks.js:1574:12)\n    at processTicksAndRejections (node:internal/process/task_queues:105:5)\n    at async Promise.all (index 0)\n    at runSuite (file:///home/runner/work/zenflow/zenflow/node_modules/.pnpm/@vitest+runner@3.2.4/node_modules/@vitest/runner/dist/chunk-hooks.js:1718:7)"],"meta":{}},{"ancestorTitles":["Foundation Type Utilities - 100% Coverage","Enums","Priority"],"fullName":"Foundation Type Utilities - 100% Coverage Enums Priority should have consistent enum values","status":"failed","title":"should have consistent enum values","duration":2.9370740000000524,"failureMessages":["AssertionError: expected [ 'low', 'medium', 'high', 'critical' ] to include 'urgent'\n    at Proxy.<anonymous> (file:///home/runner/work/zenflow/zenflow/node_modules/.pnpm/@vitest+expect@3.2.4/node_modules/@vitest/expect/dist/index.js:1191:15)\n    at Proxy.<anonymous> (file:///home/runner/work/zenflow/zenflow/node_modules/.pnpm/@vitest+expect@3.2.4/node_modules/@vitest/expect/dist/index.js:1029:14)\n    at Proxy.methodWrapper (file:///home/runner/work/zenflow/zenflow/node_modules/.pnpm/chai@5.3.3/node_modules/chai/index.js:1686:25)\n    at /home/runner/work/zenflow/zenflow/packages/core/foundation/tests/unit/type-utilities.test.ts:247:26\n    at file:///home/runner/work/zenflow/zenflow/node_modules/.pnpm/@vitest+runner@3.2.4/node_modules/@vitest/runner/dist/chunk-hooks.js:155:11\n    at file:///home/runner/work/zenflow/zenflow/node_modules/.pnpm/@vitest+runner@3.2.4/node_modules/@vitest/runner/dist/chunk-hooks.js:752:26\n    at file:///home/runner/work/zenflow/zenflow/node_modules/.pnpm/@vitest+runner@3.2.4/node_modules/@vitest/runner/dist/chunk-hooks.js:1897:20\n    at new Promise (<anonymous>)\n    at runWithTimeout (file:///home/runner/work/zenflow/zenflow/node_modules/.pnpm/@vitest+runner@3.2.4/node_modules/@vitest/runner/dist/chunk-hooks.js:1863:10)\n    at runTest (file:///home/runner/work/zenflow/zenflow/node_modules/.pnpm/@vitest+runner@3.2.4/node_modules/@vitest/runner/dist/chunk-hooks.js:1574:12)"],"meta":{}},{"ancestorTitles":["Foundation Type Utilities - 100% Coverage","Enums","Status"],"fullName":"Foundation Type Utilities - 100% Coverage Enums Status should have all status types","status":"failed","title":"should have all status types","duration":2.911645999999905,"failureMessages":["AssertionError: expected undefined to be 'cancelled' // Object.is equality\n    at /home/runner/work/zenflow/zenflow/packages/core/foundation/tests/unit/type-utilities.test.ts:259:34\n    at file:///home/runner/work/zenflow/zenflow/node_modules/.pnpm/@vitest+runner@3.2.4/node_modules/@vitest/runner/dist/chunk-hooks.js:155:11\n    at file:///home/runner/work/zenflow/zenflow/node_modules/.pnpm/@vitest+runner@3.2.4/node_modules/@vitest/runner/dist/chunk-hooks.js:752:26\n    at file:///home/runner/work/zenflow/zenflow/node_modules/.pnpm/@vitest+runner@3.2.4/node_modules/@vitest/runner/dist/chunk-hooks.js:1897:20\n    at new Promise (<anonymous>)\n    at runWithTimeout (file:///home/runner/work/zenflow/zenflow/node_modules/.pnpm/@vitest+runner@3.2.4/node_modules/@vitest/runner/dist/chunk-hooks.js:1863:10)\n    at runTest (file:///home/runner/work/zenflow/zenflow/node_modules/.pnpm/@vitest+runner@3.2.4/node_modules/@vitest/runner/dist/chunk-hooks.js:1574:12)\n    at processTicksAndRejections (node:internal/process/task_queues:105:5)\n    at async Promise.all (index 0)\n    at runSuite (file:///home/runner/work/zenflow/zenflow/node_modules/.pnpm/@vitest+runner@3.2.4/node_modules/@vitest/runner/dist/chunk-hooks.js:1718:7)"],"meta":{}},{"ancestorTitles":["Foundation Type Utilities - 100% Coverage","Enums","Status"],"fullName":"Foundation Type Utilities - 100% Coverage Enums Status should have consistent enum values","status":"failed","title":"should have consistent enum values","duration":1.3418649999999843,"failureMessages":["AssertionError: expected [ 'pending', 'in_progress', …(2) ] to have a length of 7 but got 4\n    at Proxy.<anonymous> (file:///home/runner/work/zenflow/zenflow/node_modules/.pnpm/@vitest+expect@3.2.4/node_modules/@vitest/expect/dist/index.js:1257:20)\n    at Proxy.<anonymous> (file:///home/runner/work/zenflow/zenflow/node_modules/.pnpm/@vitest+expect@3.2.4/node_modules/@vitest/expect/dist/index.js:1029:14)\n    at Proxy.methodWrapper (file:///home/runner/work/zenflow/zenflow/node_modules/.pnpm/chai@5.3.3/node_modules/chai/index.js:1686:25)\n    at /home/runner/work/zenflow/zenflow/packages/core/foundation/tests/unit/type-utilities.test.ts:266:24\n    at file:///home/runner/work/zenflow/zenflow/node_modules/.pnpm/@vitest+runner@3.2.4/node_modules/@vitest/runner/dist/chunk-hooks.js:155:11\n    at file:///home/runner/work/zenflow/zenflow/node_modules/.pnpm/@vitest+runner@3.2.4/node_modules/@vitest/runner/dist/chunk-hooks.js:752:26\n    at file:///home/runner/work/zenflow/zenflow/node_modules/.pnpm/@vitest+runner@3.2.4/node_modules/@vitest/runner/dist/chunk-hooks.js:1897:20\n    at new Promise (<anonymous>)\n    at runWithTimeout (file:///home/runner/work/zenflow/zenflow/node_modules/.pnpm/@vitest+runner@3.2.4/node_modules/@vitest/runner/dist/chunk-hooks.js:1863:10)\n    at runTest (file:///home/runner/work/zenflow/zenflow/node_modules/.pnpm/@vitest+runner@3.2.4/node_modules/@vitest/runner/dist/chunk-hooks.js:1574:12)"],"meta":{}},{"ancestorTitles":["Foundation Type Utilities - 100% Coverage","Enums","LogLevel"],"fullName":"Foundation Type Utilities - 100% Coverage Enums LogLevel should have all log levels","status":"failed","title":"should have all log levels","duration":1.317568999999935,"failureMessages":["AssertionError: expected undefined to be 'emergency' // Object.is equality\n    at /home/runner/work/zenflow/zenflow/packages/core/foundation/tests/unit/type-utilities.test.ts:275:36\n    at file:///home/runner/work/zenflow/zenflow/node_modules/.pnpm/@vitest+runner@3.2.4/node_modules/@vitest/runner/dist/chunk-hooks.js:155:11\n    at file:///home/runner/work/zenflow/zenflow/node_modules/.pnpm/@vitest+runner@3.2.4/node_modules/@vitest/runner/dist/chunk-hooks.js:752:26\n    at file:///home/runner/work/zenflow/zenflow/node_modules/.pnpm/@vitest+runner@3.2.4/node_modules/@vitest/runner/dist/chunk-hooks.js:1897:20\n    at new Promise (<anonymous>)\n    at runWithTimeout (file:///home/runner/work/zenflow/zenflow/node_modules/.pnpm/@vitest+runner@3.2.4/node_modules/@vitest/runner/dist/chunk-hooks.js:1863:10)\n    at runTest (file:///home/runner/work/zenflow/zenflow/node_modules/.pnpm/@vitest+runner@3.2.4/node_modules/@vitest/runner/dist/chunk-hooks.js:1574:12)\n    at processTicksAndRejections (node:internal/process/task_queues:105:5)\n    at async Promise.all (index 0)\n    at runSuite (file:///home/runner/work/zenflow/zenflow/node_modules/.pnpm/@vitest+runner@3.2.4/node_modules/@vitest/runner/dist/chunk-hooks.js:1718:7)"],"meta":{}},{"ancestorTitles":["Foundation Type Utilities - 100% Coverage","Enums","LogLevel"],"fullName":"Foundation Type Utilities - 100% Coverage Enums LogLevel should have consistent enum values","status":"failed","title":"should have consistent enum values","duration":0.9260549999999057,"failureMessages":["AssertionError: expected [ 'error', 'warn', 'info', 'debug' ] to have a length of 8 but got 4\n    at Proxy.<anonymous> (file:///home/runner/work/zenflow/zenflow/node_modules/.pnpm/@vitest+expect@3.2.4/node_modules/@vitest/expect/dist/index.js:1257:20)\n    at Proxy.<anonymous> (file:///home/runner/work/zenflow/zenflow/node_modules/.pnpm/@vitest+expect@3.2.4/node_modules/@vitest/expect/dist/index.js:1029:14)\n    at Proxy.methodWrapper (file:///home/runner/work/zenflow/zenflow/node_modules/.pnpm/chai@5.3.3/node_modules/chai/index.js:1686:25)\n    at /home/runner/work/zenflow/zenflow/packages/core/foundation/tests/unit/type-utilities.test.ts:287:24\n    at file:///home/runner/work/zenflow/zenflow/node_modules/.pnpm/@vitest+runner@3.2.4/node_modules/@vitest/runner/dist/chunk-hooks.js:155:11\n    at file:///home/runner/work/zenflow/zenflow/node_modules/.pnpm/@vitest+runner@3.2.4/node_modules/@vitest/runner/dist/chunk-hooks.js:752:26\n    at file:///home/runner/work/zenflow/zenflow/node_modules/.pnpm/@vitest+runner@3.2.4/node_modules/@vitest/runner/dist/chunk-hooks.js:1897:20\n    at new Promise (<anonymous>)\n    at runWithTimeout (file:///home/runner/work/zenflow/zenflow/node_modules/.pnpm/@vitest+runner@3.2.4/node_modules/@vitest/runner/dist/chunk-hooks.js:1863:10)\n    at runTest (file:///home/runner/work/zenflow/zenflow/node_modules/.pnpm/@vitest+runner@3.2.4/node_modules/@vitest/runner/dist/chunk-hooks.js:1574:12)"],"meta":{}},{"ancestorTitles":["Foundation Type Utilities - 100% Coverage","Enums","Environment"],"fullName":"Foundation Type Utilities - 100% Coverage Enums Environment should have all environment types","status":"failed","title":"should have all environment types","duration":0.899475999999936,"failureMessages":["AssertionError: expected undefined to be 'testing' // Object.is equality\n    at /home/runner/work/zenflow/zenflow/packages/core/foundation/tests/unit/type-utilities.test.ts:296:37\n    at file:///home/runner/work/zenflow/zenflow/node_modules/.pnpm/@vitest+runner@3.2.4/node_modules/@vitest/runner/dist/chunk-hooks.js:155:11\n    at file:///home/runner/work/zenflow/zenflow/node_modules/.pnpm/@vitest+runner@3.2.4/node_modules/@vitest/runner/dist/chunk-hooks.js:752:26\n    at file:///home/runner/work/zenflow/zenflow/node_modules/.pnpm/@vitest+runner@3.2.4/node_modules/@vitest/runner/dist/chunk-hooks.js:1897:20\n    at new Promise (<anonymous>)\n    at runWithTimeout (file:///home/runner/work/zenflow/zenflow/node_modules/.pnpm/@vitest+runner@3.2.4/node_modules/@vitest/runner/dist/chunk-hooks.js:1863:10)\n    at runTest (file:///home/runner/work/zenflow/zenflow/node_modules/.pnpm/@vitest+runner@3.2.4/node_modules/@vitest/runner/dist/chunk-hooks.js:1574:12)\n    at processTicksAndRejections (node:internal/process/task_queues:105:5)\n    at async Promise.all (index 0)\n    at runSuite (file:///home/runner/work/zenflow/zenflow/node_modules/.pnpm/@vitest+runner@3.2.4/node_modules/@vitest/runner/dist/chunk-hooks.js:1718:7)"],"meta":{}},{"ancestorTitles":["Foundation Type Utilities - 100% Coverage","Enums","Environment"],"fullName":"Foundation Type Utilities - 100% Coverage Enums Environment should have consistent enum values","status":"failed","title":"should have consistent enum values","duration":0.5323270000000093,"failureMessages":["AssertionError: expected [ 'development', 'production', 'test' ] to have a length of 5 but got 3\n    at Proxy.<anonymous> (file:///home/runner/work/zenflow/zenflow/node_modules/.pnpm/@vitest+expect@3.2.4/node_modules/@vitest/expect/dist/index.js:1257:20)\n    at Proxy.<anonymous> (file:///home/runner/work/zenflow/zenflow/node_modules/.pnpm/@vitest+expect@3.2.4/node_modules/@vitest/expect/dist/index.js:1029:14)\n    at Proxy.methodWrapper (file:///home/runner/work/zenflow/zenflow/node_modules/.pnpm/chai@5.3.3/node_modules/chai/index.js:1686:25)\n    at /home/runner/work/zenflow/zenflow/packages/core/foundation/tests/unit/type-utilities.test.ts:304:24\n    at file:///home/runner/work/zenflow/zenflow/node_modules/.pnpm/@vitest+runner@3.2.4/node_modules/@vitest/runner/dist/chunk-hooks.js:155:11\n    at file:///home/runner/work/zenflow/zenflow/node_modules/.pnpm/@vitest+runner@3.2.4/node_modules/@vitest/runner/dist/chunk-hooks.js:752:26\n    at file:///home/runner/work/zenflow/zenflow/node_modules/.pnpm/@vitest+runner@3.2.4/node_modules/@vitest/runner/dist/chunk-hooks.js:1897:20\n    at new Promise (<anonymous>)\n    at runWithTimeout (file:///home/runner/work/zenflow/zenflow/node_modules/.pnpm/@vitest+runner@3.2.4/node_modules/@vitest/runner/dist/chunk-hooks.js:1863:10)\n    at runTest (file:///home/runner/work/zenflow/zenflow/node_modules/.pnpm/@vitest+runner@3.2.4/node_modules/@vitest/runner/dist/chunk-hooks.js:1574:12)"],"meta":{}},{"ancestorTitles":["Foundation Type Utilities - 100% Coverage","Performance"],"fullName":"Foundation Type Utilities - 100% Coverage Performance should handle many type guard operations efficiently","status":"passed","title":"should handle many type guard operations efficiently","duration":68.48645699999997,"failureMessages":[],"meta":{}},{"ancestorTitles":["Foundation Type Utilities - 100% Coverage","Performance"],"fullName":"Foundation Type Utilities - 100% Coverage Performance should handle branding/unbranding efficiently","status":"failed","title":"should handle branding/unbranding efficiently","duration":68.449367,"failureMessages":["TypeError: (0 , brand) is not a function\n    at /home/runner/work/zenflow/zenflow/packages/core/foundation/tests/unit/type-utilities.test.ts:340:43\n    at Array.map (<anonymous>)\n    at /home/runner/work/zenflow/zenflow/packages/core/foundation/tests/unit/type-utilities.test.ts:340:30\n    at file:///home/runner/work/zenflow/zenflow/node_modules/.pnpm/@vitest+runner@3.2.4/node_modules/@vitest/runner/dist/chunk-hooks.js:155:11\n    at file:///home/runner/work/zenflow/zenflow/node_modules/.pnpm/@vitest+runner@3.2.4/node_modules/@vitest/runner/dist/chunk-hooks.js:752:26\n    at file:///home/runner/work/zenflow/zenflow/node_modules/.pnpm/@vitest+runner@3.2.4/node_modules/@vitest/runner/dist/chunk-hooks.js:1897:20\n    at new Promise (<anonymous>)\n    at runWithTimeout (file:///home/runner/work/zenflow/zenflow/node_modules/.pnpm/@vitest+runner@3.2.4/node_modules/@vitest/runner/dist/chunk-hooks.js:1863:10)\n    at runTest (file:///home/runner/work/zenflow/zenflow/node_modules/.pnpm/@vitest+runner@3.2.4/node_modules/@vitest/runner/dist/chunk-hooks.js:1574:12)\n    at processTicksAndRejections (node:internal/process/task_queues:105:5)"],"meta":{}},{"ancestorTitles":["Foundation Type Utilities - 100% Coverage","Edge Cases"],"fullName":"Foundation Type Utilities - 100% Coverage Edge Cases should handle edge case timestamps","status":"passed","title":"should handle edge case timestamps","duration":0.4825539999999364,"failureMessages":[],"meta":{}},{"ancestorTitles":["Foundation Type Utilities - 100% Coverage","Edge Cases"],"fullName":"Foundation Type Utilities - 100% Coverage Edge Cases should handle edge case emails","status":"passed","title":"should handle edge case emails","duration":0.3993990000000167,"failureMessages":[],"meta":{}},{"ancestorTitles":["Foundation Type Utilities - 100% Coverage","Edge Cases"],"fullName":"Foundation Type Utilities - 100% Coverage Edge Cases should handle special characters in UUIDs","status":"passed","title":"should handle special characters in UUIDs","duration":0.38088300000003983,"failureMessages":[],"meta":{}}],"startTime":1756574655501,"endTime":1756574655594.5322,"status":"failed","message":"","name":"/home/runner/work/zenflow/zenflow/packages/core/foundation/tests/unit/type-utilities.test.ts"}]}