{"numTotalTestSuites":7,"numPassedTestSuites":5,"numFailedTestSuites":2,"numPendingTestSuites":0,"numTotalTests":16,"numPassedTests":0,"numFailedTests":0,"numPendingTests":16,"numTodoTests":0,"snapshot":{"added":0,"failure":false,"filesAdded":0,"filesRemoved":0,"filesRemovedList":[],"filesUnmatched":0,"filesUpdated":0,"matched":0,"total":0,"unchecked":0,"uncheckedKeysByFile":[],"unmatched":0,"updated":0,"didUpdate":false},"startTime":1755244450296,"success":false,"testResults":[{"assertionResults":[{"ancestorTitles":["Shared FACT System Integration","Universal FACT Access"],"fullName":"Shared FACT System Integration Universal FACT Access should provide same FACT instance to all hierarchy levels","status":"skipped","title":"should provide same FACT instance to all hierarchy levels","failureMessages":[],"meta":{}},{"ancestorTitles":["Shared FACT System Integration","Universal FACT Access"],"fullName":"Shared FACT System Integration Universal FACT Access should validate universal access across all levels","status":"skipped","title":"should validate universal access across all levels","failureMessages":[],"meta":{}},{"ancestorTitles":["Shared FACT System Integration","Universal FACT Access"],"fullName":"Shared FACT System Integration Universal FACT Access should allow all hierarchy levels to search facts","status":"skipped","title":"should allow all hierarchy levels to search facts","failureMessages":[],"meta":{}},{"ancestorTitles":["Shared FACT System Integration","Universal FACT Access"],"fullName":"Shared FACT System Integration Universal FACT Access should allow all hierarchy levels to store facts","status":"skipped","title":"should allow all hierarchy levels to store facts","failureMessages":[],"meta":{}},{"ancestorTitles":["Shared FACT System Integration","Hierarchy Validation"],"fullName":"Shared FACT System Integration Hierarchy Validation should run comprehensive hierarchy validation successfully","status":"skipped","title":"should run comprehensive hierarchy validation successfully","failureMessages":[],"meta":{}},{"ancestorTitles":["Shared FACT System Integration","Hierarchy Validation"],"fullName":"Shared FACT System Integration Hierarchy Validation should pass quick health check","status":"skipped","title":"should pass quick health check","failureMessages":[],"meta":{}},{"ancestorTitles":["Shared FACT System Integration","Hierarchy Validation"],"fullName":"Shared FACT System Integration Hierarchy Validation should have reasonable performance metrics","status":"skipped","title":"should have reasonable performance metrics","failureMessages":[],"meta":{}},{"ancestorTitles":["Shared FACT System Integration","DSPy Integration"],"fullName":"Shared FACT System Integration DSPy Integration should initialize DSPy shared FACT system","status":"skipped","title":"should initialize DSPy shared FACT system","failureMessages":[],"meta":{}},{"ancestorTitles":["Shared FACT System Integration","DSPy Integration"],"fullName":"Shared FACT System Integration DSPy Integration should support DSPy learning from fact access","status":"skipped","title":"should support DSPy learning from fact access","failureMessages":[],"meta":{}},{"ancestorTitles":["Shared FACT System Integration","DSPy Integration"],"fullName":"Shared FACT System Integration DSPy Integration should support DSPy fact retrieval optimization","status":"skipped","title":"should support DSPy fact retrieval optimization","failureMessages":[],"meta":{}},{"ancestorTitles":["Shared FACT System Integration","DSPy Integration"],"fullName":"Shared FACT System Integration DSPy Integration should support DSPy relevance prediction","status":"skipped","title":"should support DSPy relevance prediction","failureMessages":[],"meta":{}},{"ancestorTitles":["Shared FACT System Integration","DSPy Integration"],"fullName":"Shared FACT System Integration DSPy Integration should support DSPy fact embeddings generation","status":"skipped","title":"should support DSPy fact embeddings generation","failureMessages":[],"meta":{}},{"ancestorTitles":["Shared FACT System Integration","Enhanced Agent Integration"],"fullName":"Shared FACT System Integration Enhanced Agent Integration should create enhanced agents with FACT access","status":"skipped","title":"should create enhanced agents with FACT access","failureMessages":[],"meta":{}},{"ancestorTitles":["Shared FACT System Integration","Enhanced Agent Integration"],"fullName":"Shared FACT System Integration Enhanced Agent Integration should allow enhanced agents to access shared FACT system","status":"skipped","title":"should allow enhanced agents to access shared FACT system","failureMessages":[],"meta":{}},{"ancestorTitles":["Shared FACT System Integration","Enhanced Agent Integration"],"fullName":"Shared FACT System Integration Enhanced Agent Integration should allow enhanced agents to store facts","status":"skipped","title":"should allow enhanced agents to store facts","failureMessages":[],"meta":{}},{"ancestorTitles":["Shared FACT System Integration","Cross-Level Knowledge Sharing"],"fullName":"Shared FACT System Integration Cross-Level Knowledge Sharing should allow facts stored by one level to be accessible by all levels","status":"skipped","title":"should allow facts stored by one level to be accessible by all levels","failureMessages":[],"meta":{}}],"startTime":1755244450296,"endTime":1755244450296,"status":"failed","message":"","name":"/home/mhugo/code/claude-code-zen/src/__tests__/coordination/shared-fact-system.test.ts"}]}