{
  "numTotalTestSuites": 263,
  "numPassedTestSuites": 104,
  "numFailedTestSuites": 159,
  "numPendingTestSuites": 0,
  "numTotalTests": 400,
  "numPassedTests": 247,
  "numFailedTests": 153,
  "numPendingTests": 0,
  "numTodoTests": 0,
  "snapshot": {
    "added": 0,
    "failure": false,
    "filesAdded": 0,
    "filesRemoved": 0,
    "filesRemovedList": [],
    "filesUnmatched": 0,
    "filesUpdated": 0,
    "matched": 0,
    "total": 0,
    "unchecked": 0,
    "uncheckedKeysByFile": [],
    "unmatched": 0,
    "updated": 0,
    "didUpdate": false
  },
  "startTime": 1754899575649,
  "success": false,
  "testResults": [
    {
      "assertionResults": [
        {
          "ancestorTitles": ["Simple Jest Test"],
          "fullName": "Simple Jest Test should run basic assertion",
          "status": "passed",
          "title": "should run basic assertion",
          "duration": 2.5165149999993446,
          "failureMessages": [],
          "meta": {}
        },
        {
          "ancestorTitles": ["Simple Jest Test"],
          "fullName": "Simple Jest Test should handle async operations",
          "status": "passed",
          "title": "should handle async operations",
          "duration": 2.0455169999995633,
          "failureMessages": [],
          "meta": {}
        }
      ],
      "startTime": 1754899579994,
      "endTime": 1754899579996.5166,
      "status": "passed",
      "message": "",
      "name": "/home/mhugo/code/claude-code-zen/src/__tests__/unit/basic-functionality.test.ts"
    },
    {
      "assertionResults": [
        {
          "ancestorTitles": [
            "Product Flow + SPARC Unit Tests",
            "🎯 Entity Structure Validation"
          ],
          "fullName": "Product Flow + SPARC Unit Tests 🎯 Entity Structure Validation should have proper SPARC integration structure in FeatureDocumentEntity",
          "status": "passed",
          "title": "should have proper SPARC integration structure in FeatureDocumentEntity",
          "duration": 13.662277999999787,
          "failureMessages": [],
          "meta": {}
        },
        {
          "ancestorTitles": [
            "Product Flow + SPARC Unit Tests",
            "🎯 Entity Structure Validation"
          ],
          "fullName": "Product Flow + SPARC Unit Tests 🎯 Entity Structure Validation should have proper SPARC integration structure in TaskDocumentEntity",
          "status": "passed",
          "title": "should have proper SPARC integration structure in TaskDocumentEntity",
          "duration": 13.274874000000636,
          "failureMessages": [],
          "meta": {}
        },
        {
          "ancestorTitles": [
            "Product Flow + SPARC Unit Tests",
            "🔧 Integration Logic Validation"
          ],
          "fullName": "Product Flow + SPARC Unit Tests 🔧 Integration Logic Validation should properly map feature types to SPARC methodology usage",
          "status": "passed",
          "title": "should properly map feature types to SPARC methodology usage",
          "duration": 13.227154999999584,
          "failureMessages": [],
          "meta": {}
        },
        {
          "ancestorTitles": [
            "Product Flow + SPARC Unit Tests",
            "🔧 Integration Logic Validation"
          ],
          "fullName": "Product Flow + SPARC Unit Tests 🔧 Integration Logic Validation should validate SPARC domain mapping from feature types",
          "status": "passed",
          "title": "should validate SPARC domain mapping from feature types",
          "duration": 13.189566999999442,
          "failureMessages": [],
          "meta": {}
        },
        {
          "ancestorTitles": [
            "Product Flow + SPARC Unit Tests",
            "🔧 Integration Logic Validation"
          ],
          "fullName": "Product Flow + SPARC Unit Tests 🔧 Integration Logic Validation should validate SPARC phase progression logic",
          "status": "passed",
          "title": "should validate SPARC phase progression logic",
          "duration": 13.05250199999955,
          "failureMessages": [],
          "meta": {}
        },
        {
          "ancestorTitles": [
            "Product Flow + SPARC Unit Tests",
            "🔧 Integration Logic Validation"
          ],
          "fullName": "Product Flow + SPARC Unit Tests 🔧 Integration Logic Validation should validate SPARC progress calculation",
          "status": "passed",
          "title": "should validate SPARC progress calculation",
          "duration": 12.997644000000037,
          "failureMessages": [],
          "meta": {}
        },
        {
          "ancestorTitles": [
            "Product Flow + SPARC Unit Tests",
            "📊 Integration Validation Rules"
          ],
          "fullName": "Product Flow + SPARC Unit Tests 📊 Integration Validation Rules should validate proper Product Flow → SPARC relationship",
          "status": "passed",
          "title": "should validate proper Product Flow → SPARC relationship",
          "duration": 12.970119000000523,
          "failureMessages": [],
          "meta": {}
        },
        {
          "ancestorTitles": [
            "Product Flow + SPARC Unit Tests",
            "📊 Integration Validation Rules"
          ],
          "fullName": "Product Flow + SPARC Unit Tests 📊 Integration Validation Rules should validate clean separation of concerns",
          "status": "passed",
          "title": "should validate clean separation of concerns",
          "duration": 12.936749999999847,
          "failureMessages": [],
          "meta": {}
        },
        {
          "ancestorTitles": [
            "Product Flow + SPARC Unit Tests",
            "🎯 Quality Assurance Validation"
          ],
          "fullName": "Product Flow + SPARC Unit Tests 🎯 Quality Assurance Validation should validate SPARC quality gates structure",
          "status": "passed",
          "title": "should validate SPARC quality gates structure",
          "duration": 2.303490000000238,
          "failureMessages": [],
          "meta": {}
        },
        {
          "ancestorTitles": [
            "Product Flow + SPARC Unit Tests",
            "🎯 Quality Assurance Validation"
          ],
          "fullName": "Product Flow + SPARC Unit Tests 🎯 Quality Assurance Validation should validate SPARC artifact structure",
          "status": "passed",
          "title": "should validate SPARC artifact structure",
          "duration": 2.1236849999995684,
          "failureMessages": [],
          "meta": {}
        }
      ],
      "startTime": 1754899580075,
      "endTime": 1754899580091.3035,
      "status": "passed",
      "message": "",
      "name": "/home/mhugo/code/claude-code-zen/src/__tests__/unit/product-flow-sparc-unit.test.ts"
    },
    {
      "assertionResults": [
        {
          "ancestorTitles": ["DI System Basic Test"],
          "fullName": "DI System Basic Test should pass basic test",
          "status": "passed",
          "title": "should pass basic test",
          "duration": 7.380245000000286,
          "failureMessages": [],
          "meta": {}
        },
        {
          "ancestorTitles": ["DI System Basic Test"],
          "fullName": "DI System Basic Test should be able to import reflect-metadata",
          "status": "passed",
          "title": "should be able to import reflect-metadata",
          "duration": 6.74601900000016,
          "failureMessages": [],
          "meta": {}
        },
        {
          "ancestorTitles": ["DI System Basic Test"],
          "fullName": "DI System Basic Test should be able to create symbols",
          "status": "passed",
          "title": "should be able to create symbols",
          "duration": 6.635544999999183,
          "failureMessages": [],
          "meta": {}
        },
        {
          "ancestorTitles": ["DI System Basic Test"],
          "fullName": "DI System Basic Test should support decorators configuration",
          "status": "passed",
          "title": "should support decorators configuration",
          "duration": 6.582599999999729,
          "failureMessages": [],
          "meta": {}
        }
      ],
      "startTime": 1754899590213,
      "endTime": 1754899590220.746,
      "status": "passed",
      "message": "",
      "name": "/home/mhugo/code/claude-code-zen/src/__tests__/unit/di/basic.test.ts"
    },
    {
      "assertionResults": [
        {
          "ancestorTitles": ["DI Decorators", "@injectable decorator"],
          "fullName": "DI Decorators @injectable decorator should mark classes as injectable",
          "status": "passed",
          "title": "should mark classes as injectable",
          "duration": 24.90451099999973,
          "failureMessages": [],
          "meta": {}
        },
        {
          "ancestorTitles": ["DI Decorators", "@injectable decorator"],
          "fullName": "DI Decorators @injectable decorator should preserve class functionality",
          "status": "passed",
          "title": "should preserve class functionality",
          "duration": 24.31630199999927,
          "failureMessages": [],
          "meta": {}
        },
        {
          "ancestorTitles": ["DI Decorators", "@injectable decorator"],
          "fullName": "DI Decorators @injectable decorator should store injection metadata",
          "status": "passed",
          "title": "should store injection metadata",
          "duration": 24.22887499999979,
          "failureMessages": [],
          "meta": {}
        },
        {
          "ancestorTitles": ["DI Decorators", "@injectable decorator"],
          "fullName": "DI Decorators @injectable decorator should work with TypeScript parameter types",
          "status": "failed",
          "title": "should work with TypeScript parameter types",
          "duration": 24.008010000000468,
          "failureMessages": [
            "AssertionError: expected [] to have a length of 1 but got +0\n    at Proxy.<anonymous> (file:///home/mhugo/code/claude-code-zen/node_modules/@vitest/expect/dist/index.js:1257:20)\n    at Proxy.<anonymous> (file:///home/mhugo/code/claude-code-zen/node_modules/@vitest/expect/dist/index.js:1029:14)\n    at Proxy.methodWrapper (file:///home/mhugo/code/claude-code-zen/node_modules/chai/chai.js:1706:25)\n    at /home/mhugo/code/claude-code-zen/src/__tests__/unit/di/decorators.test.ts:73:40\n    at file:///home/mhugo/code/claude-code-zen/node_modules/@vitest/runner/dist/chunk-hooks.js:155:11\n    at file:///home/mhugo/code/claude-code-zen/node_modules/@vitest/runner/dist/chunk-hooks.js:752:26\n    at file:///home/mhugo/code/claude-code-zen/node_modules/@vitest/runner/dist/chunk-hooks.js:1897:20\n    at new Promise (<anonymous>)\n    at runWithTimeout (file:///home/mhugo/code/claude-code-zen/node_modules/@vitest/runner/dist/chunk-hooks.js:1863:10)\n    at runTest (file:///home/mhugo/code/claude-code-zen/node_modules/@vitest/runner/dist/chunk-hooks.js:1574:12)"
          ],
          "meta": {}
        },
        {
          "ancestorTitles": ["DI Decorators", "@inject decorator"],
          "fullName": "DI Decorators @inject decorator should mark parameters for injection",
          "status": "passed",
          "title": "should mark parameters for injection",
          "duration": 23.960253000000193,
          "failureMessages": [],
          "meta": {}
        },
        {
          "ancestorTitles": ["DI Decorators", "@inject decorator"],
          "fullName": "DI Decorators @inject decorator should work with multiple parameters",
          "status": "passed",
          "title": "should work with multiple parameters",
          "duration": 23.885792000000038,
          "failureMessages": [],
          "meta": {}
        },
        {
          "ancestorTitles": ["DI Decorators", "@inject decorator"],
          "fullName": "DI Decorators @inject decorator should allow mixed injected and non-injected parameters",
          "status": "passed",
          "title": "should allow mixed injected and non-injected parameters",
          "duration": 23.78378100000009,
          "failureMessages": [],
          "meta": {}
        },
        {
          "ancestorTitles": [
            "DI Decorators",
            "Container integration with decorators"
          ],
          "fullName": "DI Decorators Container integration with decorators should resolve services with automatic dependency injection",
          "status": "failed",
          "title": "should resolve services with automatic dependency injection",
          "duration": 23.73573800000031,
          "failureMessages": [
            "TypeError: Cannot read properties of undefined (reading 'info')\n    at UserService.createUser (/home/mhugo/code/claude-code-zen/src/__tests__/unit/di/decorators.test.ts:153:23)\n    at /home/mhugo/code/claude-code-zen/src/__tests__/unit/di/decorators.test.ts:180:34\n    at file:///home/mhugo/code/claude-code-zen/node_modules/@vitest/runner/dist/chunk-hooks.js:155:11\n    at file:///home/mhugo/code/claude-code-zen/node_modules/@vitest/runner/dist/chunk-hooks.js:752:26\n    at file:///home/mhugo/code/claude-code-zen/node_modules/@vitest/runner/dist/chunk-hooks.js:1897:20\n    at new Promise (<anonymous>)\n    at runWithTimeout (file:///home/mhugo/code/claude-code-zen/node_modules/@vitest/runner/dist/chunk-hooks.js:1863:10)\n    at runTest (file:///home/mhugo/code/claude-code-zen/node_modules/@vitest/runner/dist/chunk-hooks.js:1574:12)\n    at async Promise.all (index 0)\n    at runSuite (file:///home/mhugo/code/claude-code-zen/node_modules/@vitest/runner/dist/chunk-hooks.js:1718:7)"
          ],
          "meta": {}
        },
        {
          "ancestorTitles": [
            "DI Decorators",
            "Container integration with decorators"
          ],
          "fullName": "DI Decorators Container integration with decorators should work with complex dependency graphs",
          "status": "failed",
          "title": "should work with complex dependency graphs",
          "duration": 6.464141999999811,
          "failureMessages": [
            "TypeError: Cannot read properties of undefined (reading 'info')\n    at UserService.getUser (/home/mhugo/code/claude-code-zen/src/__tests__/unit/di/decorators.test.ts:224:23)\n    at /home/mhugo/code/claude-code-zen/src/__tests__/unit/di/decorators.test.ts:256:19\n    at file:///home/mhugo/code/claude-code-zen/node_modules/@vitest/runner/dist/chunk-hooks.js:155:11\n    at file:///home/mhugo/code/claude-code-zen/node_modules/@vitest/runner/dist/chunk-hooks.js:752:26\n    at file:///home/mhugo/code/claude-code-zen/node_modules/@vitest/runner/dist/chunk-hooks.js:1897:20\n    at new Promise (<anonymous>)\n    at runWithTimeout (file:///home/mhugo/code/claude-code-zen/node_modules/@vitest/runner/dist/chunk-hooks.js:1863:10)\n    at runTest (file:///home/mhugo/code/claude-code-zen/node_modules/@vitest/runner/dist/chunk-hooks.js:1574:12)\n    at async Promise.all (index 1)\n    at runSuite (file:///home/mhugo/code/claude-code-zen/node_modules/@vitest/runner/dist/chunk-hooks.js:1718:7)"
          ],
          "meta": {}
        },
        {
          "ancestorTitles": [
            "DI Decorators",
            "Container integration with decorators"
          ],
          "fullName": "DI Decorators Container integration with decorators should support factory functions with metadata",
          "status": "failed",
          "title": "should support factory functions with metadata",
          "duration": 6.19711499999994,
          "failureMessages": [
            "AssertionError: expected undefined to be 'injected-value' // Object.is equality\n    at /home/mhugo/code/claude-code-zen/src/__tests__/unit/di/decorators.test.ts:290:34\n    at file:///home/mhugo/code/claude-code-zen/node_modules/@vitest/runner/dist/chunk-hooks.js:155:11\n    at file:///home/mhugo/code/claude-code-zen/node_modules/@vitest/runner/dist/chunk-hooks.js:752:26\n    at file:///home/mhugo/code/claude-code-zen/node_modules/@vitest/runner/dist/chunk-hooks.js:1897:20\n    at new Promise (<anonymous>)\n    at runWithTimeout (file:///home/mhugo/code/claude-code-zen/node_modules/@vitest/runner/dist/chunk-hooks.js:1863:10)\n    at runTest (file:///home/mhugo/code/claude-code-zen/node_modules/@vitest/runner/dist/chunk-hooks.js:1574:12)\n    at async Promise.all (index 2)\n    at runSuite (file:///home/mhugo/code/claude-code-zen/node_modules/@vitest/runner/dist/chunk-hooks.js:1718:7)\n    at async Promise.all (index 2)"
          ],
          "meta": {}
        },
        {
          "ancestorTitles": ["DI Decorators", "Error handling with decorators"],
          "fullName": "DI Decorators Error handling with decorators should provide meaningful error messages for decorator issues",
          "status": "passed",
          "title": "should provide meaningful error messages for decorator issues",
          "duration": 6.12261800000033,
          "failureMessages": [],
          "meta": {}
        }
      ],
      "startTime": 1754899579903,
      "endTime": 1754899579934.464,
      "status": "failed",
      "message": "",
      "name": "/home/mhugo/code/claude-code-zen/src/__tests__/unit/di/decorators.test.ts"
    },
    {
      "assertionResults": [
        {
          "ancestorTitles": [
            "DI Container - Core Functionality",
            "Service Registration"
          ],
          "fullName": "DI Container - Core Functionality Service Registration should register and resolve singleton services",
          "status": "passed",
          "title": "should register and resolve singleton services",
          "duration": 29.256843000000117,
          "failureMessages": [],
          "meta": {}
        },
        {
          "ancestorTitles": [
            "DI Container - Core Functionality",
            "Service Registration"
          ],
          "fullName": "DI Container - Core Functionality Service Registration should register and resolve transient services",
          "status": "passed",
          "title": "should register and resolve transient services",
          "duration": 29.427882999999383,
          "failureMessages": [],
          "meta": {}
        },
        {
          "ancestorTitles": [
            "DI Container - Core Functionality",
            "Service Registration"
          ],
          "fullName": "DI Container - Core Functionality Service Registration should register and resolve scoped services",
          "status": "failed",
          "title": "should register and resolve scoped services",
          "duration": 29.072731000000203,
          "failureMessages": [
            "Error: Cannot find module './di-scope.js'\nRequire stack:\n- /home/mhugo/code/claude-code-zen/src/di/container/di-container.ts\n    at Function._resolveFilename (node:internal/modules/cjs/loader:1401:15)\n    at defaultResolveImpl (node:internal/modules/cjs/loader:1057:19)\n    at resolveForCJSWithHooks (node:internal/modules/cjs/loader:1062:22)\n    at Function._load (node:internal/modules/cjs/loader:1211:37)\n    at TracingChannel.traceSync (node:diagnostics_channel:322:14)\n    at wrapModuleLoad (node:internal/modules/cjs/loader:235:24)\n    at Module.require (node:internal/modules/cjs/loader:1487:12)\n    at require (node:internal/modules/helpers:135:16)\n    at DIContainer.createScope (/home/mhugo/code/claude-code-zen/src/di/container/di-container.ts:83:27)\n    at /home/mhugo/code/claude-code-zen/src/__tests__/unit/di/di-container.test.ts:66:32"
          ],
          "meta": {}
        },
        {
          "ancestorTitles": [
            "DI Container - Core Functionality",
            "Service Registration"
          ],
          "fullName": "DI Container - Core Functionality Service Registration should throw error when resolving unregistered service",
          "status": "passed",
          "title": "should throw error when resolving unregistered service",
          "duration": 29.042099000000235,
          "failureMessages": [],
          "meta": {}
        },
        {
          "ancestorTitles": [
            "DI Container - Core Functionality",
            "Service Registration"
          ],
          "fullName": "DI Container - Core Functionality Service Registration should check if service is registered",
          "status": "passed",
          "title": "should check if service is registered",
          "duration": 28.986612999999124,
          "failureMessages": [],
          "meta": {}
        },
        {
          "ancestorTitles": [
            "DI Container - Core Functionality",
            "Circular Dependency Detection"
          ],
          "fullName": "DI Container - Core Functionality Circular Dependency Detection should detect circular dependencies",
          "status": "passed",
          "title": "should detect circular dependencies",
          "duration": 28.94187200000033,
          "failureMessages": [],
          "meta": {}
        },
        {
          "ancestorTitles": [
            "DI Container - Core Functionality",
            "Circular Dependency Detection"
          ],
          "fullName": "DI Container - Core Functionality Circular Dependency Detection should handle deep dependency chains without false positives",
          "status": "passed",
          "title": "should handle deep dependency chains without false positives",
          "duration": 8.081967000000077,
          "failureMessages": [],
          "meta": {}
        },
        {
          "ancestorTitles": [
            "DI Container - Core Functionality",
            "Scoped Containers"
          ],
          "fullName": "DI Container - Core Functionality Scoped Containers should create and manage scopes",
          "status": "failed",
          "title": "should create and manage scopes",
          "duration": 7.452511999999842,
          "failureMessages": [
            "Error: Cannot find module './di-scope.js'\nRequire stack:\n- /home/mhugo/code/claude-code-zen/src/di/container/di-container.ts\n    at Function._resolveFilename (node:internal/modules/cjs/loader:1401:15)\n    at defaultResolveImpl (node:internal/modules/cjs/loader:1057:19)\n    at resolveForCJSWithHooks (node:internal/modules/cjs/loader:1062:22)\n    at Function._load (node:internal/modules/cjs/loader:1211:37)\n    at TracingChannel.traceSync (node:diagnostics_channel:322:14)\n    at wrapModuleLoad (node:internal/modules/cjs/loader:235:24)\n    at Module.require (node:internal/modules/cjs/loader:1487:12)\n    at require (node:internal/modules/helpers:135:16)\n    at DIContainer.createScope (/home/mhugo/code/claude-code-zen/src/di/container/di-container.ts:83:27)\n    at /home/mhugo/code/claude-code-zen/src/__tests__/unit/di/di-container.test.ts:149:32"
          ],
          "meta": {}
        },
        {
          "ancestorTitles": [
            "DI Container - Core Functionality",
            "Scoped Containers"
          ],
          "fullName": "DI Container - Core Functionality Scoped Containers should dispose scopes properly",
          "status": "failed",
          "title": "should dispose scopes properly",
          "duration": 7.214577000000645,
          "failureMessages": [
            "Error: Cannot find module './di-scope.js'\nRequire stack:\n- /home/mhugo/code/claude-code-zen/src/di/container/di-container.ts\n    at Function._resolveFilename (node:internal/modules/cjs/loader:1401:15)\n    at defaultResolveImpl (node:internal/modules/cjs/loader:1057:19)\n    at resolveForCJSWithHooks (node:internal/modules/cjs/loader:1062:22)\n    at Function._load (node:internal/modules/cjs/loader:1211:37)\n    at TracingChannel.traceSync (node:diagnostics_channel:322:14)\n    at wrapModuleLoad (node:internal/modules/cjs/loader:235:24)\n    at Module.require (node:internal/modules/cjs/loader:1487:12)\n    at require (node:internal/modules/helpers:135:16)\n    at DIContainer.createScope (/home/mhugo/code/claude-code-zen/src/di/container/di-container.ts:83:27)\n    at /home/mhugo/code/claude-code-zen/src/__tests__/unit/di/di-container.test.ts:171:31"
          ],
          "meta": {}
        },
        {
          "ancestorTitles": [
            "DI Container - Core Functionality",
            "Container Disposal"
          ],
          "fullName": "DI Container - Core Functionality Container Disposal should dispose singleton instances",
          "status": "passed",
          "title": "should dispose singleton instances",
          "duration": 7.196863000000121,
          "failureMessages": [],
          "meta": {}
        },
        {
          "ancestorTitles": [
            "DI Container - Core Functionality",
            "Performance and Configuration"
          ],
          "fullName": "DI Container - Core Functionality Performance and Configuration should handle container configuration options",
          "status": "passed",
          "title": "should handle container configuration options",
          "duration": 7.138652999999977,
          "failureMessages": [],
          "meta": {}
        },
        {
          "ancestorTitles": [
            "DI Container - Core Functionality",
            "Performance and Configuration"
          ],
          "fullName": "DI Container - Core Functionality Performance and Configuration should resolve services quickly (performance test)",
          "status": "passed",
          "title": "should resolve services quickly (performance test)",
          "duration": 7.112640999999712,
          "failureMessages": [],
          "meta": {}
        },
        {
          "ancestorTitles": ["DI Container - Integration with Core Tokens"],
          "fullName": "DI Container - Integration with Core Tokens should work with core system tokens",
          "status": "passed",
          "title": "should work with core system tokens",
          "duration": 29.71263100000033,
          "failureMessages": [],
          "meta": {}
        },
        {
          "ancestorTitles": ["DI Container - Integration with Core Tokens"],
          "fullName": "DI Container - Integration with Core Tokens should work with swarm tokens",
          "status": "passed",
          "title": "should work with swarm tokens",
          "duration": 29.361165999999685,
          "failureMessages": [],
          "meta": {}
        }
      ],
      "startTime": 1754899579345,
      "endTime": 1754899579384.2146,
      "status": "failed",
      "message": "",
      "name": "/home/mhugo/code/claude-code-zen/src/__tests__/unit/di/di-container.test.ts"
    },
    {
      "assertionResults": [
        {
          "ancestorTitles": [
            "DI System Integration Tests",
            "Container Builder Pattern"
          ],
          "fullName": "DI System Integration Tests Container Builder Pattern should create a container using builder pattern",
          "status": "passed",
          "title": "should create a container using builder pattern",
          "duration": 55.82719700000007,
          "failureMessages": [],
          "meta": {}
        },
        {
          "ancestorTitles": [
            "DI System Integration Tests",
            "Global Container Management"
          ],
          "fullName": "DI System Integration Tests Global Container Management should manage global container instance",
          "status": "passed",
          "title": "should manage global container instance",
          "duration": 55.1551629999999,
          "failureMessages": [],
          "meta": {}
        },
        {
          "ancestorTitles": [
            "DI System Integration Tests",
            "Complete Swarm Integration"
          ],
          "fullName": "DI System Integration Tests Complete Swarm Integration should create a fully functional swarm system",
          "status": "failed",
          "title": "should create a fully functional swarm system",
          "duration": 68.5977499999999,
          "failureMessages": [
            "Error: No available agents for task assignment\n    at EnhancedSwarmCoordinator.assignTask (/home/mhugo/code/claude-code-zen/src/di/examples/swarm-integration.ts:119:13)\n    at /home/mhugo/code/claude-code-zen/src/__tests__/unit/di/integration.test.ts:115:22\n    at file:///home/mhugo/code/claude-code-zen/node_modules/@vitest/runner/dist/chunk-hooks.js:752:20"
          ],
          "meta": {}
        },
        {
          "ancestorTitles": [
            "DI System Integration Tests",
            "Complete Swarm Integration"
          ],
          "fullName": "DI System Integration Tests Complete Swarm Integration should handle dependency chain resolution",
          "status": "passed",
          "title": "should handle dependency chain resolution",
          "duration": 59.19883200000004,
          "failureMessages": [],
          "meta": {}
        },
        {
          "ancestorTitles": [
            "DI System Integration Tests",
            "Complete Swarm Integration"
          ],
          "fullName": "DI System Integration Tests Complete Swarm Integration should maintain service isolation between different containers",
          "status": "passed",
          "title": "should maintain service isolation between different containers",
          "duration": 59.03173199999992,
          "failureMessages": [],
          "meta": {}
        },
        {
          "ancestorTitles": [
            "DI System Integration Tests",
            "Error Handling and Edge Cases"
          ],
          "fullName": "DI System Integration Tests Error Handling and Edge Cases should handle service registration conflicts gracefully",
          "status": "failed",
          "title": "should handle service registration conflicts gracefully",
          "duration": 54.48053200000004,
          "failureMessages": [
            "AssertionError: expected \"spy\" to be called with arguments: [ Array(1) ]\u001b[90m\n\nNumber of calls: \u001b[1m0\u001b[22m\n\u001b[39m\n    at Proxy.<anonymous> (file:///home/mhugo/code/claude-code-zen/node_modules/@vitest/expect/dist/index.js:1355:10)\n    at Proxy.<anonymous> (file:///home/mhugo/code/claude-code-zen/node_modules/@vitest/expect/dist/index.js:1029:14)\n    at Proxy.methodWrapper (file:///home/mhugo/code/claude-code-zen/node_modules/chai/chai.js:1706:25)\n    at /home/mhugo/code/claude-code-zen/src/__tests__/unit/di/integration.test.ts:193:23\n    at file:///home/mhugo/code/claude-code-zen/node_modules/@vitest/runner/dist/chunk-hooks.js:155:11\n    at file:///home/mhugo/code/claude-code-zen/node_modules/@vitest/runner/dist/chunk-hooks.js:752:26\n    at file:///home/mhugo/code/claude-code-zen/node_modules/@vitest/runner/dist/chunk-hooks.js:1897:20\n    at new Promise (<anonymous>)\n    at runWithTimeout (file:///home/mhugo/code/claude-code-zen/node_modules/@vitest/runner/dist/chunk-hooks.js:1863:10)\n    at runTest (file:///home/mhugo/code/claude-code-zen/node_modules/@vitest/runner/dist/chunk-hooks.js:1574:12)"
          ],
          "meta": {}
        },
        {
          "ancestorTitles": [
            "DI System Integration Tests",
            "Error Handling and Edge Cases"
          ],
          "fullName": "DI System Integration Tests Error Handling and Edge Cases should handle complex scoping scenarios",
          "status": "failed",
          "title": "should handle complex scoping scenarios",
          "duration": 54.64235000000008,
          "failureMessages": [
            "Error: Cannot find module './di-scope.js'\nRequire stack:\n- /home/mhugo/code/claude-code-zen/src/di/container/di-container.ts\n    at Function._resolveFilename (node:internal/modules/cjs/loader:1401:15)\n    at defaultResolveImpl (node:internal/modules/cjs/loader:1057:19)\n    at resolveForCJSWithHooks (node:internal/modules/cjs/loader:1062:22)\n    at Function._load (node:internal/modules/cjs/loader:1211:37)\n    at TracingChannel.traceSync (node:diagnostics_channel:322:14)\n    at wrapModuleLoad (node:internal/modules/cjs/loader:235:24)\n    at Module.require (node:internal/modules/cjs/loader:1487:12)\n    at require (node:internal/modules/helpers:135:16)\n    at DIContainer.createScope (/home/mhugo/code/claude-code-zen/src/di/container/di-container.ts:83:27)\n    at /home/mhugo/code/claude-code-zen/src/__tests__/unit/di/integration.test.ts:208:32"
          ],
          "meta": {}
        },
        {
          "ancestorTitles": [
            "DI System Integration Tests",
            "Performance Tests"
          ],
          "fullName": "DI System Integration Tests Performance Tests should resolve services efficiently at scale",
          "status": "passed",
          "title": "should resolve services efficiently at scale",
          "duration": 54.730403000000024,
          "failureMessages": [],
          "meta": {}
        },
        {
          "ancestorTitles": [
            "DI System Integration Tests",
            "Performance Tests"
          ],
          "fullName": "DI System Integration Tests Performance Tests should handle concurrent resolutions safely",
          "status": "passed",
          "title": "should handle concurrent resolutions safely",
          "duration": 11.135263000000123,
          "failureMessages": [],
          "meta": {}
        },
        {
          "ancestorTitles": [
            "DI System Integration Tests",
            "Real-world Usage Demonstration"
          ],
          "fullName": "DI System Integration Tests Real-world Usage Demonstration should run the complete demonstration successfully",
          "status": "failed",
          "title": "should run the complete demonstration successfully",
          "duration": 11.753669000000173,
          "failureMessages": [
            "Error: No available agents for task assignment\n    at EnhancedSwarmCoordinator.assignTask (/home/mhugo/code/claude-code-zen/src/di/examples/swarm-integration.ts:119:13)\n    at demonstrateSwarmDI (/home/mhugo/code/claude-code-zen/src/di/examples/swarm-integration.ts:375:21)\n    at /home/mhugo/code/claude-code-zen/src/__tests__/unit/di/integration.test.ts:272:9\n    at file:///home/mhugo/code/claude-code-zen/node_modules/@vitest/runner/dist/chunk-hooks.js:752:20"
          ],
          "meta": {}
        },
        {
          "ancestorTitles": [
            "DI System Integration Tests",
            "Real-world Usage Demonstration"
          ],
          "fullName": "DI System Integration Tests Real-world Usage Demonstration should demonstrate proper resource cleanup",
          "status": "passed",
          "title": "should demonstrate proper resource cleanup",
          "duration": 11.510526999999911,
          "failureMessages": [],
          "meta": {}
        }
      ],
      "startTime": 1754899578820,
      "endTime": 1754899578891.5105,
      "status": "failed",
      "message": "",
      "name": "/home/mhugo/code/claude-code-zen/src/__tests__/unit/di/integration.test.ts"
    },
    {
      "assertionResults": [
        {
          "ancestorTitles": [
            "CommunicationEventAdapter",
            "🏗️ Constructor and Configuration (Classical TDD)"
          ],
          "fullName": "CommunicationEventAdapter 🏗️ Constructor and Configuration (Classical TDD) should create adapter with valid configuration",
          "status": "failed",
          "title": "should create adapter with valid configuration",
          "duration": 27.676584999999932,
          "failureMessages": [
            "ReferenceError: createLogger is not defined\n    at new CommunicationEventAdapter (/home/mhugo/code/claude-code-zen/src/interfaces/events/adapters/communication-event-adapter.ts:418:5)\n    at /home/mhugo/code/claude-code-zen/src/__tests__/unit/events/communication-event-adapter.test.ts:23:23\n    at file:///home/mhugo/code/claude-code-zen/node_modules/@vitest/runner/dist/chunk-hooks.js:155:11\n    at file:///home/mhugo/code/claude-code-zen/node_modules/@vitest/runner/dist/chunk-hooks.js:752:26\n    at file:///home/mhugo/code/claude-code-zen/node_modules/@vitest/runner/dist/chunk-hooks.js:1897:20\n    at new Promise (<anonymous>)\n    at runWithTimeout (file:///home/mhugo/code/claude-code-zen/node_modules/@vitest/runner/dist/chunk-hooks.js:1863:10)\n    at runTest (file:///home/mhugo/code/claude-code-zen/node_modules/@vitest/runner/dist/chunk-hooks.js:1574:12)\n    at async Promise.all (index 0)\n    at runSuite (file:///home/mhugo/code/claude-code-zen/node_modules/@vitest/runner/dist/chunk-hooks.js:1718:7)"
          ],
          "meta": {}
        },
        {
          "ancestorTitles": [
            "CommunicationEventAdapter",
            "🏗️ Constructor and Configuration (Classical TDD)"
          ],
          "fullName": "CommunicationEventAdapter 🏗️ Constructor and Configuration (Classical TDD) should apply custom configuration overrides correctly",
          "status": "failed",
          "title": "should apply custom configuration overrides correctly",
          "duration": 27.23220500000002,
          "failureMessages": [
            "ReferenceError: createLogger is not defined\n    at new CommunicationEventAdapter (/home/mhugo/code/claude-code-zen/src/interfaces/events/adapters/communication-event-adapter.ts:418:5)\n    at /home/mhugo/code/claude-code-zen/src/__tests__/unit/events/communication-event-adapter.test.ts:50:23\n    at file:///home/mhugo/code/claude-code-zen/node_modules/@vitest/runner/dist/chunk-hooks.js:155:11\n    at file:///home/mhugo/code/claude-code-zen/node_modules/@vitest/runner/dist/chunk-hooks.js:752:26\n    at file:///home/mhugo/code/claude-code-zen/node_modules/@vitest/runner/dist/chunk-hooks.js:1897:20\n    at new Promise (<anonymous>)\n    at runWithTimeout (file:///home/mhugo/code/claude-code-zen/node_modules/@vitest/runner/dist/chunk-hooks.js:1863:10)\n    at runTest (file:///home/mhugo/code/claude-code-zen/node_modules/@vitest/runner/dist/chunk-hooks.js:1574:12)\n    at async Promise.all (index 1)\n    at runSuite (file:///home/mhugo/code/claude-code-zen/node_modules/@vitest/runner/dist/chunk-hooks.js:1718:7)"
          ],
          "meta": {}
        },
        {
          "ancestorTitles": [
            "CommunicationEventAdapter",
            "🏗️ Constructor and Configuration (Classical TDD)"
          ],
          "fullName": "CommunicationEventAdapter 🏗️ Constructor and Configuration (Classical TDD) should set default values for missing configuration",
          "status": "failed",
          "title": "should set default values for missing configuration",
          "duration": 27.164876999999933,
          "failureMessages": [
            "ReferenceError: createLogger is not defined\n    at new CommunicationEventAdapter (/home/mhugo/code/claude-code-zen/src/interfaces/events/adapters/communication-event-adapter.ts:418:5)\n    at /home/mhugo/code/claude-code-zen/src/__tests__/unit/events/communication-event-adapter.test.ts:61:23\n    at file:///home/mhugo/code/claude-code-zen/node_modules/@vitest/runner/dist/chunk-hooks.js:155:11\n    at file:///home/mhugo/code/claude-code-zen/node_modules/@vitest/runner/dist/chunk-hooks.js:752:26\n    at file:///home/mhugo/code/claude-code-zen/node_modules/@vitest/runner/dist/chunk-hooks.js:1897:20\n    at new Promise (<anonymous>)\n    at runWithTimeout (file:///home/mhugo/code/claude-code-zen/node_modules/@vitest/runner/dist/chunk-hooks.js:1863:10)\n    at runTest (file:///home/mhugo/code/claude-code-zen/node_modules/@vitest/runner/dist/chunk-hooks.js:1574:12)\n    at async Promise.all (index 2)\n    at runSuite (file:///home/mhugo/code/claude-code-zen/node_modules/@vitest/runner/dist/chunk-hooks.js:1718:7)"
          ],
          "meta": {}
        },
        {
          "ancestorTitles": [
            "CommunicationEventAdapter",
            "🚀 Adapter Lifecycle (London TDD)"
          ],
          "fullName": "CommunicationEventAdapter 🚀 Adapter Lifecycle (London TDD) should start adapter and initialize communication integrations",
          "status": "failed",
          "title": "should start adapter and initialize communication integrations",
          "duration": 26.673567000000048,
          "failureMessages": [
            "ReferenceError: createLogger is not defined\n    at new CommunicationEventAdapter (/home/mhugo/code/claude-code-zen/src/interfaces/events/adapters/communication-event-adapter.ts:418:5)\n    at /home/mhugo/code/claude-code-zen/src/__tests__/unit/events/communication-event-adapter.test.ts:82:17\n    at file:///home/mhugo/code/claude-code-zen/node_modules/@vitest/runner/dist/chunk-hooks.js:155:11\n    at file:///home/mhugo/code/claude-code-zen/node_modules/@vitest/runner/dist/chunk-hooks.js:1897:20\n    at new Promise (<anonymous>)\n    at runWithTimeout (file:///home/mhugo/code/claude-code-zen/node_modules/@vitest/runner/dist/chunk-hooks.js:1863:10)\n    at runHook (file:///home/mhugo/code/claude-code-zen/node_modules/@vitest/runner/dist/chunk-hooks.js:1436:51)\n    at callSuiteHook (file:///home/mhugo/code/claude-code-zen/node_modules/@vitest/runner/dist/chunk-hooks.js:1442:25)\n    at runTest (file:///home/mhugo/code/claude-code-zen/node_modules/@vitest/runner/dist/chunk-hooks.js:1566:26)\n    at async Promise.all (index 0)",
            "TypeError: Cannot read properties of undefined (reading 'isRunning')\n    at /home/mhugo/code/claude-code-zen/src/__tests__/unit/events/communication-event-adapter.test.ts:89:19\n    at file:///home/mhugo/code/claude-code-zen/node_modules/@vitest/runner/dist/chunk-hooks.js:155:11\n    at file:///home/mhugo/code/claude-code-zen/node_modules/@vitest/runner/dist/chunk-hooks.js:1897:20\n    at new Promise (<anonymous>)\n    at runWithTimeout (file:///home/mhugo/code/claude-code-zen/node_modules/@vitest/runner/dist/chunk-hooks.js:1863:10)\n    at runHook (file:///home/mhugo/code/claude-code-zen/node_modules/@vitest/runner/dist/chunk-hooks.js:1436:51)\n    at callSuiteHook (file:///home/mhugo/code/claude-code-zen/node_modules/@vitest/runner/dist/chunk-hooks.js:1442:25)\n    at runTest (file:///home/mhugo/code/claude-code-zen/node_modules/@vitest/runner/dist/chunk-hooks.js:1597:11)\n    at async Promise.all (index 0)\n    at runSuite (file:///home/mhugo/code/claude-code-zen/node_modules/@vitest/runner/dist/chunk-hooks.js:1718:7)"
          ],
          "meta": {}
        },
        {
          "ancestorTitles": [
            "CommunicationEventAdapter",
            "🚀 Adapter Lifecycle (London TDD)"
          ],
          "fullName": "CommunicationEventAdapter 🚀 Adapter Lifecycle (London TDD) should stop adapter and cleanup resources",
          "status": "failed",
          "title": "should stop adapter and cleanup resources",
          "duration": 26.78975699999978,
          "failureMessages": [
            "ReferenceError: createLogger is not defined\n    at new CommunicationEventAdapter (/home/mhugo/code/claude-code-zen/src/interfaces/events/adapters/communication-event-adapter.ts:418:5)\n    at /home/mhugo/code/claude-code-zen/src/__tests__/unit/events/communication-event-adapter.test.ts:82:17\n    at file:///home/mhugo/code/claude-code-zen/node_modules/@vitest/runner/dist/chunk-hooks.js:155:11\n    at file:///home/mhugo/code/claude-code-zen/node_modules/@vitest/runner/dist/chunk-hooks.js:1897:20\n    at new Promise (<anonymous>)\n    at runWithTimeout (file:///home/mhugo/code/claude-code-zen/node_modules/@vitest/runner/dist/chunk-hooks.js:1863:10)\n    at runHook (file:///home/mhugo/code/claude-code-zen/node_modules/@vitest/runner/dist/chunk-hooks.js:1436:51)\n    at callSuiteHook (file:///home/mhugo/code/claude-code-zen/node_modules/@vitest/runner/dist/chunk-hooks.js:1442:25)\n    at runTest (file:///home/mhugo/code/claude-code-zen/node_modules/@vitest/runner/dist/chunk-hooks.js:1566:26)\n    at async Promise.all (index 1)",
            "TypeError: Cannot read properties of undefined (reading 'isRunning')\n    at /home/mhugo/code/claude-code-zen/src/__tests__/unit/events/communication-event-adapter.test.ts:89:19\n    at file:///home/mhugo/code/claude-code-zen/node_modules/@vitest/runner/dist/chunk-hooks.js:155:11\n    at file:///home/mhugo/code/claude-code-zen/node_modules/@vitest/runner/dist/chunk-hooks.js:1897:20\n    at new Promise (<anonymous>)\n    at runWithTimeout (file:///home/mhugo/code/claude-code-zen/node_modules/@vitest/runner/dist/chunk-hooks.js:1863:10)\n    at runHook (file:///home/mhugo/code/claude-code-zen/node_modules/@vitest/runner/dist/chunk-hooks.js:1436:51)\n    at callSuiteHook (file:///home/mhugo/code/claude-code-zen/node_modules/@vitest/runner/dist/chunk-hooks.js:1442:25)\n    at runTest (file:///home/mhugo/code/claude-code-zen/node_modules/@vitest/runner/dist/chunk-hooks.js:1597:11)\n    at async Promise.all (index 1)\n    at runSuite (file:///home/mhugo/code/claude-code-zen/node_modules/@vitest/runner/dist/chunk-hooks.js:1718:7)"
          ],
          "meta": {}
        },
        {
          "ancestorTitles": [
            "CommunicationEventAdapter",
            "🚀 Adapter Lifecycle (London TDD)"
          ],
          "fullName": "CommunicationEventAdapter 🚀 Adapter Lifecycle (London TDD) should handle start errors gracefully",
          "status": "failed",
          "title": "should handle start errors gracefully",
          "duration": 26.733622000000196,
          "failureMessages": [
            "ReferenceError: createLogger is not defined\n    at new CommunicationEventAdapter (/home/mhugo/code/claude-code-zen/src/interfaces/events/adapters/communication-event-adapter.ts:418:5)\n    at /home/mhugo/code/claude-code-zen/src/__tests__/unit/events/communication-event-adapter.test.ts:82:17\n    at file:///home/mhugo/code/claude-code-zen/node_modules/@vitest/runner/dist/chunk-hooks.js:155:11\n    at file:///home/mhugo/code/claude-code-zen/node_modules/@vitest/runner/dist/chunk-hooks.js:1897:20\n    at new Promise (<anonymous>)\n    at runWithTimeout (file:///home/mhugo/code/claude-code-zen/node_modules/@vitest/runner/dist/chunk-hooks.js:1863:10)\n    at runHook (file:///home/mhugo/code/claude-code-zen/node_modules/@vitest/runner/dist/chunk-hooks.js:1436:51)\n    at callSuiteHook (file:///home/mhugo/code/claude-code-zen/node_modules/@vitest/runner/dist/chunk-hooks.js:1442:25)\n    at runTest (file:///home/mhugo/code/claude-code-zen/node_modules/@vitest/runner/dist/chunk-hooks.js:1566:26)\n    at async Promise.all (index 2)",
            "TypeError: Cannot read properties of undefined (reading 'isRunning')\n    at /home/mhugo/code/claude-code-zen/src/__tests__/unit/events/communication-event-adapter.test.ts:89:19\n    at file:///home/mhugo/code/claude-code-zen/node_modules/@vitest/runner/dist/chunk-hooks.js:155:11\n    at file:///home/mhugo/code/claude-code-zen/node_modules/@vitest/runner/dist/chunk-hooks.js:1897:20\n    at new Promise (<anonymous>)\n    at runWithTimeout (file:///home/mhugo/code/claude-code-zen/node_modules/@vitest/runner/dist/chunk-hooks.js:1863:10)\n    at runHook (file:///home/mhugo/code/claude-code-zen/node_modules/@vitest/runner/dist/chunk-hooks.js:1436:51)\n    at callSuiteHook (file:///home/mhugo/code/claude-code-zen/node_modules/@vitest/runner/dist/chunk-hooks.js:1442:25)\n    at runTest (file:///home/mhugo/code/claude-code-zen/node_modules/@vitest/runner/dist/chunk-hooks.js:1597:11)\n    at async Promise.all (index 2)\n    at runSuite (file:///home/mhugo/code/claude-code-zen/node_modules/@vitest/runner/dist/chunk-hooks.js:1718:7)"
          ],
          "meta": {}
        },
        {
          "ancestorTitles": [
            "CommunicationEventAdapter",
            "🚀 Adapter Lifecycle (London TDD)"
          ],
          "fullName": "CommunicationEventAdapter 🚀 Adapter Lifecycle (London TDD) should restart adapter correctly",
          "status": "failed",
          "title": "should restart adapter correctly",
          "duration": 26.721767,
          "failureMessages": [
            "ReferenceError: createLogger is not defined\n    at new CommunicationEventAdapter (/home/mhugo/code/claude-code-zen/src/interfaces/events/adapters/communication-event-adapter.ts:418:5)\n    at /home/mhugo/code/claude-code-zen/src/__tests__/unit/events/communication-event-adapter.test.ts:82:17\n    at file:///home/mhugo/code/claude-code-zen/node_modules/@vitest/runner/dist/chunk-hooks.js:155:11\n    at file:///home/mhugo/code/claude-code-zen/node_modules/@vitest/runner/dist/chunk-hooks.js:1897:20\n    at new Promise (<anonymous>)\n    at runWithTimeout (file:///home/mhugo/code/claude-code-zen/node_modules/@vitest/runner/dist/chunk-hooks.js:1863:10)\n    at runHook (file:///home/mhugo/code/claude-code-zen/node_modules/@vitest/runner/dist/chunk-hooks.js:1436:51)\n    at callSuiteHook (file:///home/mhugo/code/claude-code-zen/node_modules/@vitest/runner/dist/chunk-hooks.js:1442:25)\n    at runTest (file:///home/mhugo/code/claude-code-zen/node_modules/@vitest/runner/dist/chunk-hooks.js:1566:26)\n    at async Promise.all (index 3)",
            "TypeError: Cannot read properties of undefined (reading 'isRunning')\n    at /home/mhugo/code/claude-code-zen/src/__tests__/unit/events/communication-event-adapter.test.ts:89:19\n    at file:///home/mhugo/code/claude-code-zen/node_modules/@vitest/runner/dist/chunk-hooks.js:155:11\n    at file:///home/mhugo/code/claude-code-zen/node_modules/@vitest/runner/dist/chunk-hooks.js:1897:20\n    at new Promise (<anonymous>)\n    at runWithTimeout (file:///home/mhugo/code/claude-code-zen/node_modules/@vitest/runner/dist/chunk-hooks.js:1863:10)\n    at runHook (file:///home/mhugo/code/claude-code-zen/node_modules/@vitest/runner/dist/chunk-hooks.js:1436:51)\n    at callSuiteHook (file:///home/mhugo/code/claude-code-zen/node_modules/@vitest/runner/dist/chunk-hooks.js:1442:25)\n    at runTest (file:///home/mhugo/code/claude-code-zen/node_modules/@vitest/runner/dist/chunk-hooks.js:1597:11)\n    at async Promise.all (index 3)\n    at runSuite (file:///home/mhugo/code/claude-code-zen/node_modules/@vitest/runner/dist/chunk-hooks.js:1718:7)"
          ],
          "meta": {}
        },
        {
          "ancestorTitles": [
            "CommunicationEventAdapter",
            "📡 WebSocket Communication Events (London TDD)"
          ],
          "fullName": "CommunicationEventAdapter 📡 WebSocket Communication Events (London TDD) should emit WebSocket connection event with correct format",
          "status": "failed",
          "title": "should emit WebSocket connection event with correct format",
          "duration": 26.895532000000003,
          "failureMessages": [
            "ReferenceError: createLogger is not defined\n    at new CommunicationEventAdapter (/home/mhugo/code/claude-code-zen/src/interfaces/events/adapters/communication-event-adapter.ts:418:5)\n    at /home/mhugo/code/claude-code-zen/src/__tests__/unit/events/communication-event-adapter.test.ts:164:17\n    at file:///home/mhugo/code/claude-code-zen/node_modules/@vitest/runner/dist/chunk-hooks.js:155:11\n    at file:///home/mhugo/code/claude-code-zen/node_modules/@vitest/runner/dist/chunk-hooks.js:1897:20\n    at new Promise (<anonymous>)\n    at runWithTimeout (file:///home/mhugo/code/claude-code-zen/node_modules/@vitest/runner/dist/chunk-hooks.js:1863:10)\n    at runHook (file:///home/mhugo/code/claude-code-zen/node_modules/@vitest/runner/dist/chunk-hooks.js:1436:51)\n    at callSuiteHook (file:///home/mhugo/code/claude-code-zen/node_modules/@vitest/runner/dist/chunk-hooks.js:1442:25)\n    at runTest (file:///home/mhugo/code/claude-code-zen/node_modules/@vitest/runner/dist/chunk-hooks.js:1566:26)\n    at async Promise.all (index 0)",
            "TypeError: Cannot read properties of undefined (reading 'stop')\n    at /home/mhugo/code/claude-code-zen/src/__tests__/unit/events/communication-event-adapter.test.ts:203:21\n    at file:///home/mhugo/code/claude-code-zen/node_modules/@vitest/runner/dist/chunk-hooks.js:155:11\n    at file:///home/mhugo/code/claude-code-zen/node_modules/@vitest/runner/dist/chunk-hooks.js:1897:20\n    at new Promise (<anonymous>)\n    at runWithTimeout (file:///home/mhugo/code/claude-code-zen/node_modules/@vitest/runner/dist/chunk-hooks.js:1863:10)\n    at runHook (file:///home/mhugo/code/claude-code-zen/node_modules/@vitest/runner/dist/chunk-hooks.js:1436:51)\n    at callSuiteHook (file:///home/mhugo/code/claude-code-zen/node_modules/@vitest/runner/dist/chunk-hooks.js:1442:25)\n    at runTest (file:///home/mhugo/code/claude-code-zen/node_modules/@vitest/runner/dist/chunk-hooks.js:1597:11)\n    at async Promise.all (index 0)\n    at runSuite (file:///home/mhugo/code/claude-code-zen/node_modules/@vitest/runner/dist/chunk-hooks.js:1718:7)"
          ],
          "meta": {}
        },
        {
          "ancestorTitles": [
            "CommunicationEventAdapter",
            "📡 WebSocket Communication Events (London TDD)"
          ],
          "fullName": "CommunicationEventAdapter 📡 WebSocket Communication Events (London TDD) should track WebSocket message flow with correlation",
          "status": "failed",
          "title": "should track WebSocket message flow with correlation",
          "duration": 8.110762999999906,
          "failureMessages": [
            "ReferenceError: createLogger is not defined\n    at new CommunicationEventAdapter (/home/mhugo/code/claude-code-zen/src/interfaces/events/adapters/communication-event-adapter.ts:418:5)\n    at /home/mhugo/code/claude-code-zen/src/__tests__/unit/events/communication-event-adapter.test.ts:164:17\n    at file:///home/mhugo/code/claude-code-zen/node_modules/@vitest/runner/dist/chunk-hooks.js:155:11\n    at file:///home/mhugo/code/claude-code-zen/node_modules/@vitest/runner/dist/chunk-hooks.js:1897:20\n    at new Promise (<anonymous>)\n    at runWithTimeout (file:///home/mhugo/code/claude-code-zen/node_modules/@vitest/runner/dist/chunk-hooks.js:1863:10)\n    at runHook (file:///home/mhugo/code/claude-code-zen/node_modules/@vitest/runner/dist/chunk-hooks.js:1436:51)\n    at callSuiteHook (file:///home/mhugo/code/claude-code-zen/node_modules/@vitest/runner/dist/chunk-hooks.js:1442:25)\n    at runTest (file:///home/mhugo/code/claude-code-zen/node_modules/@vitest/runner/dist/chunk-hooks.js:1566:26)\n    at async Promise.all (index 1)",
            "TypeError: Cannot read properties of undefined (reading 'stop')\n    at /home/mhugo/code/claude-code-zen/src/__tests__/unit/events/communication-event-adapter.test.ts:203:21\n    at file:///home/mhugo/code/claude-code-zen/node_modules/@vitest/runner/dist/chunk-hooks.js:155:11\n    at file:///home/mhugo/code/claude-code-zen/node_modules/@vitest/runner/dist/chunk-hooks.js:1897:20\n    at new Promise (<anonymous>)\n    at runWithTimeout (file:///home/mhugo/code/claude-code-zen/node_modules/@vitest/runner/dist/chunk-hooks.js:1863:10)\n    at runHook (file:///home/mhugo/code/claude-code-zen/node_modules/@vitest/runner/dist/chunk-hooks.js:1436:51)\n    at callSuiteHook (file:///home/mhugo/code/claude-code-zen/node_modules/@vitest/runner/dist/chunk-hooks.js:1442:25)\n    at runTest (file:///home/mhugo/code/claude-code-zen/node_modules/@vitest/runner/dist/chunk-hooks.js:1597:11)\n    at async Promise.all (index 1)\n    at runSuite (file:///home/mhugo/code/claude-code-zen/node_modules/@vitest/runner/dist/chunk-hooks.js:1718:7)"
          ],
          "meta": {}
        },
        {
          "ancestorTitles": [
            "CommunicationEventAdapter",
            "📡 WebSocket Communication Events (London TDD)"
          ],
          "fullName": "CommunicationEventAdapter 📡 WebSocket Communication Events (London TDD) should handle WebSocket error events with proper priority",
          "status": "failed",
          "title": "should handle WebSocket error events with proper priority",
          "duration": 7.9750289999999495,
          "failureMessages": [
            "ReferenceError: createLogger is not defined\n    at new CommunicationEventAdapter (/home/mhugo/code/claude-code-zen/src/interfaces/events/adapters/communication-event-adapter.ts:418:5)\n    at /home/mhugo/code/claude-code-zen/src/__tests__/unit/events/communication-event-adapter.test.ts:164:17\n    at file:///home/mhugo/code/claude-code-zen/node_modules/@vitest/runner/dist/chunk-hooks.js:155:11\n    at file:///home/mhugo/code/claude-code-zen/node_modules/@vitest/runner/dist/chunk-hooks.js:1897:20\n    at new Promise (<anonymous>)\n    at runWithTimeout (file:///home/mhugo/code/claude-code-zen/node_modules/@vitest/runner/dist/chunk-hooks.js:1863:10)\n    at runHook (file:///home/mhugo/code/claude-code-zen/node_modules/@vitest/runner/dist/chunk-hooks.js:1436:51)\n    at callSuiteHook (file:///home/mhugo/code/claude-code-zen/node_modules/@vitest/runner/dist/chunk-hooks.js:1442:25)\n    at runTest (file:///home/mhugo/code/claude-code-zen/node_modules/@vitest/runner/dist/chunk-hooks.js:1566:26)\n    at async Promise.all (index 2)",
            "TypeError: Cannot read properties of undefined (reading 'stop')\n    at /home/mhugo/code/claude-code-zen/src/__tests__/unit/events/communication-event-adapter.test.ts:203:21\n    at file:///home/mhugo/code/claude-code-zen/node_modules/@vitest/runner/dist/chunk-hooks.js:155:11\n    at file:///home/mhugo/code/claude-code-zen/node_modules/@vitest/runner/dist/chunk-hooks.js:1897:20\n    at new Promise (<anonymous>)\n    at runWithTimeout (file:///home/mhugo/code/claude-code-zen/node_modules/@vitest/runner/dist/chunk-hooks.js:1863:10)\n    at runHook (file:///home/mhugo/code/claude-code-zen/node_modules/@vitest/runner/dist/chunk-hooks.js:1436:51)\n    at callSuiteHook (file:///home/mhugo/code/claude-code-zen/node_modules/@vitest/runner/dist/chunk-hooks.js:1442:25)\n    at runTest (file:///home/mhugo/code/claude-code-zen/node_modules/@vitest/runner/dist/chunk-hooks.js:1597:11)\n    at async Promise.all (index 2)\n    at runSuite (file:///home/mhugo/code/claude-code-zen/node_modules/@vitest/runner/dist/chunk-hooks.js:1718:7)"
          ],
          "meta": {}
        },
        {
          "ancestorTitles": [
            "CommunicationEventAdapter",
            "🔧 MCP Protocol Events (London TDD)"
          ],
          "fullName": "CommunicationEventAdapter 🔧 MCP Protocol Events (London TDD) should emit MCP tool execution event with tracking",
          "status": "failed",
          "title": "should emit MCP tool execution event with tracking",
          "duration": 7.879850000000033,
          "failureMessages": [
            "ReferenceError: createLogger is not defined\n    at new CommunicationEventAdapter (/home/mhugo/code/claude-code-zen/src/interfaces/events/adapters/communication-event-adapter.ts:418:5)\n    at /home/mhugo/code/claude-code-zen/src/__tests__/unit/events/communication-event-adapter.test.ts:314:17\n    at file:///home/mhugo/code/claude-code-zen/node_modules/@vitest/runner/dist/chunk-hooks.js:155:11\n    at file:///home/mhugo/code/claude-code-zen/node_modules/@vitest/runner/dist/chunk-hooks.js:1897:20\n    at new Promise (<anonymous>)\n    at runWithTimeout (file:///home/mhugo/code/claude-code-zen/node_modules/@vitest/runner/dist/chunk-hooks.js:1863:10)\n    at runHook (file:///home/mhugo/code/claude-code-zen/node_modules/@vitest/runner/dist/chunk-hooks.js:1436:51)\n    at callSuiteHook (file:///home/mhugo/code/claude-code-zen/node_modules/@vitest/runner/dist/chunk-hooks.js:1442:25)\n    at runTest (file:///home/mhugo/code/claude-code-zen/node_modules/@vitest/runner/dist/chunk-hooks.js:1566:26)\n    at async Promise.all (index 0)",
            "TypeError: Cannot read properties of undefined (reading 'stop')\n    at /home/mhugo/code/claude-code-zen/src/__tests__/unit/events/communication-event-adapter.test.ts:353:21\n    at file:///home/mhugo/code/claude-code-zen/node_modules/@vitest/runner/dist/chunk-hooks.js:155:11\n    at file:///home/mhugo/code/claude-code-zen/node_modules/@vitest/runner/dist/chunk-hooks.js:1897:20\n    at new Promise (<anonymous>)\n    at runWithTimeout (file:///home/mhugo/code/claude-code-zen/node_modules/@vitest/runner/dist/chunk-hooks.js:1863:10)\n    at runHook (file:///home/mhugo/code/claude-code-zen/node_modules/@vitest/runner/dist/chunk-hooks.js:1436:51)\n    at callSuiteHook (file:///home/mhugo/code/claude-code-zen/node_modules/@vitest/runner/dist/chunk-hooks.js:1442:25)\n    at runTest (file:///home/mhugo/code/claude-code-zen/node_modules/@vitest/runner/dist/chunk-hooks.js:1597:11)\n    at async Promise.all (index 0)\n    at runSuite (file:///home/mhugo/code/claude-code-zen/node_modules/@vitest/runner/dist/chunk-hooks.js:1718:7)"
          ],
          "meta": {}
        },
        {
          "ancestorTitles": [
            "CommunicationEventAdapter",
            "🔧 MCP Protocol Events (London TDD)"
          ],
          "fullName": "CommunicationEventAdapter 🔧 MCP Protocol Events (London TDD) should correlate MCP request-response pairs",
          "status": "failed",
          "title": "should correlate MCP request-response pairs",
          "duration": 7.844921999999997,
          "failureMessages": [
            "ReferenceError: createLogger is not defined\n    at new CommunicationEventAdapter (/home/mhugo/code/claude-code-zen/src/interfaces/events/adapters/communication-event-adapter.ts:418:5)\n    at /home/mhugo/code/claude-code-zen/src/__tests__/unit/events/communication-event-adapter.test.ts:314:17\n    at file:///home/mhugo/code/claude-code-zen/node_modules/@vitest/runner/dist/chunk-hooks.js:155:11\n    at file:///home/mhugo/code/claude-code-zen/node_modules/@vitest/runner/dist/chunk-hooks.js:1897:20\n    at new Promise (<anonymous>)\n    at runWithTimeout (file:///home/mhugo/code/claude-code-zen/node_modules/@vitest/runner/dist/chunk-hooks.js:1863:10)\n    at runHook (file:///home/mhugo/code/claude-code-zen/node_modules/@vitest/runner/dist/chunk-hooks.js:1436:51)\n    at callSuiteHook (file:///home/mhugo/code/claude-code-zen/node_modules/@vitest/runner/dist/chunk-hooks.js:1442:25)\n    at runTest (file:///home/mhugo/code/claude-code-zen/node_modules/@vitest/runner/dist/chunk-hooks.js:1566:26)\n    at async Promise.all (index 1)",
            "TypeError: Cannot read properties of undefined (reading 'stop')\n    at /home/mhugo/code/claude-code-zen/src/__tests__/unit/events/communication-event-adapter.test.ts:353:21\n    at file:///home/mhugo/code/claude-code-zen/node_modules/@vitest/runner/dist/chunk-hooks.js:155:11\n    at file:///home/mhugo/code/claude-code-zen/node_modules/@vitest/runner/dist/chunk-hooks.js:1897:20\n    at new Promise (<anonymous>)\n    at runWithTimeout (file:///home/mhugo/code/claude-code-zen/node_modules/@vitest/runner/dist/chunk-hooks.js:1863:10)\n    at runHook (file:///home/mhugo/code/claude-code-zen/node_modules/@vitest/runner/dist/chunk-hooks.js:1436:51)\n    at callSuiteHook (file:///home/mhugo/code/claude-code-zen/node_modules/@vitest/runner/dist/chunk-hooks.js:1442:25)\n    at runTest (file:///home/mhugo/code/claude-code-zen/node_modules/@vitest/runner/dist/chunk-hooks.js:1597:11)\n    at async Promise.all (index 1)\n    at runSuite (file:///home/mhugo/code/claude-code-zen/node_modules/@vitest/runner/dist/chunk-hooks.js:1718:7)"
          ],
          "meta": {}
        },
        {
          "ancestorTitles": [
            "CommunicationEventAdapter",
            "🔧 MCP Protocol Events (London TDD)"
          ],
          "fullName": "CommunicationEventAdapter 🔧 MCP Protocol Events (London TDD) should handle MCP timeout events with appropriate urgency",
          "status": "failed",
          "title": "should handle MCP timeout events with appropriate urgency",
          "duration": 7.8116509999999835,
          "failureMessages": [
            "ReferenceError: createLogger is not defined\n    at new CommunicationEventAdapter (/home/mhugo/code/claude-code-zen/src/interfaces/events/adapters/communication-event-adapter.ts:418:5)\n    at /home/mhugo/code/claude-code-zen/src/__tests__/unit/events/communication-event-adapter.test.ts:314:17\n    at file:///home/mhugo/code/claude-code-zen/node_modules/@vitest/runner/dist/chunk-hooks.js:155:11\n    at file:///home/mhugo/code/claude-code-zen/node_modules/@vitest/runner/dist/chunk-hooks.js:1897:20\n    at new Promise (<anonymous>)\n    at runWithTimeout (file:///home/mhugo/code/claude-code-zen/node_modules/@vitest/runner/dist/chunk-hooks.js:1863:10)\n    at runHook (file:///home/mhugo/code/claude-code-zen/node_modules/@vitest/runner/dist/chunk-hooks.js:1436:51)\n    at callSuiteHook (file:///home/mhugo/code/claude-code-zen/node_modules/@vitest/runner/dist/chunk-hooks.js:1442:25)\n    at runTest (file:///home/mhugo/code/claude-code-zen/node_modules/@vitest/runner/dist/chunk-hooks.js:1566:26)\n    at async Promise.all (index 2)",
            "TypeError: Cannot read properties of undefined (reading 'stop')\n    at /home/mhugo/code/claude-code-zen/src/__tests__/unit/events/communication-event-adapter.test.ts:353:21\n    at file:///home/mhugo/code/claude-code-zen/node_modules/@vitest/runner/dist/chunk-hooks.js:155:11\n    at file:///home/mhugo/code/claude-code-zen/node_modules/@vitest/runner/dist/chunk-hooks.js:1897:20\n    at new Promise (<anonymous>)\n    at runWithTimeout (file:///home/mhugo/code/claude-code-zen/node_modules/@vitest/runner/dist/chunk-hooks.js:1863:10)\n    at runHook (file:///home/mhugo/code/claude-code-zen/node_modules/@vitest/runner/dist/chunk-hooks.js:1436:51)\n    at callSuiteHook (file:///home/mhugo/code/claude-code-zen/node_modules/@vitest/runner/dist/chunk-hooks.js:1442:25)\n    at runTest (file:///home/mhugo/code/claude-code-zen/node_modules/@vitest/runner/dist/chunk-hooks.js:1597:11)\n    at async Promise.all (index 2)\n    at runSuite (file:///home/mhugo/code/claude-code-zen/node_modules/@vitest/runner/dist/chunk-hooks.js:1718:7)"
          ],
          "meta": {}
        },
        {
          "ancestorTitles": [
            "CommunicationEventAdapter",
            "🌐 HTTP Communication Events (London TDD)"
          ],
          "fullName": "CommunicationEventAdapter 🌐 HTTP Communication Events (London TDD) should emit HTTP request event with method and URL",
          "status": "failed",
          "title": "should emit HTTP request event with method and URL",
          "duration": 7.784077000000025,
          "failureMessages": [
            "ReferenceError: createLogger is not defined\n    at new CommunicationEventAdapter (/home/mhugo/code/claude-code-zen/src/interfaces/events/adapters/communication-event-adapter.ts:418:5)\n    at /home/mhugo/code/claude-code-zen/src/__tests__/unit/events/communication-event-adapter.test.ts:468:17\n    at file:///home/mhugo/code/claude-code-zen/node_modules/@vitest/runner/dist/chunk-hooks.js:155:11\n    at file:///home/mhugo/code/claude-code-zen/node_modules/@vitest/runner/dist/chunk-hooks.js:1897:20\n    at new Promise (<anonymous>)\n    at runWithTimeout (file:///home/mhugo/code/claude-code-zen/node_modules/@vitest/runner/dist/chunk-hooks.js:1863:10)\n    at runHook (file:///home/mhugo/code/claude-code-zen/node_modules/@vitest/runner/dist/chunk-hooks.js:1436:51)\n    at callSuiteHook (file:///home/mhugo/code/claude-code-zen/node_modules/@vitest/runner/dist/chunk-hooks.js:1442:25)\n    at runTest (file:///home/mhugo/code/claude-code-zen/node_modules/@vitest/runner/dist/chunk-hooks.js:1566:26)\n    at async Promise.all (index 0)",
            "TypeError: Cannot read properties of undefined (reading 'stop')\n    at /home/mhugo/code/claude-code-zen/src/__tests__/unit/events/communication-event-adapter.test.ts:500:21\n    at file:///home/mhugo/code/claude-code-zen/node_modules/@vitest/runner/dist/chunk-hooks.js:155:11\n    at file:///home/mhugo/code/claude-code-zen/node_modules/@vitest/runner/dist/chunk-hooks.js:1897:20\n    at new Promise (<anonymous>)\n    at runWithTimeout (file:///home/mhugo/code/claude-code-zen/node_modules/@vitest/runner/dist/chunk-hooks.js:1863:10)\n    at runHook (file:///home/mhugo/code/claude-code-zen/node_modules/@vitest/runner/dist/chunk-hooks.js:1436:51)\n    at callSuiteHook (file:///home/mhugo/code/claude-code-zen/node_modules/@vitest/runner/dist/chunk-hooks.js:1442:25)\n    at runTest (file:///home/mhugo/code/claude-code-zen/node_modules/@vitest/runner/dist/chunk-hooks.js:1597:11)\n    at async Promise.all (index 0)\n    at runSuite (file:///home/mhugo/code/claude-code-zen/node_modules/@vitest/runner/dist/chunk-hooks.js:1718:7)"
          ],
          "meta": {}
        },
        {
          "ancestorTitles": [
            "CommunicationEventAdapter",
            "🌐 HTTP Communication Events (London TDD)"
          ],
          "fullName": "CommunicationEventAdapter 🌐 HTTP Communication Events (London TDD) should track HTTP retry attempts",
          "status": "failed",
          "title": "should track HTTP retry attempts",
          "duration": 7.761584000000084,
          "failureMessages": [
            "ReferenceError: createLogger is not defined\n    at new CommunicationEventAdapter (/home/mhugo/code/claude-code-zen/src/interfaces/events/adapters/communication-event-adapter.ts:418:5)\n    at /home/mhugo/code/claude-code-zen/src/__tests__/unit/events/communication-event-adapter.test.ts:468:17\n    at file:///home/mhugo/code/claude-code-zen/node_modules/@vitest/runner/dist/chunk-hooks.js:155:11\n    at file:///home/mhugo/code/claude-code-zen/node_modules/@vitest/runner/dist/chunk-hooks.js:1897:20\n    at new Promise (<anonymous>)\n    at runWithTimeout (file:///home/mhugo/code/claude-code-zen/node_modules/@vitest/runner/dist/chunk-hooks.js:1863:10)\n    at runHook (file:///home/mhugo/code/claude-code-zen/node_modules/@vitest/runner/dist/chunk-hooks.js:1436:51)\n    at callSuiteHook (file:///home/mhugo/code/claude-code-zen/node_modules/@vitest/runner/dist/chunk-hooks.js:1442:25)\n    at runTest (file:///home/mhugo/code/claude-code-zen/node_modules/@vitest/runner/dist/chunk-hooks.js:1566:26)\n    at async Promise.all (index 1)",
            "TypeError: Cannot read properties of undefined (reading 'stop')\n    at /home/mhugo/code/claude-code-zen/src/__tests__/unit/events/communication-event-adapter.test.ts:500:21\n    at file:///home/mhugo/code/claude-code-zen/node_modules/@vitest/runner/dist/chunk-hooks.js:155:11\n    at file:///home/mhugo/code/claude-code-zen/node_modules/@vitest/runner/dist/chunk-hooks.js:1897:20\n    at new Promise (<anonymous>)\n    at runWithTimeout (file:///home/mhugo/code/claude-code-zen/node_modules/@vitest/runner/dist/chunk-hooks.js:1863:10)\n    at runHook (file:///home/mhugo/code/claude-code-zen/node_modules/@vitest/runner/dist/chunk-hooks.js:1436:51)\n    at callSuiteHook (file:///home/mhugo/code/claude-code-zen/node_modules/@vitest/runner/dist/chunk-hooks.js:1442:25)\n    at runTest (file:///home/mhugo/code/claude-code-zen/node_modules/@vitest/runner/dist/chunk-hooks.js:1597:11)\n    at async Promise.all (index 1)\n    at runSuite (file:///home/mhugo/code/claude-code-zen/node_modules/@vitest/runner/dist/chunk-hooks.js:1718:7)"
          ],
          "meta": {}
        },
        {
          "ancestorTitles": [
            "CommunicationEventAdapter",
            "🔀 Protocol Communication Events (London TDD)"
          ],
          "fullName": "CommunicationEventAdapter 🔀 Protocol Communication Events (London TDD) should emit protocol switching event with optimization details",
          "status": "failed",
          "title": "should emit protocol switching event with optimization details",
          "duration": 7.7027559999999085,
          "failureMessages": [
            "ReferenceError: createLogger is not defined\n    at new CommunicationEventAdapter (/home/mhugo/code/claude-code-zen/src/interfaces/events/adapters/communication-event-adapter.ts:418:5)\n    at /home/mhugo/code/claude-code-zen/src/__tests__/unit/events/communication-event-adapter.test.ts:580:17\n    at file:///home/mhugo/code/claude-code-zen/node_modules/@vitest/runner/dist/chunk-hooks.js:155:11\n    at file:///home/mhugo/code/claude-code-zen/node_modules/@vitest/runner/dist/chunk-hooks.js:1897:20\n    at new Promise (<anonymous>)\n    at runWithTimeout (file:///home/mhugo/code/claude-code-zen/node_modules/@vitest/runner/dist/chunk-hooks.js:1863:10)\n    at runHook (file:///home/mhugo/code/claude-code-zen/node_modules/@vitest/runner/dist/chunk-hooks.js:1436:51)\n    at callSuiteHook (file:///home/mhugo/code/claude-code-zen/node_modules/@vitest/runner/dist/chunk-hooks.js:1442:25)\n    at runTest (file:///home/mhugo/code/claude-code-zen/node_modules/@vitest/runner/dist/chunk-hooks.js:1566:26)\n    at async Promise.all (index 0)",
            "TypeError: Cannot read properties of undefined (reading 'stop')\n    at /home/mhugo/code/claude-code-zen/src/__tests__/unit/events/communication-event-adapter.test.ts:614:21\n    at file:///home/mhugo/code/claude-code-zen/node_modules/@vitest/runner/dist/chunk-hooks.js:155:11\n    at file:///home/mhugo/code/claude-code-zen/node_modules/@vitest/runner/dist/chunk-hooks.js:1897:20\n    at new Promise (<anonymous>)\n    at runWithTimeout (file:///home/mhugo/code/claude-code-zen/node_modules/@vitest/runner/dist/chunk-hooks.js:1863:10)\n    at runHook (file:///home/mhugo/code/claude-code-zen/node_modules/@vitest/runner/dist/chunk-hooks.js:1436:51)\n    at callSuiteHook (file:///home/mhugo/code/claude-code-zen/node_modules/@vitest/runner/dist/chunk-hooks.js:1442:25)\n    at runTest (file:///home/mhugo/code/claude-code-zen/node_modules/@vitest/runner/dist/chunk-hooks.js:1597:11)\n    at async Promise.all (index 0)\n    at runSuite (file:///home/mhugo/code/claude-code-zen/node_modules/@vitest/runner/dist/chunk-hooks.js:1718:7)"
          ],
          "meta": {}
        },
        {
          "ancestorTitles": [
            "CommunicationEventAdapter",
            "🔀 Protocol Communication Events (London TDD)"
          ],
          "fullName": "CommunicationEventAdapter 🔀 Protocol Communication Events (London TDD) should track protocol routing performance",
          "status": "failed",
          "title": "should track protocol routing performance",
          "duration": 8.014312000000018,
          "failureMessages": [
            "ReferenceError: createLogger is not defined\n    at new CommunicationEventAdapter (/home/mhugo/code/claude-code-zen/src/interfaces/events/adapters/communication-event-adapter.ts:418:5)\n    at /home/mhugo/code/claude-code-zen/src/__tests__/unit/events/communication-event-adapter.test.ts:580:17\n    at file:///home/mhugo/code/claude-code-zen/node_modules/@vitest/runner/dist/chunk-hooks.js:155:11\n    at file:///home/mhugo/code/claude-code-zen/node_modules/@vitest/runner/dist/chunk-hooks.js:1897:20\n    at new Promise (<anonymous>)\n    at runWithTimeout (file:///home/mhugo/code/claude-code-zen/node_modules/@vitest/runner/dist/chunk-hooks.js:1863:10)\n    at runHook (file:///home/mhugo/code/claude-code-zen/node_modules/@vitest/runner/dist/chunk-hooks.js:1436:51)\n    at callSuiteHook (file:///home/mhugo/code/claude-code-zen/node_modules/@vitest/runner/dist/chunk-hooks.js:1442:25)\n    at runTest (file:///home/mhugo/code/claude-code-zen/node_modules/@vitest/runner/dist/chunk-hooks.js:1566:26)\n    at async Promise.all (index 1)",
            "TypeError: Cannot read properties of undefined (reading 'stop')\n    at /home/mhugo/code/claude-code-zen/src/__tests__/unit/events/communication-event-adapter.test.ts:614:21\n    at file:///home/mhugo/code/claude-code-zen/node_modules/@vitest/runner/dist/chunk-hooks.js:155:11\n    at file:///home/mhugo/code/claude-code-zen/node_modules/@vitest/runner/dist/chunk-hooks.js:1897:20\n    at new Promise (<anonymous>)\n    at runWithTimeout (file:///home/mhugo/code/claude-code-zen/node_modules/@vitest/runner/dist/chunk-hooks.js:1863:10)\n    at runHook (file:///home/mhugo/code/claude-code-zen/node_modules/@vitest/runner/dist/chunk-hooks.js:1436:51)\n    at callSuiteHook (file:///home/mhugo/code/claude-code-zen/node_modules/@vitest/runner/dist/chunk-hooks.js:1442:25)\n    at runTest (file:///home/mhugo/code/claude-code-zen/node_modules/@vitest/runner/dist/chunk-hooks.js:1597:11)\n    at async Promise.all (index 1)\n    at runSuite (file:///home/mhugo/code/claude-code-zen/node_modules/@vitest/runner/dist/chunk-hooks.js:1718:7)"
          ],
          "meta": {}
        },
        {
          "ancestorTitles": [
            "CommunicationEventAdapter",
            "📊 Event Correlation and Performance (Classical TDD)"
          ],
          "fullName": "CommunicationEventAdapter 📊 Event Correlation and Performance (Classical TDD) should calculate communication efficiency correctly",
          "status": "failed",
          "title": "should calculate communication efficiency correctly",
          "duration": 7.972365999999965,
          "failureMessages": [
            "ReferenceError: createLogger is not defined\n    at new CommunicationEventAdapter (/home/mhugo/code/claude-code-zen/src/interfaces/events/adapters/communication-event-adapter.ts:418:5)\n    at /home/mhugo/code/claude-code-zen/src/__tests__/unit/events/communication-event-adapter.test.ts:694:17\n    at file:///home/mhugo/code/claude-code-zen/node_modules/@vitest/runner/dist/chunk-hooks.js:155:11\n    at file:///home/mhugo/code/claude-code-zen/node_modules/@vitest/runner/dist/chunk-hooks.js:1897:20\n    at new Promise (<anonymous>)\n    at runWithTimeout (file:///home/mhugo/code/claude-code-zen/node_modules/@vitest/runner/dist/chunk-hooks.js:1863:10)\n    at runHook (file:///home/mhugo/code/claude-code-zen/node_modules/@vitest/runner/dist/chunk-hooks.js:1436:51)\n    at callSuiteHook (file:///home/mhugo/code/claude-code-zen/node_modules/@vitest/runner/dist/chunk-hooks.js:1442:25)\n    at runTest (file:///home/mhugo/code/claude-code-zen/node_modules/@vitest/runner/dist/chunk-hooks.js:1566:26)\n    at async Promise.all (index 0)",
            "TypeError: Cannot read properties of undefined (reading 'stop')\n    at /home/mhugo/code/claude-code-zen/src/__tests__/unit/events/communication-event-adapter.test.ts:699:21\n    at file:///home/mhugo/code/claude-code-zen/node_modules/@vitest/runner/dist/chunk-hooks.js:155:11\n    at file:///home/mhugo/code/claude-code-zen/node_modules/@vitest/runner/dist/chunk-hooks.js:1897:20\n    at new Promise (<anonymous>)\n    at runWithTimeout (file:///home/mhugo/code/claude-code-zen/node_modules/@vitest/runner/dist/chunk-hooks.js:1863:10)\n    at runHook (file:///home/mhugo/code/claude-code-zen/node_modules/@vitest/runner/dist/chunk-hooks.js:1436:51)\n    at callSuiteHook (file:///home/mhugo/code/claude-code-zen/node_modules/@vitest/runner/dist/chunk-hooks.js:1442:25)\n    at runTest (file:///home/mhugo/code/claude-code-zen/node_modules/@vitest/runner/dist/chunk-hooks.js:1597:11)\n    at async Promise.all (index 0)\n    at runSuite (file:///home/mhugo/code/claude-code-zen/node_modules/@vitest/runner/dist/chunk-hooks.js:1718:7)"
          ],
          "meta": {}
        },
        {
          "ancestorTitles": [
            "CommunicationEventAdapter",
            "📊 Event Correlation and Performance (Classical TDD)"
          ],
          "fullName": "CommunicationEventAdapter 📊 Event Correlation and Performance (Classical TDD) should detect communication correlation completion patterns",
          "status": "failed",
          "title": "should detect communication correlation completion patterns",
          "duration": 7.929914000000053,
          "failureMessages": [
[...]
          ],
          "meta": {}
        },
        {
          "ancestorTitles": [
            "Enhanced Hook System - London TDD",
            "🛡️ Acceptance Tests - Safety Validation",
            "User Story: Validate Dangerous Commands"
          ],
          "fullName": "Enhanced Hook System - London TDD 🛡️ Acceptance Tests - Safety Validation User Story: Validate Dangerous Commands should provide safer alternatives for risky commands",
          "status": "failed",
          "title": "should provide safer alternatives for risky commands",
          "duration": 31.94432999999981,
          "failureMessages": [
            "TypeError: DefaultEnhancedHookManager is not a constructor\n    at /home/mhugo/code/claude-code-zen/src/__tests__/unit/london/coordination/hooks/hook-system.test.ts:32:19\n    at file:///home/mhugo/code/claude-code-zen/node_modules/@vitest/runner/dist/chunk-hooks.js:155:11\n    at file:///home/mhugo/code/claude-code-zen/node_modules/@vitest/runner/dist/chunk-hooks.js:1897:20\n    at new Promise (<anonymous>)\n    at runWithTimeout (file:///home/mhugo/code/claude-code-zen/node_modules/@vitest/runner/dist/chunk-hooks.js:1863:10)\n    at runHook (file:///home/mhugo/code/claude-code-zen/node_modules/@vitest/runner/dist/chunk-hooks.js:1436:51)\n    at callSuiteHook (file:///home/mhugo/code/claude-code-zen/node_modules/@vitest/runner/dist/chunk-hooks.js:1442:25)\n    at callSuiteHook (file:///home/mhugo/code/claude-code-zen/node_modules/@vitest/runner/dist/chunk-hooks.js:1429:21)\n    at callSuiteHook (file:///home/mhugo/code/claude-code-zen/node_modules/@vitest/runner/dist/chunk-hooks.js:1429:21)\n    at runTest (file:///home/mhugo/code/claude-code-zen/node_modules/@vitest/runner/dist/chunk-hooks.js:1566:26)"
          ],
          "meta": {}
        },
        {
          "ancestorTitles": [
            "Enhanced Hook System - London TDD",
            "🛡️ Acceptance Tests - Safety Validation",
            "User Story: Validate File Operations"
          ],
          "fullName": "Enhanced Hook System - London TDD 🛡️ Acceptance Tests - Safety Validation User Story: Validate File Operations should validate file access permissions",
          "status": "failed",
          "title": "should validate file access permissions",
          "duration": 31.85360300000002,
          "failureMessages": [
            "TypeError: DefaultEnhancedHookManager is not a constructor\n    at /home/mhugo/code/claude-code-zen/src/__tests__/unit/london/coordination/hooks/hook-system.test.ts:32:19\n    at file:///home/mhugo/code/claude-code-zen/node_modules/@vitest/runner/dist/chunk-hooks.js:155:11\n    at file:///home/mhugo/code/claude-code-zen/node_modules/@vitest/runner/dist/chunk-hooks.js:1897:20\n    at new Promise (<anonymous>)\n    at runWithTimeout (file:///home/mhugo/code/claude-code-zen/node_modules/@vitest/runner/dist/chunk-hooks.js:1863:10)\n    at runHook (file:///home/mhugo/code/claude-code-zen/node_modules/@vitest/runner/dist/chunk-hooks.js:1436:51)\n    at callSuiteHook (file:///home/mhugo/code/claude-code-zen/node_modules/@vitest/runner/dist/chunk-hooks.js:1442:25)\n    at callSuiteHook (file:///home/mhugo/code/claude-code-zen/node_modules/@vitest/runner/dist/chunk-hooks.js:1429:21)\n    at callSuiteHook (file:///home/mhugo/code/claude-code-zen/node_modules/@vitest/runner/dist/chunk-hooks.js:1429:21)\n    at runTest (file:///home/mhugo/code/claude-code-zen/node_modules/@vitest/runner/dist/chunk-hooks.js:1566:26)"
          ],
          "meta": {}
        },
        {
          "ancestorTitles": [
            "Enhanced Hook System - London TDD",
            "🤖 Acceptance Tests - Auto-Agent Assignment",
            "User Story: Assign Optimal Agents"
          ],
          "fullName": "Enhanced Hook System - London TDD 🤖 Acceptance Tests - Auto-Agent Assignment User Story: Assign Optimal Agents should assign agents based on file type",
          "status": "failed",
          "title": "should assign agents based on file type",
          "duration": 16.422201999999743,
          "failureMessages": [
            "TypeError: DefaultEnhancedHookManager is not a constructor\n    at /home/mhugo/code/claude-code-zen/src/__tests__/unit/london/coordination/hooks/hook-system.test.ts:32:19\n    at file:///home/mhugo/code/claude-code-zen/node_modules/@vitest/runner/dist/chunk-hooks.js:155:11\n    at file:///home/mhugo/code/claude-code-zen/node_modules/@vitest/runner/dist/chunk-hooks.js:1897:20\n    at new Promise (<anonymous>)\n    at runWithTimeout (file:///home/mhugo/code/claude-code-zen/node_modules/@vitest/runner/dist/chunk-hooks.js:1863:10)\n    at runHook (file:///home/mhugo/code/claude-code-zen/node_modules/@vitest/runner/dist/chunk-hooks.js:1436:51)\n    at callSuiteHook (file:///home/mhugo/code/claude-code-zen/node_modules/@vitest/runner/dist/chunk-hooks.js:1442:25)\n    at callSuiteHook (file:///home/mhugo/code/claude-code-zen/node_modules/@vitest/runner/dist/chunk-hooks.js:1429:21)\n    at callSuiteHook (file:///home/mhugo/code/claude-code-zen/node_modules/@vitest/runner/dist/chunk-hooks.js:1429:21)\n    at runTest (file:///home/mhugo/code/claude-code-zen/node_modules/@vitest/runner/dist/chunk-hooks.js:1566:26)"
          ],
          "meta": {}
        },
        {
          "ancestorTitles": [
            "Enhanced Hook System - London TDD",
            "🤖 Acceptance Tests - Auto-Agent Assignment",
            "User Story: Assign Optimal Agents"
          ],
          "fullName": "Enhanced Hook System - London TDD 🤖 Acceptance Tests - Auto-Agent Assignment User Story: Assign Optimal Agents should handle agent assignment failure gracefully",
          "status": "failed",
          "title": "should handle agent assignment failure gracefully",
          "duration": 15.363041000000067,
          "failureMessages": [
            "TypeError: DefaultEnhancedHookManager is not a constructor\n    at /home/mhugo/code/claude-code-zen/src/__tests__/unit/london/coordination/hooks/hook-system.test.ts:32:19\n    at file:///home/mhugo/code/claude-code-zen/node_modules/@vitest/runner/dist/chunk-hooks.js:155:11\n    at file:///home/mhugo/code/claude-code-zen/node_modules/@vitest/runner/dist/chunk-hooks.js:1897:20\n    at new Promise (<anonymous>)\n    at runWithTimeout (file:///home/mhugo/code/claude-code-zen/node_modules/@vitest/runner/dist/chunk-hooks.js:1863:10)\n    at runHook (file:///home/mhugo/code/claude-code-zen/node_modules/@vitest/runner/dist/chunk-hooks.js:1436:51)\n    at callSuiteHook (file:///home/mhugo/code/claude-code-zen/node_modules/@vitest/runner/dist/chunk-hooks.js:1442:25)\n    at callSuiteHook (file:///home/mhugo/code/claude-code-zen/node_modules/@vitest/runner/dist/chunk-hooks.js:1429:21)\n    at callSuiteHook (file:///home/mhugo/code/claude-code-zen/node_modules/@vitest/runner/dist/chunk-hooks.js:1429:21)\n    at runTest (file:///home/mhugo/code/claude-code-zen/node_modules/@vitest/runner/dist/chunk-hooks.js:1566:26)"
          ],
          "meta": {}
        },
        {
          "ancestorTitles": [
            "Enhanced Hook System - London TDD",
            "📊 Acceptance Tests - Performance Tracking",
            "User Story: Track Operation Performance"
          ],
          "fullName": "Enhanced Hook System - London TDD 📊 Acceptance Tests - Performance Tracking User Story: Track Operation Performance should track successful operations",
          "status": "failed",
          "title": "should track successful operations",
          "duration": 15.298510000000078,
          "failureMessages": [
            "TypeError: DefaultEnhancedHookManager is not a constructor\n    at /home/mhugo/code/claude-code-zen/src/__tests__/unit/london/coordination/hooks/hook-system.test.ts:32:19\n    at file:///home/mhugo/code/claude-code-zen/node_modules/@vitest/runner/dist/chunk-hooks.js:155:11\n    at file:///home/mhugo/code/claude-code-zen/node_modules/@vitest/runner/dist/chunk-hooks.js:1897:20\n    at new Promise (<anonymous>)\n    at runWithTimeout (file:///home/mhugo/code/claude-code-zen/node_modules/@vitest/runner/dist/chunk-hooks.js:1863:10)\n    at runHook (file:///home/mhugo/code/claude-code-zen/node_modules/@vitest/runner/dist/chunk-hooks.js:1436:51)\n    at callSuiteHook (file:///home/mhugo/code/claude-code-zen/node_modules/@vitest/runner/dist/chunk-hooks.js:1442:25)\n    at callSuiteHook (file:///home/mhugo/code/claude-code-zen/node_modules/@vitest/runner/dist/chunk-hooks.js:1429:21)\n    at callSuiteHook (file:///home/mhugo/code/claude-code-zen/node_modules/@vitest/runner/dist/chunk-hooks.js:1429:21)\n    at runTest (file:///home/mhugo/code/claude-code-zen/node_modules/@vitest/runner/dist/chunk-hooks.js:1566:26)"
          ],
          "meta": {}
        },
        {
          "ancestorTitles": [
            "Enhanced Hook System - London TDD",
            "📊 Acceptance Tests - Performance Tracking",
            "User Story: Track Operation Performance"
          ],
          "fullName": "Enhanced Hook System - London TDD 📊 Acceptance Tests - Performance Tracking User Story: Track Operation Performance should generate performance metrics",
          "status": "failed",
          "title": "should generate performance metrics",
          "duration": 15.272101999999904,
          "failureMessages": [
            "TypeError: DefaultEnhancedHookManager is not a constructor\n    at /home/mhugo/code/claude-code-zen/src/__tests__/unit/london/coordination/hooks/hook-system.test.ts:32:19\n    at file:///home/mhugo/code/claude-code-zen/node_modules/@vitest/runner/dist/chunk-hooks.js:155:11\n    at file:///home/mhugo/code/claude-code-zen/node_modules/@vitest/runner/dist/chunk-hooks.js:1897:20\n    at new Promise (<anonymous>)\n    at runWithTimeout (file:///home/mhugo/code/claude-code-zen/node_modules/@vitest/runner/dist/chunk-hooks.js:1863:10)\n    at runHook (file:///home/mhugo/code/claude-code-zen/node_modules/@vitest/runner/dist/chunk-hooks.js:1436:51)\n    at callSuiteHook (file:///home/mhugo/code/claude-code-zen/node_modules/@vitest/runner/dist/chunk-hooks.js:1442:25)\n    at callSuiteHook (file:///home/mhugo/code/claude-code-zen/node_modules/@vitest/runner/dist/chunk-hooks.js:1429:21)\n    at callSuiteHook (file:///home/mhugo/code/claude-code-zen/node_modules/@vitest/runner/dist/chunk-hooks.js:1429:21)\n    at runTest (file:///home/mhugo/code/claude-code-zen/node_modules/@vitest/runner/dist/chunk-hooks.js:1566:26)"
          ],
          "meta": {}
        },
        {
          "ancestorTitles": [
            "Enhanced Hook System - London TDD",
            "🔄 Acceptance Tests - Context Loading",
            "User Story: Load Operation Context"
          ],
          "fullName": "Enhanced Hook System - London TDD 🔄 Acceptance Tests - Context Loading User Story: Load Operation Context should load context for operations",
          "status": "failed",
          "title": "should load context for operations",
          "duration": 15.249015000000327,
          "failureMessages": [
            "TypeError: DefaultEnhancedHookManager is not a constructor\n    at /home/mhugo/code/claude-code-zen/src/__tests__/unit/london/coordination/hooks/hook-system.test.ts:32:19\n    at file:///home/mhugo/code/claude-code-zen/node_modules/@vitest/runner/dist/chunk-hooks.js:155:11\n    at file:///home/mhugo/code/claude-code-zen/node_modules/@vitest/runner/dist/chunk-hooks.js:1897:20\n    at new Promise (<anonymous>)\n    at runWithTimeout (file:///home/mhugo/code/claude-code-zen/node_modules/@vitest/runner/dist/chunk-hooks.js:1863:10)\n    at runHook (file:///home/mhugo/code/claude-code-zen/node_modules/@vitest/runner/dist/chunk-hooks.js:1436:51)\n    at callSuiteHook (file:///home/mhugo/code/claude-code-zen/node_modules/@vitest/runner/dist/chunk-hooks.js:1442:25)\n    at callSuiteHook (file:///home/mhugo/code/claude-code-zen/node_modules/@vitest/runner/dist/chunk-hooks.js:1429:21)\n    at callSuiteHook (file:///home/mhugo/code/claude-code-zen/node_modules/@vitest/runner/dist/chunk-hooks.js:1429:21)\n    at runTest (file:///home/mhugo/code/claude-code-zen/node_modules/@vitest/runner/dist/chunk-hooks.js:1566:26)"
          ],
          "meta": {}
        },
        {
          "ancestorTitles": [
            "Enhanced Hook System - London TDD",
            "🔄 Acceptance Tests - Context Loading",
            "User Story: Load Operation Context"
          ],
          "fullName": "Enhanced Hook System - London TDD 🔄 Acceptance Tests - Context Loading User Story: Load Operation Context should handle context loading failure gracefully",
          "status": "failed",
          "title": "should handle context loading failure gracefully",
          "duration": 15.232170999999653,
          "failureMessages": [
            "TypeError: DefaultEnhancedHookManager is not a constructor\n    at /home/mhugo/code/claude-code-zen/src/__tests__/unit/london/coordination/hooks/hook-system.test.ts:32:19\n    at file:///home/mhugo/code/claude-code-zen/node_modules/@vitest/runner/dist/chunk-hooks.js:155:11\n    at file:///home/mhugo/code/claude-code-zen/node_modules/@vitest/runner/dist/chunk-hooks.js:1897:20\n    at new Promise (<anonymous>)\n    at runWithTimeout (file:///home/mhugo/code/claude-code-zen/node_modules/@vitest/runner/dist/chunk-hooks.js:1863:10)\n    at runHook (file:///home/mhugo/code/claude-code-zen/node_modules/@vitest/runner/dist/chunk-hooks.js:1436:51)\n    at callSuiteHook (file:///home/mhugo/code/claude-code-zen/node_modules/@vitest/runner/dist/chunk-hooks.js:1442:25)\n    at callSuiteHook (file:///home/mhugo/code/claude-code-zen/node_modules/@vitest/runner/dist/chunk-hooks.js:1429:21)\n    at callSuiteHook (file:///home/mhugo/code/claude-code-zen/node_modules/@vitest/runner/dist/chunk-hooks.js:1429:21)\n    at runTest (file:///home/mhugo/code/claude-code-zen/node_modules/@vitest/runner/dist/chunk-hooks.js:1566:26)"
          ],
          "meta": {}
        },
        {
          "ancestorTitles": [
            "Enhanced Hook System - London TDD",
            "🎨 Acceptance Tests - Auto-Formatting",
            "User Story: Format Code Files"
          ],
          "fullName": "Enhanced Hook System - London TDD 🎨 Acceptance Tests - Auto-Formatting User Story: Format Code Files should suggest formatting for TypeScript files",
          "status": "failed",
          "title": "should suggest formatting for TypeScript files",
          "duration": 15.227268999999978,
          "failureMessages": [
            "TypeError: DefaultEnhancedHookManager is not a constructor\n    at /home/mhugo/code/claude-code-zen/src/__tests__/unit/london/coordination/hooks/hook-system.test.ts:32:19\n    at file:///home/mhugo/code/claude-code-zen/node_modules/@vitest/runner/dist/chunk-hooks.js:155:11\n    at file:///home/mhugo/code/claude-code-zen/node_modules/@vitest/runner/dist/chunk-hooks.js:1897:20\n    at new Promise (<anonymous>)\n    at runWithTimeout (file:///home/mhugo/code/claude-code-zen/node_modules/@vitest/runner/dist/chunk-hooks.js:1863:10)\n    at runHook (file:///home/mhugo/code/claude-code-zen/node_modules/@vitest/runner/dist/chunk-hooks.js:1436:51)\n    at callSuiteHook (file:///home/mhugo/code/claude-code-zen/node_modules/@vitest/runner/dist/chunk-hooks.js:1442:25)\n    at callSuiteHook (file:///home/mhugo/code/claude-code-zen/node_modules/@vitest/runner/dist/chunk-hooks.js:1429:21)\n    at callSuiteHook (file:///home/mhugo/code/claude-code-zen/node_modules/@vitest/runner/dist/chunk-hooks.js:1429:21)\n    at runTest (file:///home/mhugo/code/claude-code-zen/node_modules/@vitest/runner/dist/chunk-hooks.js:1566:26)"
          ],
          "meta": {}
        },
        {
          "ancestorTitles": [
            "Enhanced Hook System - London TDD",
            "🎨 Acceptance Tests - Auto-Formatting",
            "User Story: Format Code Files"
          ],
          "fullName": "Enhanced Hook System - London TDD 🎨 Acceptance Tests - Auto-Formatting User Story: Format Code Files should suggest appropriate formatter for different file types",
          "status": "failed",
          "title": "should suggest appropriate formatter for different file types",
          "duration": 15.208016000000043,
          "failureMessages": [
            "TypeError: DefaultEnhancedHookManager is not a constructor\n    at /home/mhugo/code/claude-code-zen/src/__tests__/unit/london/coordination/hooks/hook-system.test.ts:32:19\n    at file:///home/mhugo/code/claude-code-zen/node_modules/@vitest/runner/dist/chunk-hooks.js:155:11\n    at file:///home/mhugo/code/claude-code-zen/node_modules/@vitest/runner/dist/chunk-hooks.js:1897:20\n    at new Promise (<anonymous>)\n    at runWithTimeout (file:///home/mhugo/code/claude-code-zen/node_modules/@vitest/runner/dist/chunk-hooks.js:1863:10)\n    at runHook (file:///home/mhugo/code/claude-code-zen/node_modules/@vitest/runner/dist/chunk-hooks.js:1436:51)\n    at callSuiteHook (file:///home/mhugo/code/claude-code-zen/node_modules/@vitest/runner/dist/chunk-hooks.js:1442:25)\n    at callSuiteHook (file:///home/mhugo/code/claude-code-zen/node_modules/@vitest/runner/dist/chunk-hooks.js:1429:21)\n    at callSuiteHook (file:///home/mhugo/code/claude-code-zen/node_modules/@vitest/runner/dist/chunk-hooks.js:1429:21)\n    at runTest (file:///home/mhugo/code/claude-code-zen/node_modules/@vitest/runner/dist/chunk-hooks.js:1566:26)"
          ],
          "meta": {}
        },
        {
          "ancestorTitles": [
            "Enhanced Hook System - London TDD",
            "🧪 London School Patterns - Hook Workflow"
          ],
          "fullName": "Enhanced Hook System - London TDD 🧪 London School Patterns - Hook Workflow should demonstrate complete enhanced hook lifecycle",
          "status": "failed",
          "title": "should demonstrate complete enhanced hook lifecycle",
          "duration": 32.95724599999994,
          "failureMessages": [
            "TypeError: DefaultEnhancedHookManager is not a constructor\n    at /home/mhugo/code/claude-code-zen/src/__tests__/unit/london/coordination/hooks/hook-system.test.ts:32:19\n    at file:///home/mhugo/code/claude-code-zen/node_modules/@vitest/runner/dist/chunk-hooks.js:155:11\n    at file:///home/mhugo/code/claude-code-zen/node_modules/@vitest/runner/dist/chunk-hooks.js:1897:20\n    at new Promise (<anonymous>)\n    at runWithTimeout (file:///home/mhugo/code/claude-code-zen/node_modules/@vitest/runner/dist/chunk-hooks.js:1863:10)\n    at runHook (file:///home/mhugo/code/claude-code-zen/node_modules/@vitest/runner/dist/chunk-hooks.js:1436:51)\n    at callSuiteHook (file:///home/mhugo/code/claude-code-zen/node_modules/@vitest/runner/dist/chunk-hooks.js:1442:25)\n    at callSuiteHook (file:///home/mhugo/code/claude-code-zen/node_modules/@vitest/runner/dist/chunk-hooks.js:1429:21)\n    at runTest (file:///home/mhugo/code/claude-code-zen/node_modules/@vitest/runner/dist/chunk-hooks.js:1566:26)\n    at async Promise.all (index 0)"
          ],
          "meta": {}
        }
      ],
      "startTime": 1754899579045,
      "endTime": 1754899579095.363,
      "status": "failed",
      "message": "",
      "name": "/home/mhugo/code/claude-code-zen/src/__tests__/unit/london/coordination/hooks/hook-system.test.ts"
    }
  ]
}
