{"numTotalTestSuites":2,"numPassedTestSuites":2,"numFailedTestSuites":0,"numPendingTestSuites":0,"numTotalTests":8,"numPassedTests":8,"numFailedTests":0,"numPendingTests":0,"numTodoTests":0,"snapshot":{"added":0,"failure":false,"filesAdded":0,"filesRemoved":0,"filesRemovedList":[],"filesUnmatched":0,"filesUpdated":0,"matched":0,"total":0,"unchecked":0,"uncheckedKeysByFile":[],"unmatched":0,"updated":0,"didUpdate":false},"startTime":1754858286626,"success":true,"testResults":[{"assertionResults":[{"ancestorTitles":["Product Workflow Engine Gates Integration - Simple Tests"],"fullName":"Product Workflow Engine Gates Integration - Simple Tests should validate gate integration concepts","status":"passed","title":"should validate gate integration concepts","duration":3.4694600000000264,"failureMessages":[],"meta":{}},{"ancestorTitles":["Product Workflow Engine Gates Integration - Simple Tests"],"fullName":"Product Workflow Engine Gates Integration - Simple Tests should validate gate escalation level mapping","status":"passed","title":"should validate gate escalation level mapping","duration":0.7667229999999563,"failureMessages":[],"meta":{}},{"ancestorTitles":["Product Workflow Engine Gates Integration - Simple Tests"],"fullName":"Product Workflow Engine Gates Integration - Simple Tests should validate gate response interpretation","status":"passed","title":"should validate gate response interpretation","duration":0.920415999999932,"failureMessages":[],"meta":{}},{"ancestorTitles":["Product Workflow Engine Gates Integration - Simple Tests"],"fullName":"Product Workflow Engine Gates Integration - Simple Tests should validate workflow state transitions with gates","status":"passed","title":"should validate workflow state transitions with gates","duration":1.1638609999999971,"failureMessages":[],"meta":{}},{"ancestorTitles":["Product Workflow Engine Gates Integration - Simple Tests"],"fullName":"Product Workflow Engine Gates Integration - Simple Tests should validate gate configuration structure","status":"passed","title":"should validate gate configuration structure","duration":1.1001719999999295,"failureMessages":[],"meta":{}},{"ancestorTitles":["Product Workflow Engine Gates Integration - Simple Tests"],"fullName":"Product Workflow Engine Gates Integration - Simple Tests should validate timeout configuration structure","status":"passed","title":"should validate timeout configuration structure","duration":0.5737790000000587,"failureMessages":[],"meta":{}},{"ancestorTitles":["Product Workflow Engine Gates Integration - Simple Tests"],"fullName":"Product Workflow Engine Gates Integration - Simple Tests should validate gate metrics structure","status":"passed","title":"should validate gate metrics structure","duration":0.5271549999999934,"failureMessages":[],"meta":{}},{"ancestorTitles":["Product Workflow Engine Gates Integration - Simple Tests"],"fullName":"Product Workflow Engine Gates Integration - Simple Tests should validate workflow context structure","status":"passed","title":"should validate workflow context structure","duration":0.7198369999998704,"failureMessages":[],"meta":{}}],"startTime":1754858287524,"endTime":1754858287533.7197,"status":"passed","message":"","name":"/home/mhugo/code/claude-code-zen/src/__tests__/coordination/orchestration/product-workflow-gates-simple.test.ts"}]}