{
  "numTotalTestSuites": 14,
  "numPassedTestSuites": 4,
  "numFailedTestSuites": 10,
  "numPendingTestSuites": 0,
  "numTotalTests": 17,
  "numPassedTests": 4,
  "numFailedTests": 2,
  "numPendingTests": 11,
  "numTodoTests": 0,
  "snapshot": {
    "added": 0,
    "failure": false,
    "filesAdded": 0,
    "filesRemoved": 0,
    "filesRemovedList": [],
    "filesUnmatched": 0,
    "filesUpdated": 0,
    "matched": 0,
    "total": 0,
    "unchecked": 0,
    "uncheckedKeysByFile": [],
    "unmatched": 0,
    "updated": 0,
    "didUpdate": false
  },
  "startTime": 1754585509482,
  "success": false,
  "testResults": [
    {
      "assertionResults": [],
      "startTime": 1754585509482,
      "endTime": 1754585509482,
      "status": "failed",
      "message": "Failed to resolve import \"../../database/core/database-coordinator\" from \"src/__tests__/e2e/complete-product-flow-sparc.test.ts\". Does the file exist?",
      "name": "/home/mhugo/code/claude-code-zen/src/__tests__/e2e/complete-product-flow-sparc.test.ts"
    },
    {
      "assertionResults": [],
      "startTime": 1754585509482,
      "endTime": 1754585509482,
      "status": "failed",
      "message": "Failed to resolve import \"../../coordination/mcp/mcp-server\" from \"src/__tests__/e2e/complete-workflow-automation.test.ts\". Does the file exist?",
      "name": "/home/mhugo/code/claude-code-zen/src/__tests__/e2e/complete-workflow-automation.test.ts"
    },
    {
      "assertionResults": [],
      "startTime": 1754585509482,
      "endTime": 1754585509482,
      "status": "failed",
      "message": "Failed to resolve import \"sqlite3\" from \"src/__tests__/helpers/integration-test-setup.ts\". Does the file exist?",
      "name": "/home/mhugo/code/claude-code-zen/src/__tests__/e2e/github-integration.test.ts"
    },
    {
      "assertionResults": [],
      "startTime": 1754585509482,
      "endTime": 1754585509482,
      "status": "failed",
      "message": "Failed to resolve import \"sqlite3\" from \"src/__tests__/helpers/integration-test-setup.ts\". Does the file exist?",
      "name": "/home/mhugo/code/claude-code-zen/src/__tests__/e2e/performance-load-testing.test.ts"
    },
    {
      "assertionResults": [],
      "startTime": 1754585509482,
      "endTime": 1754585509482,
      "status": "failed",
      "message": "Failed to resolve import \"sqlite3\" from \"src/__tests__/helpers/integration-test-setup.ts\". Does the file exist?",
      "name": "/home/mhugo/code/claude-code-zen/src/__tests__/e2e/real-time-collaboration.test.ts"
    },
    {
      "assertionResults": [
        {
          "ancestorTitles": [
            "Simplified E2E Workflow Tests",
            "Document-Driven Development Workflow"
          ],
          "fullName": "Simplified E2E Workflow Tests Document-Driven Development Workflow should process a vision document successfully",
          "status": "passed",
          "title": "should process a vision document successfully",
          "duration": 5.065132000000176,
          "failureMessages": [],
          "meta": {}
        },
        {
          "ancestorTitles": [
            "Simplified E2E Workflow Tests",
            "Document-Driven Development Workflow"
          ],
          "fullName": "Simplified E2E Workflow Tests Document-Driven Development Workflow should handle multiple document types in sequence",
          "status": "failed",
          "title": "should handle multiple document types in sequence",
          "duration": 15.83321399999977,
          "failureMessages": [
            "AssertionError: expected 9 to be 3 // Object.is equality\n    at /home/mhugo/code/claude-code-zen/src/__tests__/e2e/simplified-workflow.test.ts:142:41\n    at file:///home/mhugo/code/claude-code-zen/node_modules/@vitest/runner/dist/index.js:533:5\n    at runTest (file:///home/mhugo/code/claude-code-zen/node_modules/@vitest/runner/dist/index.js:1056:11)\n    at runSuite (file:///home/mhugo/code/claude-code-zen/node_modules/@vitest/runner/dist/index.js:1205:15)\n    at runSuite (file:///home/mhugo/code/claude-code-zen/node_modules/@vitest/runner/dist/index.js:1205:15)\n    at runSuite (file:///home/mhugo/code/claude-code-zen/node_modules/@vitest/runner/dist/index.js:1205:15)\n    at runFiles (file:///home/mhugo/code/claude-code-zen/node_modules/@vitest/runner/dist/index.js:1262:5)\n    at startTests (file:///home/mhugo/code/claude-code-zen/node_modules/@vitest/runner/dist/index.js:1271:3)\n    at file:///home/mhugo/code/claude-code-zen/node_modules/vitest/dist/chunks/runBaseTests.3qpJUEJM.js:126:11\n    at withEnv (file:///home/mhugo/code/claude-code-zen/node_modules/vitest/dist/chunks/runBaseTests.3qpJUEJM.js:90:5)"
          ],
          "meta": {}
        },
        {
          "ancestorTitles": [
            "Simplified E2E Workflow Tests",
            "Document-Driven Development Workflow"
          ],
          "fullName": "Simplified E2E Workflow Tests Document-Driven Development Workflow should extract metadata from documents correctly",
          "status": "passed",
          "title": "should extract metadata from documents correctly",
          "duration": 6.12422800000013,
          "failureMessages": [],
          "meta": {}
        },
        {
          "ancestorTitles": [
            "Simplified E2E Workflow Tests",
            "Document-Driven Development Workflow"
          ],
          "fullName": "Simplified E2E Workflow Tests Document-Driven Development Workflow should maintain workspace state correctly",
          "status": "passed",
          "title": "should maintain workspace state correctly",
          "duration": 13.901908000000276,
          "failureMessages": [],
          "meta": {}
        },
        {
          "ancestorTitles": [
            "Simplified E2E Workflow Tests",
            "Document-Driven Development Workflow"
          ],
          "fullName": "Simplified E2E Workflow Tests Document-Driven Development Workflow should handle concurrent document processing gracefully",
          "status": "passed",
          "title": "should handle concurrent document processing gracefully",
          "duration": 17.100600000000213,
          "failureMessages": [],
          "meta": {}
        },
        {
          "ancestorTitles": [
            "Simplified E2E Workflow Tests",
            "Document-Driven Development Workflow"
          ],
          "fullName": "Simplified E2E Workflow Tests Document-Driven Development Workflow should demonstrate complete workflow efficiency",
          "status": "failed",
          "title": "should demonstrate complete workflow efficiency",
          "duration": 52.48784599999999,
          "failureMessages": [
            "AssertionError: expected 38 to be 6 // Object.is equality\n    at /home/mhugo/code/claude-code-zen/src/__tests__/e2e/simplified-workflow.test.ts:393:30\n    at file:///home/mhugo/code/claude-code-zen/node_modules/@vitest/runner/dist/index.js:533:5\n    at runTest (file:///home/mhugo/code/claude-code-zen/node_modules/@vitest/runner/dist/index.js:1056:11)\n    at runSuite (file:///home/mhugo/code/claude-code-zen/node_modules/@vitest/runner/dist/index.js:1205:15)\n    at runSuite (file:///home/mhugo/code/claude-code-zen/node_modules/@vitest/runner/dist/index.js:1205:15)\n    at runSuite (file:///home/mhugo/code/claude-code-zen/node_modules/@vitest/runner/dist/index.js:1205:15)\n    at runFiles (file:///home/mhugo/code/claude-code-zen/node_modules/@vitest/runner/dist/index.js:1262:5)\n    at startTests (file:///home/mhugo/code/claude-code-zen/node_modules/@vitest/runner/dist/index.js:1271:3)\n    at file:///home/mhugo/code/claude-code-zen/node_modules/vitest/dist/chunks/runBaseTests.3qpJUEJM.js:126:11\n    at withEnv (file:///home/mhugo/code/claude-code-zen/node_modules/vitest/dist/chunks/runBaseTests.3qpJUEJM.js:90:5)"
          ],
          "meta": {}
        }
      ],
      "startTime": 1754585511982,
      "endTime": 1754585512092.4878,
      "status": "failed",
      "message": "",
      "name": "/home/mhugo/code/claude-code-zen/src/__tests__/e2e/simplified-workflow.test.ts"
    },
    {
      "assertionResults": [
        {
          "ancestorTitles": ["Maestro Steering CLI End-to-End", "maestro init-steering command"],
          "fullName": "Maestro Steering CLI End-to-End maestro init-steering command should create steering document with default content",
          "status": "skipped",
          "title": "should create steering document with default content",
          "failureMessages": [],
          "meta": {}
        },
        {
          "ancestorTitles": ["Maestro Steering CLI End-to-End", "maestro init-steering command"],
          "fullName": "Maestro Steering CLI End-to-End maestro init-steering command should create steering document with custom content",
          "status": "skipped",
          "title": "should create steering document with custom content",
          "failureMessages": [],
          "meta": {}
        },
        {
          "ancestorTitles": ["Maestro Steering CLI End-to-End", "maestro init-steering command"],
          "fullName": "Maestro Steering CLI End-to-End maestro init-steering command should handle multiple steering document creation",
          "status": "skipped",
          "title": "should handle multiple steering document creation",
          "failureMessages": [],
          "meta": {}
        },
        {
          "ancestorTitles": [
            "Maestro Steering CLI End-to-End",
            "maestro create-spec with steering integration"
          ],
          "fullName": "Maestro Steering CLI End-to-End maestro create-spec with steering integration should create spec with steering context integration",
          "status": "skipped",
          "title": "should create spec with steering context integration",
          "failureMessages": [],
          "meta": {}
        },
        {
          "ancestorTitles": [
            "Maestro Steering CLI End-to-End",
            "maestro create-spec with steering integration"
          ],
          "fullName": "Maestro Steering CLI End-to-End maestro create-spec with steering integration should complete full workflow from steering to implementation",
          "status": "skipped",
          "title": "should complete full workflow from steering to implementation",
          "failureMessages": [],
          "meta": {}
        },
        {
          "ancestorTitles": [
            "Maestro Steering CLI End-to-End",
            "CLI error handling and validation"
          ],
          "fullName": "Maestro Steering CLI End-to-End CLI error handling and validation should handle invalid domain names in steering creation",
          "status": "skipped",
          "title": "should handle invalid domain names in steering creation",
          "failureMessages": [],
          "meta": {}
        },
        {
          "ancestorTitles": [
            "Maestro Steering CLI End-to-End",
            "CLI error handling and validation"
          ],
          "fullName": "Maestro Steering CLI End-to-End CLI error handling and validation should provide helpful error messages for missing dependencies",
          "status": "skipped",
          "title": "should provide helpful error messages for missing dependencies",
          "failureMessages": [],
          "meta": {}
        },
        {
          "ancestorTitles": [
            "Maestro Steering CLI End-to-End",
            "CLI error handling and validation"
          ],
          "fullName": "Maestro Steering CLI End-to-End CLI error handling and validation should validate steering document content and structure",
          "status": "skipped",
          "title": "should validate steering document content and structure",
          "failureMessages": [],
          "meta": {}
        },
        {
          "ancestorTitles": ["Maestro Steering CLI End-to-End", "CLI performance and usability"],
          "fullName": "Maestro Steering CLI End-to-End CLI performance and usability should complete steering operations within acceptable time",
          "status": "skipped",
          "title": "should complete steering operations within acceptable time",
          "failureMessages": [],
          "meta": {}
        },
        {
          "ancestorTitles": ["Maestro Steering CLI End-to-End", "CLI performance and usability"],
          "fullName": "Maestro Steering CLI End-to-End CLI performance and usability should provide clear progress feedback during operations",
          "status": "skipped",
          "title": "should provide clear progress feedback during operations",
          "failureMessages": [],
          "meta": {}
        },
        {
          "ancestorTitles": ["Maestro Steering CLI End-to-End", "CLI performance and usability"],
          "fullName": "Maestro Steering CLI End-to-End CLI performance and usability should handle concurrent CLI operations gracefully",
          "status": "skipped",
          "title": "should handle concurrent CLI operations gracefully",
          "failureMessages": [],
          "meta": {}
        }
      ],
      "startTime": 1754585509482,
      "endTime": 1754585509482,
      "status": "failed",
      "message": "",
      "name": "/home/mhugo/code/claude-code-zen/src/__tests__/e2e/maestro/steering-cli.test.ts"
    }
  ]
}
