{"numTotalTestSuites":63,"numPassedTestSuites":58,"numFailedTestSuites":5,"numPendingTestSuites":0,"numTotalTests":16,"numPassedTests":7,"numFailedTests":9,"numPendingTests":0,"numTodoTests":0,"snapshot":{"added":0,"failure":false,"filesAdded":0,"filesRemoved":0,"filesRemovedList":[],"filesUnmatched":0,"filesUpdated":0,"matched":0,"total":0,"unchecked":0,"uncheckedKeysByFile":[],"unmatched":0,"updated":0,"didUpdate":false},"startTime":1756903675605,"success":false,"testResults":[{"assertionResults":[],"startTime":1756903675605,"endTime":1756903675605,"status":"passed","message":"","name":"/home/mhugo/code/zenflow/apps/web-dashboard/src/index.test.ts"},{"assertionResults":[{"ancestorTitles":["Boot Sequence Tests","Core System"],"fullName":"Boot Sequence Tests Core System should create core system with default config","status":"passed","title":"should create core system with default config","duration":6031.164049000001,"failureMessages":[],"meta":{}},{"ancestorTitles":["Boot Sequence Tests","Core System"],"fullName":"Boot Sequence Tests Core System should initialize core system successfully","status":"failed","title":"should initialize core system successfully","duration":6031.5873440000005,"failureMessages":["Error: promise rejected \"ReferenceError: TaskMaster is not defined\" instead of resolving\n    at _Assertion.__VITEST_RESOLVES__ (file:///home/mhugo/code/zenflow/node_modules/.pnpm/@vitest+expect@3.2.4/node_modules/@vitest/expect/dist/index.js:1577:17)\n    at _Assertion.propertyGetter (file:///home/mhugo/code/zenflow/node_modules/.pnpm/chai@5.3.3/node_modules/chai/index.js:1557:27)\n    at Reflect.get (<anonymous>)\n    at Object.proxyGetter [as get] (file:///home/mhugo/code/zenflow/node_modules/.pnpm/chai@5.3.3/node_modules/chai/index.js:1645:22)\n    at /home/mhugo/code/zenflow/apps/claude-code-zen-server/tests/core/boot-sequence.test.ts:46:39\n    at file:///home/mhugo/code/zenflow/node_modules/.pnpm/@vitest+runner@3.2.4/node_modules/@vitest/runner/dist/chunk-hooks.js:155:11\n    at file:///home/mhugo/code/zenflow/node_modules/.pnpm/@vitest+runner@3.2.4/node_modules/@vitest/runner/dist/chunk-hooks.js:752:26\n    at file:///home/mhugo/code/zenflow/node_modules/.pnpm/@vitest+runner@3.2.4/node_modules/@vitest/runner/dist/chunk-hooks.js:1897:20\n    at new Promise (<anonymous>)\n    at runWithTimeout (file:///home/mhugo/code/zenflow/node_modules/.pnpm/@vitest+runner@3.2.4/node_modules/@vitest/runner/dist/chunk-hooks.js:1863:10)"],"meta":{}},{"ancestorTitles":["Boot Sequence Tests","Core System"],"fullName":"Boot Sequence Tests Core System should launch core system without errors","status":"failed","title":"should launch core system without errors","duration":7477.41827,"failureMessages":["ReferenceError: TaskMaster is not defined\n    at getTaskMasterService (/home/mhugo/code/zenflow/apps/claude-code-zen-server/src/services/api/taskmaster.ts:1379:22)\n    at System.initializeComponents (/home/mhugo/code/zenflow/apps/claude-code-zen-server/src/core/core-system.ts:180:40)\n    at System.initialize (/home/mhugo/code/zenflow/apps/claude-code-zen-server/src/core/core-system.ts:261:18)\n    at /home/mhugo/code/zenflow/apps/claude-code-zen-server/tests/core/boot-sequence.test.ts:60:20\n    at file:///home/mhugo/code/zenflow/node_modules/.pnpm/@vitest+runner@3.2.4/node_modules/@vitest/runner/dist/chunk-hooks.js:155:11\n    at file:///home/mhugo/code/zenflow/node_modules/.pnpm/@vitest+runner@3.2.4/node_modules/@vitest/runner/dist/chunk-hooks.js:752:26\n    at file:///home/mhugo/code/zenflow/node_modules/.pnpm/@vitest+runner@3.2.4/node_modules/@vitest/runner/dist/chunk-hooks.js:1897:20\n    at new Promise (<anonymous>)\n    at runWithTimeout (file:///home/mhugo/code/zenflow/node_modules/.pnpm/@vitest+runner@3.2.4/node_modules/@vitest/runner/dist/chunk-hooks.js:1863:10)\n    at runTest (file:///home/mhugo/code/zenflow/node_modules/.pnpm/@vitest+runner@3.2.4/node_modules/@vitest/runner/dist/chunk-hooks.js:1574:12)"],"meta":{}},{"ancestorTitles":["Boot Sequence Tests","Core System"],"fullName":"Boot Sequence Tests Core System should shutdown gracefully","status":"failed","title":"should shutdown gracefully","duration":4923.150682000001,"failureMessages":["ReferenceError: TaskMaster is not defined\n    at getTaskMasterService (/home/mhugo/code/zenflow/apps/claude-code-zen-server/src/services/api/taskmaster.ts:1379:22)\n    at System.initializeComponents (/home/mhugo/code/zenflow/apps/claude-code-zen-server/src/core/core-system.ts:180:40)\n    at System.initialize (/home/mhugo/code/zenflow/apps/claude-code-zen-server/src/core/core-system.ts:261:18)\n    at /home/mhugo/code/zenflow/apps/claude-code-zen-server/tests/core/boot-sequence.test.ts:66:20\n    at file:///home/mhugo/code/zenflow/node_modules/.pnpm/@vitest+runner@3.2.4/node_modules/@vitest/runner/dist/chunk-hooks.js:155:11\n    at file:///home/mhugo/code/zenflow/node_modules/.pnpm/@vitest+runner@3.2.4/node_modules/@vitest/runner/dist/chunk-hooks.js:752:26\n    at file:///home/mhugo/code/zenflow/node_modules/.pnpm/@vitest+runner@3.2.4/node_modules/@vitest/runner/dist/chunk-hooks.js:1897:20\n    at new Promise (<anonymous>)\n    at runWithTimeout (file:///home/mhugo/code/zenflow/node_modules/.pnpm/@vitest+runner@3.2.4/node_modules/@vitest/runner/dist/chunk-hooks.js:1863:10)\n    at runTest (file:///home/mhugo/code/zenflow/node_modules/.pnpm/@vitest+runner@3.2.4/node_modules/@vitest/runner/dist/chunk-hooks.js:1574:12)"],"meta":{}},{"ancestorTitles":["Boot Sequence Tests","Core System"],"fullName":"Boot Sequence Tests Core System should handle double initialization gracefully","status":"failed","title":"should handle double initialization gracefully","duration":8185.596699,"failureMessages":["ReferenceError: TaskMaster is not defined\n    at getTaskMasterService (/home/mhugo/code/zenflow/apps/claude-code-zen-server/src/services/api/taskmaster.ts:1379:22)\n    at System.initializeComponents (/home/mhugo/code/zenflow/apps/claude-code-zen-server/src/core/core-system.ts:180:40)\n    at System.initialize (/home/mhugo/code/zenflow/apps/claude-code-zen-server/src/core/core-system.ts:261:18)\n    at /home/mhugo/code/zenflow/apps/claude-code-zen-server/tests/core/boot-sequence.test.ts:77:20\n    at file:///home/mhugo/code/zenflow/node_modules/.pnpm/@vitest+runner@3.2.4/node_modules/@vitest/runner/dist/chunk-hooks.js:155:11\n    at file:///home/mhugo/code/zenflow/node_modules/.pnpm/@vitest+runner@3.2.4/node_modules/@vitest/runner/dist/chunk-hooks.js:752:26\n    at file:///home/mhugo/code/zenflow/node_modules/.pnpm/@vitest+runner@3.2.4/node_modules/@vitest/runner/dist/chunk-hooks.js:1897:20\n    at new Promise (<anonymous>)\n    at runWithTimeout (file:///home/mhugo/code/zenflow/node_modules/.pnpm/@vitest+runner@3.2.4/node_modules/@vitest/runner/dist/chunk-hooks.js:1863:10)\n    at runTest (file:///home/mhugo/code/zenflow/node_modules/.pnpm/@vitest+runner@3.2.4/node_modules/@vitest/runner/dist/chunk-hooks.js:1574:12)"],"meta":{}},{"ancestorTitles":["Boot Sequence Tests","Core System"],"fullName":"Boot Sequence Tests Core System should provide system components","status":"failed","title":"should provide system components","duration":5519.121553999998,"failureMessages":["ReferenceError: TaskMaster is not defined\n    at getTaskMasterService (/home/mhugo/code/zenflow/apps/claude-code-zen-server/src/services/api/taskmaster.ts:1379:22)\n    at System.initializeComponents (/home/mhugo/code/zenflow/apps/claude-code-zen-server/src/core/core-system.ts:180:40)\n    at System.initialize (/home/mhugo/code/zenflow/apps/claude-code-zen-server/src/core/core-system.ts:261:18)\n    at /home/mhugo/code/zenflow/apps/claude-code-zen-server/tests/core/boot-sequence.test.ts:85:20\n    at file:///home/mhugo/code/zenflow/node_modules/.pnpm/@vitest+runner@3.2.4/node_modules/@vitest/runner/dist/chunk-hooks.js:155:11\n    at file:///home/mhugo/code/zenflow/node_modules/.pnpm/@vitest+runner@3.2.4/node_modules/@vitest/runner/dist/chunk-hooks.js:752:26\n    at file:///home/mhugo/code/zenflow/node_modules/.pnpm/@vitest+runner@3.2.4/node_modules/@vitest/runner/dist/chunk-hooks.js:1897:20\n    at new Promise (<anonymous>)\n    at runWithTimeout (file:///home/mhugo/code/zenflow/node_modules/.pnpm/@vitest+runner@3.2.4/node_modules/@vitest/runner/dist/chunk-hooks.js:1863:10)\n    at runTest (file:///home/mhugo/code/zenflow/node_modules/.pnpm/@vitest+runner@3.2.4/node_modules/@vitest/runner/dist/chunk-hooks.js:1574:12)"],"meta":{}},{"ancestorTitles":["Boot Sequence Tests","Application Coordinator"],"fullName":"Boot Sequence Tests Application Coordinator should create application coordinator with default config","status":"passed","title":"should create application coordinator with default config","duration":20459.621500999998,"failureMessages":[],"meta":{}},{"ancestorTitles":["Boot Sequence Tests","Application Coordinator"],"fullName":"Boot Sequence Tests Application Coordinator should initialize application coordinator successfully","status":"passed","title":"should initialize application coordinator successfully","duration":29780.228297999998,"failureMessages":[],"meta":{}},{"ancestorTitles":["Boot Sequence Tests","Application Coordinator"],"fullName":"Boot Sequence Tests Application Coordinator should launch application coordinator without errors","status":"failed","title":"should launch application coordinator without errors","duration":19916.710828999996,"failureMessages":["Error: STACK_TRACE_ERROR\n    at afterEach (file:///home/mhugo/code/zenflow/node_modules/.pnpm/@vitest+runner@3.2.4/node_modules/@vitest/runner/dist/chunk-hooks.js:2192:123)\n    at /home/mhugo/code/zenflow/apps/claude-code-zen-server/tests/core/boot-sequence.test.ts:97:5\n    at file:///home/mhugo/code/zenflow/node_modules/.pnpm/@vitest+runner@3.2.4/node_modules/@vitest/runner/dist/chunk-hooks.js:734:40\n    at runWithSuite (file:///home/mhugo/code/zenflow/node_modules/.pnpm/@vitest+runner@3.2.4/node_modules/@vitest/runner/dist/chunk-hooks.js:1849:8)\n    at Object.collect (file:///home/mhugo/code/zenflow/node_modules/.pnpm/@vitest+runner@3.2.4/node_modules/@vitest/runner/dist/chunk-hooks.js:734:10)\n    at Object.collect (file:///home/mhugo/code/zenflow/node_modules/.pnpm/@vitest+runner@3.2.4/node_modules/@vitest/runner/dist/chunk-hooks.js:738:54)\n    at processTicksAndRejections (node:internal/process/task_queues:105:5)\n    at Object.collect (file:///home/mhugo/code/zenflow/node_modules/.pnpm/@vitest+runner@3.2.4/node_modules/@vitest/runner/dist/chunk-hooks.js:738:46)\n    at collectTests (file:///home/mhugo/code/zenflow/node_modules/.pnpm/@vitest+runner@3.2.4/node_modules/@vitest/runner/dist/chunk-hooks.js:1179:25)\n    at startTests (file:///home/mhugo/code/zenflow/node_modules/.pnpm/@vitest+runner@3.2.4/node_modules/@vitest/runner/dist/chunk-hooks.js:1817:17)"],"meta":{}},{"ancestorTitles":["Boot Sequence Tests","Application Coordinator"],"fullName":"Boot Sequence Tests Application Coordinator should generate system report","status":"passed","title":"should generate system report","duration":19752.483113000002,"failureMessages":[],"meta":{}},{"ancestorTitles":["Boot Sequence Tests","Application Coordinator"],"fullName":"Boot Sequence Tests Application Coordinator should process documents","status":"passed","title":"should process documents","duration":17667.852849999996,"failureMessages":[],"meta":{}},{"ancestorTitles":["Boot Sequence Tests","Application Coordinator"],"fullName":"Boot Sequence Tests Application Coordinator should export system data","status":"passed","title":"should export system data","duration":18138.663008999996,"failureMessages":[],"meta":{}},{"ancestorTitles":["Boot Sequence Tests","Application Coordinator"],"fullName":"Boot Sequence Tests Application Coordinator should shutdown gracefully","status":"passed","title":"should shutdown gracefully","duration":18862.11270299999,"failureMessages":[],"meta":{}},{"ancestorTitles":["Boot Sequence Tests","Application Coordinator"],"fullName":"Boot Sequence Tests Application Coordinator should provide comprehensive system status","status":"failed","title":"should provide comprehensive system status","duration":9117.937433,"failureMessages":["AssertionError: expected 'shutdown' to be 'ready' // Object.is equality\n    at /home/mhugo/code/zenflow/apps/claude-code-zen-server/tests/core/boot-sequence.test.ts:207:29\n    at processTicksAndRejections (node:internal/process/task_queues:105:5)\n    at file:///home/mhugo/code/zenflow/node_modules/.pnpm/@vitest+runner@3.2.4/node_modules/@vitest/runner/dist/chunk-hooks.js:752:20"],"meta":{}},{"ancestorTitles":["Boot Sequence Tests","Integration Tests"],"fullName":"Boot Sequence Tests Integration Tests should create both system and coordinator","status":"failed","title":"should create both system and coordinator","duration":18120.980956999992,"failureMessages":["ReferenceError: TaskMaster is not defined\n    at getTaskMasterService (/home/mhugo/code/zenflow/apps/claude-code-zen-server/src/services/api/taskmaster.ts:1379:22)\n    at System.initializeComponents (/home/mhugo/code/zenflow/apps/claude-code-zen-server/src/core/core-system.ts:180:40)\n    at System.initialize (/home/mhugo/code/zenflow/apps/claude-code-zen-server/src/core/core-system.ts:261:18)\n    at /home/mhugo/code/zenflow/apps/claude-code-zen-server/tests/core/boot-sequence.test.ts:236:16\n    at file:///home/mhugo/code/zenflow/node_modules/.pnpm/@vitest+runner@3.2.4/node_modules/@vitest/runner/dist/chunk-hooks.js:155:11\n    at file:///home/mhugo/code/zenflow/node_modules/.pnpm/@vitest+runner@3.2.4/node_modules/@vitest/runner/dist/chunk-hooks.js:752:26\n    at file:///home/mhugo/code/zenflow/node_modules/.pnpm/@vitest+runner@3.2.4/node_modules/@vitest/runner/dist/chunk-hooks.js:1897:20\n    at new Promise (<anonymous>)\n    at runWithTimeout (file:///home/mhugo/code/zenflow/node_modules/.pnpm/@vitest+runner@3.2.4/node_modules/@vitest/runner/dist/chunk-hooks.js:1863:10)\n    at runTest (file:///home/mhugo/code/zenflow/node_modules/.pnpm/@vitest+runner@3.2.4/node_modules/@vitest/runner/dist/chunk-hooks.js:1574:12)"],"meta":{}},{"ancestorTitles":["Boot Sequence Tests","Integration Tests"],"fullName":"Boot Sequence Tests Integration Tests should handle quick start methods","status":"failed","title":"should handle quick start methods","duration":7949.6220170000015,"failureMessages":["ReferenceError: TaskMaster is not defined\n    at getTaskMasterService (/home/mhugo/code/zenflow/apps/claude-code-zen-server/src/services/api/taskmaster.ts:1379:22)\n    at System.initializeComponents (/home/mhugo/code/zenflow/apps/claude-code-zen-server/src/core/core-system.ts:180:40)\n    at System.initialize (/home/mhugo/code/zenflow/apps/claude-code-zen-server/src/core/core-system.ts:261:18)\n    at Function.create (/home/mhugo/code/zenflow/apps/claude-code-zen-server/src/core/core-system.ts:606:18)\n    at Function.quickStart (/home/mhugo/code/zenflow/apps/claude-code-zen-server/src/core/core-system.ts:611:33)\n    at /home/mhugo/code/zenflow/apps/claude-code-zen-server/tests/core/boot-sequence.test.ts:245:29\n    at file:///home/mhugo/code/zenflow/node_modules/.pnpm/@vitest+runner@3.2.4/node_modules/@vitest/runner/dist/chunk-hooks.js:155:11\n    at file:///home/mhugo/code/zenflow/node_modules/.pnpm/@vitest+runner@3.2.4/node_modules/@vitest/runner/dist/chunk-hooks.js:752:26\n    at file:///home/mhugo/code/zenflow/node_modules/.pnpm/@vitest+runner@3.2.4/node_modules/@vitest/runner/dist/chunk-hooks.js:1897:20\n    at new Promise (<anonymous>)"],"meta":{}}],"startTime":1756903678928,"endTime":1756903798882.622,"status":"failed","message":"","name":"/home/mhugo/code/zenflow/apps/claude-code-zen-server/tests/core/boot-sequence.test.ts"},{"assertionResults":[],"startTime":1756903675605,"endTime":1756903675605,"status":"passed","message":"","name":"/home/mhugo/code/zenflow/packages/services/knowledge/tests/local-cpu-embeddings.test.ts"},{"assertionResults":[],"startTime":1756903675605,"endTime":1756903675605,"status":"passed","message":"","name":"/home/mhugo/code/zenflow/packages/services/knowledge/tests/sqlite-backend.test.ts"},{"assertionResults":[],"startTime":1756903675605,"endTime":1756903675605,"status":"passed","message":"","name":"/home/mhugo/code/zenflow/packages/services/knowledge/tests/vector-rag-backend.test.ts"},{"assertionResults":[],"startTime":1756903675605,"endTime":1756903675605,"status":"passed","message":"","name":"/home/mhugo/code/zenflow/packages/core/foundation/tests/basic.test.ts"},{"assertionResults":[],"startTime":1756903675605,"endTime":1756903675605,"status":"passed","message":"","name":"/home/mhugo/code/zenflow/packages/integrations/llm-providers/tests/integration/claude-sdk.test.ts"},{"assertionResults":[],"startTime":1756903675605,"endTime":1756903675605,"status":"passed","message":"","name":"/home/mhugo/code/zenflow/packages/integrations/llm-providers/tests/integration/github-models-real-api.test.ts"},{"assertionResults":[],"startTime":1756903675605,"endTime":1756903675605,"status":"passed","message":"","name":"/home/mhugo/code/zenflow/packages/integrations/llm-providers/tests/integration/github-real-api.test.ts"},{"assertionResults":[],"startTime":1756903675605,"endTime":1756903675605,"status":"passed","message":"","name":"/home/mhugo/code/zenflow/packages/integrations/llm-providers/tests/integration/llm-provider.test.ts"},{"assertionResults":[],"startTime":1756903675605,"endTime":1756903675605,"status":"passed","message":"","name":"/home/mhugo/code/zenflow/packages/integrations/llm-providers/tests/integration/provider-routing.test.ts"},{"assertionResults":[],"startTime":1756903675605,"endTime":1756903675605,"status":"passed","message":"","name":"/home/mhugo/code/zenflow/packages/integrations/llm-providers/tests/unit/claude-provider.test.ts"},{"assertionResults":[],"startTime":1756903675605,"endTime":1756903675605,"status":"passed","message":"","name":"/home/mhugo/code/zenflow/packages/integrations/llm-providers/tests/unit/github-apis.test.ts"},{"assertionResults":[],"startTime":1756903675605,"endTime":1756903675605,"status":"passed","message":"","name":"/home/mhugo/code/zenflow/packages/integrations/llm-providers/tests/unit/github-models.test.ts"},{"assertionResults":[],"startTime":1756903675605,"endTime":1756903675605,"status":"passed","message":"","name":"/home/mhugo/code/zenflow/packages/integrations/llm-providers/tests/unit/llm-provider.test.ts"},{"assertionResults":[],"startTime":1756903675605,"endTime":1756903675605,"status":"passed","message":"","name":"/home/mhugo/code/zenflow/packages/integrations/llm-providers/tests/unit/message-processing.test.ts"},{"assertionResults":[],"startTime":1756903675605,"endTime":1756903675605,"status":"passed","message":"","name":"/home/mhugo/code/zenflow/packages/integrations/llm-providers/tests/unit/real-packages.test.ts"},{"assertionResults":[],"startTime":1756903675605,"endTime":1756903675605,"status":"passed","message":"","name":"/home/mhugo/code/zenflow/packages/services/agent-monitoring/src/__tests__/agent-health-monitor.test.ts"},{"assertionResults":[],"startTime":1756903675605,"endTime":1756903675605,"status":"passed","message":"","name":"/home/mhugo/code/zenflow/packages/services/agent-monitoring/src/__tests__/bridge-integration.test.ts"},{"assertionResults":[],"startTime":1756903675605,"endTime":1756903675605,"status":"passed","message":"","name":"/home/mhugo/code/zenflow/packages/services/ai-safety/src/__tests__/ai-deception-detector.test.ts"},{"assertionResults":[],"startTime":1756903675605,"endTime":1756903675605,"status":"passed","message":"","name":"/home/mhugo/code/zenflow/packages/services/brain/src/__tests__/brain-coordinator-integration.test.ts"},{"assertionResults":[],"startTime":1756903675605,"endTime":1756903675605,"status":"passed","message":"","name":"/home/mhugo/code/zenflow/packages/services/brain/src/__tests__/event-driven-integration.test.ts"},{"assertionResults":[],"startTime":1756903675605,"endTime":1756903675605,"status":"passed","message":"","name":"/home/mhugo/code/zenflow/packages/services/brain/src/__tests__/task-complexity-estimator-events.test.ts"},{"assertionResults":[],"startTime":1756903675605,"endTime":1756903675605,"status":"passed","message":"","name":"/home/mhugo/code/zenflow/packages/services/document-intelligence/src/scanning/enhanced-document-scanner.test.ts"},{"assertionResults":[],"startTime":1756903675605,"endTime":1756903675605,"status":"passed","message":"","name":"/home/mhugo/code/zenflow/packages/core/database/src/__tests__/integration.test.ts"},{"assertionResults":[],"startTime":1756903675605,"endTime":1756903675605,"status":"passed","message":"","name":"/home/mhugo/code/zenflow/packages/core/dspy/src/tests/bootstrap-finetune.test.ts"},{"assertionResults":[],"startTime":1756903675605,"endTime":1756903675605,"status":"passed","message":"","name":"/home/mhugo/code/zenflow/packages/core/dspy/src/tests/ensemble.test.ts"},{"assertionResults":[],"startTime":1756903675605,"endTime":1756903675605,"status":"passed","message":"","name":"/home/mhugo/code/zenflow/packages/core/dspy/src/tests/miprov2.test.ts"},{"assertionResults":[],"startTime":1756903675605,"endTime":1756903675605,"status":"passed","message":"","name":"/home/mhugo/code/zenflow/packages/core/dspy/src/tests/ml-integration.test.ts"},{"assertionResults":[],"startTime":1756903675605,"endTime":1756903675605,"status":"passed","message":"","name":"/home/mhugo/code/zenflow/packages/core/foundation/tests/e2e/comprehensive-claude-sdk.test.ts"},{"assertionResults":[],"startTime":1756903675605,"endTime":1756903675605,"status":"passed","message":"","name":"/home/mhugo/code/zenflow/packages/core/foundation/tests/integration/claude-sdk.test.ts"},{"assertionResults":[],"startTime":1756903675605,"endTime":1756903675605,"status":"passed","message":"","name":"/home/mhugo/code/zenflow/packages/core/foundation/tests/integration/integration.test.ts"},{"assertionResults":[],"startTime":1756903675605,"endTime":1756903675605,"status":"passed","message":"","name":"/home/mhugo/code/zenflow/packages/core/foundation/tests/integration/llm-provider.test.ts"},{"assertionResults":[],"startTime":1756903675605,"endTime":1756903675605,"status":"passed","message":"","name":"/home/mhugo/code/zenflow/packages/core/foundation/tests/unit/config-simple.test.ts"},{"assertionResults":[],"startTime":1756903675605,"endTime":1756903675605,"status":"passed","message":"","name":"/home/mhugo/code/zenflow/packages/core/foundation/tests/unit/core.test.ts"},{"assertionResults":[],"startTime":1756903675605,"endTime":1756903675605,"status":"passed","message":"","name":"/home/mhugo/code/zenflow/packages/core/foundation/tests/unit/di-enhanced.test.ts"},{"assertionResults":[],"startTime":1756903675605,"endTime":1756903675605,"status":"passed","message":"","name":"/home/mhugo/code/zenflow/packages/core/foundation/tests/unit/di-working.test.ts"},{"assertionResults":[],"startTime":1756903675605,"endTime":1756903675605,"status":"passed","message":"","name":"/home/mhugo/code/zenflow/packages/core/foundation/tests/unit/error-handling.test.ts"},{"assertionResults":[],"startTime":1756903675605,"endTime":1756903675605,"status":"passed","message":"","name":"/home/mhugo/code/zenflow/packages/core/foundation/tests/unit/error-types.test.ts"},{"assertionResults":[],"startTime":1756903675605,"endTime":1756903675605,"status":"passed","message":"","name":"/home/mhugo/code/zenflow/packages/core/foundation/tests/unit/event-logger.test.ts"},{"assertionResults":[],"startTime":1756903675605,"endTime":1756903675605,"status":"passed","message":"","name":"/home/mhugo/code/zenflow/packages/core/foundation/tests/unit/events-comprehensive.test.ts"},{"assertionResults":[],"startTime":1756903675605,"endTime":1756903675605,"status":"passed","message":"","name":"/home/mhugo/code/zenflow/packages/core/foundation/tests/unit/events.test.ts"},{"assertionResults":[],"startTime":1756903675605,"endTime":1756903675605,"status":"passed","message":"","name":"/home/mhugo/code/zenflow/packages/core/foundation/tests/unit/facade-status.test.ts"},{"assertionResults":[],"startTime":1756903675605,"endTime":1756903675605,"status":"passed","message":"","name":"/home/mhugo/code/zenflow/packages/core/foundation/tests/unit/lifecycle-simple.test.ts"},{"assertionResults":[],"startTime":1756903675605,"endTime":1756903675605,"status":"passed","message":"","name":"/home/mhugo/code/zenflow/packages/core/foundation/tests/unit/logging.test.ts"},{"assertionResults":[],"startTime":1756903675605,"endTime":1756903675605,"status":"passed","message":"","name":"/home/mhugo/code/zenflow/packages/core/foundation/tests/unit/main-exports.test.ts"},{"assertionResults":[],"startTime":1756903675605,"endTime":1756903675605,"status":"passed","message":"","name":"/home/mhugo/code/zenflow/packages/core/foundation/tests/unit/primitives.test.ts"},{"assertionResults":[],"startTime":1756903675605,"endTime":1756903675605,"status":"passed","message":"","name":"/home/mhugo/code/zenflow/packages/core/foundation/tests/unit/result-patterns.test.ts"},{"assertionResults":[],"startTime":1756903675605,"endTime":1756903675605,"status":"passed","message":"","name":"/home/mhugo/code/zenflow/packages/core/foundation/tests/unit/system-utils.test.ts"},{"assertionResults":[],"startTime":1756903675605,"endTime":1756903675605,"status":"passed","message":"","name":"/home/mhugo/code/zenflow/packages/core/foundation/tests/unit/type-guards.test.ts"},{"assertionResults":[],"startTime":1756903675605,"endTime":1756903675605,"status":"passed","message":"","name":"/home/mhugo/code/zenflow/packages/core/foundation/tests/unit/type-utilities.test.ts"},{"assertionResults":[],"startTime":1756903675605,"endTime":1756903675605,"status":"passed","message":"","name":"/home/mhugo/code/zenflow/packages/core/foundation/tests/unit/types-import.test.ts"},{"assertionResults":[],"startTime":1756903675605,"endTime":1756903675605,"status":"passed","message":"","name":"/home/mhugo/code/zenflow/packages/core/foundation/tests/unit/types.test.ts"},{"assertionResults":[],"startTime":1756903675605,"endTime":1756903675605,"status":"passed","message":"","name":"/home/mhugo/code/zenflow/packages/core/foundation/tests/unit/utilities.test.ts"},{"assertionResults":[],"startTime":1756903675605,"endTime":1756903675605,"status":"passed","message":"","name":"/home/mhugo/code/zenflow/packages/services/brain/src/__tests__/integration/neural-backend-e2e.test.ts"},{"assertionResults":[],"startTime":1756903675605,"endTime":1756903675605,"status":"passed","message":"","name":"/home/mhugo/code/zenflow/packages/services/brain/src/__tests__/integration/smart-neural-integration.test.ts"},{"assertionResults":[],"startTime":1756903675605,"endTime":1756903675605,"status":"passed","message":"","name":"/home/mhugo/code/zenflow/packages/services/brain/src/__tests__/unit/smart-neural-coordinator.test.ts"},{"assertionResults":[],"startTime":1756903675605,"endTime":1756903675605,"status":"passed","message":"","name":"/home/mhugo/code/zenflow/packages/services/brain/src/monitoring/__tests__/agent-health-monitor.test.ts"},{"assertionResults":[],"startTime":1756903675605,"endTime":1756903675605,"status":"passed","message":"","name":"/home/mhugo/code/zenflow/packages/services/coordination/src/safe/managers/__tests__/release-train-engineer-manager.test.ts"}]}