{
  "numTotalTestSuites": 410,
  "numPassedTestSuites": 134,
  "numFailedTestSuites": 276,
  "numPendingTestSuites": 0,
  "numTotalTests": 707,
  "numPassedTests": 395,
  "numFailedTests": 285,
  "numPendingTests": 27,
  "numTodoTests": 0,
  "snapshot": {
    "added": 0,
    "failure": false,
    "filesAdded": 0,
    "filesRemoved": 0,
    "filesRemovedList": [],
    "filesUnmatched": 0,
    "filesUpdated": 0,
    "matched": 0,
    "total": 0,
    "unchecked": 0,
    "uncheckedKeysByFile": [],
    "unmatched": 0,
    "updated": 0,
    "didUpdate": false
  },
  "startTime": 1754757243881,
  "success": false,
  "testResults": [
    {
      "assertionResults": [
        {
          "ancestorTitles": ["Simple Test"],
          "fullName": "Simple Test should pass",
          "status": "passed",
          "title": "should pass",
          "duration": 1.832486000006611,
          "failureMessages": [],
          "meta": {}
        }
      ],
      "startTime": 1754757294659,
      "endTime": 1754757294660.8325,
      "status": "passed",
      "message": "",
      "name": "/home/mhugo/code/claude-code-zen/src/__tests__/basic-functionality.test.ts"
    },
    {
      "assertionResults": [],
      "startTime": 1754757243881,
      "endTime": 1754757243881,
      "status": "failed",
      "message": "Do not import `@jest/globals` outside of the Jest test environment",
      "name": "/home/mhugo/code/claude-code-zen/src/__tests__/claude-zen-tdd-architecture.test.ts"
    },
    {
      "assertionResults": [],
      "startTime": 1754757243881,
      "endTime": 1754757243881,
      "status": "failed",
      "message": "Failed to resolve import \"../../config/url-builder\" from \"src/interfaces/services/adapters/integration-service-adapter.ts\". Does the file exist?",
      "name": "/home/mhugo/code/claude-code-zen/src/__tests__/integration-service-adapter.test.ts"
    },
    {
      "assertionResults": [],
      "startTime": 1754757243881,
      "endTime": 1754757243881,
      "status": "failed",
      "message": "Do not import `@jest/globals` outside of the Jest test environment",
      "name": "/home/mhugo/code/claude-code-zen/src/__tests__/tdd-london-swarm.test.ts"
    },
    {
      "assertionResults": [],
      "startTime": 1754757243881,
      "endTime": 1754757243881,
      "status": "failed",
      "message": "Do not import `@jest/globals` outside of the Jest test environment",
      "name": "/home/mhugo/code/claude-code-zen/src/__tests__/coordination/hive-knowledge-bridge.test.ts"
    },
    {
      "assertionResults": [],
      "startTime": 1754757243881,
      "endTime": 1754757243881,
      "status": "failed",
      "message": "Do not import `@jest/globals` outside of the Jest test environment",
      "name": "/home/mhugo/code/claude-code-zen/src/__tests__/coordination/hive-knowledge-integration.test.ts"
    },
    {
      "assertionResults": [],
      "startTime": 1754757243881,
      "endTime": 1754757243881,
      "status": "failed",
      "message": "Do not import `@jest/globals` outside of the Jest test environment",
      "name": "/home/mhugo/code/claude-code-zen/src/__tests__/coordination/hive-knowledge-performance.test.ts"
    },
    {
      "assertionResults": [
        {
          "ancestorTitles": ["Database Adapter Interface Consistency"],
          "fullName": "Database Adapter Interface Consistency interfaces are properly defined and can be imported",
          "status": "passed",
          "title": "interfaces are properly defined and can be imported",
          "duration": 2.6592689999961294,
          "failureMessages": [],
          "meta": {}
        },
        {
          "ancestorTitles": ["Database Adapter Interface Consistency"],
          "fullName": "Database Adapter Interface Consistency validates interface consistency through TypeScript compilation",
          "status": "passed",
          "title": "validates interface consistency through TypeScript compilation",
          "duration": 2.0076410000037868,
          "failureMessages": [],
          "meta": {}
        }
      ],
      "startTime": 1754757292323,
      "endTime": 1754757292327.0076,
      "status": "passed",
      "message": "",
      "name": "/home/mhugo/code/claude-code-zen/src/__tests__/database/adapter-interface-consistency.test.ts"
    },
    {
      "assertionResults": [],
      "startTime": 1754757243881,
      "endTime": 1754757243881,
      "status": "failed",
      "message": "describe is not a function",
      "name": "/home/mhugo/code/claude-code-zen/src/__tests__/database/document-manager-integration.test.ts"
    },
    {
      "assertionResults": [],
      "startTime": 1754757243881,
      "endTime": 1754757243881,
      "status": "failed",
      "message": "Failed to resolve import \"../../src/di/index\" from \"src/__tests__/di-integration/comprehensive-di.test.ts\". Does the file exist?",
      "name": "/home/mhugo/code/claude-code-zen/src/__tests__/di-integration/comprehensive-di.test.ts"
    },
    {
      "assertionResults": [
        {
          "ancestorTitles": [
            "Issue #63: Comprehensive Dependency Injection Implementation",
            "Memory Domain DI Integration"
          ],
          "fullName": "Issue #63: Comprehensive Dependency Injection Implementation Memory Domain DI Integration should create memory provider factory with DI",
          "status": "failed",
          "title": "should create memory provider factory with DI",
          "duration": 11.511533000000782,
          "failureMessages": [
            "ServiceNotFoundError: No provider registered for token: MemoryProviderFactory\n    at DIContainer.resolveInternal (/home/mhugo/code/claude-code-zen/src/di/container/di-container.ts:149:13)\n    at DIContainer.resolve (/home/mhugo/code/claude-code-zen/src/di/container/di-container.ts:54:27)\n    at /home/mhugo/code/claude-code-zen/src/__tests__/di-integration/issue-63-comprehensive.test.ts:74:33\n    at file:///home/mhugo/code/claude-code-zen/node_modules/@vitest/runner/dist/index.js:146:14\n    at file:///home/mhugo/code/claude-code-zen/node_modules/@vitest/runner/dist/index.js:533:11\n    at runWithTimeout (file:///home/mhugo/code/claude-code-zen/node_modules/@vitest/runner/dist/index.js:39:7)\n    at runTest (file:///home/mhugo/code/claude-code-zen/node_modules/@vitest/runner/dist/index.js:1056:17)\n    at runSuite (file:///home/mhugo/code/claude-code-zen/node_modules/@vitest/runner/dist/index.js:1205:15)\n    at runSuite (file:///home/mhugo/code/claude-code-zen/node_modules/@vitest/runner/dist/index.js:1205:15)\n    at runSuite (file:///home/mhugo/code/claude-code-zen/node_modules/@vitest/runner/dist/index.js:1205:15)"
          ],
          "meta": {}
        },
        {
          "ancestorTitles": [
            "Issue #63: Comprehensive Dependency Injection Implementation",
            "Memory Domain DI Integration"
          ],
          "fullName": "Issue #63: Comprehensive Dependency Injection Implementation Memory Domain DI Integration should create memory controller with proper DI injection",
          "status": "failed",
          "title": "should create memory controller with proper DI injection",
          "duration": 1.2993689999966591,
          "failureMessages": [
            "ServiceNotFoundError: No provider registered for token: MemoryController\n    at DIContainer.resolveInternal (/home/mhugo/code/claude-code-zen/src/di/container/di-container.ts:149:13)\n    at DIContainer.resolve (/home/mhugo/code/claude-code-zen/src/di/container/di-container.ts:54:27)\n    at /home/mhugo/code/claude-code-zen/src/__tests__/di-integration/issue-63-comprehensive.test.ts:86:36\n    at file:///home/mhugo/code/claude-code-zen/node_modules/@vitest/runner/dist/index.js:146:14\n    at file:///home/mhugo/code/claude-code-zen/node_modules/@vitest/runner/dist/index.js:533:11\n    at runWithTimeout (file:///home/mhugo/code/claude-code-zen/node_modules/@vitest/runner/dist/index.js:39:7)\n    at runTest (file:///home/mhugo/code/claude-code-zen/node_modules/@vitest/runner/dist/index.js:1056:17)\n    at runSuite (file:///home/mhugo/code/claude-code-zen/node_modules/@vitest/runner/dist/index.js:1205:15)\n    at runSuite (file:///home/mhugo/code/claude-code-zen/node_modules/@vitest/runner/dist/index.js:1205:15)\n    at runSuite (file:///home/mhugo/code/claude-code-zen/node_modules/@vitest/runner/dist/index.js:1205:15)"
          ],
          "meta": {}
        },
        {
          "ancestorTitles": [
            "Issue #63: Comprehensive Dependency Injection Implementation",
            "Memory Domain DI Integration"
          ],
          "fullName": "Issue #63: Comprehensive Dependency Injection Implementation Memory Domain DI Integration should handle memory store operations through DI",
          "status": "failed",
          "title": "should handle memory store operations through DI",
          "duration": 1.2894049999995332,
          "failureMessages": [
            "ServiceNotFoundError: No provider registered for token: MemoryController\n    at DIContainer.resolveInternal (/home/mhugo/code/claude-code-zen/src/di/container/di-container.ts:149:13)\n    at DIContainer.resolve (/home/mhugo/code/claude-code-zen/src/di/container/di-container.ts:54:27)\n    at /home/mhugo/code/claude-code-zen/src/__tests__/di-integration/issue-63-comprehensive.test.ts:95:36\n    at file:///home/mhugo/code/claude-code-zen/node_modules/@vitest/runner/dist/index.js:146:14\n    at file:///home/mhugo/code/claude-code-zen/node_modules/@vitest/runner/dist/index.js:533:11\n    at runWithTimeout (file:///home/mhugo/code/claude-code-zen/node_modules/@vitest/runner/dist/index.js:39:7)\n    at runTest (file:///home/mhugo/code/claude-code-zen/node_modules/@vitest/runner/dist/index.js:1056:17)\n    at runSuite (file:///home/mhugo/code/claude-code-zen/node_modules/@vitest/runner/dist/index.js:1205:15)\n    at runSuite (file:///home/mhugo/code/claude-code-zen/node_modules/@vitest/runner/dist/index.js:1205:15)\n    at runSuite (file:///home/mhugo/code/claude-code-zen/node_modules/@vitest/runner/dist/index.js:1205:15)"
          ],
          "meta": {}
        },
        {
          "ancestorTitles": [
            "Issue #63: Comprehensive Dependency Injection Implementation",
            "Memory Domain DI Integration"
          ],
          "fullName": "Issue #63: Comprehensive Dependency Injection Implementation Memory Domain DI Integration should provide memory status with comprehensive health info",
          "status": "failed",
          "title": "should provide memory status with comprehensive health info",
          "duration": 1.2358760000024631,
          "failureMessages": [
            "ServiceNotFoundError: No provider registered for token: MemoryController\n    at DIContainer.resolveInternal (/home/mhugo/code/claude-code-zen/src/di/container/di-container.ts:149:13)\n    at DIContainer.resolve (/home/mhugo/code/claude-code-zen/src/di/container/di-container.ts:54:27)\n    at /home/mhugo/code/claude-code-zen/src/__tests__/di-integration/issue-63-comprehensive.test.ts:115:36\n    at file:///home/mhugo/code/claude-code-zen/node_modules/@vitest/runner/dist/index.js:146:14\n    at file:///home/mhugo/code/claude-code-zen/node_modules/@vitest/runner/dist/index.js:533:11\n    at runWithTimeout (file:///home/mhugo/code/claude-code-zen/node_modules/@vitest/runner/dist/index.js:39:7)\n    at runTest (file:///home/mhugo/code/claude-code-zen/node_modules/@vitest/runner/dist/index.js:1056:17)\n    at runSuite (file:///home/mhugo/code/claude-code-zen/node_modules/@vitest/runner/dist/index.js:1205:15)\n    at runSuite (file:///home/mhugo/code/claude-code-zen/node_modules/@vitest/runner/dist/index.js:1205:15)\n    at runSuite (file:///home/mhugo/code/claude-code-zen/node_modules/@vitest/runner/dist/index.js:1205:15)"
          ],
          "meta": {}
        },
        {
          "ancestorTitles": [
            "Issue #63: Comprehensive Dependency Injection Implementation",
            "Memory Domain DI Integration"
          ],
          "fullName": "Issue #63: Comprehensive Dependency Injection Implementation Memory Domain DI Integration should handle memory batch operations",
          "status": "failed",
          "title": "should handle memory batch operations",
          "duration": 1.307505000000674,
          "failureMessages": [
            "ServiceNotFoundError: No provider registered for token: MemoryController\n    at DIContainer.resolveInternal (/home/mhugo/code/claude-code-zen/src/di/container/di-container.ts:149:13)\n    at DIContainer.resolve (/home/mhugo/code/claude-code-zen/src/di/container/di-container.ts:54:27)\n    at /home/mhugo/code/claude-code-zen/src/__tests__/di-integration/issue-63-comprehensive.test.ts:131:36\n    at file:///home/mhugo/code/claude-code-zen/node_modules/@vitest/runner/dist/index.js:146:14\n    at file:///home/mhugo/code/claude-code-zen/node_modules/@vitest/runner/dist/index.js:533:11\n    at runWithTimeout (file:///home/mhugo/code/claude-code-zen/node_modules/@vitest/runner/dist/index.js:39:7)\n    at runTest (file:///home/mhugo/code/claude-code-zen/node_modules/@vitest/runner/dist/index.js:1056:17)\n    at runSuite (file:///home/mhugo/code/claude-code-zen/node_modules/@vitest/runner/dist/index.js:1205:15)\n    at runSuite (file:///home/mhugo/code/claude-code-zen/node_modules/@vitest/runner/dist/index.js:1205:15)\n    at runSuite (file:///home/mhugo/code/claude-code-zen/node_modules/@vitest/runner/dist/index.js:1205:15)"
          ],
          "meta": {}
        },
        {
          "ancestorTitles": [
            "Issue #63: Comprehensive Dependency Injection Implementation",
            "Memory Domain DI Integration"
          ],
          "fullName": "Issue #63: Comprehensive Dependency Injection Implementation Memory Domain DI Integration should provide comprehensive memory analytics",
          "status": "failed",
          "title": "should provide comprehensive memory analytics",
          "duration": 0.9731040000006033,
          "failureMessages": [
            "ServiceNotFoundError: No provider registered for token: MemoryController\n    at DIContainer.resolveInternal (/home/mhugo/code/claude-code-zen/src/di/container/di-container.ts:149:13)\n    at DIContainer.resolve (/home/mhugo/code/claude-code-zen/src/di/container/di-container.ts:54:27)\n    at /home/mhugo/code/claude-code-zen/src/__tests__/di-integration/issue-63-comprehensive.test.ts:153:36\n    at file:///home/mhugo/code/claude-code-zen/node_modules/@vitest/runner/dist/index.js:146:14\n    at file:///home/mhugo/code/claude-code-zen/node_modules/@vitest/runner/dist/index.js:533:11\n    at runWithTimeout (file:///home/mhugo/code/claude-code-zen/node_modules/@vitest/runner/dist/index.js:39:7)\n    at runTest (file:///home/mhugo/code/claude-code-zen/node_modules/@vitest/runner/dist/index.js:1056:17)\n    at runSuite (file:///home/mhugo/code/claude-code-zen/node_modules/@vitest/runner/dist/index.js:1205:15)\n    at runSuite (file:///home/mhugo/code/claude-code-zen/node_modules/@vitest/runner/dist/index.js:1205:15)\n    at runSuite (file:///home/mhugo/code/claude-code-zen/node_modules/@vitest/runner/dist/index.js:1205:15)"
          ],
          "meta": {}
        },
        {
          "ancestorTitles": [
            "Issue #63: Comprehensive Dependency Injection Implementation",
            "Database Domain DI Integration"
          ],
          "fullName": "Issue #63: Comprehensive Dependency Injection Implementation Database Domain DI Integration should create database provider factory with DI",
          "status": "failed",
          "title": "should create database provider factory with DI",
          "duration": 0.9543200000007346,
          "failureMessages": [
            "ServiceNotFoundError: No provider registered for token: DatabaseProviderFactory\n    at DIContainer.resolveInternal (/home/mhugo/code/claude-code-zen/src/di/container/di-container.ts:149:13)\n    at DIContainer.resolve (/home/mhugo/code/claude-code-zen/src/di/container/di-container.ts:54:27)\n    at /home/mhugo/code/claude-code-zen/src/__tests__/di-integration/issue-63-comprehensive.test.ts:172:33\n    at file:///home/mhugo/code/claude-code-zen/node_modules/@vitest/runner/dist/index.js:146:14\n    at file:///home/mhugo/code/claude-code-zen/node_modules/@vitest/runner/dist/index.js:533:11\n    at runWithTimeout (file:///home/mhugo/code/claude-code-zen/node_modules/@vitest/runner/dist/index.js:39:7)\n    at runTest (file:///home/mhugo/code/claude-code-zen/node_modules/@vitest/runner/dist/index.js:1056:17)\n    at runSuite (file:///home/mhugo/code/claude-code-zen/node_modules/@vitest/runner/dist/index.js:1205:15)\n    at runSuite (file:///home/mhugo/code/claude-code-zen/node_modules/@vitest/runner/dist/index.js:1205:15)\n    at runSuite (file:///home/mhugo/code/claude-code-zen/node_modules/@vitest/runner/dist/index.js:1205:15)"
          ],
          "meta": {}
        },
        {
          "ancestorTitles": [
            "Issue #63: Comprehensive Dependency Injection Implementation",
            "Database Domain DI Integration"
          ],
          "fullName": "Issue #63: Comprehensive Dependency Injection Implementation Database Domain DI Integration should create database controller with proper DI injection",
          "status": "failed",
          "title": "should create database controller with proper DI injection",
          "duration": 1.0216790000013134,
          "failureMessages": [
            "ServiceNotFoundError: No provider registered for token: DatabaseController\n    at DIContainer.resolveInternal (/home/mhugo/code/claude-code-zen/src/di/container/di-container.ts:149:13)\n    at DIContainer.resolve (/home/mhugo/code/claude-code-zen/src/di/container/di-container.ts:54:27)\n    at /home/mhugo/code/claude-code-zen/src/__tests__/di-integration/issue-63-comprehensive.test.ts:184:36\n    at file:///home/mhugo/code/claude-code-zen/node_modules/@vitest/runner/dist/index.js:146:14\n    at file:///home/mhugo/code/claude-code-zen/node_modules/@vitest/runner/dist/index.js:533:11\n    at runWithTimeout (file:///home/mhugo/code/claude-code-zen/node_modules/@vitest/runner/dist/index.js:39:7)\n    at runTest (file:///home/mhugo/code/claude-code-zen/node_modules/@vitest/runner/dist/index.js:1056:17)\n    at runSuite (file:///home/mhugo/code/claude-code-zen/node_modules/@vitest/runner/dist/index.js:1205:15)\n    at runSuite (file:///home/mhugo/code/claude-code-zen/node_modules/@vitest/runner/dist/index.js:1205:15)\n    at runSuite (file:///home/mhugo/code/claude-code-zen/node_modules/@vitest/runner/dist/index.js:1205:15)"
          ],
          "meta": {}
        },
        {
          "ancestorTitles": [
            "Issue #63: Comprehensive Dependency Injection Implementation",
            "Database Domain DI Integration"
          ],
          "fullName": "Issue #63: Comprehensive Dependency Injection Implementation Database Domain DI Integration should provide database status with health information",
          "status": "failed",
          "title": "should provide database status with health information",
          "duration": 1.1030749999990803,
          "failureMessages": [
            "ServiceNotFoundError: No provider registered for token: DatabaseController\n    at DIContainer.resolveInternal (/home/mhugo/code/claude-code-zen/src/di/container/di-container.ts:149:13)\n    at DIContainer.resolve (/home/mhugo/code/claude-code-zen/src/di/container/di-container.ts:54:27)\n    at /home/mhugo/code/claude-code-zen/src/__tests__/di-integration/issue-63-comprehensive.test.ts:193:36\n    at file:///home/mhugo/code/claude-code-zen/node_modules/@vitest/runner/dist/index.js:146:14\n    at file:///home/mhugo/code/claude-code-zen/node_modules/@vitest/runner/dist/index.js:533:11\n    at runWithTimeout (file:///home/mhugo/code/claude-code-zen/node_modules/@vitest/runner/dist/index.js:39:7)\n    at runTest (file:///home/mhugo/code/claude-code-zen/node_modules/@vitest/runner/dist/index.js:1056:17)\n    at runSuite (file:///home/mhugo/code/claude-code-zen/node_modules/@vitest/runner/dist/index.js:1205:15)\n    at runSuite (file:///home/mhugo/code/claude-code-zen/node_modules/@vitest/runner/dist/index.js:1205:15)\n    at runSuite (file:///home/mhugo/code/claude-code-zen/node_modules/@vitest/runner/dist/index.js:1205:15)"
          ],
          "meta": {}
        },
        {
          "ancestorTitles": [
            "Issue #63: Comprehensive Dependency Injection Implementation",
            "Database Domain DI Integration"
          ],
          "fullName": "Issue #63: Comprehensive Dependency Injection Implementation Database Domain DI Integration should handle database query execution",
          "status": "failed",
          "title": "should handle database query execution",
          "duration": 1.01217700000052,
          "failureMessages": [
            "ServiceNotFoundError: No provider registered for token: DatabaseController\n    at DIContainer.resolveInternal (/home/mhugo/code/claude-code-zen/src/di/container/di-container.ts:149:13)\n    at DIContainer.resolve (/home/mhugo/code/claude-code-zen/src/di/container/di-container.ts:54:27)\n    at /home/mhugo/code/claude-code-zen/src/__tests__/di-integration/issue-63-comprehensive.test.ts:208:36\n    at file:///home/mhugo/code/claude-code-zen/node_modules/@vitest/runner/dist/index.js:146:14\n    at file:///home/mhugo/code/claude-code-zen/node_modules/@vitest/runner/dist/index.js:533:11\n    at runWithTimeout (file:///home/mhugo/code/claude-code-zen/node_modules/@vitest/runner/dist/index.js:39:7)\n    at runTest (file:///home/mhugo/code/claude-code-zen/node_modules/@vitest/runner/dist/index.js:1056:17)\n    at runSuite (file:///home/mhugo/code/claude-code-zen/node_modules/@vitest/runner/dist/index.js:1205:15)\n    at runSuite (file:///home/mhugo/code/claude-code-zen/node_modules/@vitest/runner/dist/index.js:1205:15)\n    at runSuite (file:///home/mhugo/code/claude-code-zen/node_modules/@vitest/runner/dist/index.js:1205:15)"
          ],
          "meta": {}
        },
        {
          "ancestorTitles": [
            "Issue #63: Comprehensive Dependency Injection Implementation",
            "Database Domain DI Integration"
          ],
          "fullName": "Issue #63: Comprehensive Dependency Injection Implementation Database Domain DI Integration should handle database command execution",
          "status": "failed",
          "title": "should handle database command execution",
          "duration": 0.8215019999988726,
          "failureMessages": [
            "ServiceNotFoundError: No provider registered for token: DatabaseController\n    at DIContainer.resolveInternal (/home/mhugo/code/claude-code-zen/src/di/container/di-container.ts:149:13)\n    at DIContainer.resolve (/home/mhugo/code/claude-code-zen/src/di/container/di-container.ts:54:27)\n    at /home/mhugo/code/claude-code-zen/src/__tests__/di-integration/issue-63-comprehensive.test.ts:226:36\n    at file:///home/mhugo/code/claude-code-zen/node_modules/@vitest/runner/dist/index.js:146:14\n    at file:///home/mhugo/code/claude-code-zen/node_modules/@vitest/runner/dist/index.js:533:11\n    at runWithTimeout (file:///home/mhugo/code/claude-code-zen/node_modules/@vitest/runner/dist/index.js:39:7)\n    at runTest (file:///home/mhugo/code/claude-code-zen/node_modules/@vitest/runner/dist/index.js:1056:17)\n    at runSuite (file:///home/mhugo/code/claude-code-zen/node_modules/@vitest/runner/dist/index.js:1205:15)\n    at runSuite (file:///home/mhugo/code/claude-code-zen/node_modules/@vitest/runner/dist/index.js:1205:15)\n    at runSuite (file:///home/mhugo/code/claude-code-zen/node_modules/@vitest/runner/dist/index.js:1205:15)"
          ],
          "meta": {}
        },
        {
          "ancestorTitles": [
            "Issue #63: Comprehensive Dependency Injection Implementation",
            "Database Domain DI Integration"
          ],
          "fullName": "Issue #63: Comprehensive Dependency Injection Implementation Database Domain DI Integration should handle database transactions",
          "status": "failed",
          "title": "should handle database transactions",
          "duration": 0.8837579999999434,
          "failureMessages": [
            "ServiceNotFoundError: No provider registered for token: DatabaseController\n    at DIContainer.resolveInternal (/home/mhugo/code/claude-code-zen/src/di/container/di-container.ts:149:13)\n    at DIContainer.resolve (/home/mhugo/code/claude-code-zen/src/di/container/di-container.ts:54:27)\n    at /home/mhugo/code/claude-code-zen/src/__tests__/di-integration/issue-63-comprehensive.test.ts:243:36\n    at file:///home/mhugo/code/claude-code-zen/node_modules/@vitest/runner/dist/index.js:146:14\n    at file:///home/mhugo/code/claude-code-zen/node_modules/@vitest/runner/dist/index.js:533:11\n    at runWithTimeout (file:///home/mhugo/code/claude-code-zen/node_modules/@vitest/runner/dist/index.js:39:7)\n    at runTest (file:///home/mhugo/code/claude-code-zen/node_modules/@vitest/runner/dist/index.js:1056:17)\n    at runSuite (file:///home/mhugo/code/claude-code-zen/node_modules/@vitest/runner/dist/index.js:1205:15)\n    at runSuite (file:///home/mhugo/code/claude-code-zen/node_modules/@vitest/runner/dist/index.js:1205:15)\n    at runSuite (file:///home/mhugo/code/claude-code-zen/node_modules/@vitest/runner/dist/index.js:1205:15)"
          ],
          "meta": {}
        },
        {
          "ancestorTitles": [
            "Issue #63: Comprehensive Dependency Injection Implementation",
            "Database Domain DI Integration"
          ],
          "fullName": "Issue #63: Comprehensive Dependency Injection Implementation Database Domain DI Integration should provide database schema information",
          "status": "failed",
          "title": "should provide database schema information",
          "duration": 0.8496679999989283,
          "failureMessages": [
            "ServiceNotFoundError: No provider registered for token: DatabaseController\n    at DIContainer.resolveInternal (/home/mhugo/code/claude-code-zen/src/di/container/di-container.ts:149:13)\n    at DIContainer.resolve (/home/mhugo/code/claude-code-zen/src/di/container/di-container.ts:54:27)\n    at /home/mhugo/code/claude-code-zen/src/__tests__/di-integration/issue-63-comprehensive.test.ts:264:36\n    at file:///home/mhugo/code/claude-code-zen/node_modules/@vitest/runner/dist/index.js:146:14\n    at file:///home/mhugo/code/claude-code-zen/node_modules/@vitest/runner/dist/index.js:533:11\n    at runWithTimeout (file:///home/mhugo/code/claude-code-zen/node_modules/@vitest/runner/dist/index.js:39:7)\n    at runTest (file:///home/mhugo/code/claude-code-zen/node_modules/@vitest/runner/dist/index.js:1056:17)\n    at runSuite (file:///home/mhugo/code/claude-code-zen/node_modules/@vitest/runner/dist/index.js:1205:15)\n    at runSuite (file:///home/mhugo/code/claude-code-zen/node_modules/@vitest/runner/dist/index.js:1205:15)\n    at runSuite (file:///home/mhugo/code/claude-code-zen/node_modules/@vitest/runner/dist/index.js:1205:15)"
          ],
          "meta": {}
        },
        {
          "ancestorTitles": [
            "Issue #63: Comprehensive Dependency Injection Implementation",
            "Database Domain DI Integration"
          ],
          "fullName": "Issue #63: Comprehensive Dependency Injection Implementation Database Domain DI Integration should provide comprehensive database analytics",
          "status": "failed",
          "title": "should provide comprehensive database analytics",
          "duration": 0.9856949999993958,
          "failureMessages": [
            "ServiceNotFoundError: No provider registered for token: DatabaseController\n    at DIContainer.resolveInternal (/home/mhugo/code/claude-code-zen/src/di/container/di-container.ts:149:13)\n    at DIContainer.resolve (/home/mhugo/code/claude-code-zen/src/di/container/di-container.ts:54:27)\n    at /home/mhugo/code/claude-code-zen/src/__tests__/di-integration/issue-63-comprehensive.test.ts:279:36\n    at file:///home/mhugo/code/claude-code-zen/node_modules/@vitest/runner/dist/index.js:146:14\n    at file:///home/mhugo/code/claude-code-zen/node_modules/@vitest/runner/dist/index.js:533:11\n    at runWithTimeout (file:///home/mhugo/code/claude-code-zen/node_modules/@vitest/runner/dist/index.js:39:7)\n    at runTest (file:///home/mhugo/code/claude-code-zen/node_modules/@vitest/runner/dist/index.js:1056:17)\n    at runSuite (file:///home/mhugo/code/claude-code-zen/node_modules/@vitest/runner/dist/index.js:1205:15)\n    at runSuite (file:///home/mhugo/code/claude-code-zen/node_modules/@vitest/runner/dist/index.js:1205:15)\n    at runSuite (file:///home/mhugo/code/claude-code-zen/node_modules/@vitest/runner/dist/index.js:1205:15)"
          ],
          "meta": {}
        },
        {
          "ancestorTitles": [
            "Issue #63: Comprehensive Dependency Injection Implementation",
            "Cross-Domain Integration & Consistency"
          ],
          "fullName": "Issue #63: Comprehensive Dependency Injection Implementation Cross-Domain Integration & Consistency should integrate memory and database controllers seamlessly",
          "status": "failed",
          "title": "should integrate memory and database controllers seamlessly",
          "duration": 1.0557000000007974,
          "failureMessages": [
            "ServiceNotFoundError: No provider registered for token: MemoryController\n    at DIContainer.resolveInternal (/home/mhugo/code/claude-code-zen/src/di/container/di-container.ts:149:13)\n    at DIContainer.resolve (/home/mhugo/code/claude-code-zen/src/di/container/di-container.ts:54:27)\n    at /home/mhugo/code/claude-code-zen/src/__tests__/di-integration/issue-63-comprehensive.test.ts:302:42\n    at file:///home/mhugo/code/claude-code-zen/node_modules/@vitest/runner/dist/index.js:146:14\n    at file:///home/mhugo/code/claude-code-zen/node_modules/@vitest/runner/dist/index.js:533:11\n    at runWithTimeout (file:///home/mhugo/code/claude-code-zen/node_modules/@vitest/runner/dist/index.js:39:7)\n    at runTest (file:///home/mhugo/code/claude-code-zen/node_modules/@vitest/runner/dist/index.js:1056:17)\n    at runSuite (file:///home/mhugo/code/claude-code-zen/node_modules/@vitest/runner/dist/index.js:1205:15)\n    at runSuite (file:///home/mhugo/code/claude-code-zen/node_modules/@vitest/runner/dist/index.js:1205:15)\n    at runSuite (file:///home/mhugo/code/claude-code-zen/node_modules/@vitest/runner/dist/index.js:1205:15)"
          ],
          "meta": {}
        },
        {
          "ancestorTitles": [
            "Issue #63: Comprehensive Dependency Injection Implementation",
            "Cross-Domain Integration & Consistency"
          ],
          "fullName": "Issue #63: Comprehensive Dependency Injection Implementation Cross-Domain Integration & Consistency should provide consistent error handling across domains",
          "status": "failed",
          "title": "should provide consistent error handling across domains",
          "duration": 0.9185539999998582,
          "failureMessages": [
            "ServiceNotFoundError: No provider registered for token: MemoryController\n    at DIContainer.resolveInternal (/home/mhugo/code/claude-code-zen/src/di/container/di-container.ts:149:13)\n    at DIContainer.resolve (/home/mhugo/code/claude-code-zen/src/di/container/di-container.ts:54:27)\n    at /home/mhugo/code/claude-code-zen/src/__tests__/di-integration/issue-63-comprehensive.test.ts:322:42\n    at file:///home/mhugo/code/claude-code-zen/node_modules/@vitest/runner/dist/index.js:146:14\n    at file:///home/mhugo/code/claude-code-zen/node_modules/@vitest/runner/dist/index.js:533:11\n    at runWithTimeout (file:///home/mhugo/code/claude-code-zen/node_modules/@vitest/runner/dist/index.js:39:7)\n    at runTest (file:///home/mhugo/code/claude-code-zen/node_modules/@vitest/runner/dist/index.js:1056:17)\n    at runSuite (file:///home/mhugo/code/claude-code-zen/node_modules/@vitest/runner/dist/index.js:1205:15)\n    at runSuite (file:///home/mhugo/code/claude-code-zen/node_modules/@vitest/runner/dist/index.js:1205:15)\n    at runSuite (file:///home/mhugo/code/claude-code-zen/node_modules/@vitest/runner/dist/index.js:1205:15)"
          ],
          "meta": {}
        },
        {
          "ancestorTitles": [
            "Issue #63: Comprehensive Dependency Injection Implementation",
            "Cross-Domain Integration & Consistency"
          ],
          "fullName": "Issue #63: Comprehensive Dependency Injection Implementation Cross-Domain Integration & Consistency should maintain consistent response formats across domains",
          "status": "failed",
          "title": "should maintain consistent response formats across domains",
          "duration": 0.8638040000005276,
          "failureMessages": [
            "ServiceNotFoundError: No provider registered for token: MemoryController\n    at DIContainer.resolveInternal (/home/mhugo/code/claude-code-zen/src/di/container/di-container.ts:149:13)\n    at DIContainer.resolve (/home/mhugo/code/claude-code-zen/src/di/container/di-container.ts:54:27)\n    at /home/mhugo/code/claude-code-zen/src/__tests__/di-integration/issue-63-comprehensive.test.ts:345:42\n    at file:///home/mhugo/code/claude-code-zen/node_modules/@vitest/runner/dist/index.js:146:14\n    at file:///home/mhugo/code/claude-code-zen/node_modules/@vitest/runner/dist/index.js:533:11\n    at runWithTimeout (file:///home/mhugo/code/claude-code-zen/node_modules/@vitest/runner/dist/index.js:39:7)\n    at runTest (file:///home/mhugo/code/claude-code-zen/node_modules/@vitest/runner/dist/index.js:1056:17)\n    at runSuite (file:///home/mhugo/code/claude-code-zen/node_modules/@vitest/runner/dist/index.js:1205:15)\n    at runSuite (file:///home/mhugo/code/claude-code-zen/node_modules/@vitest/runner/dist/index.js:1205:15)\n    at runSuite (file:///home/mhugo/code/claude-code-zen/node_modules/@vitest/runner/dist/index.js:1205:15)"
          ],
          "meta": {}
        },
        {
          "ancestorTitles": [
            "Issue #63: Comprehensive Dependency Injection Implementation",
            "Cross-Domain Integration & Consistency"
          ],
          "fullName": "Issue #63: Comprehensive Dependency Injection Implementation Cross-Domain Integration & Consistency should support dependency injection across domain boundaries",
          "status": "failed",
          "title": "should support dependency injection across domain boundaries",
          "duration": 0.7934309999982361,
          "failureMessages": [
            "ServiceNotFoundError: No provider registered for token: MemoryProviderFactory\n    at DIContainer.resolveInternal (/home/mhugo/code/claude-code-zen/src/di/container/di-container.ts:149:13)\n    at DIContainer.resolve (/home/mhugo/code/claude-code-zen/src/di/container/di-container.ts:54:27)\n    at /home/mhugo/code/claude-code-zen/src/__tests__/di-integration/issue-63-comprehensive.test.ts:374:39\n    at file:///home/mhugo/code/claude-code-zen/node_modules/@vitest/runner/dist/index.js:146:14\n    at file:///home/mhugo/code/claude-code-zen/node_modules/@vitest/runner/dist/index.js:533:11\n    at runWithTimeout (file:///home/mhugo/code/claude-code-zen/node_modules/@vitest/runner/dist/index.js:39:7)\n    at runTest (file:///home/mhugo/code/claude-code-zen/node_modules/@vitest/runner/dist/index.js:1056:17)\n    at runSuite (file:///home/mhugo/code/claude-code-zen/node_modules/@vitest/runner/dist/index.js:1205:15)\n    at runSuite (file:///home/mhugo/code/claude-code-zen/node_modules/@vitest/runner/dist/index.js:1205:15)\n    at runSuite (file:///home/mhugo/code/claude-code-zen/node_modules/@vitest/runner/dist/index.js:1205:15)"
          ],
          "meta": {}
        },
        {
          "ancestorTitles": [
            "Issue #63: Comprehensive Dependency Injection Implementation",
            "TypeScript Strict Mode Compliance"
          ],
          "fullName": "Issue #63: Comprehensive Dependency Injection Implementation TypeScript Strict Mode Compliance should use proper interfaces without any types",
          "status": "failed",
          "title": "should use proper interfaces without any types",
          "duration": 0.7173929999989923,
          "failureMessages": [
            "ServiceNotFoundError: No provider registered for token: MemoryProviderFactory\n    at DIContainer.resolveInternal (/home/mhugo/code/claude-code-zen/src/di/container/di-container.ts:149:13)\n    at DIContainer.resolve (/home/mhugo/code/claude-code-zen/src/di/container/di-container.ts:54:27)\n    at /home/mhugo/code/claude-code-zen/src/__tests__/di-integration/issue-63-comprehensive.test.ts:405:39\n    at file:///home/mhugo/code/claude-code-zen/node_modules/@vitest/runner/dist/index.js:146:14\n    at file:///home/mhugo/code/claude-code-zen/node_modules/@vitest/runner/dist/index.js:533:11\n    at runWithTimeout (file:///home/mhugo/code/claude-code-zen/node_modules/@vitest/runner/dist/index.js:39:7)\n    at runTest (file:///home/mhugo/code/claude-code-zen/node_modules/@vitest/runner/dist/index.js:1056:17)\n    at runSuite (file:///home/mhugo/code/claude-code-zen/node_modules/@vitest/runner/dist/index.js:1205:15)\n    at runSuite (file:///home/mhugo/code/claude-code-zen/node_modules/@vitest/runner/dist/index.js:1205:15)\n    at runSuite (file:///home/mhugo/code/claude-code-zen/node_modules/@vitest/runner/dist/index.js:1205:15)"
          ],
          "meta": {}
        },
        {
          "ancestorTitles": [
            "Issue #63: Comprehensive Dependency Injection Implementation",
            "TypeScript Strict Mode Compliance"
          ],
          "fullName": "Issue #63: Comprehensive Dependency Injection Implementation TypeScript Strict Mode Compliance should provide proper type inference and safety",
          "status": "failed",
          "title": "should provide proper type inference and safety",
          "duration": 1.2012629999990168,
          "failureMessages": [
            "DIError: Unknown provider type: undefined\n    at DIContainer.resolveInternal (/home/mhugo/code/claude-code-zen/src/di/container/di-container.ts:163:17)\n    at DIContainer.resolve (/home/mhugo/code/claude-code-zen/src/di/container/di-container.ts:54:27)\n    at /home/mhugo/code/claude-code-zen/src/__tests__/di-integration/issue-63-comprehensive.test.ts:417:40\n    at file:///home/mhugo/code/claude-code-zen/node_modules/@vitest/runner/dist/index.js:146:14\n    at file:///home/mhugo/code/claude-code-zen/node_modules/@vitest/runner/dist/index.js:533:11\n    at runWithTimeout (file:///home/mhugo/code/claude-code-zen/node_modules/@vitest/runner/dist/index.js:39:7)\n    at runTest (file:///home/mhugo/code/claude-code-zen/node_modules/@vitest/runner/dist/index.js:1056:17)\n    at runSuite (file:///home/mhugo/code/claude-code-zen/node_modules/@vitest/runner/dist/index.js:1205:15)\n    at runSuite (file:///home/mhugo/code/claude-code-zen/node_modules/@vitest/runner/dist/index.js:1205:15)\n    at runSuite (file:///home/mhugo/code/claude-code-zen/node_modules/@vitest/runner/dist/index.js:1205:15)"
          ],
          "meta": {}
        },
        {
          "ancestorTitles": [
            "Issue #63: Comprehensive Dependency Injection Implementation",
            "Performance and Resource Management"
          ],
          "fullName": "Issue #63: Comprehensive Dependency Injection Implementation Performance and Resource Management should handle high-frequency operations efficiently",
          "status": "failed",
          "title": "should handle high-frequency operations efficiently",
          "duration": 0.8552420000014536,
          "failureMessages": [
            "ServiceNotFoundError: No provider registered for token: MemoryController\n    at DIContainer.resolveInternal (/home/mhugo/code/claude-code-zen/src/di/container/di-container.ts:149:13)\n    at DIContainer.resolve (/home/mhugo/code/claude-code-zen/src/di/container/di-container.ts:54:27)\n    at /home/mhugo/code/claude-code-zen/src/__tests__/di-integration/issue-63-comprehensive.test.ts:432:36\n    at file:///home/mhugo/code/claude-code-zen/node_modules/@vitest/runner/dist/index.js:146:14\n    at file:///home/mhugo/code/claude-code-zen/node_modules/@vitest/runner/dist/index.js:533:11\n    at runWithTimeout (file:///home/mhugo/code/claude-code-zen/node_modules/@vitest/runner/dist/index.js:39:7)\n    at runTest (file:///home/mhugo/code/claude-code-zen/node_modules/@vitest/runner/dist/index.js:1056:17)\n    at runSuite (file:///home/mhugo/code/claude-code-zen/node_modules/@vitest/runner/dist/index.js:1205:15)\n    at runSuite (file:///home/mhugo/code/claude-code-zen/node_modules/@vitest/runner/dist/index.js:1205:15)\n    at runSuite (file:///home/mhugo/code/claude-code-zen/node_modules/@vitest/runner/dist/index.js:1205:15)"
          ],
          "meta": {}
        },
        {
          "ancestorTitles": [
            "Issue #63: Comprehensive Dependency Injection Implementation",
            "Performance and Resource Management"
          ],
          "fullName": "Issue #63: Comprehensive Dependency Injection Implementation Performance and Resource Management should manage memory efficiently",
          "status": "passed",
          "title": "should manage memory efficiently",
          "duration": 1.3440169999994396,
          "failureMessages": [],
          "meta": {}
        },
        {
          "ancestorTitles": [
            "Issue #63: Comprehensive Dependency Injection Implementation",
            "Issue #63 Requirements Validation"
          ],
          "fullName": "Issue #63: Comprehensive Dependency Injection Implementation Issue #63 Requirements Validation should satisfy all Issue #63 requirements",
          "status": "failed",
          "title": "should satisfy all Issue #63 requirements",
          "duration": 0.8227179999994405,
          "failureMessages": [
            "ServiceNotFoundError: No provider registered for token: MemoryController\n    at DIContainer.resolveInternal (/home/mhugo/code/claude-code-zen/src/di/container/di-container.ts:149:13)\n    at DIContainer.resolve (/home/mhugo/code/claude-code-zen/src/di/container/di-container.ts:54:27)\n    at /home/mhugo/code/claude-code-zen/src/__tests__/di-integration/issue-63-comprehensive.test.ts:491:42\n    at file:///home/mhugo/code/claude-code-zen/node_modules/@vitest/runner/dist/index.js:146:14\n    at file:///home/mhugo/code/claude-code-zen/node_modules/@vitest/runner/dist/index.js:533:11\n    at runWithTimeout (file:///home/mhugo/code/claude-code-zen/node_modules/@vitest/runner/dist/index.js:39:7)\n    at runTest (file:///home/mhugo/code/claude-code-zen/node_modules/@vitest/runner/dist/index.js:1056:17)\n    at runSuite (file:///home/mhugo/code/claude-code-zen/node_modules/@vitest/runner/dist/index.js:1205:15)\n    at runSuite (file:///home/mhugo/code/claude-code-zen/node_modules/@vitest/runner/dist/index.js:1205:15)\n    at runSuite (file:///home/mhugo/code/claude-code-zen/node_modules/@vitest/runner/dist/index.js:1205:15)"
          ],
          "meta": {}
        },
        {
          "ancestorTitles": [
            "Issue #63: Comprehensive Dependency Injection Implementation",
            "Issue #63 Requirements Validation"
          ],
          "fullName": "Issue #63: Comprehensive Dependency Injection Implementation Issue #63 Requirements Validation should demonstrate complete architectural consistency",
          "status": "passed",
          "title": "should demonstrate complete architectural consistency",
          "duration": 0.9403410000013537,
          "failureMessages": [],
          "meta": {}
        },
        {
          "ancestorTitles": ["Integration with Existing DI System"],
          "fullName": "Integration with Existing DI System should integrate seamlessly with existing DI infrastructure",
          "status": "failed",
          "title": "should integrate seamlessly with existing DI infrastructure",
          "duration": 0.8343629999981204,
          "failureMessages": [
            "ServiceNotFoundError: No provider registered for token: MemoryProviderFactory\n    at DIContainer.resolveInternal (/home/mhugo/code/claude-code-zen/src/di/container/di-container.ts:149:13)\n    at DIContainer.resolve (/home/mhugo/code/claude-code-zen/src/di/container/di-container.ts:54:27)\n    at /home/mhugo/code/claude-code-zen/src/__tests__/di-integration/issue-63-comprehensive.test.ts:557:37\n    at file:///home/mhugo/code/claude-code-zen/node_modules/@vitest/runner/dist/index.js:146:14\n    at file:///home/mhugo/code/claude-code-zen/node_modules/@vitest/runner/dist/index.js:533:11\n    at runWithTimeout (file:///home/mhugo/code/claude-code-zen/node_modules/@vitest/runner/dist/index.js:39:7)\n    at runTest (file:///home/mhugo/code/claude-code-zen/node_modules/@vitest/runner/dist/index.js:1056:17)\n    at runSuite (file:///home/mhugo/code/claude-code-zen/node_modules/@vitest/runner/dist/index.js:1205:15)\n    at runSuite (file:///home/mhugo/code/claude-code-zen/node_modules/@vitest/runner/dist/index.js:1205:15)\n    at runFiles (file:///home/mhugo/code/claude-code-zen/node_modules/@vitest/runner/dist/index.js:1262:5)"
          ],
          "meta": {}
        },
        {
          "ancestorTitles": ["Integration with Existing DI System"],
          "fullName": "Integration with Existing DI System should support dependency injection lifecycle management",
          "status": "failed",
          "title": "should support dependency injection lifecycle management",
          "duration": 0.9780169999976351,
          "failureMessages": [
            "DIError: Unknown provider type: undefined\n    at DIContainer.resolveInternal (/home/mhugo/code/claude-code-zen/src/di/container/di-container.ts:163:17)\n    at DIContainer.resolve (/home/mhugo/code/claude-code-zen/src/di/container/di-container.ts:54:27)\n    at /home/mhugo/code/claude-code-zen/src/__tests__/di-integration/issue-63-comprehensive.test.ts:570:31\n    at file:///home/mhugo/code/claude-code-zen/node_modules/@vitest/runner/dist/index.js:146:14\n    at file:///home/mhugo/code/claude-code-zen/node_modules/@vitest/runner/dist/index.js:533:11\n    at runWithTimeout (file:///home/mhugo/code/claude-code-zen/node_modules/@vitest/runner/dist/index.js:39:7)\n    at runTest (file:///home/mhugo/code/claude-code-zen/node_modules/@vitest/runner/dist/index.js:1056:17)\n    at runSuite (file:///home/mhugo/code/claude-code-zen/node_modules/@vitest/runner/dist/index.js:1205:15)\n    at runSuite (file:///home/mhugo/code/claude-code-zen/node_modules/@vitest/runner/dist/index.js:1205:15)\n    at runFiles (file:///home/mhugo/code/claude-code-zen/node_modules/@vitest/runner/dist/index.js:1262:5)"
          ],
          "meta": {}
        }
      ],
      "startTime": 1754757261212,
      "endTime": 1754757261250.978,
      "status": "failed",
      "message": "",
      "name": "/home/mhugo/code/claude-code-zen/src/__tests__/di-integration/issue-63-comprehensive.test.ts"
    },
    {
      "assertionResults": [],
      "startTime": 1754757243881,
      "endTime": 1754757243881,
      "status": "failed",
      "message": "Do not import `@jest/globals` outside of the Jest test environment",
      "name": "/home/mhugo/code/claude-code-zen/src/__tests__/examples/hybrid-tdd-neural-coordination.test.ts"
    },
    {
      "assertionResults": [],
      "startTime": 1754757243881,
      "endTime": 1754757243881,
      "status": "failed",
      "message": "Failed to resolve import \"../../database/core/database-coordinator\" from \"src/__tests__/e2e/complete-product-flow-sparc.test.ts\". Does the file exist?",
      "name": "/home/mhugo/code/claude-code-zen/src/__tests__/e2e/complete-product-flow-sparc.test.ts"
    },
    {
      "assertionResults": [],
      "startTime": 1754757243881,
      "endTime": 1754757243881,
      "status": "failed",
      "message": "Failed to resolve import \"../../coordination/mcp/mcp-server\" from \"src/__tests__/e2e/complete-workflow-automation.test.ts\". Does the file exist?",
      "name": "/home/mhugo/code/claude-code-zen/src/__tests__/e2e/complete-workflow-automation.test.ts"
    },
    {
      "assertionResults": [],
      "startTime": 1754757243881,
      "endTime": 1754757243881,
      "status": "failed",
      "message": "Failed to resolve import \"sqlite3\" from \"src/__tests__/helpers/integration-test-setup.ts\". Does the file exist?",
      "name": "/home/mhugo/code/claude-code-zen/src/__tests__/e2e/github-integration.test.ts"
    },
    {
      "assertionResults": [],
      "startTime": 1754757243881,
      "endTime": 1754757243881,
      "status": "failed",
      "message": "Failed to resolve import \"sqlite3\" from \"src/__tests__/helpers/integration-test-setup.ts\". Does the file exist?",
      "name": "/home/mhugo/code/claude-code-zen/src/__tests__/e2e/performance-load-testing.test.ts"
    },
    {
      "assertionResults": [],
      "startTime": 1754757243881,
      "endTime": 1754757243881,
      "status": "failed",
      "message": "Failed to resolve import \"sqlite3\" from \"src/__tests__/helpers/integration-test-setup.ts\". Does the file exist?",
      "name": "/home/mhugo/code/claude-code-zen/src/__tests__/e2e/real-time-collaboration.test.ts"
    },
    {
      "assertionResults": [
        {
          "ancestorTitles": [
            "Simplified E2E Workflow Tests",
            "Document-Driven Development Workflow"
          ],
          "fullName": "Simplified E2E Workflow Tests Document-Driven Development Workflow should process a vision document successfully",
          "status": "passed",
          "title": "should process a vision document successfully",
          "duration": 6.165096999997331,
          "failureMessages": [],
          "meta": {}
        },
        {
          "ancestorTitles": [
            "Simplified E2E Workflow Tests",
            "Document-Driven Development Workflow"
          ],
          "fullName": "Simplified E2E Workflow Tests Document-Driven Development Workflow should handle multiple document types in sequence",
          "status": "failed",
          "title": "should handle multiple document types in sequence",
          "duration": 18.655830999996397,
          "failureMessages": [
            "AssertionError: expected 9 to be 3 // Object.is equality\n    at /home/mhugo/code/claude-code-zen/src/__tests__/e2e/simplified-workflow.test.ts:142:41\n    at file:///home/mhugo/code/claude-code-zen/node_modules/@vitest/runner/dist/index.js:533:5\n    at runTest (file:///home/mhugo/code/claude-code-zen/node_modules/@vitest/runner/dist/index.js:1056:11)\n    at runSuite (file:///home/mhugo/code/claude-code-zen/node_modules/@vitest/runner/dist/index.js:1205:15)\n    at runSuite (file:///home/mhugo/code/claude-code-zen/node_modules/@vitest/runner/dist/index.js:1205:15)\n    at runSuite (file:///home/mhugo/code/claude-code-zen/node_modules/@vitest/runner/dist/index.js:1205:15)\n    at runFiles (file:///home/mhugo/code/claude-code-zen/node_modules/@vitest/runner/dist/index.js:1262:5)\n    at startTests (file:///home/mhugo/code/claude-code-zen/node_modules/@vitest/runner/dist/index.js:1271:3)\n    at file:///home/mhugo/code/claude-code-zen/node_modules/vitest/dist/chunks/runBaseTests.3qpJUEJM.js:126:11\n    at withEnv (file:///home/mhugo/code/claude-code-zen/node_modules/vitest/dist/chunks/runBaseTests.3qpJUEJM.js:90:5)"
          ],
          "meta": {}
        },
        {
          "ancestorTitles": [
            "Simplified E2E Workflow Tests",
            "Document-Driven Development Workflow"
          ],
          "fullName": "Simplified E2E Workflow Tests Document-Driven Development Workflow should extract metadata from documents correctly",
          "status": "passed",
          "title": "should extract metadata from documents correctly",
          "duration": 9.921854000000167,
          "failureMessages": [],
          "meta": {}
        },
        {
          "ancestorTitles": [
            "Simplified E2E Workflow Tests",
            "Document-Driven Development Workflow"
          ],
          "fullName": "Simplified E2E Workflow Tests Document-Driven Development Workflow should maintain workspace state correctly",
          "status": "passed",
          "title": "should maintain workspace state correctly",
          "duration": 16.01481000000058,
          "failureMessages": [],
          "meta": {}
        },
        {
          "ancestorTitles": [
            "Simplified E2E Workflow Tests",
            "Document-Driven Development Workflow"
          ],
          "fullName": "Simplified E2E Workflow Tests Document-Driven Development Workflow should handle concurrent document processing gracefully",
          "status": "failed",
          "title": "should handle concurrent document processing gracefully",
          "duration": 23.405830999996397,
          "failureMessages": [
            "AssertionError: expected '# Concurrent Task 2\\n\\nTask 2 for con…' to contain 'Concurrent Task 1'\n    at /home/mhugo/code/claude-code-zen/src/__tests__/e2e/simplified-workflow.test.ts:275:29\n    at Array.forEach (<anonymous>)\n    at /home/mhugo/code/claude-code-zen/src/__tests__/e2e/simplified-workflow.test.ts:273:16\n    at file:///home/mhugo/code/claude-code-zen/node_modules/@vitest/runner/dist/index.js:533:5\n    at runTest (file:///home/mhugo/code/claude-code-zen/node_modules/@vitest/runner/dist/index.js:1056:11)\n    at runSuite (file:///home/mhugo/code/claude-code-zen/node_modules/@vitest/runner/dist/index.js:1205:15)\n    at runSuite (file:///home/mhugo/code/claude-code-zen/node_modules/@vitest/runner/dist/index.js:1205:15)\n    at runSuite (file:///home/mhugo/code/claude-code-zen/node_modules/@vitest/runner/dist/index.js:1205:15)\n    at runFiles (file:///home/mhugo/code/claude-code-zen/node_modules/@vitest/runner/dist/index.js:1262:5)\n    at startTests (file:///home/mhugo/code/claude-code-zen/node_modules/@vitest/runner/dist/index.js:1271:3)"
          ],
          "meta": {}
        },
        {
          "ancestorTitles": [
            "Simplified E2E Workflow Tests",
            "Document-Driven Development Workflow"
          ],
          "fullName": "Simplified E2E Workflow Tests Document-Driven Development Workflow should demonstrate complete workflow efficiency",
          "status": "failed",
          "title": "should demonstrate complete workflow efficiency",
          "duration": 77.34423799999786,
          "failureMessages": [
            "AssertionError: expected 39 to be 6 // Object.is equality\n    at /home/mhugo/code/claude-code-zen/src/__tests__/e2e/simplified-workflow.test.ts:393:30\n    at file:///home/mhugo/code/claude-code-zen/node_modules/@vitest/runner/dist/index.js:533:5\n    at runTest (file:///home/mhugo/code/claude-code-zen/node_modules/@vitest/runner/dist/index.js:1056:11)\n    at runSuite (file:///home/mhugo/code/claude-code-zen/node_modules/@vitest/runner/dist/index.js:1205:15)\n    at runSuite (file:///home/mhugo/code/claude-code-zen/node_modules/@vitest/runner/dist/index.js:1205:15)\n    at runSuite (file:///home/mhugo/code/claude-code-zen/node_modules/@vitest/runner/dist/index.js:1205:15)\n    at runFiles (file:///home/mhugo/code/claude-code-zen/node_modules/@vitest/runner/dist/index.js:1262:5)\n    at startTests (file:///home/mhugo/code/claude-code-zen/node_modules/@vitest/runner/dist/index.js:1271:3)\n    at file:///home/mhugo/code/claude-code-zen/node_modules/vitest/dist/chunks/runBaseTests.3qpJUEJM.js:126:11\n    at withEnv (file:///home/mhugo/code/claude-code-zen/node_modules/vitest/dist/chunks/runBaseTests.3qpJUEJM.js:90:5)"
          ],
          "meta": {}
        }
      ],
      "startTime": 1754757282742,
      "endTime": 1754757282893.3442,
      "status": "failed",
      "message": "",
      "name": "/home/mhugo/code/claude-code-zen/src/__tests__/e2e/simplified-workflow.test.ts"
    },
    {
      "assertionResults": [],
      "startTime": 1754757243881,
      "endTime": 1754757243881,
      "status": "failed",
      "message": "Do not import `@jest/globals` outside of the Jest test environment",
      "name": "/home/mhugo/code/claude-code-zen/src/__tests__/helpers/example-usage.test.ts"
    },
    {
      "assertionResults": [
        {
          "ancestorTitles": ["Auto-Swarm Integration"],
          "fullName": "Auto-Swarm Integration should be able to import all required swarm components",
          "status": "passed",
          "title": "should be able to import all required swarm components",
          "duration": 15.803914999996778,
          "failureMessages": [],
          "meta": {}
        },
        {
          "ancestorTitles": ["Auto-Swarm Integration"],
          "fullName": "Auto-Swarm Integration should be able to create auto-swarm factory with all dependencies",
          "status": "passed",
          "title": "should be able to create auto-swarm factory with all dependencies",
          "duration": 10.376699000000372,
          "failureMessages": [],
          "meta": {}
        }
      ],
      "startTime": 1754757291670,
      "endTime": 1754757291696.3767,
      "status": "passed",
      "message": "",
      "name": "/home/mhugo/code/claude-code-zen/src/__tests__/integration/auto-swarm-integration.test.ts"
    },
    {
      "assertionResults": [
        {
          "ancestorTitles": ["CLI Discover Auto-Swarm Integration"],
          "fullName": "CLI Discover Auto-Swarm Integration should be able to create auto-swarm infrastructure for CLI integration",
          "status": "passed",
          "title": "should be able to create auto-swarm infrastructure for CLI integration",
          "duration": 40.98240500000247,
          "failureMessages": [],
          "meta": {}
        },
        {
          "ancestorTitles": ["CLI Discover Auto-Swarm Integration"],
          "fullName": "CLI Discover Auto-Swarm Integration should handle deployment verification",
          "status": "passed",
          "title": "should handle deployment verification",
          "duration": 1.6756850000019767,
          "failureMessages": [],
          "meta": {}
        }
      ],
      "startTime": 1754757290497,
      "endTime": 1754757290539.6758,
      "status": "passed",
      "message": "",
      "name": "/home/mhugo/code/claude-code-zen/src/__tests__/integration/cli-discover-auto-swarm.test.ts"
    },
    {
      "assertionResults": [
        {
          "ancestorTitles": ["Complete Auto-Swarm Pipeline Integration"],
          "fullName": "Complete Auto-Swarm Pipeline Integration should complete the full auto-swarm creation pipeline",
          "status": "passed",
          "title": "should complete the full auto-swarm creation pipeline",
          "duration": 97.99296799999865,
          "failureMessages": [],
          "meta": {}
        },
        {
          "ancestorTitles": ["Complete Auto-Swarm Pipeline Integration"],
          "fullName": "Complete Auto-Swarm Pipeline Integration should handle error scenarios gracefully",
          "status": "failed",
          "title": "should handle error scenarios gracefully",
          "duration": 12.428283000001102,
          "failureMessages": [
            "Error: Initialization failed\n    at Object.<anonymous> (/home/mhugo/code/claude-code-zen/src/__tests__/integration/complete-auto-swarm-pipeline.test.ts:164:15)\n    at Object.mockCall (file:///home/mhugo/code/claude-code-zen/node_modules/@vitest/spy/dist/index.js:61:17)\n    at Object.spy [as initialize] (file:///home/mhugo/code/claude-code-zen/node_modules/tinyspy/dist/index.js:45:80)\n    at /home/mhugo/code/claude-code-zen/src/coordination/discovery/auto-swarm-factory.ts:724:37\n    at Array.map (<anonymous>)\n    at AutoSwarmFactory.initializeSwarms (/home/mhugo/code/claude-code-zen/src/coordination/discovery/auto-swarm-factory.ts:721:34)\n    at AutoSwarmFactory.createSwarmsForDomains (/home/mhugo/code/claude-code-zen/src/coordination/discovery/auto-swarm-factory.ts:216:18)\n    at /home/mhugo/code/claude-code-zen/src/__tests__/integration/complete-auto-swarm-pipeline.test.ts:215:26\n    at file:///home/mhugo/code/claude-code-zen/node_modules/@vitest/runner/dist/index.js:533:5\n    at runTest (file:///home/mhugo/code/claude-code-zen/node_modules/@vitest/runner/dist/index.js:1056:11)"
          ],
          "meta": {}
        },
        {
          "ancestorTitles": ["Complete Auto-Swarm Pipeline Integration"],
          "fullName": "Complete Auto-Swarm Pipeline Integration should validate resource constraints properly",
          "status": "passed",
          "title": "should validate resource constraints properly",
          "duration": 4.255908999999519,
          "failureMessages": [],
          "meta": {}
        }
      ],
      "startTime": 1754757286084,
      "endTime": 1754757286199.2559,
      "status": "failed",
      "message": "",
      "name": "/home/mhugo/code/claude-code-zen/src/__tests__/integration/complete-auto-swarm-pipeline.test.ts"
    },
    {
      "assertionResults": [],
      "startTime": 1754757243881,
      "endTime": 1754757243881,
      "status": "failed",
      "message": "Failed to resolve import \"../../utils/error-system-integration\" from \"src/__tests__/integration/error-handling-system.test.ts\". Does the file exist?",
      "name": "/home/mhugo/code/claude-code-zen/src/__tests__/integration/error-handling-system.test.ts"
    },
    {
      "assertionResults": [],
      "startTime": 1754757243881,
      "endTime": 1754757243881,
      "status": "failed",
      "message": "Failed to resolve import \"../../coordination/mcp/mcp-server\" from \"src/__tests__/integration/mcp-protocol-compliance.test.ts\". Does the file exist?",
      "name": "/home/mhugo/code/claude-code-zen/src/__tests__/integration/mcp-protocol-compliance.test.ts"
    },
    {
      "assertionResults": [],
      "startTime": 1754757243881,
      "endTime": 1754757243881,
      "status": "failed",
      "message": "Do not import `@jest/globals` outside of the Jest test environment",
      "name": "/home/mhugo/code/claude-code-zen/src/__tests__/integration/mcp-server-london-tdd.test.ts"
    },
    {
      "assertionResults": [],
      "startTime": 1754757243881,
      "endTime": 1754757243881,
      "status": "failed",
      "message": "Failed to resolve import \"coordination/orchestrator\" from \"src/__tests__/integration/orchestrator.test.ts\". Does the file exist?",
      "name": "/home/mhugo/code/claude-code-zen/src/__tests__/integration/orchestrator.test.ts"
    },
    {
      "assertionResults": [],
      "startTime": 1754757243881,
      "endTime": 1754757243881,
      "status": "failed",
      "message": "Failed to resolve import \"../../database/core/database-coordinator\" from \"src/__tests__/integration/product-flow-sparc-integration.test.ts\". Does the file exist?",
      "name": "/home/mhugo/code/claude-code-zen/src/__tests__/integration/product-flow-sparc-integration.test.ts"
    },
    {
      "assertionResults": [],
      "startTime": 1754757243881,
      "endTime": 1754757243881,
      "status": "failed",
      "message": "Do not import `@jest/globals` outside of the Jest test environment",
      "name": "/home/mhugo/code/claude-code-zen/src/__tests__/integration/web-mcp-integration-london-tdd.test.ts"
    },
    {
      "assertionResults": [],
      "startTime": 1754757243881,
      "endTime": 1754757243881,
      "status": "failed",
      "message": "Do not import `@jest/globals` outside of the Jest test environment",
      "name": "/home/mhugo/code/claude-code-zen/src/__tests__/integration/websocket-client-london-tdd.test.ts"
    },
    {
      "assertionResults": [],
      "startTime": 1754757243881,
      "endTime": 1754757243881,
      "status": "failed",
      "message": "Failed to resolve import \"sqlite3\" from \"src/__tests__/helpers/integration-test-setup.ts\". Does the file exist?",
      "name": "/home/mhugo/code/claude-code-zen/src/__tests__/integration/websocket-realtime-coordination.test.ts"
    },
    {
      "assertionResults": [],
      "startTime": 1754757243881,
      "endTime": 1754757243881,
      "status": "failed",
      "message": "Do not import `@jest/globals` outside of the Jest test environment",
      "name": "/home/mhugo/code/claude-code-zen/src/__tests__/integration/websocket-swarm-coordination.test.ts"
    },
    {
      "assertionResults": [
        {
          "ancestorTitles": [
            "Adapter Pattern Implementation",
            "Message Transformation Algorithms (Classical TDD)",
            "Protocol Message Format Validation"
          ],
          "fullName": "Adapter Pattern Implementation Message Transformation Algorithms (Classical TDD) Protocol Message Format Validation should validate protocol message structure",
          "status": "passed",
          "title": "should validate protocol message structure",
          "duration": 3.552727999999661,
          "failureMessages": [],
          "meta": {}
        },
        {
          "ancestorTitles": [
            "Adapter Pattern Implementation",
            "Message Transformation Algorithms (Classical TDD)",
            "Protocol Message Format Validation"
          ],
          "fullName": "Adapter Pattern Implementation Message Transformation Algorithms (Classical TDD) Protocol Message Format Validation should handle message serialization and deserialization",
          "status": "passed",
          "title": "should handle message serialization and deserialization",
          "duration": 0.9327929999999469,
          "failureMessages": [],
          "meta": {}
        },
        {
          "ancestorTitles": [
            "Adapter Pattern Implementation",
            "Message Transformation Algorithms (Classical TDD)",
            "Protocol Message Format Validation"
          ],
          "fullName": "Adapter Pattern Implementation Message Transformation Algorithms (Classical TDD) Protocol Message Format Validation should calculate message priorities correctly",
          "status": "passed",
          "title": "should calculate message priorities correctly",
          "duration": 0.6319340000000011,
          "failureMessages": [],
          "meta": {}
        },
        {
          "ancestorTitles": [
            "Adapter Pattern Implementation",
            "Message Transformation Algorithms (Classical TDD)",
            "MCP Protocol Transformations"
          ],
          "fullName": "Adapter Pattern Implementation Message Transformation Algorithms (Classical TDD) MCP Protocol Transformations should transform MCP messages to HTTP endpoints correctly",
          "status": "passed",
          "title": "should transform MCP messages to HTTP endpoints correctly",
          "duration": 0.8820240000000013,
          "failureMessages": [],
          "meta": {}
        },
        {
          "ancestorTitles": [
            "Adapter Pattern Implementation",
            "Message Transformation Algorithms (Classical TDD)",
            "MCP Protocol Transformations"
          ],
          "fullName": "Adapter Pattern Implementation Message Transformation Algorithms (Classical TDD) MCP Protocol Transformations should transform MCP messages to stdio JSON-RPC format",
          "status": "passed",
          "title": "should transform MCP messages to stdio JSON-RPC format",
          "duration": 0.5382500000000618,
          "failureMessages": [],
          "meta": {}
        },
        {
          "ancestorTitles": [
            "Adapter Pattern Implementation",
            "Message Transformation Algorithms (Classical TDD)",
            "MCP Protocol Transformations"
          ],
          "fullName": "Adapter Pattern Implementation Message Transformation Algorithms (Classical TDD) MCP Protocol Transformations should handle MCP error responses correctly",
          "status": "passed",
          "title": "should handle MCP error responses correctly",
          "duration": 0.4930680000002212,
          "failureMessages": [],
          "meta": {}
        },
        {
          "ancestorTitles": [
            "Adapter Pattern Implementation",
            "Message Transformation Algorithms (Classical TDD)",
            "WebSocket Message Handling"
          ],
          "fullName": "Adapter Pattern Implementation Message Transformation Algorithms (Classical TDD) WebSocket Message Handling should handle WebSocket message parsing correctly",
          "status": "passed",
          "title": "should handle WebSocket message parsing correctly",
          "duration": 0.6088880000002064,
          "failureMessages": [],
          "meta": {}
        },
        {
          "ancestorTitles": [
            "Adapter Pattern Implementation",
            "Message Transformation Algorithms (Classical TDD)",
            "WebSocket Message Handling"
          ],
          "fullName": "Adapter Pattern Implementation Message Transformation Algorithms (Classical TDD) WebSocket Message Handling should implement exponential backoff for reconnection",
          "status": "passed",
          "title": "should implement exponential backoff for reconnection",
          "duration": 0.611388000000261,
          "failureMessages": [],
          "meta": {}
        },
        {
          "ancestorTitles": [
            "Adapter Pattern Implementation",
            "Message Transformation Algorithms (Classical TDD)",
            "WebSocket Message Handling"
          ],
          "fullName": "Adapter Pattern Implementation Message Transformation Algorithms (Classical TDD) WebSocket Message Handling should batch WebSocket messages for efficiency",
          "status": "passed",
          "title": "should batch WebSocket messages for efficiency",
          "duration": 1.85278100000005,
          "failureMessages": [],
          "meta": {}
        },
        {
          "ancestorTitles": [
            "Adapter Pattern Implementation",
            "Message Transformation Algorithms (Classical TDD)",
            "REST API Transformations"
          ],
          "fullName": "Adapter Pattern Implementation Message Transformation Algorithms (Classical TDD) REST API Transformations should map message types to REST endpoints correctly",
          "status": "passed",
          "title": "should map message types to REST endpoints correctly",
          "duration": 0.6164220000000569,
          "failureMessages": [],
          "meta": {}
        },
        {
          "ancestorTitles": [
            "Adapter Pattern Implementation",
            "Message Transformation Algorithms (Classical TDD)",
            "REST API Transformations"
          ],
          "fullName": "Adapter Pattern Implementation Message Transformation Algorithms (Classical TDD) REST API Transformations should handle different authentication methods",
          "status": "passed",
          "title": "should handle different authentication methods",
          "duration": 0.8199960000001738,
          "failureMessages": [],
          "meta": {}
        },
        {
          "ancestorTitles": [
            "Adapter Pattern Implementation",
            "Message Transformation Algorithms (Classical TDD)",
            "REST API Transformations"
          ],
          "fullName": "Adapter Pattern Implementation Message Transformation Algorithms (Classical TDD) REST API Transformations should calculate request timeouts based on operation complexity",
          "status": "passed",
          "title": "should calculate request timeouts based on operation complexity",
          "duration": 0.6007970000000569,
          "failureMessages": [],
          "meta": {}
        },
        {
          "ancestorTitles": [
            "Adapter Pattern Implementation",
            "Message Transformation Algorithms (Classical TDD)",
            "Legacy System Adaptations"
          ],
          "fullName": "Adapter Pattern Implementation Message Transformation Algorithms (Classical TDD) Legacy System Adaptations should transform modern messages to legacy formats",
          "status": "passed",
          "title": "should transform modern messages to legacy formats",
          "duration": 0.6575589999997646,
          "failureMessages": [],
          "meta": {}
        },
        {
          "ancestorTitles": [
            "Adapter Pattern Implementation",
            "Message Transformation Algorithms (Classical TDD)",
            "Legacy System Adaptations"
          ],
          "fullName": "Adapter Pattern Implementation Message Transformation Algorithms (Classical TDD) Legacy System Adaptations should transform legacy responses to modern format",
          "status": "passed",
          "title": "should transform legacy responses to modern format",
          "duration": 0.5767329999998765,
          "failureMessages": [],
          "meta": {}
        },
        {
          "ancestorTitles": [
            "Adapter Pattern Implementation",
            "Message Transformation Algorithms (Classical TDD)",
            "Legacy System Adaptations"
          ],
          "fullName": "Adapter Pattern Implementation Message Transformation Algorithms (Classical TDD) Legacy System Adaptations should handle legacy protocol variations",
          "status": "passed",
          "title": "should handle legacy protocol variations",
          "duration": 0.6359620000002906,
          "failureMessages": [],
          "meta": {}
        },
        {
          "ancestorTitles": [
            "Adapter Pattern Implementation",
            "Message Transformation Algorithms (Classical TDD)",
            "Performance and Optimization"
          ],
          "fullName": "Adapter Pattern Implementation Message Transformation Algorithms (Classical TDD) Performance and Optimization should implement message compression for large payloads",
          "status": "passed",
          "title": "should implement message compression for large payloads",
          "duration": 4.207720999999765,
          "failureMessages": [],
          "meta": {}
        },
        {
          "ancestorTitles": [
            "Adapter Pattern Implementation",
            "Message Transformation Algorithms (Classical TDD)",
            "Performance and Optimization"
          ],
          "fullName": "Adapter Pattern Implementation Message Transformation Algorithms (Classical TDD) Performance and Optimization should implement connection pooling for REST adapters",
          "status": "passed",
          "title": "should implement connection pooling for REST adapters",
          "duration": 1.631840000000011,
          "failureMessages": [],
          "meta": {}
        },
        {
          "ancestorTitles": [
            "Adapter Pattern Implementation",
            "Message Transformation Algorithms (Classical TDD)",
            "Performance and Optimization"
          ],
          "fullName": "Adapter Pattern Implementation Message Transformation Algorithms (Classical TDD) Performance and Optimization should implement adaptive retry strategies",
          "status": "passed",
          "title": "should implement adaptive retry strategies",
          "duration": 0.7085369999999784,
          "failureMessages": [],
          "meta": {}
        },
        {
          "ancestorTitles": [
            "Adapter Pattern Implementation",
            "Adapter Interactions (London TDD)",
            "AdapterFactory"
          ],
          "fullName": "Adapter Pattern Implementation Adapter Interactions (London TDD) AdapterFactory should create correct adapter instances",
          "status": "passed",
          "title": "should create correct adapter instances",
          "duration": 0.9616370000003371,
          "failureMessages": [],
          "meta": {}
        },
        {
          "ancestorTitles": [
            "Adapter Pattern Implementation",
            "Adapter Interactions (London TDD)",
            "AdapterFactory"
          ],
          "fullName": "Adapter Pattern Implementation Adapter Interactions (London TDD) AdapterFactory should throw error for unknown protocols",
          "status": "passed",
          "title": "should throw error for unknown protocols",
          "duration": 1.8340250000001106,
          "failureMessages": [],
          "meta": {}
        },
        {
          "ancestorTitles": [
            "Adapter Pattern Implementation",
            "Adapter Interactions (London TDD)",
            "AdapterFactory"
          ],
          "fullName": "Adapter Pattern Implementation Adapter Interactions (London TDD) AdapterFactory should register custom adapters",
          "status": "passed",
          "title": "should register custom adapters",
          "duration": 0.5318120000001727,
          "failureMessages": [],
          "meta": {}
        },
        {
          "ancestorTitles": [
            "Adapter Pattern Implementation",
            "Adapter Interactions (London TDD)",
            "AdapterFactory"
          ],
          "fullName": "Adapter Pattern Implementation Adapter Interactions (London TDD) AdapterFactory should list available protocols",
          "status": "passed",
          "title": "should list available protocols",
          "duration": 1.4139380000001438,
          "failureMessages": [],
          "meta": {}
        },
        {
          "ancestorTitles": [
            "Adapter Pattern Implementation",
            "Adapter Interactions (London TDD)",
            "ProtocolManager"
          ],
          "fullName": "Adapter Pattern Implementation Adapter Interactions (London TDD) ProtocolManager should add protocols correctly",
          "status": "passed",
          "title": "should add protocols correctly",
          "duration": 2.828574000000117,
          "failureMessages": [],
          "meta": {}
        },
        {
          "ancestorTitles": [
            "Adapter Pattern Implementation",
            "Adapter Interactions (London TDD)",
            "ProtocolManager"
          ],
          "fullName": "Adapter Pattern Implementation Adapter Interactions (London TDD) ProtocolManager should send messages through correct adapter",
          "status": "passed",
          "title": "should send messages through correct adapter",
          "duration": 1.5249869999997827,
          "failureMessages": [],
          "meta": {}
        },
        {
          "ancestorTitles": [
            "Adapter Pattern Implementation",
            "Adapter Interactions (London TDD)",
            "ProtocolManager"
          ],
          "fullName": "Adapter Pattern Implementation Adapter Interactions (London TDD) ProtocolManager should broadcast messages to multiple adapters",
          "status": "passed",
          "title": "should broadcast messages to multiple adapters",
          "duration": 3.244036999999935,
          "failureMessages": [],
          "meta": {}
        },
        {
          "ancestorTitles": [
            "Adapter Pattern Implementation",
            "Adapter Interactions (London TDD)",
            "ProtocolManager"
          ],
          "fullName": "Adapter Pattern Implementation Adapter Interactions (London TDD) ProtocolManager should handle adapter failures gracefully",
          "status": "passed",
          "title": "should handle adapter failures gracefully",
          "duration": 2.0311940000001414,
          "failureMessages": [],
          "meta": {}
        },
        {
          "ancestorTitles": [
            "Adapter Pattern Implementation",
            "Adapter Interactions (London TDD)",
            "ProtocolManager"
          ],
          "fullName": "Adapter Pattern Implementation Adapter Interactions (London TDD) ProtocolManager should implement message routing",
          "status": "passed",
          "title": "should implement message routing",
          "duration": 1.4166059999997742,
          "failureMessages": [],
[...]
          "failureMessages": [
            "TypeError: __vite_ssr_import_0__.DefaultEnhancedHookManager is not a constructor\n    at /home/mhugo/code/claude-code-zen/src/__tests__/unit/london/coordination/hooks/hook-system.test.ts:48:19\n    at file:///home/mhugo/code/claude-code-zen/node_modules/@vitest/runner/dist/index.js:146:14\n    at runWithTimeout (file:///home/mhugo/code/claude-code-zen/node_modules/@vitest/runner/dist/index.js:39:7)\n    at callSuiteHook (file:///home/mhugo/code/claude-code-zen/node_modules/@vitest/runner/dist/index.js:964:28)\n    at callSuiteHook (file:///home/mhugo/code/claude-code-zen/node_modules/@vitest/runner/dist/index.js:953:10)\n    at callSuiteHook (file:///home/mhugo/code/claude-code-zen/node_modules/@vitest/runner/dist/index.js:953:10)\n    at runTest (file:///home/mhugo/code/claude-code-zen/node_modules/@vitest/runner/dist/index.js:1040:30)\n    at runSuite (file:///home/mhugo/code/claude-code-zen/node_modules/@vitest/runner/dist/index.js:1205:15)\n    at runSuite (file:///home/mhugo/code/claude-code-zen/node_modules/@vitest/runner/dist/index.js:1205:15)\n    at runSuite (file:///home/mhugo/code/claude-code-zen/node_modules/@vitest/runner/dist/index.js:1205:15)"
          ],
          "meta": {}
        },
        {
          "ancestorTitles": [
            "Enhanced Hook System - London TDD",
            "🛡️ Acceptance Tests - Safety Validation",
            "User Story: Validate File Operations"
          ],
          "fullName": "Enhanced Hook System - London TDD 🛡️ Acceptance Tests - Safety Validation User Story: Validate File Operations should validate file access permissions",
          "status": "failed",
          "title": "should validate file access permissions",
          "duration": 1.0689689999999246,
          "failureMessages": [
            "TypeError: __vite_ssr_import_0__.DefaultEnhancedHookManager is not a constructor\n    at /home/mhugo/code/claude-code-zen/src/__tests__/unit/london/coordination/hooks/hook-system.test.ts:48:19\n    at file:///home/mhugo/code/claude-code-zen/node_modules/@vitest/runner/dist/index.js:146:14\n    at runWithTimeout (file:///home/mhugo/code/claude-code-zen/node_modules/@vitest/runner/dist/index.js:39:7)\n    at callSuiteHook (file:///home/mhugo/code/claude-code-zen/node_modules/@vitest/runner/dist/index.js:964:28)\n    at callSuiteHook (file:///home/mhugo/code/claude-code-zen/node_modules/@vitest/runner/dist/index.js:953:10)\n    at callSuiteHook (file:///home/mhugo/code/claude-code-zen/node_modules/@vitest/runner/dist/index.js:953:10)\n    at runTest (file:///home/mhugo/code/claude-code-zen/node_modules/@vitest/runner/dist/index.js:1040:30)\n    at runSuite (file:///home/mhugo/code/claude-code-zen/node_modules/@vitest/runner/dist/index.js:1205:15)\n    at runSuite (file:///home/mhugo/code/claude-code-zen/node_modules/@vitest/runner/dist/index.js:1205:15)\n    at runSuite (file:///home/mhugo/code/claude-code-zen/node_modules/@vitest/runner/dist/index.js:1205:15)"
          ],
          "meta": {}
        },
        {
          "ancestorTitles": [
            "Enhanced Hook System - London TDD",
            "🤖 Acceptance Tests - Auto-Agent Assignment",
            "User Story: Assign Optimal Agents"
          ],
          "fullName": "Enhanced Hook System - London TDD 🤖 Acceptance Tests - Auto-Agent Assignment User Story: Assign Optimal Agents should assign agents based on file type",
          "status": "failed",
          "title": "should assign agents based on file type",
          "duration": 1.2166069999948377,
          "failureMessages": [
            "TypeError: __vite_ssr_import_0__.DefaultEnhancedHookManager is not a constructor\n    at /home/mhugo/code/claude-code-zen/src/__tests__/unit/london/coordination/hooks/hook-system.test.ts:48:19\n    at file:///home/mhugo/code/claude-code-zen/node_modules/@vitest/runner/dist/index.js:146:14\n    at runWithTimeout (file:///home/mhugo/code/claude-code-zen/node_modules/@vitest/runner/dist/index.js:39:7)\n    at callSuiteHook (file:///home/mhugo/code/claude-code-zen/node_modules/@vitest/runner/dist/index.js:964:28)\n    at callSuiteHook (file:///home/mhugo/code/claude-code-zen/node_modules/@vitest/runner/dist/index.js:953:10)\n    at callSuiteHook (file:///home/mhugo/code/claude-code-zen/node_modules/@vitest/runner/dist/index.js:953:10)\n    at runTest (file:///home/mhugo/code/claude-code-zen/node_modules/@vitest/runner/dist/index.js:1040:30)\n    at runSuite (file:///home/mhugo/code/claude-code-zen/node_modules/@vitest/runner/dist/index.js:1205:15)\n    at runSuite (file:///home/mhugo/code/claude-code-zen/node_modules/@vitest/runner/dist/index.js:1205:15)\n    at runSuite (file:///home/mhugo/code/claude-code-zen/node_modules/@vitest/runner/dist/index.js:1205:15)"
          ],
          "meta": {}
        },
        {
          "ancestorTitles": [
            "Enhanced Hook System - London TDD",
            "🤖 Acceptance Tests - Auto-Agent Assignment",
            "User Story: Assign Optimal Agents"
          ],
          "fullName": "Enhanced Hook System - London TDD 🤖 Acceptance Tests - Auto-Agent Assignment User Story: Assign Optimal Agents should handle agent assignment failure gracefully",
          "status": "failed",
          "title": "should handle agent assignment failure gracefully",
          "duration": 1.1088650000019697,
          "failureMessages": [
            "TypeError: __vite_ssr_import_0__.DefaultEnhancedHookManager is not a constructor\n    at /home/mhugo/code/claude-code-zen/src/__tests__/unit/london/coordination/hooks/hook-system.test.ts:48:19\n    at file:///home/mhugo/code/claude-code-zen/node_modules/@vitest/runner/dist/index.js:146:14\n    at runWithTimeout (file:///home/mhugo/code/claude-code-zen/node_modules/@vitest/runner/dist/index.js:39:7)\n    at callSuiteHook (file:///home/mhugo/code/claude-code-zen/node_modules/@vitest/runner/dist/index.js:964:28)\n    at callSuiteHook (file:///home/mhugo/code/claude-code-zen/node_modules/@vitest/runner/dist/index.js:953:10)\n    at callSuiteHook (file:///home/mhugo/code/claude-code-zen/node_modules/@vitest/runner/dist/index.js:953:10)\n    at runTest (file:///home/mhugo/code/claude-code-zen/node_modules/@vitest/runner/dist/index.js:1040:30)\n    at runSuite (file:///home/mhugo/code/claude-code-zen/node_modules/@vitest/runner/dist/index.js:1205:15)\n    at runSuite (file:///home/mhugo/code/claude-code-zen/node_modules/@vitest/runner/dist/index.js:1205:15)\n    at runSuite (file:///home/mhugo/code/claude-code-zen/node_modules/@vitest/runner/dist/index.js:1205:15)"
          ],
          "meta": {}
        },
        {
          "ancestorTitles": [
            "Enhanced Hook System - London TDD",
            "📊 Acceptance Tests - Performance Tracking",
            "User Story: Track Operation Performance"
          ],
          "fullName": "Enhanced Hook System - London TDD 📊 Acceptance Tests - Performance Tracking User Story: Track Operation Performance should track successful operations",
          "status": "failed",
          "title": "should track successful operations",
          "duration": 1.0388479999965057,
          "failureMessages": [
            "TypeError: __vite_ssr_import_0__.DefaultEnhancedHookManager is not a constructor\n    at /home/mhugo/code/claude-code-zen/src/__tests__/unit/london/coordination/hooks/hook-system.test.ts:48:19\n    at file:///home/mhugo/code/claude-code-zen/node_modules/@vitest/runner/dist/index.js:146:14\n    at runWithTimeout (file:///home/mhugo/code/claude-code-zen/node_modules/@vitest/runner/dist/index.js:39:7)\n    at callSuiteHook (file:///home/mhugo/code/claude-code-zen/node_modules/@vitest/runner/dist/index.js:964:28)\n    at callSuiteHook (file:///home/mhugo/code/claude-code-zen/node_modules/@vitest/runner/dist/index.js:953:10)\n    at callSuiteHook (file:///home/mhugo/code/claude-code-zen/node_modules/@vitest/runner/dist/index.js:953:10)\n    at runTest (file:///home/mhugo/code/claude-code-zen/node_modules/@vitest/runner/dist/index.js:1040:30)\n    at runSuite (file:///home/mhugo/code/claude-code-zen/node_modules/@vitest/runner/dist/index.js:1205:15)\n    at runSuite (file:///home/mhugo/code/claude-code-zen/node_modules/@vitest/runner/dist/index.js:1205:15)\n    at runSuite (file:///home/mhugo/code/claude-code-zen/node_modules/@vitest/runner/dist/index.js:1205:15)"
          ],
          "meta": {}
        },
        {
          "ancestorTitles": [
            "Enhanced Hook System - London TDD",
            "📊 Acceptance Tests - Performance Tracking",
            "User Story: Track Operation Performance"
          ],
          "fullName": "Enhanced Hook System - London TDD 📊 Acceptance Tests - Performance Tracking User Story: Track Operation Performance should generate performance metrics",
          "status": "failed",
          "title": "should generate performance metrics",
          "duration": 1.124102000001585,
          "failureMessages": [
            "TypeError: __vite_ssr_import_0__.DefaultEnhancedHookManager is not a constructor\n    at /home/mhugo/code/claude-code-zen/src/__tests__/unit/london/coordination/hooks/hook-system.test.ts:48:19\n    at file:///home/mhugo/code/claude-code-zen/node_modules/@vitest/runner/dist/index.js:146:14\n    at runWithTimeout (file:///home/mhugo/code/claude-code-zen/node_modules/@vitest/runner/dist/index.js:39:7)\n    at callSuiteHook (file:///home/mhugo/code/claude-code-zen/node_modules/@vitest/runner/dist/index.js:964:28)\n    at callSuiteHook (file:///home/mhugo/code/claude-code-zen/node_modules/@vitest/runner/dist/index.js:953:10)\n    at callSuiteHook (file:///home/mhugo/code/claude-code-zen/node_modules/@vitest/runner/dist/index.js:953:10)\n    at runTest (file:///home/mhugo/code/claude-code-zen/node_modules/@vitest/runner/dist/index.js:1040:30)\n    at runSuite (file:///home/mhugo/code/claude-code-zen/node_modules/@vitest/runner/dist/index.js:1205:15)\n    at runSuite (file:///home/mhugo/code/claude-code-zen/node_modules/@vitest/runner/dist/index.js:1205:15)\n    at runSuite (file:///home/mhugo/code/claude-code-zen/node_modules/@vitest/runner/dist/index.js:1205:15)"
          ],
          "meta": {}
        },
        {
          "ancestorTitles": [
            "Enhanced Hook System - London TDD",
            "🔄 Acceptance Tests - Context Loading",
            "User Story: Load Operation Context"
          ],
          "fullName": "Enhanced Hook System - London TDD 🔄 Acceptance Tests - Context Loading User Story: Load Operation Context should load context for operations",
          "status": "failed",
          "title": "should load context for operations",
          "duration": 0.9805530000012368,
          "failureMessages": [
            "TypeError: __vite_ssr_import_0__.DefaultEnhancedHookManager is not a constructor\n    at /home/mhugo/code/claude-code-zen/src/__tests__/unit/london/coordination/hooks/hook-system.test.ts:48:19\n    at file:///home/mhugo/code/claude-code-zen/node_modules/@vitest/runner/dist/index.js:146:14\n    at runWithTimeout (file:///home/mhugo/code/claude-code-zen/node_modules/@vitest/runner/dist/index.js:39:7)\n    at callSuiteHook (file:///home/mhugo/code/claude-code-zen/node_modules/@vitest/runner/dist/index.js:964:28)\n    at callSuiteHook (file:///home/mhugo/code/claude-code-zen/node_modules/@vitest/runner/dist/index.js:953:10)\n    at callSuiteHook (file:///home/mhugo/code/claude-code-zen/node_modules/@vitest/runner/dist/index.js:953:10)\n    at runTest (file:///home/mhugo/code/claude-code-zen/node_modules/@vitest/runner/dist/index.js:1040:30)\n    at runSuite (file:///home/mhugo/code/claude-code-zen/node_modules/@vitest/runner/dist/index.js:1205:15)\n    at runSuite (file:///home/mhugo/code/claude-code-zen/node_modules/@vitest/runner/dist/index.js:1205:15)\n    at runSuite (file:///home/mhugo/code/claude-code-zen/node_modules/@vitest/runner/dist/index.js:1205:15)"
          ],
          "meta": {}
        },
        {
          "ancestorTitles": [
            "Enhanced Hook System - London TDD",
            "🔄 Acceptance Tests - Context Loading",
            "User Story: Load Operation Context"
          ],
          "fullName": "Enhanced Hook System - London TDD 🔄 Acceptance Tests - Context Loading User Story: Load Operation Context should handle context loading failure gracefully",
          "status": "failed",
          "title": "should handle context loading failure gracefully",
          "duration": 1.1031509999957052,
          "failureMessages": [
            "TypeError: __vite_ssr_import_0__.DefaultEnhancedHookManager is not a constructor\n    at /home/mhugo/code/claude-code-zen/src/__tests__/unit/london/coordination/hooks/hook-system.test.ts:48:19\n    at file:///home/mhugo/code/claude-code-zen/node_modules/@vitest/runner/dist/index.js:146:14\n    at runWithTimeout (file:///home/mhugo/code/claude-code-zen/node_modules/@vitest/runner/dist/index.js:39:7)\n    at callSuiteHook (file:///home/mhugo/code/claude-code-zen/node_modules/@vitest/runner/dist/index.js:964:28)\n    at callSuiteHook (file:///home/mhugo/code/claude-code-zen/node_modules/@vitest/runner/dist/index.js:953:10)\n    at callSuiteHook (file:///home/mhugo/code/claude-code-zen/node_modules/@vitest/runner/dist/index.js:953:10)\n    at runTest (file:///home/mhugo/code/claude-code-zen/node_modules/@vitest/runner/dist/index.js:1040:30)\n    at runSuite (file:///home/mhugo/code/claude-code-zen/node_modules/@vitest/runner/dist/index.js:1205:15)\n    at runSuite (file:///home/mhugo/code/claude-code-zen/node_modules/@vitest/runner/dist/index.js:1205:15)\n    at runSuite (file:///home/mhugo/code/claude-code-zen/node_modules/@vitest/runner/dist/index.js:1205:15)"
          ],
          "meta": {}
        },
        {
          "ancestorTitles": [
            "Enhanced Hook System - London TDD",
            "🎨 Acceptance Tests - Auto-Formatting",
            "User Story: Format Code Files"
          ],
          "fullName": "Enhanced Hook System - London TDD 🎨 Acceptance Tests - Auto-Formatting User Story: Format Code Files should suggest formatting for TypeScript files",
          "status": "failed",
          "title": "should suggest formatting for TypeScript files",
          "duration": 1.03343699999823,
          "failureMessages": [
            "TypeError: __vite_ssr_import_0__.DefaultEnhancedHookManager is not a constructor\n    at /home/mhugo/code/claude-code-zen/src/__tests__/unit/london/coordination/hooks/hook-system.test.ts:48:19\n    at file:///home/mhugo/code/claude-code-zen/node_modules/@vitest/runner/dist/index.js:146:14\n    at runWithTimeout (file:///home/mhugo/code/claude-code-zen/node_modules/@vitest/runner/dist/index.js:39:7)\n    at callSuiteHook (file:///home/mhugo/code/claude-code-zen/node_modules/@vitest/runner/dist/index.js:964:28)\n    at callSuiteHook (file:///home/mhugo/code/claude-code-zen/node_modules/@vitest/runner/dist/index.js:953:10)\n    at callSuiteHook (file:///home/mhugo/code/claude-code-zen/node_modules/@vitest/runner/dist/index.js:953:10)\n    at runTest (file:///home/mhugo/code/claude-code-zen/node_modules/@vitest/runner/dist/index.js:1040:30)\n    at runSuite (file:///home/mhugo/code/claude-code-zen/node_modules/@vitest/runner/dist/index.js:1205:15)\n    at runSuite (file:///home/mhugo/code/claude-code-zen/node_modules/@vitest/runner/dist/index.js:1205:15)\n    at runSuite (file:///home/mhugo/code/claude-code-zen/node_modules/@vitest/runner/dist/index.js:1205:15)"
          ],
          "meta": {}
        },
        {
          "ancestorTitles": [
            "Enhanced Hook System - London TDD",
            "🎨 Acceptance Tests - Auto-Formatting",
            "User Story: Format Code Files"
          ],
          "fullName": "Enhanced Hook System - London TDD 🎨 Acceptance Tests - Auto-Formatting User Story: Format Code Files should suggest appropriate formatter for different file types",
          "status": "failed",
          "title": "should suggest appropriate formatter for different file types",
          "duration": 1.0663619999977527,
          "failureMessages": [
            "TypeError: __vite_ssr_import_0__.DefaultEnhancedHookManager is not a constructor\n    at /home/mhugo/code/claude-code-zen/src/__tests__/unit/london/coordination/hooks/hook-system.test.ts:48:19\n    at file:///home/mhugo/code/claude-code-zen/node_modules/@vitest/runner/dist/index.js:146:14\n    at runWithTimeout (file:///home/mhugo/code/claude-code-zen/node_modules/@vitest/runner/dist/index.js:39:7)\n    at callSuiteHook (file:///home/mhugo/code/claude-code-zen/node_modules/@vitest/runner/dist/index.js:964:28)\n    at callSuiteHook (file:///home/mhugo/code/claude-code-zen/node_modules/@vitest/runner/dist/index.js:953:10)\n    at callSuiteHook (file:///home/mhugo/code/claude-code-zen/node_modules/@vitest/runner/dist/index.js:953:10)\n    at runTest (file:///home/mhugo/code/claude-code-zen/node_modules/@vitest/runner/dist/index.js:1040:30)\n    at runSuite (file:///home/mhugo/code/claude-code-zen/node_modules/@vitest/runner/dist/index.js:1205:15)\n    at runSuite (file:///home/mhugo/code/claude-code-zen/node_modules/@vitest/runner/dist/index.js:1205:15)\n    at runSuite (file:///home/mhugo/code/claude-code-zen/node_modules/@vitest/runner/dist/index.js:1205:15)"
          ],
          "meta": {}
        },
        {
          "ancestorTitles": [
            "Enhanced Hook System - London TDD",
            "🧪 London School Patterns - Hook Workflow"
          ],
          "fullName": "Enhanced Hook System - London TDD 🧪 London School Patterns - Hook Workflow should demonstrate complete enhanced hook lifecycle",
          "status": "failed",
          "title": "should demonstrate complete enhanced hook lifecycle",
          "duration": 1.1199179999966873,
          "failureMessages": [
            "TypeError: __vite_ssr_import_0__.DefaultEnhancedHookManager is not a constructor\n    at /home/mhugo/code/claude-code-zen/src/__tests__/unit/london/coordination/hooks/hook-system.test.ts:48:19\n    at file:///home/mhugo/code/claude-code-zen/node_modules/@vitest/runner/dist/index.js:146:14\n    at runWithTimeout (file:///home/mhugo/code/claude-code-zen/node_modules/@vitest/runner/dist/index.js:39:7)\n    at callSuiteHook (file:///home/mhugo/code/claude-code-zen/node_modules/@vitest/runner/dist/index.js:964:28)\n    at callSuiteHook (file:///home/mhugo/code/claude-code-zen/node_modules/@vitest/runner/dist/index.js:953:10)\n    at runTest (file:///home/mhugo/code/claude-code-zen/node_modules/@vitest/runner/dist/index.js:1040:30)\n    at runSuite (file:///home/mhugo/code/claude-code-zen/node_modules/@vitest/runner/dist/index.js:1205:15)\n    at runSuite (file:///home/mhugo/code/claude-code-zen/node_modules/@vitest/runner/dist/index.js:1205:15)\n    at runSuite (file:///home/mhugo/code/claude-code-zen/node_modules/@vitest/runner/dist/index.js:1205:15)\n    at runFiles (file:///home/mhugo/code/claude-code-zen/node_modules/@vitest/runner/dist/index.js:1262:5)"
          ],
          "meta": {}
        }
      ],
      "startTime": 1754757279228,
      "endTime": 1754757279258.1199,
      "status": "failed",
      "message": "",
      "name": "/home/mhugo/code/claude-code-zen/src/__tests__/unit/london/coordination/hooks/hook-system.test.ts"
    },
    {
      "assertionResults": [],
      "startTime": 1754757243881,
      "endTime": 1754757243881,
      "status": "failed",
      "message": "Do not import `@jest/globals` outside of the Jest test environment",
      "name": "/home/mhugo/code/claude-code-zen/tests/intelligence/conversation-framework/memory.test.ts"
    },
    {
      "assertionResults": [],
      "startTime": 1754757243881,
      "endTime": 1754757243881,
      "status": "failed",
      "message": "Do not import `@jest/globals` outside of the Jest test environment",
      "name": "/home/mhugo/code/claude-code-zen/tests/intelligence/conversation-framework/orchestrator.test.ts"
    }
  ]
}
