{"numTotalTestSuites":7,"numPassedTestSuites":7,"numFailedTestSuites":0,"numPendingTestSuites":0,"numTotalTests":17,"numPassedTests":17,"numFailedTests":0,"numPendingTests":0,"numTodoTests":0,"snapshot":{"added":0,"failure":false,"filesAdded":0,"filesRemoved":0,"filesRemovedList":[],"filesUnmatched":0,"filesUpdated":0,"matched":0,"total":0,"unchecked":0,"uncheckedKeysByFile":[],"unmatched":0,"updated":0,"didUpdate":false},"startTime":1756574251643,"success":true,"testResults":[{"assertionResults":[{"ancestorTitles":["Foundation Package - Core Functionality","Package Structure"],"fullName":"Foundation Package - Core Functionality Package Structure should have valid package.json","status":"passed","title":"should have valid package.json","duration":2.014693999999963,"failureMessages":[],"meta":{}},{"ancestorTitles":["Foundation Package - Core Functionality","Package Structure"],"fullName":"Foundation Package - Core Functionality Package Structure should have proper exports configuration","status":"passed","title":"should have proper exports configuration","duration":1.7763780000000224,"failureMessages":[],"meta":{}},{"ancestorTitles":["Foundation Package - Core Functionality","Tree-Shaking Entry Points"],"fullName":"Foundation Package - Core Functionality Tree-Shaking Entry Points should load main entry point","status":"passed","title":"should load main entry point","duration":1728.752554,"failureMessages":[],"meta":{}},{"ancestorTitles":["Foundation Package - Core Functionality","Tree-Shaking Entry Points"],"fullName":"Foundation Package - Core Functionality Tree-Shaking Entry Points should load core entry point","status":"passed","title":"should load core entry point","duration":339.2582,"failureMessages":[],"meta":{}},{"ancestorTitles":["Foundation Package - Core Functionality","Tree-Shaking Entry Points"],"fullName":"Foundation Package - Core Functionality Tree-Shaking Entry Points should load DI entry point","status":"passed","title":"should load DI entry point","duration":21.551545000000033,"failureMessages":[],"meta":{}},{"ancestorTitles":["Foundation Package - Core Functionality","Tree-Shaking Entry Points"],"fullName":"Foundation Package - Core Functionality Tree-Shaking Entry Points should load resilience entry point","status":"passed","title":"should load resilience entry point","duration":9.322442999999907,"failureMessages":[],"meta":{}},{"ancestorTitles":["Foundation Package - Core Functionality","Tree-Shaking Entry Points"],"fullName":"Foundation Package - Core Functionality Tree-Shaking Entry Points should load utils entry point","status":"passed","title":"should load utils entry point","duration":1365.6157699999999,"failureMessages":[],"meta":{}},{"ancestorTitles":["Foundation Package - Core Functionality","Core Dependencies"],"fullName":"Foundation Package - Core Functionality Core Dependencies should have neverthrow for Result pattern","status":"passed","title":"should have neverthrow for Result pattern","duration":0.6013170000001082,"failureMessages":[],"meta":{}},{"ancestorTitles":["Foundation Package - Core Functionality","Core Dependencies"],"fullName":"Foundation Package - Core Functionality Core Dependencies should have zod for validation","status":"passed","title":"should have zod for validation","duration":1.9781050000001414,"failureMessages":[],"meta":{}},{"ancestorTitles":["Foundation Package - Core Functionality","Core Dependencies"],"fullName":"Foundation Package - Core Functionality Core Dependencies should have awilix for dependency injection","status":"passed","title":"should have awilix for dependency injection","duration":0.6954829999999674,"failureMessages":[],"meta":{}},{"ancestorTitles":["Foundation Package - Core Functionality","Core Dependencies"],"fullName":"Foundation Package - Core Functionality Core Dependencies should have cockatiel for resilience","status":"passed","title":"should have cockatiel for resilience","duration":0.28968299999996816,"failureMessages":[],"meta":{}},{"ancestorTitles":["Foundation Package - Core Functionality","Core Dependencies"],"fullName":"Foundation Package - Core Functionality Core Dependencies should have lodash utilities","status":"passed","title":"should have lodash utilities","duration":0.21721700000034616,"failureMessages":[],"meta":{}},{"ancestorTitles":["Foundation Package - Core Functionality","Core Dependencies"],"fullName":"Foundation Package - Core Functionality Core Dependencies should have date-fns for date operations","status":"passed","title":"should have date-fns for date operations","duration":1.1187960000002022,"failureMessages":[],"meta":{}},{"ancestorTitles":["Foundation Package - Core Functionality","Core Dependencies"],"fullName":"Foundation Package - Core Functionality Core Dependencies should have nanoid for ID generation","status":"passed","title":"should have nanoid for ID generation","duration":0.9640359999998509,"failureMessages":[],"meta":{}},{"ancestorTitles":["Foundation Package - Core Functionality","Core Dependencies"],"fullName":"Foundation Package - Core Functionality Core Dependencies should have commander for CLI support","status":"passed","title":"should have commander for CLI support","duration":0.20293100000026243,"failureMessages":[],"meta":{}},{"ancestorTitles":["Foundation Package - Core Functionality","Type Safety"],"fullName":"Foundation Package - Core Functionality Type Safety should provide TypeScript type definitions","status":"passed","title":"should provide TypeScript type definitions","duration":0.12272899999970832,"failureMessages":[],"meta":{}},{"ancestorTitles":["Foundation Package - Core Functionality","Bundle Size Optimization"],"fullName":"Foundation Package - Core Functionality Bundle Size Optimization should have different sized entry points","status":"passed","title":"should have different sized entry points","duration":12.5270859999996,"failureMessages":[],"meta":{}}],"startTime":1756574252152,"endTime":1756574253901.527,"status":"passed","message":"","name":"/home/runner/work/zenflow/zenflow/packages/core/foundation/tests/basic.test.ts"}]}