{"numTotalTestSuites":238,"numPassedTestSuites":70,"numFailedTestSuites":168,"numPendingTestSuites":0,"numTotalTests":316,"numPassedTests":205,"numFailedTests":100,"numPendingTests":11,"numTodoTests":0,"snapshot":{"added":0,"failure":false,"filesAdded":0,"filesRemoved":0,"filesRemovedList":[],"filesUnmatched":0,"filesUpdated":0,"matched":0,"total":0,"unchecked":0,"uncheckedKeysByFile":[],"unmatched":0,"updated":0,"didUpdate":false},"startTime":1754765017685,"success":false,"testResults":[{"assertionResults":[{"ancestorTitles":["Simple Test"],"fullName":"Simple Test should pass","status":"passed","title":"should pass","duration":1.888517999999749,"failureMessages":[],"meta":{}}],"startTime":1754765060450,"endTime":1754765060451.8884,"status":"passed","message":"","name":"/home/mhugo/code/claude-code-zen/src/__tests__/basic-functionality.test.ts"},{"assertionResults":[],"startTime":1754765017685,"endTime":1754765017685,"status":"failed","message":"Do not import `@jest/globals` outside of the Jest test environment","name":"/home/mhugo/code/claude-code-zen/src/__tests__/claude-zen-tdd-architecture.test.ts"},{"assertionResults":[],"startTime":1754765017685,"endTime":1754765017685,"status":"failed","message":"Failed to resolve import \"../../config/url-builder\" from \"src/interfaces/services/adapters/integration-service-adapter.ts\". Does the file exist?","name":"/home/mhugo/code/claude-code-zen/src/__tests__/integration-service-adapter.test.ts"},{"assertionResults":[],"startTime":1754765017685,"endTime":1754765017685,"status":"failed","message":"Do not import `@jest/globals` outside of the Jest test environment","name":"/home/mhugo/code/claude-code-zen/src/__tests__/tdd-london-swarm.test.ts"},{"assertionResults":[],"startTime":1754765017685,"endTime":1754765017685,"status":"failed","message":"Do not import `@jest/globals` outside of the Jest test environment","name":"/home/mhugo/code/claude-code-zen/src/__tests__/coordination/hive-knowledge-bridge.test.ts"},{"assertionResults":[],"startTime":1754765017685,"endTime":1754765017685,"status":"failed","message":"Do not import `@jest/globals` outside of the Jest test environment","name":"/home/mhugo/code/claude-code-zen/src/__tests__/coordination/hive-knowledge-integration.test.ts"},{"assertionResults":[],"startTime":1754765017685,"endTime":1754765017685,"status":"failed","message":"Do not import `@jest/globals` outside of the Jest test environment","name":"/home/mhugo/code/claude-code-zen/src/__tests__/coordination/hive-knowledge-performance.test.ts"},{"assertionResults":[{"ancestorTitles":["Database Adapter Interface Consistency"],"fullName":"Database Adapter Interface Consistency interfaces are properly defined and can be imported","status":"passed","title":"interfaces are properly defined and can be imported","duration":1.8975330000030226,"failureMessages":[],"meta":{}},{"ancestorTitles":["Database Adapter Interface Consistency"],"fullName":"Database Adapter Interface Consistency validates interface consistency through TypeScript compilation","status":"passed","title":"validates interface consistency through TypeScript compilation","duration":1.9158349999997881,"failureMessages":[],"meta":{}}],"startTime":1754765058266,"endTime":1754765058269.9158,"status":"passed","message":"","name":"/home/mhugo/code/claude-code-zen/src/__tests__/database/adapter-interface-consistency.test.ts"},{"assertionResults":[],"startTime":1754765017685,"endTime":1754765017685,"status":"failed","message":"Transform failed with 4 errors:\n/home/mhugo/code/claude-code-zen/src/config/loader.ts:240:8: ERROR: Invalid assignment target\n/home/mhugo/code/claude-code-zen/src/config/loader.ts:242:8: ERROR: Invalid assignment target\n/home/mhugo/code/claude-code-zen/src/config/loader.ts:263:8: ERROR: Invalid assignment target\n/home/mhugo/code/claude-code-zen/src/config/loader.ts:272:6: ERROR: Invalid assignment target","name":"/home/mhugo/code/claude-code-zen/src/__tests__/database/document-manager-integration.test.ts"},{"assertionResults":[],"startTime":1754765017685,"endTime":1754765017685,"status":"failed","message":"Failed to resolve import \"../../src/di/index\" from \"src/__tests__/di-integration/comprehensive-di.test.ts\". Does the file exist?","name":"/home/mhugo/code/claude-code-zen/src/__tests__/di-integration/comprehensive-di.test.ts"},{"assertionResults":[],"startTime":1754765017685,"endTime":1754765017685,"status":"failed","message":"Transform failed with 4 errors:\n/home/mhugo/code/claude-code-zen/src/config/loader.ts:240:8: ERROR: Invalid assignment target\n/home/mhugo/code/claude-code-zen/src/config/loader.ts:242:8: ERROR: Invalid assignment target\n/home/mhugo/code/claude-code-zen/src/config/loader.ts:263:8: ERROR: Invalid assignment target\n/home/mhugo/code/claude-code-zen/src/config/loader.ts:272:6: ERROR: Invalid assignment target","name":"/home/mhugo/code/claude-code-zen/src/__tests__/di-integration/issue-63-comprehensive.test.ts"},{"assertionResults":[],"startTime":1754765017685,"endTime":1754765017685,"status":"failed","message":"Failed to resolve import \"../../database/core/database-coordinator\" from \"src/__tests__/e2e/complete-product-flow-sparc.test.ts\". Does the file exist?","name":"/home/mhugo/code/claude-code-zen/src/__tests__/e2e/complete-product-flow-sparc.test.ts"},{"assertionResults":[],"startTime":1754765017685,"endTime":1754765017685,"status":"failed","message":"Failed to resolve import \"../../coordination/mcp/mcp-server\" from \"src/__tests__/e2e/complete-workflow-automation.test.ts\". Does the file exist?","name":"/home/mhugo/code/claude-code-zen/src/__tests__/e2e/complete-workflow-automation.test.ts"},{"assertionResults":[],"startTime":1754765017685,"endTime":1754765017685,"status":"failed","message":"Transform failed with 4 errors:\n/home/mhugo/code/claude-code-zen/src/core/document-driven-system.ts:340:38: ERROR: Invalid assignment target\n/home/mhugo/code/claude-code-zen/src/core/document-driven-system.ts:341:39: ERROR: Invalid assignment target\n/home/mhugo/code/claude-code-zen/src/core/document-driven-system.ts:342:38: ERROR: Invalid assignment target\n/home/mhugo/code/claude-code-zen/src/core/document-driven-system.ts:344:8: ERROR: Invalid assignment target","name":"/home/mhugo/code/claude-code-zen/src/__tests__/e2e/github-integration.test.ts"},{"assertionResults":[],"startTime":1754765017685,"endTime":1754765017685,"status":"failed","message":"Transform failed with 4 errors:\n/home/mhugo/code/claude-code-zen/src/core/document-driven-system.ts:340:38: ERROR: Invalid assignment target\n/home/mhugo/code/claude-code-zen/src/core/document-driven-system.ts:341:39: ERROR: Invalid assignment target\n/home/mhugo/code/claude-code-zen/src/core/document-driven-system.ts:342:38: ERROR: Invalid assignment target\n/home/mhugo/code/claude-code-zen/src/core/document-driven-system.ts:344:8: ERROR: Invalid assignment target","name":"/home/mhugo/code/claude-code-zen/src/__tests__/e2e/performance-load-testing.test.ts"},{"assertionResults":[],"startTime":1754765017685,"endTime":1754765017685,"status":"failed","message":"Transform failed with 4 errors:\n/home/mhugo/code/claude-code-zen/src/core/document-driven-system.ts:340:38: ERROR: Invalid assignment target\n/home/mhugo/code/claude-code-zen/src/core/document-driven-system.ts:341:39: ERROR: Invalid assignment target\n/home/mhugo/code/claude-code-zen/src/core/document-driven-system.ts:342:38: ERROR: Invalid assignment target\n/home/mhugo/code/claude-code-zen/src/core/document-driven-system.ts:344:8: ERROR: Invalid assignment target","name":"/home/mhugo/code/claude-code-zen/src/__tests__/e2e/real-time-collaboration.test.ts"},{"assertionResults":[],"startTime":1754765017685,"endTime":1754765017685,"status":"failed","message":"Transform failed with 4 errors:\n/home/mhugo/code/claude-code-zen/src/core/document-driven-system.ts:340:38: ERROR: Invalid assignment target\n/home/mhugo/code/claude-code-zen/src/core/document-driven-system.ts:341:39: ERROR: Invalid assignment target\n/home/mhugo/code/claude-code-zen/src/core/document-driven-system.ts:342:38: ERROR: Invalid assignment target\n/home/mhugo/code/claude-code-zen/src/core/document-driven-system.ts:344:8: ERROR: Invalid assignment target","name":"/home/mhugo/code/claude-code-zen/src/__tests__/e2e/simplified-workflow.test.ts"},{"assertionResults":[],"startTime":1754765017685,"endTime":1754765017685,"status":"failed","message":"Do not import `@jest/globals` outside of the Jest test environment","name":"/home/mhugo/code/claude-code-zen/src/__tests__/examples/hybrid-tdd-neural-coordination.test.ts"},{"assertionResults":[],"startTime":1754765017685,"endTime":1754765017685,"status":"failed","message":"Do not import `@jest/globals` outside of the Jest test environment","name":"/home/mhugo/code/claude-code-zen/src/__tests__/helpers/example-usage.test.ts"},{"assertionResults":[{"ancestorTitles":["Auto-Swarm Integration"],"fullName":"Auto-Swarm Integration should be able to import all required swarm components","status":"failed","title":"should be able to import all required swarm components","duration":22.29174300000159,"failureMessages":["TypeError: __vite_ssr_import_0__.Logger is not a constructor\n    at LoggingConfigurationManager.createLoggerForComponent (/home/mhugo/code/claude-code-zen/src/config/logging-config.ts:113:26)\n    at LoggingConfigurationManager.getLogger (/home/mhugo/code/claude-code-zen/src/config/logging-config.ts:98:25)\n    at getLogger (/home/mhugo/code/claude-code-zen/src/config/logging-config.ts:210:32)\n    at /home/mhugo/code/claude-code-zen/src/config/logging-config.ts:228:11\n    at VitestExecutor.runModule (file:///home/mhugo/code/claude-code-zen/node_modules/vite-node/dist/client.mjs:399:5)\n    at VitestExecutor.directRequest (file:///home/mhugo/code/claude-code-zen/node_modules/vite-node/dist/client.mjs:381:5)\n    at VitestExecutor.cachedRequest (file:///home/mhugo/code/claude-code-zen/node_modules/vite-node/dist/client.mjs:206:14)\n    at VitestExecutor.dependencyRequest (file:///home/mhugo/code/claude-code-zen/node_modules/vite-node/dist/client.mjs:259:12)\n    at /home/mhugo/code/claude-code-zen/src/config/manager.ts:1:1\n    at VitestExecutor.runModule (file:///home/mhugo/code/claude-code-zen/node_modules/vite-node/dist/client.mjs:399:5)"],"meta":{}},{"ancestorTitles":["Auto-Swarm Integration"],"fullName":"Auto-Swarm Integration should be able to create auto-swarm factory with all dependencies","status":"failed","title":"should be able to create auto-swarm factory with all dependencies","duration":1.7346490000054473,"failureMessages":["TypeError: __vite_ssr_import_0__.Logger is not a constructor\n    at LoggingConfigurationManager.createLoggerForComponent (/home/mhugo/code/claude-code-zen/src/config/logging-config.ts:113:26)\n    at LoggingConfigurationManager.getLogger (/home/mhugo/code/claude-code-zen/src/config/logging-config.ts:98:25)\n    at getLogger (/home/mhugo/code/claude-code-zen/src/config/logging-config.ts:210:32)\n    at /home/mhugo/code/claude-code-zen/src/config/logging-config.ts:228:11\n    at VitestExecutor.runModule (file:///home/mhugo/code/claude-code-zen/node_modules/vite-node/dist/client.mjs:399:5)\n    at VitestExecutor.directRequest (file:///home/mhugo/code/claude-code-zen/node_modules/vite-node/dist/client.mjs:381:5)\n    at VitestExecutor.cachedRequest (file:///home/mhugo/code/claude-code-zen/node_modules/vite-node/dist/client.mjs:206:14)\n    at VitestExecutor.dependencyRequest (file:///home/mhugo/code/claude-code-zen/node_modules/vite-node/dist/client.mjs:259:12)\n    at /home/mhugo/code/claude-code-zen/src/config/manager.ts:1:1\n    at VitestExecutor.runModule (file:///home/mhugo/code/claude-code-zen/node_modules/vite-node/dist/client.mjs:399:5)"],"meta":{}}],"startTime":1754765057846,"endTime":1754765057869.7346,"status":"failed","message":"","name":"/home/mhugo/code/claude-code-zen/src/__tests__/integration/auto-swarm-integration.test.ts"},{"assertionResults":[{"ancestorTitles":["CLI Discover Auto-Swarm Integration"],"fullName":"CLI Discover Auto-Swarm Integration should be able to create auto-swarm infrastructure for CLI integration","status":"failed","title":"should be able to create auto-swarm infrastructure for CLI integration","duration":21.30140599999868,"failureMessages":["TypeError: __vite_ssr_import_0__.Logger is not a constructor\n    at LoggingConfigurationManager.createLoggerForComponent (/home/mhugo/code/claude-code-zen/src/config/logging-config.ts:113:26)\n    at LoggingConfigurationManager.getLogger (/home/mhugo/code/claude-code-zen/src/config/logging-config.ts:98:25)\n    at getLogger (/home/mhugo/code/claude-code-zen/src/config/logging-config.ts:210:32)\n    at /home/mhugo/code/claude-code-zen/src/config/logging-config.ts:228:11\n    at VitestExecutor.runModule (file:///home/mhugo/code/claude-code-zen/node_modules/vite-node/dist/client.mjs:399:5)\n    at VitestExecutor.directRequest (file:///home/mhugo/code/claude-code-zen/node_modules/vite-node/dist/client.mjs:381:5)\n    at VitestExecutor.cachedRequest (file:///home/mhugo/code/claude-code-zen/node_modules/vite-node/dist/client.mjs:206:14)\n    at VitestExecutor.dependencyRequest (file:///home/mhugo/code/claude-code-zen/node_modules/vite-node/dist/client.mjs:259:12)\n    at /home/mhugo/code/claude-code-zen/src/config/manager.ts:1:1\n    at VitestExecutor.runModule (file:///home/mhugo/code/claude-code-zen/node_modules/vite-node/dist/client.mjs:399:5)"],"meta":{}},{"ancestorTitles":["CLI Discover Auto-Swarm Integration"],"fullName":"CLI Discover Auto-Swarm Integration should handle deployment verification","status":"passed","title":"should handle deployment verification","duration":9.91523700000107,"failureMessages":[],"meta":{}}],"startTime":1754765055809,"endTime":1754765055840.9153,"status":"failed","message":"","name":"/home/mhugo/code/claude-code-zen/src/__tests__/integration/cli-discover-auto-swarm.test.ts"},{"assertionResults":[{"ancestorTitles":["Complete Auto-Swarm Pipeline Integration"],"fullName":"Complete Auto-Swarm Pipeline Integration should complete the full auto-swarm creation pipeline","status":"failed","title":"should complete the full auto-swarm creation pipeline","duration":123.49820300000283,"failureMessages":["TypeError: __vite_ssr_import_0__.Logger is not a constructor\n    at LoggingConfigurationManager.createLoggerForComponent (/home/mhugo/code/claude-code-zen/src/config/logging-config.ts:113:26)\n    at LoggingConfigurationManager.getLogger (/home/mhugo/code/claude-code-zen/src/config/logging-config.ts:98:25)\n    at getLogger (/home/mhugo/code/claude-code-zen/src/config/logging-config.ts:210:32)\n    at /home/mhugo/code/claude-code-zen/src/config/logging-config.ts:228:11\n    at VitestExecutor.runModule (file:///home/mhugo/code/claude-code-zen/node_modules/vite-node/dist/client.mjs:399:5)\n    at VitestExecutor.directRequest (file:///home/mhugo/code/claude-code-zen/node_modules/vite-node/dist/client.mjs:381:5)\n    at VitestExecutor.cachedRequest (file:///home/mhugo/code/claude-code-zen/node_modules/vite-node/dist/client.mjs:206:14)\n    at VitestExecutor.dependencyRequest (file:///home/mhugo/code/claude-code-zen/node_modules/vite-node/dist/client.mjs:259:12)\n    at /home/mhugo/code/claude-code-zen/src/config/manager.ts:1:1\n    at VitestExecutor.runModule (file:///home/mhugo/code/claude-code-zen/node_modules/vite-node/dist/client.mjs:399:5)"],"meta":{}},{"ancestorTitles":["Complete Auto-Swarm Pipeline Integration"],"fullName":"Complete Auto-Swarm Pipeline Integration should handle error scenarios gracefully","status":"failed","title":"should handle error scenarios gracefully","duration":7.730753999996523,"failureMessages":["TypeError: __vite_ssr_import_0__.Logger is not a constructor\n    at LoggingConfigurationManager.createLoggerForComponent (/home/mhugo/code/claude-code-zen/src/config/logging-config.ts:113:26)\n    at LoggingConfigurationManager.getLogger (/home/mhugo/code/claude-code-zen/src/config/logging-config.ts:98:25)\n    at getLogger (/home/mhugo/code/claude-code-zen/src/config/logging-config.ts:210:32)\n    at /home/mhugo/code/claude-code-zen/src/config/logging-config.ts:228:11\n    at VitestExecutor.runModule (file:///home/mhugo/code/claude-code-zen/node_modules/vite-node/dist/client.mjs:399:5)\n    at VitestExecutor.directRequest (file:///home/mhugo/code/claude-code-zen/node_modules/vite-node/dist/client.mjs:381:5)\n    at VitestExecutor.cachedRequest (file:///home/mhugo/code/claude-code-zen/node_modules/vite-node/dist/client.mjs:206:14)\n    at VitestExecutor.dependencyRequest (file:///home/mhugo/code/claude-code-zen/node_modules/vite-node/dist/client.mjs:259:12)\n    at /home/mhugo/code/claude-code-zen/src/config/manager.ts:1:1\n    at VitestExecutor.runModule (file:///home/mhugo/code/claude-code-zen/node_modules/vite-node/dist/client.mjs:399:5)"],"meta":{}},{"ancestorTitles":["Complete Auto-Swarm Pipeline Integration"],"fullName":"Complete Auto-Swarm Pipeline Integration should validate resource constraints properly","status":"failed","title":"should validate resource constraints properly","duration":1.6556889999992563,"failureMessages":["TypeError: __vite_ssr_import_0__.Logger is not a constructor\n    at LoggingConfigurationManager.createLoggerForComponent (/home/mhugo/code/claude-code-zen/src/config/logging-config.ts:113:26)\n    at LoggingConfigurationManager.getLogger (/home/mhugo/code/claude-code-zen/src/config/logging-config.ts:98:25)\n    at getLogger (/home/mhugo/code/claude-code-zen/src/config/logging-config.ts:210:32)\n    at /home/mhugo/code/claude-code-zen/src/config/logging-config.ts:228:11\n    at VitestExecutor.runModule (file:///home/mhugo/code/claude-code-zen/node_modules/vite-node/dist/client.mjs:399:5)\n    at VitestExecutor.directRequest (file:///home/mhugo/code/claude-code-zen/node_modules/vite-node/dist/client.mjs:381:5)\n    at VitestExecutor.cachedRequest (file:///home/mhugo/code/claude-code-zen/node_modules/vite-node/dist/client.mjs:206:14)\n    at VitestExecutor.dependencyRequest (file:///home/mhugo/code/claude-code-zen/node_modules/vite-node/dist/client.mjs:259:12)\n    at /home/mhugo/code/claude-code-zen/src/config/manager.ts:1:1\n    at VitestExecutor.runModule (file:///home/mhugo/code/claude-code-zen/node_modules/vite-node/dist/client.mjs:399:5)"],"meta":{}}],"startTime":1754765051615,"endTime":1754765051748.6558,"status":"failed","message":"","name":"/home/mhugo/code/claude-code-zen/src/__tests__/integration/complete-auto-swarm-pipeline.test.ts"},{"assertionResults":[],"startTime":1754765017685,"endTime":1754765017685,"status":"failed","message":"Failed to resolve import \"../../utils/error-system-integration\" from \"src/__tests__/integration/error-handling-system.test.ts\". Does the file exist?","name":"/home/mhugo/code/claude-code-zen/src/__tests__/integration/error-handling-system.test.ts"},{"assertionResults":[],"startTime":1754765017685,"endTime":1754765017685,"status":"failed","message":"Failed to resolve import \"../../coordination/mcp/mcp-server\" from \"src/__tests__/integration/mcp-protocol-compliance.test.ts\". Does the file exist?","name":"/home/mhugo/code/claude-code-zen/src/__tests__/integration/mcp-protocol-compliance.test.ts"},{"assertionResults":[],"startTime":1754765017685,"endTime":1754765017685,"status":"failed","message":"Do not import `@jest/globals` outside of the Jest test environment","name":"/home/mhugo/code/claude-code-zen/src/__tests__/integration/mcp-server-london-tdd.test.ts"},{"assertionResults":[],"startTime":1754765017685,"endTime":1754765017685,"status":"failed","message":"Failed to resolve import \"coordination/orchestrator\" from \"src/__tests__/integration/orchestrator.test.ts\". Does the file exist?","name":"/home/mhugo/code/claude-code-zen/src/__tests__/integration/orchestrator.test.ts"},{"assertionResults":[],"startTime":1754765017685,"endTime":1754765017685,"status":"failed","message":"Failed to resolve import \"../../database/core/database-coordinator\" from \"src/__tests__/integration/product-flow-sparc-integration.test.ts\". Does the file exist?","name":"/home/mhugo/code/claude-code-zen/src/__tests__/integration/product-flow-sparc-integration.test.ts"},{"assertionResults":[],"startTime":1754765017685,"endTime":1754765017685,"status":"failed","message":"Do not import `@jest/globals` outside of the Jest test environment","name":"/home/mhugo/code/claude-code-zen/src/__tests__/integration/web-mcp-integration-london-tdd.test.ts"},{"assertionResults":[],"startTime":1754765017685,"endTime":1754765017685,"status":"failed","message":"Do not import `@jest/globals` outside of the Jest test environment","name":"/home/mhugo/code/claude-code-zen/src/__tests__/integration/websocket-client-london-tdd.test.ts"},{"assertionResults":[],"startTime":1754765017685,"endTime":1754765017685,"status":"failed","message":"Transform failed with 4 errors:\n/home/mhugo/code/claude-code-zen/src/config/loader.ts:240:8: ERROR: Invalid assignment target\n/home/mhugo/code/claude-code-zen/src/config/loader.ts:242:8: ERROR: Invalid assignment target\n/home/mhugo/code/claude-code-zen/src/config/loader.ts:263:8: ERROR: Invalid assignment target\n/home/mhugo/code/claude-code-zen/src/config/loader.ts:272:6: ERROR: Invalid assignment target","name":"/home/mhugo/code/claude-code-zen/src/__tests__/integration/websocket-realtime-coordination.test.ts"},{"assertionResults":[],"startTime":1754765017685,"endTime":1754765017685,"status":"failed","message":"Do not import `@jest/globals` outside of the Jest test environment","name":"/home/mhugo/code/claude-code-zen/src/__tests__/integration/websocket-swarm-coordination.test.ts"},{"assertionResults":[],"startTime":1754765017685,"endTime":1754765017685,"status":"failed","message":"Transform failed with 1 error:\n/home/mhugo/code/claude-code-zen/src/integration/adapter-system.ts:703:6: ERROR: Invalid assignment target","name":"/home/mhugo/code/claude-code-zen/src/__tests__/patterns/adapter-pattern.test.ts"},{"assertionResults":[{"ancestorTitles":["Command Pattern Implementation","Command Execution Algorithms (Classical TDD)","SwarmInitCommand"],"fullName":"Command Pattern Implementation Command Execution Algorithms (Classical TDD) SwarmInitCommand should execute swarm initialization successfully","status":"failed","title":"should execute swarm initialization successfully","duration":15.616692000000512,"failureMessages":["TypeError: this.swarmManager.isHealthy is not a function\n    at SwarmInitCommand.validate (/home/mhugo/code/claude-code-zen/src/interfaces/mcp/command-system.ts:143:28)\n    at SwarmInitCommand.execute (/home/mhugo/code/claude-code-zen/src/interfaces/mcp/command-system.ts:171:35)\n    at /home/mhugo/code/claude-code-zen/src/__tests__/patterns/command-pattern.test.ts:92:38\n    at file:///home/mhugo/code/claude-code-zen/node_modules/@vitest/runner/dist/index.js:146:14\n    at file:///home/mhugo/code/claude-code-zen/node_modules/@vitest/runner/dist/index.js:533:11\n    at runWithTimeout (file:///home/mhugo/code/claude-code-zen/node_modules/@vitest/runner/dist/index.js:39:7)\n    at runTest (file:///home/mhugo/code/claude-code-zen/node_modules/@vitest/runner/dist/index.js:1056:17)\n    at runSuite (file:///home/mhugo/code/claude-code-zen/node_modules/@vitest/runner/dist/index.js:1205:15)\n    at runSuite (file:///home/mhugo/code/claude-code-zen/node_modules/@vitest/runner/dist/index.js:1205:15)\n    at runSuite (file:///home/mhugo/code/claude-code-zen/node_modules/@vitest/runner/dist/index.js:1205:15)"],"meta":{}},{"ancestorTitles":["Command Pattern Implementation","Command Execution Algorithms (Classical TDD)","SwarmInitCommand"],"fullName":"Command Pattern Implementation Command Execution Algorithms (Classical TDD) SwarmInitCommand should handle swarm initialization failures gracefully","status":"failed","title":"should handle swarm initialization failures gracefully","duration":1.75095599999986,"failureMessages":["TypeError: this.swarmManager.isHealthy is not a function\n    at SwarmInitCommand.validate (/home/mhugo/code/claude-code-zen/src/interfaces/mcp/command-system.ts:143:28)\n    at SwarmInitCommand.execute (/home/mhugo/code/claude-code-zen/src/interfaces/mcp/command-system.ts:171:35)\n    at /home/mhugo/code/claude-code-zen/src/__tests__/patterns/command-pattern.test.ts:116:38\n    at file:///home/mhugo/code/claude-code-zen/node_modules/@vitest/runner/dist/index.js:146:14\n    at file:///home/mhugo/code/claude-code-zen/node_modules/@vitest/runner/dist/index.js:533:11\n    at runWithTimeout (file:///home/mhugo/code/claude-code-zen/node_modules/@vitest/runner/dist/index.js:39:7)\n    at runTest (file:///home/mhugo/code/claude-code-zen/node_modules/@vitest/runner/dist/index.js:1056:17)\n    at runSuite (file:///home/mhugo/code/claude-code-zen/node_modules/@vitest/runner/dist/index.js:1205:15)\n    at runSuite (file:///home/mhugo/code/claude-code-zen/node_modules/@vitest/runner/dist/index.js:1205:15)\n    at runSuite (file:///home/mhugo/code/claude-code-zen/node_modules/@vitest/runner/dist/index.js:1205:15)"],"meta":{}},{"ancestorTitles":["Command Pattern Implementation","Command Execution Algorithms (Classical TDD)","SwarmInitCommand"],"fullName":"Command Pattern Implementation Command Execution Algorithms (Classical TDD) SwarmInitCommand should support undo operation for swarm initialization","status":"failed","title":"should support undo operation for swarm initialization","duration":1.335602000000108,"failureMessages":["TypeError: this.swarmManager.isHealthy is not a function\n    at SwarmInitCommand.validate (/home/mhugo/code/claude-code-zen/src/interfaces/mcp/command-system.ts:143:28)\n    at SwarmInitCommand.execute (/home/mhugo/code/claude-code-zen/src/interfaces/mcp/command-system.ts:171:35)\n    at /home/mhugo/code/claude-code-zen/src/__tests__/patterns/command-pattern.test.ts:148:45\n    at file:///home/mhugo/code/claude-code-zen/node_modules/@vitest/runner/dist/index.js:146:14\n    at file:///home/mhugo/code/claude-code-zen/node_modules/@vitest/runner/dist/index.js:533:11\n    at runWithTimeout (file:///home/mhugo/code/claude-code-zen/node_modules/@vitest/runner/dist/index.js:39:7)\n    at runTest (file:///home/mhugo/code/claude-code-zen/node_modules/@vitest/runner/dist/index.js:1056:17)\n    at runSuite (file:///home/mhugo/code/claude-code-zen/node_modules/@vitest/runner/dist/index.js:1205:15)\n    at runSuite (file:///home/mhugo/code/claude-code-zen/node_modules/@vitest/runner/dist/index.js:1205:15)\n    at runSuite (file:///home/mhugo/code/claude-code-zen/node_modules/@vitest/runner/dist/index.js:1205:15)"],"meta":{}},{"ancestorTitles":["Command Pattern Implementation","Command Execution Algorithms (Classical TDD)","SwarmInitCommand"],"fullName":"Command Pattern Implementation Command Execution Algorithms (Classical TDD) SwarmInitCommand should calculate resource usage accurately","status":"failed","title":"should calculate resource usage accurately","duration":1.4603139999999257,"failureMessages":["TypeError: this.swarmManager.isHealthy is not a function\n    at SwarmInitCommand.validate (/home/mhugo/code/claude-code-zen/src/interfaces/mcp/command-system.ts:143:28)\n    at SwarmInitCommand.execute (/home/mhugo/code/claude-code-zen/src/interfaces/mcp/command-system.ts:171:35)\n    at /home/mhugo/code/claude-code-zen/src/__tests__/patterns/command-pattern.test.ts:177:38\n    at file:///home/mhugo/code/claude-code-zen/node_modules/@vitest/runner/dist/index.js:146:14\n    at file:///home/mhugo/code/claude-code-zen/node_modules/@vitest/runner/dist/index.js:533:11\n    at runWithTimeout (file:///home/mhugo/code/claude-code-zen/node_modules/@vitest/runner/dist/index.js:39:7)\n    at runTest (file:///home/mhugo/code/claude-code-zen/node_modules/@vitest/runner/dist/index.js:1056:17)\n    at runSuite (file:///home/mhugo/code/claude-code-zen/node_modules/@vitest/runner/dist/index.js:1205:15)\n    at runSuite (file:///home/mhugo/code/claude-code-zen/node_modules/@vitest/runner/dist/index.js:1205:15)\n    at runSuite (file:///home/mhugo/code/claude-code-zen/node_modules/@vitest/runner/dist/index.js:1205:15)"],"meta":{}},{"ancestorTitles":["Command Pattern Implementation","Command Execution Algorithms (Classical TDD)","AgentSpawnCommand"],"fullName":"Command Pattern Implementation Command Execution Algorithms (Classical TDD) AgentSpawnCommand should spawn agents with correct configuration","status":"failed","title":"should spawn agents with correct configuration","duration":1.6593519999996715,"failureMessages":["TypeError: Cannot read properties of undefined (reading 'healthy')\n    at AgentSpawnCommand.validate (/home/mhugo/code/claude-code-zen/src/interfaces/mcp/command-system.ts:303:22)\n    at AgentSpawnCommand.execute (/home/mhugo/code/claude-code-zen/src/interfaces/mcp/command-system.ts:312:24)\n    at /home/mhugo/code/claude-code-zen/src/__tests__/patterns/command-pattern.test.ts:216:24\n    at file:///home/mhugo/code/claude-code-zen/node_modules/@vitest/runner/dist/index.js:533:5\n    at runTest (file:///home/mhugo/code/claude-code-zen/node_modules/@vitest/runner/dist/index.js:1056:11)\n    at runSuite (file:///home/mhugo/code/claude-code-zen/node_modules/@vitest/runner/dist/index.js:1205:15)\n    at runSuite (file:///home/mhugo/code/claude-code-zen/node_modules/@vitest/runner/dist/index.js:1205:15)\n    at runSuite (file:///home/mhugo/code/claude-code-zen/node_modules/@vitest/runner/dist/index.js:1205:15)\n    at runSuite (file:///home/mhugo/code/claude-code-zen/node_modules/@vitest/runner/dist/index.js:1205:15)\n    at runFiles (file:///home/mhugo/code/claude-code-zen/node_modules/@vitest/runner/dist/index.js:1262:5)"],"meta":{}},{"ancestorTitles":["Command Pattern Implementation","Command Execution Algorithms (Classical TDD)","AgentSpawnCommand"],"fullName":"Command Pattern Implementation Command Execution Algorithms (Classical TDD) AgentSpawnCommand should handle agent spawn failures with proper error context","status":"failed","title":"should handle agent spawn failures with proper error context","duration":1.1280189999997674,"failureMessages":["TypeError: Cannot read properties of undefined (reading 'healthy')\n    at AgentSpawnCommand.validate (/home/mhugo/code/claude-code-zen/src/interfaces/mcp/command-system.ts:303:22)\n    at AgentSpawnCommand.execute (/home/mhugo/code/claude-code-zen/src/interfaces/mcp/command-system.ts:312:24)\n    at /home/mhugo/code/claude-code-zen/src/__tests__/patterns/command-pattern.test.ts:240:24\n    at file:///home/mhugo/code/claude-code-zen/node_modules/@vitest/runner/dist/index.js:533:5\n    at runTest (file:///home/mhugo/code/claude-code-zen/node_modules/@vitest/runner/dist/index.js:1056:11)\n    at runSuite (file:///home/mhugo/code/claude-code-zen/node_modules/@vitest/runner/dist/index.js:1205:15)\n    at runSuite (file:///home/mhugo/code/claude-code-zen/node_modules/@vitest/runner/dist/index.js:1205:15)\n    at runSuite (file:///home/mhugo/code/claude-code-zen/node_modules/@vitest/runner/dist/index.js:1205:15)\n    at runSuite (file:///home/mhugo/code/claude-code-zen/node_modules/@vitest/runner/dist/index.js:1205:15)\n    at runFiles (file:///home/mhugo/code/claude-code-zen/node_modules/@vitest/runner/dist/index.js:1262:5)"],"meta":{}},{"ancestorTitles":["Command Pattern Implementation","Command Execution Algorithms (Classical TDD)","AgentSpawnCommand"],"fullName":"Command Pattern Implementation Command Execution Algorithms (Classical TDD) AgentSpawnCommand should support batch agent spawning","status":"failed","title":"should support batch agent spawning","duration":1.5028819999997722,"failureMessages":["TypeError: Cannot read properties of undefined (reading 'healthy')\n    at AgentSpawnCommand.validate (/home/mhugo/code/claude-code-zen/src/interfaces/mcp/command-system.ts:303:22)\n    at AgentSpawnCommand.execute (/home/mhugo/code/claude-code-zen/src/interfaces/mcp/command-system.ts:312:24)\n    at async Promise.all (index 0)\n    at /home/mhugo/code/claude-code-zen/src/__tests__/patterns/command-pattern.test.ts:284:25\n    at file:///home/mhugo/code/claude-code-zen/node_modules/@vitest/runner/dist/index.js:533:5\n    at runTest (file:///home/mhugo/code/claude-code-zen/node_modules/@vitest/runner/dist/index.js:1056:11)\n    at runSuite (file:///home/mhugo/code/claude-code-zen/node_modules/@vitest/runner/dist/index.js:1205:15)\n    at runSuite (file:///home/mhugo/code/claude-code-zen/node_modules/@vitest/runner/dist/index.js:1205:15)\n    at runSuite (file:///home/mhugo/code/claude-code-zen/node_modules/@vitest/runner/dist/index.js:1205:15)\n    at runSuite (file:///home/mhugo/code/claude-code-zen/node_modules/@vitest/runner/dist/index.js:1205:15)"],"meta":{}},{"ancestorTitles":["Command Pattern Implementation","Command Execution Algorithms (Classical TDD)","TaskOrchestrationCommand"],"fullName":"Command Pattern Implementation Command Execution Algorithms (Classical TDD) TaskOrchestrationCommand should orchestrate complex tasks across multiple agents","status":"failed","title":"should orchestrate complex tasks across multiple agents","duration":7.2493249999997715,"failureMessages":["AssertionError: expected false to be true // Object.is equality\n    at /home/mhugo/code/claude-code-zen/src/__tests__/patterns/command-pattern.test.ts:330:32\n    at file:///home/mhugo/code/claude-code-zen/node_modules/@vitest/runner/dist/index.js:533:5\n    at runTest (file:///home/mhugo/code/claude-code-zen/node_modules/@vitest/runner/dist/index.js:1056:11)\n    at runSuite (file:///home/mhugo/code/claude-code-zen/node_modules/@vitest/runner/dist/index.js:1205:15)\n    at runSuite (file:///home/mhugo/code/claude-code-zen/node_modules/@vitest/runner/dist/index.js:1205:15)\n    at runSuite (file:///home/mhugo/code/claude-code-zen/node_modules/@vitest/runner/dist/index.js:1205:15)\n    at runSuite (file:///home/mhugo/code/claude-code-zen/node_modules/@vitest/runner/dist/index.js:1205:15)\n    at runFiles (file:///home/mhugo/code/claude-code-zen/node_modules/@vitest/runner/dist/index.js:1262:5)\n    at startTests (file:///home/mhugo/code/claude-code-zen/node_modules/@vitest/runner/dist/index.js:1271:3)\n    at file:///home/mhugo/code/claude-code-zen/node_modules/vitest/dist/chunks/runBaseTests.3qpJUEJM.js:126:11"],"meta":{}},{"ancestorTitles":["Command Pattern Implementation","Command Execution Algorithms (Classical TDD)","TaskOrchestrationCommand"],"fullName":"Command Pattern Implementation Command Execution Algorithms (Classical TDD) TaskOrchestrationCommand should handle task orchestration with dependency resolution","status":"failed","title":"should handle task orchestration with dependency resolution","duration":1.8807170000000042,"failureMessages":["AssertionError: expected false to be true // Object.is equality\n    at /home/mhugo/code/claude-code-zen/src/__tests__/patterns/command-pattern.test.ts:372:32\n    at file:///home/mhugo/code/claude-code-zen/node_modules/@vitest/runner/dist/index.js:533:5\n    at runTest (file:///home/mhugo/code/claude-code-zen/node_modules/@vitest/runner/dist/index.js:1056:11)\n    at runSuite (file:///home/mhugo/code/claude-code-zen/node_modules/@vitest/runner/dist/index.js:1205:15)\n    at runSuite (file:///home/mhugo/code/claude-code-zen/node_modules/@vitest/runner/dist/index.js:1205:15)\n    at runSuite (file:///home/mhugo/code/claude-code-zen/node_modules/@vitest/runner/dist/index.js:1205:15)\n    at runSuite (file:///home/mhugo/code/claude-code-zen/node_modules/@vitest/runner/dist/index.js:1205:15)\n    at runFiles (file:///home/mhugo/code/claude-code-zen/node_modules/@vitest/runner/dist/index.js:1262:5)\n    at startTests (file:///home/mhugo/code/claude-code-zen/node_modules/@vitest/runner/dist/index.js:1271:3)\n    at file:///home/mhugo/code/claude-code-zen/node_modules/vitest/dist/chunks/runBaseTests.3qpJUEJM.js:126:11"],"meta":{}},{"ancestorTitles":["Command Pattern Implementation","Command Execution Algorithms (Classical TDD)","TaskOrchestrationCommand"],"fullName":"Command Pattern Implementation Command Execution Algorithms (Classical TDD) TaskOrchestrationCommand should calculate accurate performance metrics for orchestration","status":"failed","title":"should calculate accurate performance metrics for orchestration","duration":1.7118769999997312,"failureMessages":["AssertionError: expected false to be true // Object.is equality\n    at /home/mhugo/code/claude-code-zen/src/__tests__/patterns/command-pattern.test.ts:414:32\n    at file:///home/mhugo/code/claude-code-zen/node_modules/@vitest/runner/dist/index.js:533:5\n    at runTest (file:///home/mhugo/code/claude-code-zen/node_modules/@vitest/runner/dist/index.js:1056:11)\n    at runSuite (file:///home/mhugo/code/claude-code-zen/node_modules/@vitest/runner/dist/index.js:1205:15)\n    at runSuite (file:///home/mhugo/code/claude-code-zen/node_modules/@vitest/runner/dist/index.js:1205:15)\n    at runSuite (file:///home/mhugo/code/claude-code-zen/node_modules/@vitest/runner/dist/index.js:1205:15)\n    at runSuite (file:///home/mhugo/code/claude-code-zen/node_modules/@vitest/runner/dist/index.js:1205:15)\n    at runFiles (file:///home/mhugo/code/claude-code-zen/node_modules/@vitest/runner/dist/index.js:1262:5)\n    at startTests (file:///home/mhugo/code/claude-code-zen/node_modules/@vitest/runner/dist/index.js:1271:3)\n    at file:///home/mhugo/code/claude-code-zen/node_modules/vitest/dist/chunks/runBaseTests.3qpJUEJM.js:126:11"],"meta":{}},{"ancestorTitles":["Command Pattern Implementation","Command Execution Algorithms (Classical TDD)","Command Validation and Security"],"fullName":"Command Pattern Implementation Command Execution Algorithms (Classical TDD) Command Validation and Security should validate command permissions before execution","status":"failed","title":"should validate command permissions before execution","duration":1.2395120000001043,"failureMessages":["TypeError: this.swarmManager.isHealthy is not a function\n    at SwarmInitCommand.validate (/home/mhugo/code/claude-code-zen/src/interfaces/mcp/command-system.ts:143:28)\n    at SwarmInitCommand.execute (/home/mhugo/code/claude-code-zen/src/interfaces/mcp/command-system.ts:171:35)\n    at /home/mhugo/code/claude-code-zen/src/__tests__/patterns/command-pattern.test.ts:443:38\n    at file:///home/mhugo/code/claude-code-zen/node_modules/@vitest/runner/dist/index.js:146:14\n    at file:///home/mhugo/code/claude-code-zen/node_modules/@vitest/runner/dist/index.js:533:11\n    at runWithTimeout (file:///home/mhugo/code/claude-code-zen/node_modules/@vitest/runner/dist/index.js:39:7)\n    at runTest (file:///home/mhugo/code/claude-code-zen/node_modules/@vitest/runner/dist/index.js:1056:17)\n    at runSuite (file:///home/mhugo/code/claude-code-zen/node_modules/@vitest/runner/dist/index.js:1205:15)\n    at runSuite (file:///home/mhugo/code/claude-code-zen/node_modules/@vitest/runner/dist/index.js:1205:15)\n    at runSuite (file:///home/mhugo/code/claude-code-zen/node_modules/@vitest/runner/dist/index.js:1205:15)"],"meta":{}},{"ancestorTitles":["Command Pattern Implementation","Command Execution Algorithms (Classical TDD)","Command Validation and Security"],"fullName":"Command Pattern Implementation Command Execution Algorithms (Classical TDD) Command Validation and Security should validate resource constraints before command execution","status":"failed","title":"should validate resource constraints before command execution","duration":1.2649120000005496,"failureMessages":["TypeError: this.swarmManager.isHealthy is not a function\n    at SwarmInitCommand.validate (/home/mhugo/code/claude-code-zen/src/interfaces/mcp/command-system.ts:143:28)\n    at SwarmInitCommand.execute (/home/mhugo/code/claude-code-zen/src/interfaces/mcp/command-system.ts:171:35)\n    at /home/mhugo/code/claude-code-zen/src/__tests__/patterns/command-pattern.test.ts:475:38\n    at file:///home/mhugo/code/claude-code-zen/node_modules/@vitest/runner/dist/index.js:146:14\n    at file:///home/mhugo/code/claude-code-zen/node_modules/@vitest/runner/dist/index.js:533:11\n    at runWithTimeout (file:///home/mhugo/code/claude-code-zen/node_modules/@vitest/runner/dist/index.js:39:7)\n    at runTest (file:///home/mhugo/code/claude-code-zen/node_modules/@vitest/runner/dist/index.js:1056:17)\n    at runSuite (file:///home/mhugo/code/claude-code-zen/node_modules/@vitest/runner/dist/index.js:1205:15)\n    at runSuite (file:///home/mhugo/code/claude-code-zen/node_modules/@vitest/runner/dist/index.js:1205:15)\n    at runSuite (file:///home/mhugo/code/claude-code-zen/node_modules/@vitest/runner/dist/index.js:1205:15)"],"meta":{}},{"ancestorTitles":["Command Pattern Implementation","Command Execution Algorithms (Classical TDD)","Command Validation and Security"],"fullName":"Command Pattern Implementation Command Execution Algorithms (Classical TDD) Command Validation and Security should sanitize command parameters for security","status":"failed","title":"should sanitize command parameters for security","duration":1.3203919999996288,"failureMessages":["TypeError: this.swarmManager.isHealthy is not a function\n    at SwarmInitCommand.validate (/home/mhugo/code/claude-code-zen/src/interfaces/mcp/command-system.ts:143:28)\n    at SwarmInitCommand.execute (/home/mhugo/code/claude-code-zen/src/interfaces/mcp/command-system.ts:171:35)\n    at /home/mhugo/code/claude-code-zen/src/__tests__/patterns/command-pattern.test.ts:516:38\n    at file:///home/mhugo/code/claude-code-zen/node_modules/@vitest/runner/dist/index.js:146:14\n    at file:///home/mhugo/code/claude-code-zen/node_modules/@vitest/runner/dist/index.js:533:11\n    at runWithTimeout (file:///home/mhugo/code/claude-code-zen/node_modules/@vitest/runner/dist/index.js:39:7)\n    at runTest (file:///home/mhugo/code/claude-code-zen/node_modules/@vitest/runner/dist/index.js:1056:17)\n    at runSuite (file:///home/mhugo/code/claude-code-zen/node_modules/@vitest/runner/dist/index.js:1205:15)\n    at runSuite (file:///home/mhugo/code/claude-code-zen/node_modules/@vitest/runner/dist/index.js:1205:15)\n    at runSuite (file:///home/mhugo/code/claude-code-zen/node_modules/@vitest/runner/dist/index.js:1205:15)"],"meta":{}},{"ancestorTitles":["Command Pattern Implementation","Command Execution Algorithms (Classical TDD)","Command Performance and Optimization"],"fullName":"Command Pattern Implementation Command Execution Algorithms (Classical TDD) Command Performance and Optimization should optimize command execution based on system resources","status":"failed","title":"should optimize command execution based on system resources","duration":1.6335760000001756,"failureMessages":["AssertionError: expected false to be true // Object.is equality\n    at /home/mhugo/code/claude-code-zen/src/__tests__/patterns/command-pattern.test.ts:569:32\n    at file:///home/mhugo/code/claude-code-zen/node_modules/@vitest/runner/dist/index.js:533:5\n    at runTest (file:///home/mhugo/code/claude-code-zen/node_modules/@vitest/runner/dist/index.js:1056:11)\n    at runSuite (file:///home/mhugo/code/claude-code-zen/node_modules/@vitest/runner/dist/index.js:1205:15)\n    at runSuite (file:///home/mhugo/code/claude-code-zen/node_modules/@vitest/runner/dist/index.js:1205:15)\n    at runSuite (file:///home/mhugo/code/claude-code-zen/node_modules/@vitest/runner/dist/index.js:1205:15)\n    at runSuite (file:///home/mhugo/code/claude-code-zen/node_modules/@vitest/runner/dist/index.js:1205:15)\n    at runFiles (file:///home/mhugo/code/claude-code-zen/node_modules/@vitest/runner/dist/index.js:1262:5)\n    at startTests (file:///home/mhugo/code/claude-code-zen/node_modules/@vitest/runner/dist/index.js:1271:3)\n    at file:///home/mhugo/code/claude-code-zen/node_modules/vitest/dist/chunks/runBaseTests.3qpJUEJM.js:126:11"],"meta":{}},{"ancestorTitles":["Command Pattern Implementation","Command Execution Algorithms (Classical TDD)","Command Performance and Optimization"],"fullName":"Command Pattern Implementation Command Execution Algorithms (Classical TDD) Command Performance and Optimization should handle command timeout and cancellation gracefully","status":"failed","title":"should handle command timeout and cancellation gracefully","duration":1.1681029999999737,"failureMessages":["TypeError: this.swarmManager.isHealthy is not a function\n    at SwarmInitCommand.validate (/home/mhugo/code/claude-code-zen/src/interfaces/mcp/command-system.ts:143:28)\n    at SwarmInitCommand.execute (/home/mhugo/code/claude-code-zen/src/interfaces/mcp/command-system.ts:171:35)\n    at /home/mhugo/code/claude-code-zen/src/__tests__/patterns/command-pattern.test.ts:594:38\n    at file:///home/mhugo/code/claude-code-zen/node_modules/@vitest/runner/dist/index.js:146:14\n    at file:///home/mhugo/code/claude-code-zen/node_modules/@vitest/runner/dist/index.js:533:11\n    at runWithTimeout (file:///home/mhugo/code/claude-code-zen/node_modules/@vitest/runner/dist/index.js:39:7)\n    at runTest (file:///home/mhugo/code/claude-code-zen/node_modules/@vitest/runner/dist/index.js:1056:17)\n    at runSuite (file:///home/mhugo/code/claude-code-zen/node_modules/@vitest/runner/dist/index.js:1205:15)\n    at runSuite (file:///home/mhugo/code/claude-code-zen/node_modules/@vitest/runner/dist/index.js:1205:15)\n    at runSuite (file:///home/mhugo/code/claude-code-zen/node_modules/@vitest/runner/dist/index.js:1205:15)"],"meta":{}},{"ancestorTitles":["Command Pattern Implementation","Command Queue Management (London TDD)"],"fullName":"Command Pattern Implementation Command Queue Management (London TDD) should execute commands in queue order","status":"failed","title":"should execute commands in queue order","duration":1.4454169999999067,"failureMessages":["TypeError: command.getCommandType is not a function\n    at /home/mhugo/code/claude-code-zen/src/interfaces/mcp/command-system.ts:511:26\n    at new Promise (<anonymous>)\n    at MCPCommandQueue.execute (/home/mhugo/code/claude-code-zen/src/interfaces/mcp/command-system.ts:508:12)\n    at /home/mhugo/code/claude-code-zen/src/__tests__/patterns/command-pattern.test.ts:642:41\n    at file:///home/mhugo/code/claude-code-zen/node_modules/@vitest/runner/dist/index.js:146:14\n    at file:///home/mhugo/code/claude-code-zen/node_modules/@vitest/runner/dist/index.js:533:11\n    at runWithTimeout (file:///home/mhugo/code/claude-code-zen/node_modules/@vitest/runner/dist/index.js:39:7)\n    at runTest (file:///home/mhugo/code/claude-code-zen/node_modules/@vitest/runner/dist/index.js:1056:17)\n    at runSuite (file:///home/mhugo/code/claude-code-zen/node_modules/@vitest/runner/dist/index.js:1205:15)\n    at runSuite (file:///home/mhugo/code/claude-code-zen/node_modules/@vitest/runner/dist/index.js:1205:15)"],"meta":{}},{"ancestorTitles":["Command Pattern Implementation","Command Queue Management (London TDD)"],"fullName":"Command Pattern Implementation Command Queue Management (London TDD) should maintain command history","status":"failed","title":"should maintain command history","duration":1.210559999999532,"failureMessages":["TypeError: command.getCommandType is not a function\n    at /home/mhugo/code/claude-code-zen/src/interfaces/mcp/command-system.ts:511:26\n    at new Promise (<anonymous>)\n    at MCPCommandQueue.execute (/home/mhugo/code/claude-code-zen/src/interfaces/mcp/command-system.ts:508:12)\n    at /home/mhugo/code/claude-code-zen/src/__tests__/patterns/command-pattern.test.ts:664:26\n    at file:///home/mhugo/code/claude-code-zen/node_modules/@vitest/runner/dist/index.js:146:14\n    at file:///home/mhugo/code/claude-code-zen/node_modules/@vitest/runner/dist/index.js:533:11\n    at runWithTimeout (file:///home/mhugo/code/claude-code-zen/node_modules/@vitest/runner/dist/index.js:39:7)\n    at runTest (file:///home/mhugo/code/claude-code-zen/node_modules/@vitest/runner/dist/index.js:1056:17)\n    at runSuite (file:///home/mhugo/code/claude-code-zen/node_modules/@vitest/runner/dist/index.js:1205:15)\n    at runSuite (file:///home/mhugo/code/claude-code-zen/node_modules/@vitest/runner/dist/index.js:1205:15)"],"meta":{}},{"ancestorTitles":["Command Pattern Implementation","Command Queue Management (London TDD)"],"fullName":"Command Pattern Implementation Command Queue Management (London TDD) should handle command execution failures","status":"failed","title":"should handle command execution failures","duration":1.0516200000001845,"failureMessages":["TypeError: command.getCommandType is not a function\n    at /home/mhugo/code/claude-code-zen/src/interfaces/mcp/command-system.ts:511:26\n    at new Promise (<anonymous>)\n    at MCPCommandQueue.execute (/home/mhugo/code/claude-code-zen/src/interfaces/mcp/command-system.ts:508:12)\n    at /home/mhugo/code/claude-code-zen/src/__tests__/patterns/command-pattern.test.ts:682:41\n    at file:///home/mhugo/code/claude-code-zen/node_modules/@vitest/runner/dist/index.js:146:14\n    at file:///home/mhugo/code/claude-code-zen/node_modules/@vitest/runner/dist/index.js:533:11\n    at runWithTimeout (file:///home/mhugo/code/claude-code-zen/node_modules/@vitest/runner/dist/index.js:39:7)\n    at runTest (file:///home/mhugo/code/claude-code-zen/node_modules/@vitest/runner/dist/index.js:1056:17)\n    at runSuite (file:///home/mhugo/code/claude-code-zen/node_modules/@vitest/runner/dist/index.js:1205:15)\n    at runSuite (file:///home/mhugo/code/claude-code-zen/node_modules/@vitest/runner/dist/index.js:1205:15)"],"meta":{}},{"ancestorTitles":["Command Pattern Implementation","Command Queue Management (London TDD)"],"fullName":"Command Pattern Implementation Command Queue Management (London TDD) should support undo operations","status":"failed","title":"should support undo operations","duration":1.1048070000006192,"failureMessages":["TypeError: command.getCommandType is not a function\n    at /home/mhugo/code/claude-code-zen/src/interfaces/mcp/command-system.ts:511:26\n    at new Promise (<anonymous>)\n    at MCPCommandQueue.execute (/home/mhugo/code/claude-code-zen/src/interfaces/mcp/command-system.ts:508:12)\n    at /home/mhugo/code/claude-code-zen/src/__tests__/patterns/command-pattern.test.ts:715:26\n    at file:///home/mhugo/code/claude-code-zen/node_modules/@vitest/runner/dist/index.js:146:14\n    at file:///home/mhugo/code/claude-code-zen/node_modules/@vitest/runner/dist/index.js:533:11\n    at runWithTimeout (file:///home/mhugo/code/claude-code-zen/node_modules/@vitest/runner/dist/index.js:39:7)\n    at runTest (file:///home/mhugo/code/claude-code-zen/node_modules/@vitest/runner/dist/index.js:1056:17)\n    at runSuite (file:///home/mhugo/code/claude-code-zen/node_modules/@vitest/runner/dist/index.js:1205:15)\n    at runSuite (file:///home/mhugo/code/claude-code-zen/node_modules/@vitest/runner/dist/index.js:1205:15)"],"meta":{}},{"ancestorTitles":["Command Pattern Implementation","Command Queue Management (London TDD)"],"fullName":"Command Pattern Implementation Command Queue Management (London TDD) should validate commands before execution","status":"failed","title":"should validate commands before execution","duration":1.0905359999997017,"failureMessages":["TypeError: command.getCommandType is not a function\n    at /home/mhugo/code/claude-code-zen/src/interfaces/mcp/command-system.ts:511:26\n    at new Promise (<anonymous>)\n    at MCPCommandQueue.execute (/home/mhugo/code/claude-code-zen/src/interfaces/mcp/command-system.ts:508:12)\n    at /home/mhugo/code/claude-code-zen/src/__tests__/patterns/command-pattern.test.ts:732:41\n    at file:///home/mhugo/code/claude-code-zen/node_modules/@vitest/runner/dist/index.js:146:14\n    at file:///home/mhugo/code/claude-code-zen/node_modules/@vitest/runner/dist/index.js:533:11\n    at runWithTimeout (file:///home/mhugo/code/claude-code-zen/node_modules/@vitest/runner/dist/index.js:39:7)\n    at runTest (file:///home/mhugo/code/claude-code-zen/node_modules/@vitest/runner/dist/index.js:1056:17)\n    at runSuite (file:///home/mhugo/code/claude-code-zen/node_modules/@vitest/runner/dist/index.js:1205:15)\n    at runSuite (file:///home/mhugo/code/claude-code-zen/node_modules/@vitest/runner/dist/index.js:1205:15)"],"meta":{}},{"ancestorTitles":["Command Pattern Implementation","Command Queue Management (London TDD)"],"fullName":"Command Pattern Implementation Command Queue Management (London TDD) should handle concurrent command execution","status":"failed","title":"should handle concurrent command execution","duration":2.267786000000342,"failureMessages":["TypeError: command.getCommandType is not a function\n    at /home/mhugo/code/claude-code-zen/src/interfaces/mcp/command-system.ts:511:26\n    at new Promise (<anonymous>)\n    at MCPCommandQueue.execute (/home/mhugo/code/claude-code-zen/src/interfaces/mcp/command-system.ts:508:12)\n    at /home/mhugo/code/claude-code-zen/src/__tests__/patterns/command-pattern.test.ts:755:76\n    at Array.map (<anonymous>)\n    at /home/mhugo/code/claude-code-zen/src/__tests__/patterns/command-pattern.test.ts:755:50\n    at file:///home/mhugo/code/claude-code-zen/node_modules/@vitest/runner/dist/index.js:146:14\n    at file:///home/mhugo/code/claude-code-zen/node_modules/@vitest/runner/dist/index.js:533:11\n    at runWithTimeout (file:///home/mhugo/code/claude-code-zen/node_modules/@vitest/runner/dist/index.js:39:7)\n    at runTest (file:///home/mhugo/code/claude-code-zen/node_modules/@vitest/runner/dist/index.js:1056:17)"],"meta":{}},{"ancestorTitles":["Command Pattern Implementation","Command Queue Management (London TDD)"],"fullName":"Command Pattern Implementation Command Queue Management (London TDD) should provide command queue metrics","status":"failed","title":"should provide command queue metrics","duration":1.9706569999998464,"failureMessages":["TypeError: command.getCommandType is not a function\n    at /home/mhugo/code/claude-code-zen/src/interfaces/mcp/command-system.ts:511:26\n    at new Promise (<anonymous>)\n    at MCPCommandQueue.execute (/home/mhugo/code/claude-code-zen/src/interfaces/mcp/command-system.ts:508:12)\n    at /home/mhugo/code/claude-code-zen/src/__tests__/patterns/command-pattern.test.ts:791:60\n    at Array.map (<anonymous>)\n    at /home/mhugo/code/claude-code-zen/src/__tests__/patterns/command-pattern.test.ts:791:34\n    at file:///home/mhugo/code/claude-code-zen/node_modules/@vitest/runner/dist/index.js:146:14\n    at file:///home/mhugo/code/claude-code-zen/node_modules/@vitest/runner/dist/index.js:533:11\n    at runWithTimeout (file:///home/mhugo/code/claude-code-zen/node_modules/@vitest/runner/dist/index.js:39:7)\n    at runTest (file:///home/mhugo/code/claude-code-zen/node_modules/@vitest/runner/dist/index.js:1056:17)"],"meta":{}},{"ancestorTitles":["Command Pattern Implementation","Transaction Support (Hybrid TDD)"],"fullName":"Command Pattern Implementation Transaction Support (Hybrid TDD) should execute transaction successfully when all commands succeed","status":"failed","title":"should execute transaction successfully when all commands succeed","duration":12.821117999999842,"failureMessages":["AssertionError: expected false to be true // Object.is equality\n    at /home/mhugo/code/claude-code-zen/src/__tests__/patterns/command-pattern.test.ts:889:47\n    at processTicksAndRejections (node:internal/process/task_queues:105:5)\n    at runNextTicks (node:internal/process/task_queues:69:3)\n    at listOnTimeout (node:internal/timers:549:9)\n    at processTimers (node:internal/timers:523:7)\n    at file:///home/mhugo/code/claude-code-zen/node_modules/@vitest/runner/dist/index.js:533:5\n    at runTest (file:///home/mhugo/code/claude-code-zen/node_modules/@vitest/runner/dist/index.js:1056:11)\n    at runSuite (file:///home/mhugo/code/claude-code-zen/node_modules/@vitest/runner/dist/index.js:1205:15)\n    at runSuite (file:///home/mhugo/code/claude-code-zen/node_modules/@vitest/runner/dist/index.js:1205:15)\n    at runSuite (file:///home/mhugo/code/claude-code-zen/node_modules/@vitest/runner/dist/index.js:1205:15)"],"meta":{}},{"ancestorTitles":["Command Pattern Implementation","Transaction Support (Hybrid TDD)"],"fullName":"Command Pattern Implementation Transaction Support (Hybrid TDD) should rollback transaction when any command fails","status":"failed","title":"should rollback transaction when any command fails","duration":1.5446840000004158,"failureMessages":["TypeError: mockSwarmCommand.getId is not a function\n    at /home/mhugo/code/claude-code-zen/src/__tests__/patterns/command-pattern.test.ts:932:37\n    at file:///home/mhugo/code/claude-code-zen/node_modules/@vitest/runner/dist/index.js:146:14\n    at file:///home/mhugo/code/claude-code-zen/node_modules/@vitest/runner/dist/index.js:533:11\n    at runWithTimeout (file:///home/mhugo/code/claude-code-zen/node_modules/@vitest/runner/dist/index.js:39:7)\n    at runTest (file:///home/mhugo/code/claude-code-zen/node_modules/@vitest/runner/dist/index.js:1056:17)\n    at processTicksAndRejections (node:internal/process/task_queues:105:5)\n    at runNextTicks (node:internal/process/task_queues:69:3)\n    at listOnTimeout (node:internal/timers:549:9)\n    at processTimers (node:internal/timers:523:7)\n    at runSuite (file:///home/mhugo/code/claude-code-zen/node_modules/@vitest/runner/dist/index.js:1205:15)"],"meta":{}},{"ancestorTitles":["Command Pattern Implementation","Transaction Support (Hybrid TDD)"],"fullName":"Command Pattern Implementation Transaction Support (Hybrid TDD) should handle nested transactions correctly","status":"failed","title":"should handle nested transactions correctly","duration":11.237828000000263,"failureMessages":["AssertionError: expected false to be true // Object.is equality\n    at /home/mhugo/code/claude-code-zen/src/__tests__/patterns/command-pattern.test.ts:1006:53\n    at file:///home/mhugo/code/claude-code-zen/node_modules/@vitest/runner/dist/index.js:533:5\n    at runTest (file:///home/mhugo/code/claude-code-zen/node_modules/@vitest/runner/dist/index.js:1056:11)\n    at runSuite (file:///home/mhugo/code/claude-code-zen/node_modules/@vitest/runner/dist/index.js:1205:15)\n    at runSuite (file:///home/mhugo/code/claude-code-zen/node_modules/@vitest/runner/dist/index.js:1205:15)\n    at runSuite (file:///home/mhugo/code/claude-code-zen/node_modules/@vitest/runner/dist/index.js:1205:15)\n    at runFiles (file:///home/mhugo/code/claude-code-zen/node_modules/@vitest/runner/dist/index.js:1262:5)\n    at startTests (file:///home/mhugo/code/claude-code-zen/node_modules/@vitest/runner/dist/index.js:1271:3)\n    at file:///home/mhugo/code/claude-code-zen/node_modules/vitest/dist/chunks/runBaseTests.3qpJUEJM.js:126:11\n    at withEnv (file:///home/mhugo/code/claude-code-zen/node_modules/vitest/dist/chunks/runBaseTests.3qpJUEJM.js:90:5)"],"meta":{}},{"ancestorTitles":["Command Pattern Implementation","Command Factory and Utilities (Classical TDD)"],"fullName":"Command Pattern Implementation Command Factory and Utilities (Classical TDD) should create commands with correct types and metadata","status":"failed","title":"should create commands with correct types and metadata","duration":0.9150869999994029,"failureMessages":["TypeError: swarmCommand.getType is not a function\n    at /home/mhugo/code/claude-code-zen/src/__tests__/patterns/command-pattern.test.ts:1064:27\n    at file:///home/mhugo/code/claude-code-zen/node_modules/@vitest/runner/dist/index.js:146:14\n    at file:///home/mhugo/code/claude-code-zen/node_modules/@vitest/runner/dist/index.js:533:11\n    at runWithTimeout (file:///home/mhugo/code/claude-code-zen/node_modules/@vitest/runner/dist/index.js:39:7)\n    at runTest (file:///home/mhugo/code/claude-code-zen/node_modules/@vitest/runner/dist/index.js:1056:17)\n    at runSuite (file:///home/mhugo/code/claude-code-zen/node_modules/@vitest/runner/dist/index.js:1205:15)\n    at runSuite (file:///home/mhugo/code/claude-code-zen/node_modules/@vitest/runner/dist/index.js:1205:15)\n    at runSuite (file:///home/mhugo/code/claude-code-zen/node_modules/@vitest/runner/dist/index.js:1205:15)\n    at runFiles (file:///home/mhugo/code/claude-code-zen/node_modules/@vitest/runner/dist/index.js:1262:5)\n    at startTests (file:///home/mhugo/code/claude-code-zen/node_modules/@vitest/runner/dist/index.js:1271:3)"],"meta":{}},{"ancestorTitles":["Command Pattern Implementation","Command Factory and Utilities (Classical TDD)"],"fullName":"Command Pattern Implementation Command Factory and Utilities (Classical TDD) should validate command factory inputs","status":"failed","title":"should validate command factory inputs","duration":3.4456249999993815,"failureMessages":["AssertionError: expected [Function] to throw an error\n    at Proxy.<anonymous> (file:///home/mhugo/code/claude-code-zen/node_modules/@vitest/expect/dist/index.js:1509:21)\n    at Proxy.<anonymous> (file:///home/mhugo/code/claude-code-zen/node_modules/@vitest/expect/dist/index.js:972:17)\n    at Proxy.methodWrapper (file:///home/mhugo/code/claude-code-zen/node_modules/chai/chai.js:1706:25)\n    at /home/mhugo/code/claude-code-zen/src/__tests__/patterns/command-pattern.test.ts:1085:10\n    at file:///home/mhugo/code/claude-code-zen/node_modules/@vitest/runner/dist/index.js:146:14\n    at file:///home/mhugo/code/claude-code-zen/node_modules/@vitest/runner/dist/index.js:533:11\n    at runWithTimeout (file:///home/mhugo/code/claude-code-zen/node_modules/@vitest/runner/dist/index.js:39:7)\n    at runTest (file:///home/mhugo/code/claude-code-zen/node_modules/@vitest/runner/dist/index.js:1056:17)\n    at runSuite (file:///home/mhugo/code/claude-code-zen/node_modules/@vitest/runner/dist/index.js:1205:15)\n    at runSuite (file:///home/mhugo/code/claude-code-zen/node_modules/@vitest/runner/dist/index.js:1205:15)"],"meta":{}},{"ancestorTitles":["Command Pattern Implementation","Command Factory and Utilities (Classical TDD)"],"fullName":"Command Pattern Implementation Command Factory and Utilities (Classical TDD) should support command serialization and deserialization","status":"failed","title":"should support command serialization and deserialization","duration":1.0493870000000243,"failureMessages":["TypeError: __vite_ssr_import_0__.CommandFactory.serializeCommand is not a function\n    at /home/mhugo/code/claude-code-zen/src/__tests__/patterns/command-pattern.test.ts:1114:41\n    at file:///home/mhugo/code/claude-code-zen/node_modules/@vitest/runner/dist/index.js:146:14\n    at file:///home/mhugo/code/claude-code-zen/node_modules/@vitest/runner/dist/index.js:533:11\n    at runWithTimeout (file:///home/mhugo/code/claude-code-zen/node_modules/@vitest/runner/dist/index.js:39:7)\n    at runTest (file:///home/mhugo/code/claude-code-zen/node_modules/@vitest/runner/dist/index.js:1056:17)\n    at runSuite (file:///home/mhugo/code/claude-code-zen/node_modules/@vitest/runner/dist/index.js:1205:15)\n    at runSuite (file:///home/mhugo/code/claude-code-zen/node_modules/@vitest/runner/dist/index.js:1205:15)\n    at runSuite (file:///home/mhugo/code/claude-code-zen/node_modules/@vitest/runner/dist/index.js:1205:15)\n    at runFiles (file:///home/mhugo/code/claude-code-zen/node_modules/@vitest/runner/dist/index.js:1262:5)\n    at startTests (file:///home/mhugo/code/claude-code-zen/node_modules/@vitest/runner/dist/index.js:1271:3)"],"meta":{}},{"ancestorTitles":["Command Pattern Implementation","Command Factory and Utilities (Classical TDD)"],"fullName":"Command Pattern Implementation Command Factory and Utilities (Classical TDD) should generate unique command IDs","status":"failed","title":"should generate unique command IDs","duration":0.8426269999999931,"failureMessages":["TypeError: command.getId is not a function\n    at /home/mhugo/code/claude-code-zen/src/__tests__/patterns/command-pattern.test.ts:1139:32\n    at file:///home/mhugo/code/claude-code-zen/node_modules/@vitest/runner/dist/index.js:146:14\n    at file:///home/mhugo/code/claude-code-zen/node_modules/@vitest/runner/dist/index.js:533:11\n    at runWithTimeout (file:///home/mhugo/code/claude-code-zen/node_modules/@vitest/runner/dist/index.js:39:7)\n    at runTest (file:///home/mhugo/code/claude-code-zen/node_modules/@vitest/runner/dist/index.js:1056:17)\n    at runSuite (file:///home/mhugo/code/claude-code-zen/node_modules/@vitest/runner/dist/index.js:1205:15)\n    at runSuite (file:///home/mhugo/code/claude-code-zen/node_modules/@vitest/runner/dist/index.js:1205:15)\n    at runSuite (file:///home/mhugo/code/claude-code-zen/node_modules/@vitest/runner/dist/index.js:1205:15)\n    at runFiles (file:///home/mhugo/code/claude-code-zen/node_modules/@vitest/runner/dist/index.js:1262:5)\n    at startTests (file:///home/mhugo/code/claude-code-zen/node_modules/@vitest/runner/dist/index.js:1271:3)"],"meta":{}},{"ancestorTitles":["Command Pattern Implementation","Command Factory and Utilities (Classical TDD)"],"fullName":"Command Pattern Implementation Command Factory and Utilities (Classical TDD) should calculate command complexity correctly","status":"failed","title":"should calculate command complexity correctly","duration":0.9318700000003446,"failureMessages":["TypeError: simpleCommand.getMetadata is not a function\n    at /home/mhugo/code/claude-code-zen/src/__tests__/patterns/command-pattern.test.ts:1173:44\n    at file:///home/mhugo/code/claude-code-zen/node_modules/@vitest/runner/dist/index.js:146:14\n    at file:///home/mhugo/code/claude-code-zen/node_modules/@vitest/runner/dist/index.js:533:11\n    at runWithTimeout (file:///home/mhugo/code/claude-code-zen/node_modules/@vitest/runner/dist/index.js:39:7)\n    at runTest (file:///home/mhugo/code/claude-code-zen/node_modules/@vitest/runner/dist/index.js:1056:17)\n    at runSuite (file:///home/mhugo/code/claude-code-zen/node_modules/@vitest/runner/dist/index.js:1205:15)\n    at runSuite (file:///home/mhugo/code/claude-code-zen/node_modules/@vitest/runner/dist/index.js:1205:15)\n    at runSuite (file:///home/mhugo/code/claude-code-zen/node_modules/@vitest/runner/dist/index.js:1205:15)\n    at runFiles (file:///home/mhugo/code/claude-code-zen/node_modules/@vitest/runner/dist/index.js:1262:5)\n    at startTests (file:///home/mhugo/code/claude-code-zen/node_modules/@vitest/runner/dist/index.js:1271:3)"],"meta":{}},{"ancestorTitles":["Command Pattern Implementation","Command System Integration (Hybrid TDD)"],"fullName":"Command Pattern Implementation Command System Integration (Hybrid TDD) should integrate with event system for command lifecycle notifications","status":"passed","title":"should integrate with event system for command lifecycle notifications","duration":0.44961400000011054,"failureMessages":[],"meta":{}},{"ancestorTitles":["Command Pattern Implementation","Command System Integration (Hybrid TDD)"],"fullName":"Command Pattern Implementation Command System Integration (Hybrid TDD) should integrate with facade pattern for simplified command execution","status":"passed","title":"should integrate with facade pattern for simplified command execution","duration":0.2867519999999786,"failureMessages":[],"meta":{}},{"ancestorTitles":["Command Pattern Implementation","Command System Integration (Hybrid TDD)"],"fullName":"Command Pattern Implementation Command System Integration (Hybrid TDD) should support protocol adaptation through adapter pattern","status":"passed","title":"should support protocol adaptation through adapter pattern","duration":0.27203000000008615,"failureMessages":[],"meta":{}}],"startTime":1754765022016,"endTime":1754765022104.4497,"status":"failed","message":"","name":"/home/mhugo/code/claude-code-zen/src/__tests__/patterns/command-pattern.test.ts"},{"assertionResults":[],"startTime":1754765017685,"endTime":1754765017685,"status":"failed","message":"Transform failed with 4 errors:\n/home/mhugo/code/claude-code-zen/src/config/loader.ts:240:8: ERROR: Invalid assignment target\n/home/mhugo/code/claude-code-zen/src/config/loader.ts:242:8: ERROR: Invalid assignment target\n/home/mhugo/code/claude-code-zen/src/config/loader.ts:263:8: ERROR: Invalid assignment target\n/home/mhugo/code/claude-code-zen/src/config/loader.ts:272:6: ERROR: Invalid assignment target","name":"/home/mhugo/code/claude-code-zen/src/__tests__/patterns/composite-pattern.test.ts"},{"assertionResults":[],"startTime":1754765017685,"endTime":1754765017685,"status":"failed","message":"Transform failed with 4 errors:\n/home/mhugo/code/claude-code-zen/src/config/loader.ts:240:8: ERROR: Invalid assignment target\n/home/mhugo/code/claude-code-zen/src/config/loader.ts:242:8: ERROR: Invalid assignment target\n/home/mhugo/code/claude-code-zen/src/config/loader.ts:263:8: ERROR: Invalid assignment target\n/home/mhugo/code/claude-code-zen/src/config/loader.ts:272:6: ERROR: Invalid assignment target","name":"/home/mhugo/code/claude-code-zen/src/__tests__/patterns/facade-pattern.test.ts"},{"assertionResults":[],"startTime":1754765017685,"endTime":1754765017685,"status":"failed","message":"Transform failed with 4 errors:\n/home/mhugo/code/claude-code-zen/src/config/loader.ts:240:8: ERROR: Invalid assignment target\n/home/mhugo/code/claude-code-zen/src/config/loader.ts:242:8: ERROR: Invalid assignment target\n/home/mhugo/code/claude-code-zen/src/config/loader.ts:263:8: ERROR: Invalid assignment target\n/home/mhugo/code/claude-code-zen/src/config/loader.ts:272:6: ERROR: Invalid assignment target","name":"/home/mhugo/code/claude-code-zen/src/__tests__/patterns/observer-pattern.test.ts"},{"assertionResults":[{"ancestorTitles":["Strategy Pattern Implementation","Strategy Algorithms (Classical TDD)","MeshStrategy"],"fullName":"Strategy Pattern Implementation Strategy Algorithms (Classical TDD) MeshStrategy should create full mesh connections for all agents","status":"passed","title":"should create full mesh connections for all agents","duration":5.800995000001421,"failureMessages":[],"meta":{}},{"ancestorTitles":["Strategy Pattern Implementation","Strategy Algorithms (Classical TDD)","MeshStrategy"],"fullName":"Strategy Pattern Implementation Strategy Algorithms (Classical TDD) MeshStrategy should calculate performance metrics accurately","status":"passed","title":"should calculate performance metrics accurately","duration":0.6911489999984042,"failureMessages":[],"meta":{}},{"ancestorTitles":["Strategy Pattern Implementation","Strategy Algorithms (Classical TDD)","MeshStrategy"],"fullName":"Strategy Pattern Implementation Strategy Algorithms (Classical TDD) MeshStrategy should have appropriate latency for mesh topology","status":"passed","title":"should have appropriate latency for mesh topology","duration":0.45046800000272924,"failureMessages":[],"meta":{}},{"ancestorTitles":["Strategy Pattern Implementation","Strategy Algorithms (Classical TDD)","MeshStrategy"],"fullName":"Strategy Pattern Implementation Strategy Algorithms (Classical TDD) MeshStrategy should generate recommendations for large swarms","status":"passed","title":"should generate recommendations for large swarms","duration":0.6545909999986179,"failureMessages":[],"meta":{}},{"ancestorTitles":["Strategy Pattern Implementation","Strategy Algorithms (Classical TDD)","HierarchicalStrategy"],"fullName":"Strategy Pattern Implementation Strategy Algorithms (Classical TDD) HierarchicalStrategy should create hierarchical leadership structure","status":"failed","title":"should create hierarchical leadership structure","duration":9.658194999999978,"failureMessages":["TypeError: Cannot read properties of undefined (reading 'length')\n    at HierarchicalStrategy.validateContext (/home/mhugo/code/claude-code-zen/src/coordination/swarm/core/strategy.ts:243:22)\n    at HierarchicalStrategy.coordinate (/home/mhugo/code/claude-code-zen/src/coordination/swarm/core/strategy.ts:214:15)\n    at /home/mhugo/code/claude-code-zen/src/__tests__/patterns/strategy-pattern.test.ts:107:39\n    at file:///home/mhugo/code/claude-code-zen/node_modules/@vitest/runner/dist/index.js:146:14\n    at file:///home/mhugo/code/claude-code-zen/node_modules/@vitest/runner/dist/index.js:533:11\n    at runWithTimeout (file:///home/mhugo/code/claude-code-zen/node_modules/@vitest/runner/dist/index.js:39:7)\n    at runTest (file:///home/mhugo/code/claude-code-zen/node_modules/@vitest/runner/dist/index.js:1056:17)\n    at runSuite (file:///home/mhugo/code/claude-code-zen/node_modules/@vitest/runner/dist/index.js:1205:15)\n    at runSuite (file:///home/mhugo/code/claude-code-zen/node_modules/@vitest/runner/dist/index.js:1205:15)\n    at runSuite (file:///home/mhugo/code/claude-code-zen/node_modules/@vitest/runner/dist/index.js:1205:15)"],"meta":{}},{"ancestorTitles":["Strategy Pattern Implementation","Strategy Algorithms (Classical TDD)","HierarchicalStrategy"],"fullName":"Strategy Pattern Implementation Strategy Algorithms (Classical TDD) HierarchicalStrategy should select leaders based on capabilities","status":"failed","title":"should select leaders based on capabilities","duration":1.1317820000003849,"failureMessages":["TypeError: Cannot read properties of undefined (reading 'length')\n    at HierarchicalStrategy.validateContext (/home/mhugo/code/claude-code-zen/src/coordination/swarm/core/strategy.ts:243:22)\n    at HierarchicalStrategy.coordinate (/home/mhugo/code/claude-code-zen/src/coordination/swarm/core/strategy.ts:214:15)\n    at /home/mhugo/code/claude-code-zen/src/__tests__/patterns/strategy-pattern.test.ts:118:39\n    at file:///home/mhugo/code/claude-code-zen/node_modules/@vitest/runner/dist/index.js:146:14\n    at file:///home/mhugo/code/claude-code-zen/node_modules/@vitest/runner/dist/index.js:533:11\n    at runWithTimeout (file:///home/mhugo/code/claude-code-zen/node_modules/@vitest/runner/dist/index.js:39:7)\n    at runTest (file:///home/mhugo/code/claude-code-zen/node_modules/@vitest/runner/dist/index.js:1056:17)\n    at runSuite (file:///home/mhugo/code/claude-code-zen/node_modules/@vitest/runner/dist/index.js:1205:15)\n    at runSuite (file:///home/mhugo/code/claude-code-zen/node_modules/@vitest/runner/dist/index.js:1205:15)\n    at runSuite (file:///home/mhugo/code/claude-code-zen/node_modules/@vitest/runner/dist/index.js:1205:15)"],"meta":{}},{"ancestorTitles":["Strategy Pattern Implementation","Strategy Algorithms (Classical TDD)","HierarchicalStrategy"],"fullName":"Strategy Pattern Implementation Strategy Algorithms (Classical TDD) HierarchicalStrategy should have latency proportional to hierarchy depth","status":"failed","title":"should have latency proportional to hierarchy depth","duration":1.1373439999988477,"failureMessages":["TypeError: Cannot read properties of undefined (reading 'length')\n    at HierarchicalStrategy.validateContext (/home/mhugo/code/claude-code-zen/src/coordination/swarm/core/strategy.ts:243:22)\n    at HierarchicalStrategy.coordinate (/home/mhugo/code/claude-code-zen/src/coordination/swarm/core/strategy.ts:214:15)\n    at /home/mhugo/code/claude-code-zen/src/__tests__/patterns/strategy-pattern.test.ts:129:39\n    at file:///home/mhugo/code/claude-code-zen/node_modules/@vitest/runner/dist/index.js:146:14\n    at file:///home/mhugo/code/claude-code-zen/node_modules/@vitest/runner/dist/index.js:533:11\n    at runWithTimeout (file:///home/mhugo/code/claude-code-zen/node_modules/@vitest/runner/dist/index.js:39:7)\n    at runTest (file:///home/mhugo/code/claude-code-zen/node_modules/@vitest/runner/dist/index.js:1056:17)\n    at runSuite (file:///home/mhugo/code/claude-code-zen/node_modules/@vitest/runner/dist/index.js:1205:15)\n    at runSuite (file:///home/mhugo/code/claude-code-zen/node_modules/@vitest/runner/dist/index.js:1205:15)\n    at runSuite (file:///home/mhugo/code/claude-code-zen/node_modules/@vitest/runner/dist/index.js:1205:15)"],"meta":{}},{"ancestorTitles":["Strategy Pattern Implementation","Strategy Algorithms (Classical TDD)","RingStrategy"],"fullName":"Strategy Pattern Implementation Strategy Algorithms (Classical TDD) RingStrategy should create circular connections","status":"passed","title":"should create circular connections","duration":1.3646849999968254,"failureMessages":[],"meta":{}},{"ancestorTitles":["Strategy Pattern Implementation","Strategy Algorithms (Classical TDD)","RingStrategy"],"fullName":"Strategy Pattern Implementation Strategy Algorithms (Classical TDD) RingStrategy should have latency proportional to ring size","status":"passed","title":"should have latency proportional to ring size","duration":0.5756650000002992,"failureMessages":[],"meta":{}},{"ancestorTitles":["Strategy Pattern Implementation","Strategy Algorithms (Classical TDD)","StarStrategy"],"fullName":"Strategy Pattern Implementation Strategy Algorithms (Classical TDD) StarStrategy should select hub based on capabilities","status":"passed","title":"should select hub based on capabilities","duration":1.358883999997488,"failureMessages":[],"meta":{}},{"ancestorTitles":["Strategy Pattern Implementation","Strategy Algorithms (Classical TDD)","StarStrategy"],"fullName":"Strategy Pattern Implementation Strategy Algorithms (Classical TDD) StarStrategy should create star topology connections","status":"passed","title":"should create star topology connections","duration":1.6264799999989918,"failureMessages":[],"meta":{}},{"ancestorTitles":["Strategy Pattern Implementation","Strategy Algorithms (Classical TDD)","StarStrategy"],"fullName":"Strategy Pattern Implementation Strategy Algorithms (Classical TDD) StarStrategy should have low latency due to centralized communication","status":"passed","title":"should have low latency due to centralized communication","duration":0.41593700000157696,"failureMessages":[],"meta":{}},{"ancestorTitles":["Strategy Pattern Implementation","Strategy Coordination (London TDD)"],"fullName":"Strategy Pattern Implementation Strategy Coordination (London TDD) should delegate coordination to the active strategy","status":"failed","title":"should delegate coordination to the active strategy","duration":2.6132440000001225,"failureMessages":["TypeError: Cannot read properties of undefined (reading 'reliability')\n    at SwarmCoordinator.executeCoordination (/home/mhugo/code/claude-code-zen/src/coordination/swarm/core/strategy.ts:557:47)\n    at /home/mhugo/code/claude-code-zen/src/__tests__/patterns/strategy-pattern.test.ts:254:22\n    at file:///home/mhugo/code/claude-code-zen/node_modules/@vitest/runner/dist/index.js:533:5\n    at runTest (file:///home/mhugo/code/claude-code-zen/node_modules/@vitest/runner/dist/index.js:1056:11)\n    at runSuite (file:///home/mhugo/code/claude-code-zen/node_modules/@vitest/runner/dist/index.js:1205:15)\n    at runSuite (file:///home/mhugo/code/claude-code-zen/node_modules/@vitest/runner/dist/index.js:1205:15)\n    at runSuite (file:///home/mhugo/code/claude-code-zen/node_modules/@vitest/runner/dist/index.js:1205:15)\n    at runFiles (file:///home/mhugo/code/claude-code-zen/node_modules/@vitest/runner/dist/index.js:1262:5)\n    at startTests (file:///home/mhugo/code/claude-code-zen/node_modules/@vitest/runner/dist/index.js:1271:3)\n    at file:///home/mhugo/code/claude-code-zen/node_modules/vitest/dist/chunks/runBaseTests.3qpJUEJM.js:126:11"],"meta":{}},{"ancestorTitles":["Strategy Pattern Implementation","Strategy Coordination (London TDD)"],"fullName":"Strategy Pattern Implementation Strategy Coordination (London TDD) should switch strategies correctly","status":"passed","title":"should switch strategies correctly","duration":0.8484900000003108,"failureMessages":[],"meta":{}},{"ancestorTitles":["Strategy Pattern Implementation","Strategy Coordination (London TDD)"],"fullName":"Strategy Pattern Implementation Strategy Coordination (London TDD) should record coordination history","status":"failed","title":"should record coordination history","duration":1.0755239999998594,"failureMessages":["TypeError: Cannot read properties of undefined (reading 'reliability')\n    at SwarmCoordinator.executeCoordination (/home/mhugo/code/claude-code-zen/src/coordination/swarm/core/strategy.ts:557:47)\n    at /home/mhugo/code/claude-code-zen/src/__tests__/patterns/strategy-pattern.test.ts:297:7\n
[...]
":"should elect new coordinator when current coordinator fails","duration":2.0597619999971357,"failureMessages":["TypeError: __vite_ssr_import_0__.SwarmTopologyManager is not a constructor\n    at /home/mhugo/code/claude-code-zen/src/__tests__/unit/london/coordination/swarm-topology-management.test.ts:57:23\n    at file:///home/mhugo/code/claude-code-zen/node_modules/@vitest/runner/dist/index.js:146:14\n    at runWithTimeout (file:///home/mhugo/code/claude-code-zen/node_modules/@vitest/runner/dist/index.js:39:7)\n    at callSuiteHook (file:///home/mhugo/code/claude-code-zen/node_modules/@vitest/runner/dist/index.js:964:28)\n    at callSuiteHook (file:///home/mhugo/code/claude-code-zen/node_modules/@vitest/runner/dist/index.js:953:10)\n    at runTest (file:///home/mhugo/code/claude-code-zen/node_modules/@vitest/runner/dist/index.js:1040:30)\n    at runSuite (file:///home/mhugo/code/claude-code-zen/node_modules/@vitest/runner/dist/index.js:1205:15)\n    at runSuite (file:///home/mhugo/code/claude-code-zen/node_modules/@vitest/runner/dist/index.js:1205:15)\n    at runSuite (file:///home/mhugo/code/claude-code-zen/node_modules/@vitest/runner/dist/index.js:1205:15)\n    at runFiles (file:///home/mhugo/code/claude-code-zen/node_modules/@vitest/runner/dist/index.js:1262:5)"],"meta":{}},{"ancestorTitles":["Swarm Topology Management (London TDD)","Ring Topology Coordination"],"fullName":"Swarm Topology Management (London TDD) Ring Topology Coordination should establish circular communication pattern","status":"failed","title":"should establish circular communication pattern","duration":2.0505510000002687,"failureMessages":["TypeError: __vite_ssr_import_0__.SwarmTopologyManager is not a constructor\n    at /home/mhugo/code/claude-code-zen/src/__tests__/unit/london/coordination/swarm-topology-management.test.ts:57:23\n    at file:///home/mhugo/code/claude-code-zen/node_modules/@vitest/runner/dist/index.js:146:14\n    at runWithTimeout (file:///home/mhugo/code/claude-code-zen/node_modules/@vitest/runner/dist/index.js:39:7)\n    at callSuiteHook (file:///home/mhugo/code/claude-code-zen/node_modules/@vitest/runner/dist/index.js:964:28)\n    at callSuiteHook (file:///home/mhugo/code/claude-code-zen/node_modules/@vitest/runner/dist/index.js:953:10)\n    at runTest (file:///home/mhugo/code/claude-code-zen/node_modules/@vitest/runner/dist/index.js:1040:30)\n    at runSuite (file:///home/mhugo/code/claude-code-zen/node_modules/@vitest/runner/dist/index.js:1205:15)\n    at runSuite (file:///home/mhugo/code/claude-code-zen/node_modules/@vitest/runner/dist/index.js:1205:15)\n    at runSuite (file:///home/mhugo/code/claude-code-zen/node_modules/@vitest/runner/dist/index.js:1205:15)\n    at runFiles (file:///home/mhugo/code/claude-code-zen/node_modules/@vitest/runner/dist/index.js:1262:5)"],"meta":{}},{"ancestorTitles":["Swarm Topology Management (London TDD)","Ring Topology Coordination"],"fullName":"Swarm Topology Management (London TDD) Ring Topology Coordination should handle ring break and self-healing","status":"failed","title":"should handle ring break and self-healing","duration":1.9177440000021306,"failureMessages":["TypeError: __vite_ssr_import_0__.SwarmTopologyManager is not a constructor\n    at /home/mhugo/code/claude-code-zen/src/__tests__/unit/london/coordination/swarm-topology-management.test.ts:57:23\n    at file:///home/mhugo/code/claude-code-zen/node_modules/@vitest/runner/dist/index.js:146:14\n    at runWithTimeout (file:///home/mhugo/code/claude-code-zen/node_modules/@vitest/runner/dist/index.js:39:7)\n    at callSuiteHook (file:///home/mhugo/code/claude-code-zen/node_modules/@vitest/runner/dist/index.js:964:28)\n    at callSuiteHook (file:///home/mhugo/code/claude-code-zen/node_modules/@vitest/runner/dist/index.js:953:10)\n    at runTest (file:///home/mhugo/code/claude-code-zen/node_modules/@vitest/runner/dist/index.js:1040:30)\n    at runSuite (file:///home/mhugo/code/claude-code-zen/node_modules/@vitest/runner/dist/index.js:1205:15)\n    at runSuite (file:///home/mhugo/code/claude-code-zen/node_modules/@vitest/runner/dist/index.js:1205:15)\n    at runSuite (file:///home/mhugo/code/claude-code-zen/node_modules/@vitest/runner/dist/index.js:1205:15)\n    at runFiles (file:///home/mhugo/code/claude-code-zen/node_modules/@vitest/runner/dist/index.js:1262:5)"],"meta":{}},{"ancestorTitles":["Swarm Topology Management (London TDD)","Star Topology Hub Management"],"fullName":"Swarm Topology Management (London TDD) Star Topology Hub Management should designate central hub and establish spoke connections","status":"failed","title":"should designate central hub and establish spoke connections","duration":3.2169409999987693,"failureMessages":["TypeError: __vite_ssr_import_0__.SwarmTopologyManager is not a constructor\n    at /home/mhugo/code/claude-code-zen/src/__tests__/unit/london/coordination/swarm-topology-management.test.ts:57:23\n    at file:///home/mhugo/code/claude-code-zen/node_modules/@vitest/runner/dist/index.js:146:14\n    at runWithTimeout (file:///home/mhugo/code/claude-code-zen/node_modules/@vitest/runner/dist/index.js:39:7)\n    at callSuiteHook (file:///home/mhugo/code/claude-code-zen/node_modules/@vitest/runner/dist/index.js:964:28)\n    at callSuiteHook (file:///home/mhugo/code/claude-code-zen/node_modules/@vitest/runner/dist/index.js:953:10)\n    at runTest (file:///home/mhugo/code/claude-code-zen/node_modules/@vitest/runner/dist/index.js:1040:30)\n    at runSuite (file:///home/mhugo/code/claude-code-zen/node_modules/@vitest/runner/dist/index.js:1205:15)\n    at runSuite (file:///home/mhugo/code/claude-code-zen/node_modules/@vitest/runner/dist/index.js:1205:15)\n    at runSuite (file:///home/mhugo/code/claude-code-zen/node_modules/@vitest/runner/dist/index.js:1205:15)\n    at runFiles (file:///home/mhugo/code/claude-code-zen/node_modules/@vitest/runner/dist/index.js:1262:5)"],"meta":{}},{"ancestorTitles":["Swarm Topology Management (London TDD)","Star Topology Hub Management"],"fullName":"Swarm Topology Management (London TDD) Star Topology Hub Management should handle hub failure with immediate failover","status":"failed","title":"should handle hub failure with immediate failover","duration":1.836978999999701,"failureMessages":["TypeError: __vite_ssr_import_0__.SwarmTopologyManager is not a constructor\n    at /home/mhugo/code/claude-code-zen/src/__tests__/unit/london/coordination/swarm-topology-management.test.ts:57:23\n    at file:///home/mhugo/code/claude-code-zen/node_modules/@vitest/runner/dist/index.js:146:14\n    at runWithTimeout (file:///home/mhugo/code/claude-code-zen/node_modules/@vitest/runner/dist/index.js:39:7)\n    at callSuiteHook (file:///home/mhugo/code/claude-code-zen/node_modules/@vitest/runner/dist/index.js:964:28)\n    at callSuiteHook (file:///home/mhugo/code/claude-code-zen/node_modules/@vitest/runner/dist/index.js:953:10)\n    at runTest (file:///home/mhugo/code/claude-code-zen/node_modules/@vitest/runner/dist/index.js:1040:30)\n    at runSuite (file:///home/mhugo/code/claude-code-zen/node_modules/@vitest/runner/dist/index.js:1205:15)\n    at runSuite (file:///home/mhugo/code/claude-code-zen/node_modules/@vitest/runner/dist/index.js:1205:15)\n    at runSuite (file:///home/mhugo/code/claude-code-zen/node_modules/@vitest/runner/dist/index.js:1205:15)\n    at runFiles (file:///home/mhugo/code/claude-code-zen/node_modules/@vitest/runner/dist/index.js:1262:5)"],"meta":{}},{"ancestorTitles":["Swarm Topology Management (London TDD)","Dynamic Topology Optimization"],"fullName":"Swarm Topology Management (London TDD) Dynamic Topology Optimization should continuously monitor and optimize topology performance","status":"failed","title":"should continuously monitor and optimize topology performance","duration":1.9797920000019076,"failureMessages":["TypeError: __vite_ssr_import_0__.SwarmTopologyManager is not a constructor\n    at /home/mhugo/code/claude-code-zen/src/__tests__/unit/london/coordination/swarm-topology-management.test.ts:57:23\n    at file:///home/mhugo/code/claude-code-zen/node_modules/@vitest/runner/dist/index.js:146:14\n    at runWithTimeout (file:///home/mhugo/code/claude-code-zen/node_modules/@vitest/runner/dist/index.js:39:7)\n    at callSuiteHook (file:///home/mhugo/code/claude-code-zen/node_modules/@vitest/runner/dist/index.js:964:28)\n    at callSuiteHook (file:///home/mhugo/code/claude-code-zen/node_modules/@vitest/runner/dist/index.js:953:10)\n    at runTest (file:///home/mhugo/code/claude-code-zen/node_modules/@vitest/runner/dist/index.js:1040:30)\n    at runSuite (file:///home/mhugo/code/claude-code-zen/node_modules/@vitest/runner/dist/index.js:1205:15)\n    at runSuite (file:///home/mhugo/code/claude-code-zen/node_modules/@vitest/runner/dist/index.js:1205:15)\n    at runSuite (file:///home/mhugo/code/claude-code-zen/node_modules/@vitest/runner/dist/index.js:1205:15)\n    at runFiles (file:///home/mhugo/code/claude-code-zen/node_modules/@vitest/runner/dist/index.js:1262:5)"],"meta":{}},{"ancestorTitles":["Swarm Topology Management (London TDD)","Dynamic Topology Optimization"],"fullName":"Swarm Topology Management (London TDD) Dynamic Topology Optimization should adapt topology based on workload patterns","status":"failed","title":"should adapt topology based on workload patterns","duration":1.9924279999977443,"failureMessages":["TypeError: __vite_ssr_import_0__.SwarmTopologyManager is not a constructor\n    at /home/mhugo/code/claude-code-zen/src/__tests__/unit/london/coordination/swarm-topology-management.test.ts:57:23\n    at file:///home/mhugo/code/claude-code-zen/node_modules/@vitest/runner/dist/index.js:146:14\n    at runWithTimeout (file:///home/mhugo/code/claude-code-zen/node_modules/@vitest/runner/dist/index.js:39:7)\n    at callSuiteHook (file:///home/mhugo/code/claude-code-zen/node_modules/@vitest/runner/dist/index.js:964:28)\n    at callSuiteHook (file:///home/mhugo/code/claude-code-zen/node_modules/@vitest/runner/dist/index.js:953:10)\n    at runTest (file:///home/mhugo/code/claude-code-zen/node_modules/@vitest/runner/dist/index.js:1040:30)\n    at runSuite (file:///home/mhugo/code/claude-code-zen/node_modules/@vitest/runner/dist/index.js:1205:15)\n    at runSuite (file:///home/mhugo/code/claude-code-zen/node_modules/@vitest/runner/dist/index.js:1205:15)\n    at runSuite (file:///home/mhugo/code/claude-code-zen/node_modules/@vitest/runner/dist/index.js:1205:15)\n    at runFiles (file:///home/mhugo/code/claude-code-zen/node_modules/@vitest/runner/dist/index.js:1262:5)"],"meta":{}},{"ancestorTitles":["Swarm Topology Management (London TDD)","Load Balancing Integration"],"fullName":"Swarm Topology Management (London TDD) Load Balancing Integration should distribute agents based on topology constraints","status":"failed","title":"should distribute agents based on topology constraints","duration":1.9124689999989641,"failureMessages":["TypeError: __vite_ssr_import_0__.SwarmTopologyManager is not a constructor\n    at /home/mhugo/code/claude-code-zen/src/__tests__/unit/london/coordination/swarm-topology-management.test.ts:57:23\n    at file:///home/mhugo/code/claude-code-zen/node_modules/@vitest/runner/dist/index.js:146:14\n    at runWithTimeout (file:///home/mhugo/code/claude-code-zen/node_modules/@vitest/runner/dist/index.js:39:7)\n    at callSuiteHook (file:///home/mhugo/code/claude-code-zen/node_modules/@vitest/runner/dist/index.js:964:28)\n    at callSuiteHook (file:///home/mhugo/code/claude-code-zen/node_modules/@vitest/runner/dist/index.js:953:10)\n    at runTest (file:///home/mhugo/code/claude-code-zen/node_modules/@vitest/runner/dist/index.js:1040:30)\n    at runSuite (file:///home/mhugo/code/claude-code-zen/node_modules/@vitest/runner/dist/index.js:1205:15)\n    at runSuite (file:///home/mhugo/code/claude-code-zen/node_modules/@vitest/runner/dist/index.js:1205:15)\n    at runSuite (file:///home/mhugo/code/claude-code-zen/node_modules/@vitest/runner/dist/index.js:1205:15)\n    at runFiles (file:///home/mhugo/code/claude-code-zen/node_modules/@vitest/runner/dist/index.js:1262:5)"],"meta":{}},{"ancestorTitles":["Swarm Topology Management (London TDD)","Load Balancing Integration"],"fullName":"Swarm Topology Management (London TDD) Load Balancing Integration should respect topology-specific load balancing rules","status":"failed","title":"should respect topology-specific load balancing rules","duration":1.9473639999996522,"failureMessages":["TypeError: __vite_ssr_import_0__.SwarmTopologyManager is not a constructor\n    at /home/mhugo/code/claude-code-zen/src/__tests__/unit/london/coordination/swarm-topology-management.test.ts:57:23\n    at file:///home/mhugo/code/claude-code-zen/node_modules/@vitest/runner/dist/index.js:146:14\n    at runWithTimeout (file:///home/mhugo/code/claude-code-zen/node_modules/@vitest/runner/dist/index.js:39:7)\n    at callSuiteHook (file:///home/mhugo/code/claude-code-zen/node_modules/@vitest/runner/dist/index.js:964:28)\n    at callSuiteHook (file:///home/mhugo/code/claude-code-zen/node_modules/@vitest/runner/dist/index.js:953:10)\n    at runTest (file:///home/mhugo/code/claude-code-zen/node_modules/@vitest/runner/dist/index.js:1040:30)\n    at runSuite (file:///home/mhugo/code/claude-code-zen/node_modules/@vitest/runner/dist/index.js:1205:15)\n    at runSuite (file:///home/mhugo/code/claude-code-zen/node_modules/@vitest/runner/dist/index.js:1205:15)\n    at runSuite (file:///home/mhugo/code/claude-code-zen/node_modules/@vitest/runner/dist/index.js:1205:15)\n    at runFiles (file:///home/mhugo/code/claude-code-zen/node_modules/@vitest/runner/dist/index.js:1262:5)"],"meta":{}},{"ancestorTitles":["Swarm Topology Management (London TDD)","Fault Tolerance and Recovery"],"fullName":"Swarm Topology Management (London TDD) Fault Tolerance and Recovery should detect and isolate byzantine agents","status":"failed","title":"should detect and isolate byzantine agents","duration":2.485296999999264,"failureMessages":["TypeError: __vite_ssr_import_0__.SwarmTopologyManager is not a constructor\n    at /home/mhugo/code/claude-code-zen/src/__tests__/unit/london/coordination/swarm-topology-management.test.ts:57:23\n    at file:///home/mhugo/code/claude-code-zen/node_modules/@vitest/runner/dist/index.js:146:14\n    at runWithTimeout (file:///home/mhugo/code/claude-code-zen/node_modules/@vitest/runner/dist/index.js:39:7)\n    at callSuiteHook (file:///home/mhugo/code/claude-code-zen/node_modules/@vitest/runner/dist/index.js:964:28)\n    at callSuiteHook (file:///home/mhugo/code/claude-code-zen/node_modules/@vitest/runner/dist/index.js:953:10)\n    at runTest (file:///home/mhugo/code/claude-code-zen/node_modules/@vitest/runner/dist/index.js:1040:30)\n    at runSuite (file:///home/mhugo/code/claude-code-zen/node_modules/@vitest/runner/dist/index.js:1205:15)\n    at runSuite (file:///home/mhugo/code/claude-code-zen/node_modules/@vitest/runner/dist/index.js:1205:15)\n    at runSuite (file:///home/mhugo/code/claude-code-zen/node_modules/@vitest/runner/dist/index.js:1205:15)\n    at runFiles (file:///home/mhugo/code/claude-code-zen/node_modules/@vitest/runner/dist/index.js:1262:5)"],"meta":{}},{"ancestorTitles":["Swarm Topology Management (London TDD)","Fault Tolerance and Recovery"],"fullName":"Swarm Topology Management (London TDD) Fault Tolerance and Recovery should implement consensus mechanisms for critical decisions","status":"failed","title":"should implement consensus mechanisms for critical decisions","duration":2.5411590000003343,"failureMessages":["TypeError: __vite_ssr_import_0__.SwarmTopologyManager is not a constructor\n    at /home/mhugo/code/claude-code-zen/src/__tests__/unit/london/coordination/swarm-topology-management.test.ts:57:23\n    at file:///home/mhugo/code/claude-code-zen/node_modules/@vitest/runner/dist/index.js:146:14\n    at runWithTimeout (file:///home/mhugo/code/claude-code-zen/node_modules/@vitest/runner/dist/index.js:39:7)\n    at callSuiteHook (file:///home/mhugo/code/claude-code-zen/node_modules/@vitest/runner/dist/index.js:964:28)\n    at callSuiteHook (file:///home/mhugo/code/claude-code-zen/node_modules/@vitest/runner/dist/index.js:953:10)\n    at runTest (file:///home/mhugo/code/claude-code-zen/node_modules/@vitest/runner/dist/index.js:1040:30)\n    at runSuite (file:///home/mhugo/code/claude-code-zen/node_modules/@vitest/runner/dist/index.js:1205:15)\n    at runSuite (file:///home/mhugo/code/claude-code-zen/node_modules/@vitest/runner/dist/index.js:1205:15)\n    at runSuite (file:///home/mhugo/code/claude-code-zen/node_modules/@vitest/runner/dist/index.js:1205:15)\n    at runFiles (file:///home/mhugo/code/claude-code-zen/node_modules/@vitest/runner/dist/index.js:1262:5)"],"meta":{}}],"startTime":1754765035921,"endTime":1754765035963.5413,"status":"failed","message":"","name":"/home/mhugo/code/claude-code-zen/src/__tests__/unit/london/coordination/swarm-topology-management.test.ts"},{"assertionResults":[],"startTime":1754765017685,"endTime":1754765017685,"status":"failed","message":"Transform failed with 4 errors:\n/home/mhugo/code/claude-code-zen/src/config/loader.ts:240:8: ERROR: Invalid assignment target\n/home/mhugo/code/claude-code-zen/src/config/loader.ts:242:8: ERROR: Invalid assignment target\n/home/mhugo/code/claude-code-zen/src/config/loader.ts:263:8: ERROR: Invalid assignment target\n/home/mhugo/code/claude-code-zen/src/config/loader.ts:272:6: ERROR: Invalid assignment target","name":"/home/mhugo/code/claude-code-zen/src/__tests__/unit/london/domain-splitting/orchestration.test.ts"},{"assertionResults":[],"startTime":1754765017685,"endTime":1754765017685,"status":"failed","message":"Do not import `@jest/globals` outside of the Jest test environment","name":"/home/mhugo/code/claude-code-zen/src/__tests__/unit/london/mcp-protocol/error-scenarios.test.ts"},{"assertionResults":[],"startTime":1754765017685,"endTime":1754765017685,"status":"failed","message":"Do not import `@jest/globals` outside of the Jest test environment","name":"/home/mhugo/code/claude-code-zen/src/__tests__/unit/london/mcp-protocol/index.test.ts"},{"assertionResults":[],"startTime":1754765017685,"endTime":1754765017685,"status":"failed","message":"Do not import `@jest/globals` outside of the Jest test environment","name":"/home/mhugo/code/claude-code-zen/src/__tests__/unit/london/mcp-protocol/protocol-message-validation.test.ts"},{"assertionResults":[],"startTime":1754765017685,"endTime":1754765017685,"status":"failed","message":"Do not import `@jest/globals` outside of the Jest test environment","name":"/home/mhugo/code/claude-code-zen/src/__tests__/unit/london/mcp-protocol/request-response-handling.test.ts"},{"assertionResults":[],"startTime":1754765017685,"endTime":1754765017685,"status":"failed","message":"Do not import `@jest/globals` outside of the Jest test environment","name":"/home/mhugo/code/claude-code-zen/src/__tests__/unit/london/mcp-protocol/streaming-support.test.ts"},{"assertionResults":[],"startTime":1754765017685,"endTime":1754765017685,"status":"failed","message":"Do not import `@jest/globals` outside of the Jest test environment","name":"/home/mhugo/code/claude-code-zen/src/__tests__/unit/london/mcp-protocol/tool-registration-discovery.test.ts"},{"assertionResults":[],"startTime":1754765017685,"endTime":1754765017685,"status":"failed","message":"Logger is not a constructor","name":"/home/mhugo/code/claude-code-zen/src/__tests__/unit/london/coordination/hooks/hook-system.test.ts"},{"assertionResults":[],"startTime":1754765017685,"endTime":1754765017685,"status":"failed","message":"Do not import `@jest/globals` outside of the Jest test environment","name":"/home/mhugo/code/claude-code-zen/tests/intelligence/conversation-framework/memory.test.ts"},{"assertionResults":[],"startTime":1754765017685,"endTime":1754765017685,"status":"failed","message":"Do not import `@jest/globals` outside of the Jest test environment","name":"/home/mhugo/code/claude-code-zen/tests/intelligence/conversation-framework/orchestrator.test.ts"}]}