{"numTotalTestSuites":1,"numPassedTestSuites":0,"numFailedTestSuites":1,"numPendingTestSuites":0,"numTotalTests":0,"numPassedTests":0,"numFailedTests":0,"numPendingTests":0,"numTodoTests":0,"snapshot":{"added":0,"failure":false,"filesAdded":0,"filesRemoved":0,"filesRemovedList":[],"filesUnmatched":0,"filesUpdated":0,"matched":0,"total":0,"unchecked":0,"uncheckedKeysByFile":[],"unmatched":0,"updated":0,"didUpdate":false},"startTime":1756566912461,"success":false,"testResults":[{"assertionResults":[],"startTime":1756566912461,"endTime":1756566912461,"status":"failed","message":"Cannot find module '/home/runner/work/zenflow/zenflow/packages/services/knowledge/tests/jest-compat-setup.ts'","name":"/home/runner/work/zenflow/zenflow/packages/services/knowledge/tests/sqlite-backend.test.ts"}]}