{"numTotalTestSuites":2,"numPassedTestSuites":0,"numFailedTestSuites":2,"numPendingTestSuites":0,"numTotalTests":0,"numPassedTests":0,"numFailedTests":0,"numPendingTests":0,"numTodoTests":0,"snapshot":{"added":0,"failure":false,"filesAdded":0,"filesRemoved":0,"filesRemovedList":[],"filesUnmatched":0,"filesUpdated":0,"matched":0,"total":0,"unchecked":0,"uncheckedKeysByFile":[],"unmatched":0,"updated":0,"didUpdate":false},"startTime":1755505812310,"success":false,"testResults":[{"assertionResults":[],"startTime":1755505812310,"endTime":1755505812310,"status":"failed","message":"Cannot find module '/home/mhugo/code/claude-code-zen/packages/teamwork/tests/vitest-setup.ts'","name":"/home/mhugo/code/claude-code-zen/packages/teamwork/src/__tests__/memory.test.ts"},{"assertionResults":[],"startTime":1755505812310,"endTime":1755505812310,"status":"failed","message":"Cannot find module '/home/mhugo/code/claude-code-zen/packages/teamwork/tests/vitest-setup.ts'","name":"/home/mhugo/code/claude-code-zen/packages/teamwork/src/__tests__/orchestrator.test.ts"}]}