{"numTotalTestSuites":6,"numPassedTestSuites":4,"numFailedTestSuites":1,"numPendingTestSuites":1,"numTotalTests":6,"numPassedTests":0,"numFailedTests":0,"numPendingTests":0,"numTodoTests":0,"snapshot":{"added":0,"failure":false,"filesAdded":0,"filesRemoved":0,"filesRemovedList":[],"filesUnmatched":0,"filesUpdated":0,"matched":0,"total":0,"unchecked":0,"uncheckedKeysByFile":[],"unmatched":0,"updated":0,"didUpdate":false},"startTime":1756481378103,"success":false,"testResults":[{"assertionResults":[{"ancestorTitles":["Coordination Domain Production Implementation","WebSocket Hub"],"fullName":"Coordination Domain Production Implementation WebSocket Hub should create and initialize hub","status":"pending","title":"should create and initialize hub","failureMessages":[],"meta":{}},{"ancestorTitles":["Coordination Domain Production Implementation","WebSocket Hub"],"fullName":"Coordination Domain Production Implementation WebSocket Hub should register services correctly","status":"pending","title":"should register services correctly","failureMessages":[],"meta":{}},{"ancestorTitles":["Coordination Domain Production Implementation","LLM Approval Service"],"fullName":"Coordination Domain Production Implementation LLM Approval Service should initialize and process approvals","status":"pending","title":"should initialize and process approvals","failureMessages":[],"meta":{}},{"ancestorTitles":["Coordination Domain Production Implementation","LLM Approval Service"],"fullName":"Coordination Domain Production Implementation LLM Approval Service should load auto-approval rules","status":"pending","title":"should load auto-approval rules","failureMessages":[],"meta":{}},{"ancestorTitles":["Coordination Domain Production Implementation","Workflow Engine"],"fullName":"Coordination Domain Production Implementation Workflow Engine should create and start workflows","status":"pending","title":"should create and start workflows","failureMessages":[],"meta":{}},{"ancestorTitles":["Coordination Domain Production Implementation","Workflow Engine"],"fullName":"Coordination Domain Production Implementation Workflow Engine should handle step handlers correctly","status":"pending","title":"should handle step handlers correctly","failureMessages":[],"meta":{}}],"startTime":1756481378103,"endTime":1756481378103,"status":"passed","message":"","name":"/home/runner/work/zenflow/zenflow/src/__tests__/coordination/coordination-production.test.ts"},{"assertionResults":[],"startTime":1756481378103,"endTime":1756481378103,"status":"failed","message":"No test suite found in file /home/runner/work/zenflow/zenflow/src/__tests__/unit/neural/wasm-gateway.test.ts","name":"/home/runner/work/zenflow/zenflow/src/__tests__/unit/neural/wasm-gateway.test.ts"}]}