TN:
SF:src/hive-mind-primary.js
FN:18,(anonymous_0)
FN:59,(anonymous_1)
FN:104,(anonymous_2)
FN:140,(anonymous_3)
FN:161,(anonymous_4)
FN:185,(anonymous_5)
FN:204,(anonymous_6)
FN:211,(anonymous_7)
FN:212,(anonymous_8)
FN:213,(anonymous_9)
FN:232,(anonymous_10)
FN:291,(anonymous_11)
FN:311,(anonymous_12)
FN:372,(anonymous_13)
FN:387,(anonymous_14)
FN:422,(anonymous_15)
FN:428,(anonymous_16)
FN:452,(anonymous_17)
FN:489,getHiveMindPrimary
FN:497,initializeHiveMind
FNF:20
FNH:0
FNDA:0,(anonymous_0)
FNDA:0,(anonymous_1)
FNDA:0,(anonymous_2)
FNDA:0,(anonymous_3)
FNDA:0,(anonymous_4)
FNDA:0,(anonymous_5)
FNDA:0,(anonymous_6)
FNDA:0,(anonymous_7)
FNDA:0,(anonymous_8)
FNDA:0,(anonymous_9)
FNDA:0,(anonymous_10)
FNDA:0,(anonymous_11)
FNDA:0,(anonymous_12)
FNDA:0,(anonymous_13)
FNDA:0,(anonymous_14)
FNDA:0,(anonymous_15)
FNDA:0,(anonymous_16)
FNDA:0,(anonymous_17)
FNDA:0,getHiveMindPrimary
FNDA:0,initializeHiveMind
DA:19,0
DA:21,0
DA:41,0
DA:42,0
DA:43,0
DA:44,0
DA:47,0
DA:48,0
DA:51,0
DA:60,0
DA:62,0
DA:63,0
DA:65,0
DA:67,0
DA:70,0
DA:73,0
DA:74,0
DA:78,0
DA:79,0
DA:82,0
DA:83,0
DA:85,0
DA:86,0
DA:87,0
DA:88,0
DA:89,0
DA:91,0
DA:99,0
DA:100,0
DA:105,0
DA:108,0
DA:135,0
DA:137,0
DA:141,0
DA:142,0
DA:143,0
DA:146,0
DA:149,0
DA:158,0
DA:162,0
DA:165,0
DA:173,0
DA:174,0
DA:176,0
DA:178,0
DA:182,0
DA:187,0
DA:194,0
DA:195,0
DA:197,0
DA:199,0
DA:201,0
DA:205,0
DA:210,0
DA:211,0
DA:212,0
DA:213,0
DA:216,0
DA:217,0
DA:220,0
DA:233,0
DA:235,0
DA:237,0
DA:241,0
DA:243,0
DA:244,0
DA:245,0
DA:248,0
DA:249,0
DA:250,0
DA:253,0
DA:254,0
DA:255,0
DA:258,0
DA:259,0
DA:260,0
DA:261,0
DA:264,0
DA:267,0
DA:270,0
DA:271,0
DA:274,0
DA:286,0
DA:287,0
DA:293,0
DA:295,0
DA:297,0
DA:299,0
DA:301,0
DA:303,0
DA:305,0
DA:307,0
DA:312,0
DA:313,0
DA:317,0
DA:319,0
DA:321,0
DA:329,0
DA:337,0
DA:338,0
DA:344,0
DA:347,0
DA:353,0
DA:354,0
DA:361,0
DA:362,0
DA:364,0
DA:368,0
DA:373,0
DA:375,0
DA:376,0
DA:377,0
DA:380,0
DA:381,0
DA:384,0
DA:389,0
DA:391,0
DA:394,0
DA:399,0
DA:400,0
DA:408,0
DA:411,0
DA:414,0
DA:423,0
DA:424,0
DA:429,0
DA:453,0
DA:456,0
DA:457,0
DA:460,0
DA:461,0
DA:462,0
DA:463,0
DA:464,0
DA:469,0
DA:470,0
DA:471,0
DA:472,0
DA:475,0
DA:479,0
DA:480,0
DA:482,0
DA:487,0
DA:490,0
DA:491,0
DA:492,0
DA:494,0
DA:498,0
DA:499,0
DA:500,0
DA:502,0
DA:504,0
DA:505,0
DA:506,0
DA:507,0
DA:508,0
DA:509,0
DA:510,0
DA:512,0
LF:159
LH:0
BRDA:18,0,0,0
BRDA:28,1,0,0
BRDA:28,1,1,0
BRDA:31,2,0,0
BRDA:31,2,1,0
BRDA:32,3,0,0
BRDA:32,3,1,0
BRDA:60,4,0,0
BRDA:60,4,1,0
BRDA:73,5,0,0
BRDA:73,5,1,0
BRDA:78,6,0,0
BRDA:78,6,1,0
BRDA:141,7,0,0
BRDA:141,7,1,0
BRDA:155,8,0,0
BRDA:155,8,1,0
BRDA:241,9,0,0
BRDA:241,9,1,0
BRDA:241,9,2,0
BRDA:241,9,3,0
BRDA:241,9,4,0
BRDA:270,10,0,0
BRDA:270,10,1,0
BRDA:295,11,0,0
BRDA:295,11,1,0
BRDA:295,11,2,0
BRDA:295,11,3,0
BRDA:295,11,4,0
BRDA:295,11,5,0
BRDA:297,12,0,0
BRDA:297,12,1,0
BRDA:299,13,0,0
BRDA:299,13,1,0
BRDA:301,14,0,0
BRDA:301,14,1,0
BRDA:303,15,0,0
BRDA:303,15,1,0
BRDA:305,16,0,0
BRDA:305,16,1,0
BRDA:312,17,0,0
BRDA:312,17,1,0
BRDA:319,18,0,0
BRDA:319,18,1,0
BRDA:319,18,2,0
BRDA:319,18,3,0
BRDA:319,18,4,0
BRDA:322,19,0,0
BRDA:322,19,1,0
BRDA:324,20,0,0
BRDA:324,20,1,0
BRDA:330,21,0,0
BRDA:330,21,1,0
BRDA:331,22,0,0
BRDA:331,22,1,0
BRDA:337,23,0,0
BRDA:337,23,1,0
BRDA:349,24,0,0
BRDA:349,24,1,0
BRDA:356,25,0,0
BRDA:356,25,1,0
BRDA:361,26,0,0
BRDA:361,26,1,0
BRDA:376,27,0,0
BRDA:376,27,1,0
BRDA:380,28,0,0
BRDA:380,28,1,0
BRDA:391,29,0,0
BRDA:391,29,1,0
BRDA:399,30,0,0
BRDA:399,30,1,0
BRDA:399,31,0,0
BRDA:399,31,1,0
BRDA:423,32,0,0
BRDA:423,32,1,0
BRDA:445,33,0,0
BRDA:445,33,1,0
BRDA:456,34,0,0
BRDA:456,34,1,0
BRDA:460,35,0,0
BRDA:460,35,1,0
BRDA:461,36,0,0
BRDA:461,36,1,0
BRDA:463,37,0,0
BRDA:463,37,1,0
BRDA:471,38,0,0
BRDA:471,38,1,0
BRDA:489,39,0,0
BRDA:490,40,0,0
BRDA:490,40,1,0
BRDA:497,41,0,0
BRF:91
BRH:0
end_of_record
TN:
SF:src/index.js
FN:10,(anonymous_0)
FN:14,(anonymous_1)
FNF:2
FNH:0
FNDA:0,(anonymous_0)
FNDA:0,(anonymous_1)
DA:4,0
DA:5,0
DA:7,0
DA:8,0
DA:10,0
DA:11,0
DA:14,0
DA:15,0
LF:8
LH:0
BRDA:5,0,0,0
BRDA:5,0,1,0
BRF:2
BRH:0
end_of_record
TN:
SF:src/ai/agui-adapter.js
FN:31,(anonymous_0)
FN:53,(anonymous_1)
FN:74,(anonymous_2)
FN:97,(anonymous_3)
FN:118,(anonymous_4)
FN:145,(anonymous_5)
FN:168,(anonymous_6)
FN:188,(anonymous_7)
FN:207,(anonymous_8)
FN:220,(anonymous_9)
FN:238,(anonymous_10)
FN:253,(anonymous_11)
FN:267,(anonymous_12)
FN:279,(anonymous_13)
FN:292,(anonymous_14)
FN:304,(anonymous_15)
FN:316,(anonymous_16)
FN:331,(anonymous_17)
FN:354,(anonymous_18)
FN:363,createAGUIAdapter
FN:370,createMessageFlow
FN:380,createToolCallFlow
FNF:22
FNH:0
FNDA:0,(anonymous_0)
FNDA:0,(anonymous_1)
FNDA:0,(anonymous_2)
FNDA:0,(anonymous_3)
FNDA:0,(anonymous_4)
FNDA:0,(anonymous_5)
FNDA:0,(anonymous_6)
FNDA:0,(anonymous_7)
FNDA:0,(anonymous_8)
FNDA:0,(anonymous_9)
FNDA:0,(anonymous_10)
FNDA:0,(anonymous_11)
FNDA:0,(anonymous_12)
FNDA:0,(anonymous_13)
FNDA:0,(anonymous_14)
FNDA:0,(anonymous_15)
FNDA:0,(anonymous_16)
FNDA:0,(anonymous_17)
FNDA:0,(anonymous_18)
FNDA:0,createAGUIAdapter
FNDA:0,createMessageFlow
FNDA:0,createToolCallFlow
DA:32,0
DA:33,0
DA:34,0
DA:35,0
DA:36,0
DA:37,0
DA:40,0
DA:41,0
DA:43,0
DA:54,0
DA:55,0
DA:57,0
DA:64,0
DA:65,0
DA:67,0
DA:68,0
DA:75,0
DA:76,0
DA:77,0
DA:80,0
DA:87,0
DA:88,0
DA:91,0
DA:98,0
DA:99,0
DA:101,0
DA:107,0
DA:108,0
DA:109,0
DA:112,0
DA:119,0
DA:120,0
DA:122,0
DA:130,0
DA:136,0
DA:138,0
DA:139,0
DA:146,0
DA:147,0
DA:148,0
DA:151,0
DA:158,0
DA:159,0
DA:162,0
DA:169,0
DA:170,0
DA:172,0
DA:178,0
DA:179,0
DA:182,0
DA:189,0
DA:191,0
DA:200,0
DA:201,0
DA:208,0
DA:214,0
DA:221,0
DA:222,0
DA:224,0
DA:231,0
DA:232,0
DA:239,0
DA:247,0
DA:254,0
DA:261,0
DA:268,0
DA:280,0
DA:293,0
DA:305,0
DA:317,0
DA:318,0
DA:319,0
DA:320,0
DA:321,0
DA:332,0
DA:334,0
DA:337,0
DA:338,0
DA:341,0
DA:342,0
DA:345,0
DA:347,0
DA:355,0
DA:356,0
DA:364,0
DA:371,0
DA:372,0
DA:373,0
DA:374,0
DA:381,0
DA:382,0
DA:383,0
DA:384,0
DA:385,0
LF:94
LH:0
BRDA:31,0,0,0
BRDA:33,1,0,0
BRDA:33,1,1,0
BRDA:34,2,0,0
BRDA:34,2,1,0
BRDA:35,3,0,0
BRDA:35,3,1,0
BRDA:53,4,0,0
BRDA:53,5,0,0
BRDA:54,6,0,0
BRDA:54,6,1,0
BRDA:74,7,0,0
BRDA:75,8,0,0
BRDA:75,8,1,0
BRDA:76,9,0,0
BRDA:76,9,1,0
BRDA:87,10,0,0
BRDA:87,10,1,0
BRDA:97,11,0,0
BRDA:98,12,0,0
BRDA:98,12,1,0
BRDA:99,13,0,0
BRDA:99,13,1,0
BRDA:108,14,0,0
BRDA:108,14,1,0
BRDA:118,15,0,0
BRDA:118,16,0,0
BRDA:119,17,0,0
BRDA:119,17,1,0
BRDA:145,18,0,0
BRDA:146,19,0,0
BRDA:146,19,1,0
BRDA:147,20,0,0
BRDA:147,20,1,0
BRDA:158,21,0,0
BRDA:158,21,1,0
BRDA:168,22,0,0
BRDA:169,23,0,0
BRDA:169,23,1,0
BRDA:170,24,0,0
BRDA:170,24,1,0
BRDA:178,25,0,0
BRDA:178,25,1,0
BRDA:188,26,0,0
BRDA:189,27,0,0
BRDA:189,27,1,0
BRDA:195,28,0,0
BRDA:195,28,1,0
BRDA:220,29,0,0
BRDA:220,30,0,0
BRDA:221,31,0,0
BRDA:221,31,1,0
BRDA:222,32,0,0
BRDA:222,32,1,0
BRDA:238,33,0,0
BRDA:238,34,0,0
BRDA:238,35,0,0
BRDA:241,36,0,0
BRDA:241,36,1,0
BRDA:242,37,0,0
BRDA:242,37,1,0
BRDA:341,38,0,0
BRDA:341,38,1,0
BRDA:363,39,0,0
BRDA:370,40,0,0
BRDA:380,41,0,0
BRF:66
BRH:0
end_of_record
TN:
SF:src/ai/multi-model-enhancer.js
FN:9,(anonymous_0)
FN:19,(anonymous_1)
FNF:2
FNH:0
FNDA:0,(anonymous_0)
FNDA:0,(anonymous_1)
DA:10,0
DA:12,0
DA:20,0
DA:22,0
LF:4
LH:0
BRF:0
BRH:0
end_of_record
TN:
SF:src/api/agui-websocket-middleware.js
FN:18,(anonymous_0)
FN:48,(anonymous_1)
FN:49,(anonymous_2)
FN:55,(anonymous_3)
FN:63,(anonymous_4)
FN:78,(anonymous_5)
FN:102,(anonymous_6)
FN:105,(anonymous_7)
FN:141,(anonymous_8)
FN:181,(anonymous_9)
FN:200,(anonymous_10)
FN:213,(anonymous_11)
FN:231,(anonymous_12)
FN:238,(anonymous_13)
FN:245,(anonymous_14)
FN:263,(anonymous_15)
FN:270,(anonymous_16)
FN:272,(anonymous_17)
FN:280,(anonymous_18)
FN:284,(anonymous_19)
FN:288,(anonymous_20)
FN:292,(anonymous_21)
FN:299,(anonymous_22)
FN:310,(anonymous_23)
FN:324,createAGUIWebSocketMiddleware
FN:331,integrateAGUIWithWebSocket
FN:335,(anonymous_26)
FN:337,(anonymous_27)
FN:342,(anonymous_28)
FNF:29
FNH:0
FNDA:0,(anonymous_0)
FNDA:0,(anonymous_1)
FNDA:0,(anonymous_2)
FNDA:0,(anonymous_3)
FNDA:0,(anonymous_4)
FNDA:0,(anonymous_5)
FNDA:0,(anonymous_6)
FNDA:0,(anonymous_7)
FNDA:0,(anonymous_8)
FNDA:0,(anonymous_9)
FNDA:0,(anonymous_10)
FNDA:0,(anonymous_11)
FNDA:0,(anonymous_12)
FNDA:0,(anonymous_13)
FNDA:0,(anonymous_14)
FNDA:0,(anonymous_15)
FNDA:0,(anonymous_16)
FNDA:0,(anonymous_17)
FNDA:0,(anonymous_18)
FNDA:0,(anonymous_19)
FNDA:0,(anonymous_20)
FNDA:0,(anonymous_21)
FNDA:0,(anonymous_22)
FNDA:0,(anonymous_23)
FNDA:0,createAGUIWebSocketMiddleware
FNDA:0,integrateAGUIWithWebSocket
FNDA:0,(anonymous_26)
FNDA:0,(anonymous_27)
FNDA:0,(anonymous_28)
DA:19,0
DA:20,0
DA:28,0
DA:31,0
DA:36,0
DA:42,0
DA:49,0
DA:50,0
DA:51,0
DA:55,0
DA:56,0
DA:64,0
DA:67,0
DA:74,0
DA:75,0
DA:78,0
DA:79,0
DA:83,0
DA:86,0
DA:88,0
DA:91,0
DA:96,0
DA:103,0
DA:105,0
DA:106,0
DA:107,0
DA:110,0
DA:111,0
DA:112,0
DA:116,0
DA:118,0
DA:119,0
DA:120,0
DA:124,0
DA:125,0
DA:129,0
DA:130,0
DA:142,0
DA:144,0
DA:146,0
DA:147,0
DA:150,0
DA:151,0
DA:154,0
DA:155,0
DA:158,0
DA:163,0
DA:166,0
DA:167,0
DA:171,0
DA:174,0
DA:182,0
DA:183,0
DA:184,0
DA:190,0
DA:192,0
DA:201,0
DA:203,0
DA:209,0
DA:210,0
DA:213,0
DA:214,0
DA:215,0
DA:216,0
DA:217,0
DA:219,0
DA:224,0
DA:225,0
DA:232,0
DA:239,0
DA:246,0
DA:247,0
DA:249,0
DA:255,0
DA:256,0
DA:264,0
DA:265,0
DA:266,0
DA:267,0
DA:271,0
DA:273,0
DA:274,0
DA:275,0
DA:276,0
DA:281,0
DA:285,0
DA:289,0
DA:293,0
DA:300,0
DA:311,0
DA:313,0
DA:314,0
DA:317,0
DA:325,0
DA:332,0
DA:335,0
DA:337,0
DA:339,0
DA:342,0
DA:343,0
DA:347,0
DA:351,0
DA:353,0
LF:103
LH:0
BRDA:18,0,0,0
BRDA:63,1,0,0
BRDA:64,2,0,0
BRDA:64,2,1,0
BRDA:110,3,0,0
BRDA:110,3,1,0
BRDA:116,4,0,0
BRDA:116,4,1,0
BRDA:116,5,0,0
BRDA:116,5,1,0
BRDA:124,6,0,0
BRDA:124,6,1,0
BRDA:144,7,0,0
BRDA:144,7,1,0
BRDA:144,7,2,0
BRDA:144,7,3,0
BRDA:144,7,4,0
BRDA:144,7,5,0
BRDA:182,8,0,0
BRDA:182,8,1,0
BRDA:201,9,0,0
BRDA:201,9,1,0
BRDA:214,10,0,0
BRDA:214,10,1,0
BRDA:247,11,0,0
BRDA:247,11,1,0
BRDA:263,12,0,0
BRDA:311,13,0,0
BRDA:311,13,1,0
BRDA:314,14,0,0
BRDA:314,14,1,0
BRDA:324,15,0,0
BRDA:331,16,0,0
BRDA:335,17,0,0
BRDA:335,17,1,0
BRF:35
BRH:0
end_of_record
TN:
SF:src/api/auto-generated-api.js
FN:35,(anonymous_0)
FN:71,(anonymous_1)
FN:90,(anonymous_2)
FN:91,(anonymous_3)
FN:126,(anonymous_4)
FN:129,(anonymous_5)
FN:136,(anonymous_6)
FN:147,(anonymous_7)
FN:165,(anonymous_8)
FN:175,(anonymous_9)
FN:193,(anonymous_10)
FN:195,(anonymous_11)
FN:224,(anonymous_12)
FN:230,(anonymous_13)
FN:249,(anonymous_14)
FN:279,(anonymous_15)
FN:315,(anonymous_16)
FN:326,(anonymous_17)
FN:327,(anonymous_18)
FN:329,(anonymous_19)
FN:381,(anonymous_20)
FN:408,(anonymous_21)
FN:412,(anonymous_22)
FN:429,(anonymous_23)
FN:433,(anonymous_24)
FN:439,(anonymous_25)
FN:452,(anonymous_26)
FN:475,(anonymous_27)
FN:507,(anonymous_28)
FN:526,(anonymous_29)
FN:557,(anonymous_30)
FN:574,(anonymous_31)
FN:578,(anonymous_32)
FN:579,(anonymous_33)
FN:604,(anonymous_34)
FN:615,(anonymous_35)
FN:629,(anonymous_36)
FN:655,(anonymous_37)
FN:658,(anonymous_38)
FN:672,(anonymous_39)
FN:730,(anonymous_40)
FN:780,(anonymous_41)
FN:782,(anonymous_42)
FN:792,(anonymous_43)
FN:803,(anonymous_44)
FN:817,(anonymous_45)
FN:834,generateAPIEndpoints
FN:836,(anonymous_47)
FN:837,(anonymous_48)
FNF:49
FNH:0
FNDA:0,(anonymous_0)
FNDA:0,(anonymous_1)
FNDA:0,(anonymous_2)
FNDA:0,(anonymous_3)
FNDA:0,(anonymous_4)
FNDA:0,(anonymous_5)
FNDA:0,(anonymous_6)
FNDA:0,(anonymous_7)
FNDA:0,(anonymous_8)
FNDA:0,(anonymous_9)
FNDA:0,(anonymous_10)
FNDA:0,(anonymous_11)
FNDA:0,(anonymous_12)
FNDA:0,(anonymous_13)
FNDA:0,(anonymous_14)
FNDA:0,(anonymous_15)
FNDA:0,(anonymous_16)
FNDA:0,(anonymous_17)
FNDA:0,(anonymous_18)
FNDA:0,(anonymous_19)
FNDA:0,(anonymous_20)
FNDA:0,(anonymous_21)
FNDA:0,(anonymous_22)
FNDA:0,(anonymous_23)
FNDA:0,(anonymous_24)
FNDA:0,(anonymous_25)
FNDA:0,(anonymous_26)
FNDA:0,(anonymous_27)
FNDA:0,(anonymous_28)
FNDA:0,(anonymous_29)
FNDA:0,(anonymous_30)
FNDA:0,(anonymous_31)
FNDA:0,(anonymous_32)
FNDA:0,(anonymous_33)
FNDA:0,(anonymous_34)
FNDA:0,(anonymous_35)
FNDA:0,(anonymous_36)
FNDA:0,(anonymous_37)
FNDA:0,(anonymous_38)
FNDA:0,(anonymous_39)
FNDA:0,(anonymous_40)
FNDA:0,(anonymous_41)
FNDA:0,(anonymous_42)
FNDA:0,(anonymous_43)
FNDA:0,(anonymous_44)
FNDA:0,(anonymous_45)
FNDA:0,generateAPIEndpoints
FNDA:0,(anonymous_47)
FNDA:0,(anonymous_48)
DA:36,0
DA:38,0
DA:47,0
DA:48,0
DA:49,0
DA:50,0
DA:53,0
DA:54,0
DA:55,0
DA:57,0
DA:65,0
DA:72,0
DA:73,0
DA:77,0
DA:80,0
DA:83,0
DA:84,0
DA:88,0
DA:90,0
DA:91,0
DA:92,0
DA:93,0
DA:94,0
DA:97,0
DA:98,0
DA:100,0
DA:109,0
DA:110,0
DA:111,0
DA:112,0
DA:113,0
DA:115,0
DA:116,0
DA:119,0
DA:127,0
DA:129,0
DA:131,0
DA:132,0
DA:136,0
DA:137,0
DA:138,0
DA:139,0
DA:149,0
DA:155,0
DA:161,0
DA:162,0
DA:165,0
DA:166,0
DA:167,0
DA:168,0
DA:176,0
DA:179,0
DA:182,0
DA:185,0
DA:187,0
DA:195,0
DA:196,0
DA:224,0
DA:225,0
DA:226,0
DA:228,0
DA:230,0
DA:244,0
DA:249,0
DA:250,0
DA:251,0
DA:253,0
DA:254,0
DA:260,0
DA:261,0
DA:263,0
DA:274,0
DA:279,0
DA:280,0
DA:281,0
DA:283,0
DA:284,0
DA:290,0
DA:291,0
DA:293,0
DA:294,0
DA:295,0
DA:300,0
DA:302,0
DA:310,0
DA:315,0
DA:318,0
DA:327,0
DA:329,0
DA:330,0
DA:331,0
DA:333,0
DA:334,0
DA:337,0
DA:346,0
DA:349,0
DA:350,0
DA:351,0
DA:352,0
DA:353,0
DA:354,0
DA:357,0
DA:368,0
DA:369,0
DA:370,0
DA:371,0
DA:372,0
DA:373,0
DA:376,0
DA:381,0
DA:382,0
DA:383,0
DA:385,0
DA:399,0
DA:409,0
DA:412,0
DA:413,0
DA:417,0
DA:430,0
DA:431,0
DA:433,0
DA:434,0
DA:435,0
DA:437,0
DA:439,0
DA:440,0
DA:441,0
DA:442,0
DA:444,0
DA:452,0
DA:453,0
DA:454,0
DA:458,0
DA:476,0
DA:478,0
DA:480,0
DA:481,0
DA:484,0
DA:485,0
DA:488,0
DA:489,0
DA:492,0
DA:493,0
DA:496,0
DA:508,0
DA:510,0
DA:512,0
DA:522,0
DA:527,0
DA:537,0
DA:545,0
DA:558,0
DA:564,0
DA:575,0
DA:576,0
DA:577,0
DA:578,0
DA:579,0
DA:586,0
DA:593,0
DA:605,0
DA:606,0
DA:609,0
DA:617,0
DA:623,0
DA:630,0
DA:637,0
DA:638,0
DA:639,0
DA:640,0
DA:643,0
DA:644,0
DA:645,0
DA:649,0
DA:656,0
DA:658,0
DA:659,0
DA:660,0
DA:661,0
DA:663,0
DA:666,0
DA:673,0
DA:730,0
DA:731,0
DA:774,0
DA:782,0
DA:783,0
DA:792,0
DA:793,0
DA:794,0
DA:796,0
DA:804,0
DA:806,0
DA:818,0
DA:836,0
DA:837,0
LF:196
LH:0
BRDA:35,0,0,0
BRDA:39,1,0,0
BRDA:39,1,1,0
BRDA:40,2,0,0
BRDA:40,2,1,0
BRDA:72,3,0,0
BRDA:72,3,1,0
BRDA:83,4,0,0
BRDA:83,4,1,0
BRDA:92,5,0,0
BRDA:92,5,1,0
BRDA:105,6,0,0
BRDA:105,6,1,0
BRDA:106,7,0,0
BRDA:106,7,1,0
BRDA:112,8,0,0
BRDA:112,8,1,0
BRDA:113,9,0,0
BRDA:113,9,1,0
BRDA:127,10,0,0
BRDA:127,10,1,0
BRDA:131,11,0,0
BRDA:131,11,1,0
BRDA:234,12,0,0
BRDA:234,12,1,0
BRDA:235,13,0,0
BRDA:235,13,1,0
BRDA:236,14,0,0
BRDA:236,14,1,0
BRDA:251,15,0,0
BRDA:251,16,0,0
BRDA:253,17,0,0
BRDA:253,17,1,0
BRDA:261,18,0,0
BRDA:261,18,1,0
BRDA:266,19,0,0
BRDA:266,19,1,0
BRDA:283,20,0,0
BRDA:283,20,1,0
BRDA:297,21,0,0
BRDA:297,21,1,0
BRDA:298,22,0,0
BRDA:298,22,1,0
BRDA:333,23,0,0
BRDA:333,24,0,0
BRDA:350,25,0,0
BRDA:350,25,1,0
BRDA:369,26,0,0
BRDA:369,26,1,0
BRDA:391,27,0,0
BRDA:391,27,1,0
BRDA:392,28,0,0
BRDA:392,28,1,0
BRDA:393,29,0,0
BRDA:393,29,1,0
BRDA:394,30,0,0
BRDA:394,30,1,0
BRDA:395,31,0,0
BRDA:395,31,1,0
BRDA:478,32,0,0
BRDA:478,32,1,0
BRDA:478,32,2,0
BRDA:478,32,3,0
BRDA:478,32,4,0
BRDA:507,33,0,0
BRDA:507,34,0,0
BRDA:557,35,0,0
BRDA:574,36,0,0
BRDA:605,37,0,0
BRDA:605,37,1,0
BRDA:637,38,0,0
BRDA:637,38,1,0
BRDA:638,39,0,0
BRDA:638,39,1,0
BRDA:638,40,0,0
BRDA:638,40,1,0
BRDA:643,41,0,0
BRDA:643,41,1,0
BRDA:643,42,0,0
BRDA:643,42,1,0
BRDA:659,43,0,0
BRDA:659,43,1,0
BRDA:660,44,0,0
BRDA:660,44,1,0
BRDA:735,45,0,0
BRDA:735,45,1,0
BRDA:804,46,0,0
BRDA:804,46,1,0
BRF:88
BRH:0
end_of_record
TN:
SF:src/api/claude-zen-schema.js
FN:564,generateWorkflowRoutes
FN:567,(anonymous_1)
FN:574,(anonymous_2)
FN:586,(anonymous_3)
FN:673,generateOpenAPISpec
FN:676,(anonymous_5)
FN:720,generateParameters
FN:723,(anonymous_7)
FNF:8
FNH:0
FNDA:0,generateWorkflowRoutes
FNDA:0,(anonymous_1)
FNDA:0,(anonymous_2)
FNDA:0,(anonymous_3)
FNDA:0,generateOpenAPISpec
FNDA:0,(anonymous_5)
FNDA:0,generateParameters
FNDA:0,(anonymous_7)
DA:7,0
DA:565,0
DA:567,0
DA:568,0
DA:570,0
DA:571,0
DA:574,0
DA:575,0
DA:576,0
DA:579,0
DA:581,0
DA:584,0
DA:585,0
DA:586,0
DA:589,0
DA:599,0
DA:601,0
DA:602,0
DA:629,0
DA:631,0
DA:632,0
DA:639,0
DA:644,0
DA:653,0
DA:663,0
DA:664,0
DA:667,0
DA:674,0
DA:676,0
DA:677,0
DA:679,0
DA:681,0
DA:683,0
DA:709,0
DA:721,0
DA:723,0
LF:36
LH:0
BRDA:568,0,0,0
BRDA:568,0,1,0
BRDA:568,1,0,0
BRDA:568,1,1,0
BRDA:579,2,0,0
BRDA:579,2,1,0
BRDA:585,3,0,0
BRDA:585,3,1,0
BRDA:593,4,0,0
BRDA:593,4,1,0
BRDA:599,5,0,0
BRDA:599,5,1,0
BRDA:601,6,0,0
BRDA:601,6,1,0
BRDA:631,7,0,0
BRDA:631,7,1,0
BRDA:637,8,0,0
BRDA:637,8,1,0
BRDA:677,9,0,0
BRDA:677,9,1,0
BRDA:677,10,0,0
BRDA:677,10,1,0
BRDA:681,11,0,0
BRDA:681,11,1,0
BRDA:685,12,0,0
BRDA:685,12,1,0
BRDA:686,13,0,0
BRDA:686,13,1,0
BRDA:712,14,0,0
BRDA:712,14,1,0
BRDA:713,15,0,0
BRDA:713,15,1,0
BRDA:714,16,0,0
BRDA:714,16,1,0
BRDA:721,17,0,0
BRDA:721,17,1,0
BRDA:727,18,0,0
BRDA:727,18,1,0
BRF:38
BRH:0
end_of_record
TN:
SF:src/api/claude-zen-server.js
FN:63,(anonymous_0)
FN:109,(anonymous_1)
FN:111,(anonymous_2)
FN:124,(anonymous_3)
FN:271,(anonymous_4)
FN:272,(anonymous_5)
FN:273,(anonymous_6)
FN:274,(anonymous_7)
FN:280,(anonymous_8)
FN:306,(anonymous_9)
FN:317,(anonymous_10)
FN:328,(anonymous_11)
FN:341,(anonymous_12)
FN:352,(anonymous_13)
FN:369,(anonymous_14)
FN:377,(anonymous_15)
FN:379,(anonymous_16)
FN:384,(anonymous_17)
FN:390,(anonymous_18)
FN:406,(anonymous_19)
FN:411,(anonymous_20)
FN:412,(anonymous_21)
FN:433,(anonymous_22)
FN:446,(anonymous_23)
FN:451,(anonymous_24)
FN:452,(anonymous_25)
FN:463,(anonymous_26)
FN:468,(anonymous_27)
FN:486,(anonymous_28)
FN:531,(anonymous_29)
FN:546,(anonymous_30)
FN:552,(anonymous_31)
FN:562,(anonymous_32)
FN:566,(anonymous_33)
FN:577,(anonymous_34)
FNF:35
FNH:0
FNDA:0,(anonymous_0)
FNDA:0,(anonymous_1)
FNDA:0,(anonymous_2)
FNDA:0,(anonymous_3)
FNDA:0,(anonymous_4)
FNDA:0,(anonymous_5)
FNDA:0,(anonymous_6)
FNDA:0,(anonymous_7)
FNDA:0,(anonymous_8)
FNDA:0,(anonymous_9)
FNDA:0,(anonymous_10)
FNDA:0,(anonymous_11)
FNDA:0,(anonymous_12)
FNDA:0,(anonymous_13)
FNDA:0,(anonymous_14)
FNDA:0,(anonymous_15)
FNDA:0,(anonymous_16)
FNDA:0,(anonymous_17)
FNDA:0,(anonymous_18)
FNDA:0,(anonymous_19)
FNDA:0,(anonymous_20)
FNDA:0,(anonymous_21)
FNDA:0,(anonymous_22)
FNDA:0,(anonymous_23)
FNDA:0,(anonymous_24)
FNDA:0,(anonymous_25)
FNDA:0,(anonymous_26)
FNDA:0,(anonymous_27)
FNDA:0,(anonymous_28)
FNDA:0,(anonymous_29)
FNDA:0,(anonymous_30)
FNDA:0,(anonymous_31)
FNDA:0,(anonymous_32)
FNDA:0,(anonymous_33)
FNDA:0,(anonymous_34)
DA:64,0
DA:65,0
DA:66,0
DA:67,0
DA:68,0
DA:69,0
DA:70,0
DA:73,0
DA:74,0
DA:77,0
DA:79,0
DA:85,0
DA:86,0
DA:87,0
DA:88,0
DA:111,0
DA:112,0
DA:113,0
DA:118,0
DA:126,0
DA:160,0
DA:175,0
DA:207,0
DA:271,0
DA:272,0
DA:273,0
DA:274,0
DA:282,0
DA:288,0
DA:294,0
DA:299,0
DA:302,0
DA:303,0
DA:306,0
DA:307,0
DA:308,0
DA:309,0
DA:310,0
DA:319,0
DA:322,0
DA:328,0
DA:329,0
DA:338,0
DA:341,0
DA:342,0
DA:352,0
DA:353,0
DA:368,0
DA:369,0
DA:370,0
DA:379,0
DA:380,0
DA:384,0
DA:390,0
DA:391,0
DA:392,0
DA:394,0
DA:407,0
DA:408,0
DA:411,0
DA:412,0
DA:413,0
DA:414,0
DA:415,0
DA:418,0
DA:421,0
DA:423,0
DA:424,0
DA:425,0
DA:426,0
DA:427,0
DA:429,0
DA:430,0
DA:433,0
DA:434,0
DA:435,0
DA:437,0
DA:447,0
DA:448,0
DA:451,0
DA:452,0
DA:453,0
DA:454,0
DA:455,0
DA:465,0
DA:468,0
DA:469,0
DA:470,0
DA:478,0
DA:486,0
DA:487,0
DA:488,0
DA:491,0
DA:492,0
DA:494,0
DA:495,0
DA:497,0
DA:498,0
DA:499,0
DA:500,0
DA:503,0
DA:504,0
DA:505,0
DA:506,0
DA:507,0
DA:510,0
DA:511,0
DA:514,0
DA:515,0
DA:518,0
DA:521,0
DA:523,0
DA:532,0
DA:534,0
DA:540,0
DA:546,0
DA:547,0
DA:550,0
DA:551,0
DA:552,0
DA:553,0
DA:562,0
DA:563,0
DA:566,0
DA:567,0
DA:571,0
DA:578,0
DA:591,0
LF:128
LH:0
BRDA:63,0,0,0
BRDA:65,1,0,0
BRDA:65,1,1,0
BRDA:65,1,2,0
BRDA:66,2,0,0
BRDA:66,2,1,0
BRDA:66,2,2,0
BRDA:112,3,0,0
BRDA:112,3,1,0
BRDA:289,4,0,0
BRDA:289,4,1,0
BRDA:295,5,0,0
BRDA:295,5,1,0
BRDA:296,6,0,0
BRDA:296,6,1,0
BRDA:345,7,0,0
BRDA:345,7,1,0
BRDA:354,8,0,0
BRDA:354,8,1,0
BRDA:355,9,0,0
BRDA:355,9,1,0
BRDA:407,10,0,0
BRDA:407,10,1,0
BRDA:413,11,0,0
BRDA:413,11,1,0
BRDA:434,12,0,0
BRDA:434,12,1,0
BRDA:447,13,0,0
BRDA:447,13,1,0
BRDA:469,14,0,0
BRDA:469,14,1,0
BRDA:487,15,0,0
BRDA:487,15,1,0
BRDA:495,16,0,0
BRDA:495,16,1,0
BRDA:495,16,2,0
BRDA:495,16,3,0
BRDA:495,16,4,0
BRDA:498,17,0,0
BRDA:498,17,1,0
BRDA:503,18,0,0
BRDA:503,18,1,0
BRDA:504,19,0,0
BRDA:504,19,1,0
BRDA:506,20,0,0
BRDA:506,20,1,0
BRDA:510,21,0,0
BRDA:510,21,1,0
BRDA:510,22,0,0
BRDA:510,22,1,0
BRDA:510,23,0,0
BRDA:510,23,1,0
BRDA:514,24,0,0
BRDA:514,24,1,0
BRDA:514,25,0,0
BRDA:514,25,1,0
BRDA:532,26,0,0
BRDA:532,26,1,0
BRDA:551,27,0,0
BRDA:551,27,1,0
BRF:60
BRH:0
end_of_record
TN:
SF:src/api/websocket-client.js
FN:21,(anonymous_0)
FN:62,(anonymous_1)
FN:67,(anonymous_2)
FN:76,(anonymous_3)
FN:81,(anonymous_4)
FN:85,(anonymous_5)
FN:89,(anonymous_6)
FN:97,(anonymous_7)
FN:104,(anonymous_8)
FN:117,(anonymous_9)
FN:141,(anonymous_10)
FN:175,(anonymous_11)
FN:182,(anonymous_12)
FN:192,(anonymous_13)
FN:217,(anonymous_14)
FN:244,(anonymous_15)
FN:274,(anonymous_16)
FN:288,(anonymous_17)
FN:306,(anonymous_18)
FN:307,(anonymous_19)
FN:316,(anonymous_20)
FN:319,(anonymous_21)
FN:329,(anonymous_22)
FN:335,(anonymous_23)
FN:345,(anonymous_24)
FN:346,(anonymous_25)
FN:350,(anonymous_26)
FN:354,(anonymous_27)
FN:358,(anonymous_28)
FN:366,(anonymous_29)
FN:385,(anonymous_30)
FN:399,(anonymous_31)
FN:410,(anonymous_32)
FN:424,(anonymous_33)
FN:444,(anonymous_34)
FN:452,(anonymous_35)
FN:453,(anonymous_36)
FN:454,(anonymous_37)
FN:455,(anonymous_38)
FN:470,(anonymous_39)
FN:483,(anonymous_40)
FN:491,(anonymous_41)
FN:493,(anonymous_42)
FN:512,(anonymous_43)
FN:531,(anonymous_44)
FN:534,(anonymous_45)
FN:547,(anonymous_46)
FN:550,(anonymous_47)
FN:551,(anonymous_48)
FN:562,(anonymous_49)
FN:569,(anonymous_50)
FN:588,(anonymous_51)
FN:594,(anonymous_52)
FNF:53
FNH:0
FNDA:0,(anonymous_0)
FNDA:0,(anonymous_1)
FNDA:0,(anonymous_2)
FNDA:0,(anonymous_3)
FNDA:0,(anonymous_4)
FNDA:0,(anonymous_5)
FNDA:0,(anonymous_6)
FNDA:0,(anonymous_7)
FNDA:0,(anonymous_8)
FNDA:0,(anonymous_9)
FNDA:0,(anonymous_10)
FNDA:0,(anonymous_11)
FNDA:0,(anonymous_12)
FNDA:0,(anonymous_13)
FNDA:0,(anonymous_14)
FNDA:0,(anonymous_15)
FNDA:0,(anonymous_16)
FNDA:0,(anonymous_17)
FNDA:0,(anonymous_18)
FNDA:0,(anonymous_19)
FNDA:0,(anonymous_20)
FNDA:0,(anonymous_21)
FNDA:0,(anonymous_22)
FNDA:0,(anonymous_23)
FNDA:0,(anonymous_24)
FNDA:0,(anonymous_25)
FNDA:0,(anonymous_26)
FNDA:0,(anonymous_27)
FNDA:0,(anonymous_28)
FNDA:0,(anonymous_29)
FNDA:0,(anonymous_30)
FNDA:0,(anonymous_31)
FNDA:0,(anonymous_32)
FNDA:0,(anonymous_33)
FNDA:0,(anonymous_34)
FNDA:0,(anonymous_35)
FNDA:0,(anonymous_36)
FNDA:0,(anonymous_37)
FNDA:0,(anonymous_38)
FNDA:0,(anonymous_39)
FNDA:0,(anonymous_40)
FNDA:0,(anonymous_41)
FNDA:0,(anonymous_42)
FNDA:0,(anonymous_43)
FNDA:0,(anonymous_44)
FNDA:0,(anonymous_45)
FNDA:0,(anonymous_46)
FNDA:0,(anonymous_47)
FNDA:0,(anonymous_48)
FNDA:0,(anonymous_49)
FNDA:0,(anonymous_50)
FNDA:0,(anonymous_51)
FNDA:0,(anonymous_52)
DA:22,0
DA:24,0
DA:25,0
DA:36,0
DA:37,0
DA:38,0
DA:39,0
DA:40,0
DA:41,0
DA:42,0
DA:45,0
DA:56,0
DA:63,0
DA:64,0
DA:67,0
DA:68,0
DA:69,0
DA:73,0
DA:76,0
DA:77,0
DA:78,0
DA:81,0
DA:82,0
DA:85,0
DA:86,0
DA:89,0
DA:90,0
DA:91,0
DA:92,0
DA:97,0
DA:98,0
DA:99,0
DA:100,0
DA:104,0
DA:107,0
DA:108,0
DA:109,0
DA:118,0
DA:120,0
DA:121,0
DA:122,0
DA:125,0
DA:126,0
DA:127,0
DA:130,0
DA:131,0
DA:134,0
DA:135,0
DA:142,0
DA:144,0
DA:145,0
DA:146,0
DA:148,0
DA:149,0
DA:151,0
DA:153,0
DA:156,0
DA:157,0
DA:158,0
DA:160,0
DA:161,0
DA:163,0
DA:164,0
DA:166,0
DA:167,0
DA:168,0
DA:176,0
DA:183,0
DA:184,0
DA:185,0
DA:193,0
DA:194,0
DA:195,0
DA:196,0
DA:198,0
DA:199,0
DA:203,0
DA:206,0
DA:208,0
DA:218,0
DA:220,0
DA:221,0
DA:223,0
DA:226,0
DA:227,0
DA:228,0
DA:234,0
DA:245,0
DA:246,0
DA:248,0
DA:249,0
DA:250,0
DA:254,0
DA:255,0
DA:256,0
DA:259,0
DA:266,0
DA:267,0
DA:275,0
DA:276,0
DA:278,0
DA:289,0
DA:290,0
DA:293,0
DA:298,0
DA:300,0
DA:306,0
DA:307,0
DA:308,0
DA:317,0
DA:319,0
DA:320,0
DA:321,0
DA:330,0
DA:332,0
DA:333,0
DA:335,0
DA:336,0
DA:339,0
DA:346,0
DA:347,0
DA:350,0
DA:351,0
DA:354,0
DA:355,0
DA:358,0
DA:359,0
DA:367,0
DA:371,0
DA:386,0
DA:400,0
DA:401,0
DA:403,0
DA:411,0
DA:412,0
DA:414,0
DA:425,0
DA:427,0
DA:434,0
DA:435,0
DA:436,0
DA:438,0
DA:445,0
DA:446,0
DA:449,0
DA:452,0
DA:453,0
DA:454,0
DA:455,0
DA:457,0
DA:464,0
DA:471,0
DA:472,0
DA:473,0
DA:474,0
DA:475,0
DA:477,0
DA:484,0
DA:485,0
DA:492,0
DA:493,0
DA:495,0
DA:496,0
DA:501,0
DA:503,0
DA:504,0
DA:505,0
DA:508,0
DA:509,0
DA:512,0
DA:513,0
DA:515,0
DA:518,0
DA:522,0
DA:523,0
DA:525,0
DA:532,0
DA:534,0
DA:535,0
DA:536,0
DA:537,0
DA:541,0
DA:548,0
DA:550,0
DA:551,0
DA:552,0
DA:553,0
DA:563,0
DA:569,0
DA:570,0
DA:571,0
DA:577,0
DA:578,0
DA:582,0
DA:589,0
DA:590,0
DA:591,0
DA:594,0
DA:595,0
DA:598,0
LF:200
LH:0
BRDA:21,0,0,0
BRDA:63,1,0,0
BRDA:63,1,1,0
BRDA:63,2,0,0
BRDA:63,2,1,0
BRDA:91,3,0,0
BRDA:91,3,1,0
BRDA:98,4,0,0
BRDA:98,4,1,0
BRDA:102,5,0,0
BRDA:102,5,1,0
BRDA:120,6,0,0
BRDA:120,6,1,0
BRDA:125,7,0,0
BRDA:125,7,1,0
BRDA:130,8,0,0
BRDA:130,8,1,0
BRDA:130,9,0,0
BRDA:130,9,1,0
BRDA:142,10,0,0
BRDA:142,10,1,0
BRDA:144,11,0,0
BRDA:144,11,1,0
BRDA:145,12,0,0
BRDA:145,12,1,0
BRDA:157,13,0,0
BRDA:157,13,1,0
BRDA:182,14,0,0
BRDA:183,15,0,0
BRDA:183,15,1,0
BRDA:183,16,0,0
BRDA:183,16,1,0
BRDA:198,17,0,0
BRDA:198,17,1,0
BRDA:221,18,0,0
BRDA:221,18,1,0
BRDA:221,18,2,0
BRDA:226,19,0,0
BRDA:226,19,1,0
BRDA:237,20,0,0
BRDA:237,20,1,0
BRDA:237,20,2,0
BRDA:248,21,0,0
BRDA:248,21,1,0
BRDA:254,22,0,0
BRDA:254,22,1,0
BRDA:266,23,0,0
BRDA:266,23,1,0
BRDA:266,24,0,0
BRDA:266,24,1,0
BRDA:289,25,0,0
BRDA:289,25,1,0
BRDA:317,26,0,0
BRDA:317,26,1,0
BRDA:320,27,0,0
BRDA:320,27,1,0
BRDA:330,28,0,0
BRDA:330,28,1,0
BRDA:347,29,0,0
BRDA:347,29,1,0
BRDA:351,30,0,0
BRDA:351,30,1,0
BRDA:367,31,0,0
BRDA:367,31,1,0
BRDA:390,32,0,0
BRDA:390,32,1,0
BRDA:391,33,0,0
BRDA:391,33,1,0
BRDA:392,34,0,0
BRDA:392,34,1,0
BRDA:401,35,0,0
BRDA:401,35,1,0
BRDA:401,35,2,0
BRDA:410,36,0,0
BRDA:411,37,0,0
BRDA:411,37,1,0
BRDA:424,38,0,0
BRDA:444,39,0,0
BRDA:445,40,0,0
BRDA:445,40,1,0
BRDA:472,41,0,0
BRDA:472,41,1,0
BRDA:485,42,0,0
BRDA:485,42,1,0
BRDA:495,43,0,0
BRDA:495,43,1,0
BRDA:501,44,0,0
BRDA:501,44,1,0
BRDA:501,44,2,0
BRDA:501,44,3,0
BRDA:513,45,0,0
BRDA:513,45,1,0
BRDA:535,46,0,0
BRDA:535,46,1,0
BRDA:548,47,0,0
BRDA:548,47,1,0
BRDA:552,48,0,0
BRDA:552,48,1,0
BRDA:577,49,0,0
BRDA:577,49,1,0
BRDA:589,50,0,0
BRDA:589,50,1,0
BRF:102
BRH:0
end_of_record
TN:
SF:src/api/websocket-service.js
FN:15,(anonymous_0)
FN:55,(anonymous_1)
FN:67,(anonymous_2)
FN:72,(anonymous_3)
FN:77,(anonymous_4)
FN:82,(anonymous_5)
FN:96,(anonymous_6)
FN:123,(anonymous_7)
FN:141,(anonymous_8)
FN:158,(anonymous_9)
FN:175,(anonymous_10)
FN:178,(anonymous_11)
FN:194,(anonymous_12)
FN:202,(anonymous_13)
FN:213,(anonymous_14)
FN:233,(anonymous_15)
FN:261,(anonymous_16)
FN:262,(anonymous_17)
FN:266,(anonymous_18)
FN:270,(anonymous_19)
FN:278,(anonymous_20)
FN:280,(anonymous_21)
FN:286,(anonymous_22)
FN:292,(anonymous_23)
FN:298,(anonymous_24)
FN:304,(anonymous_25)
FN:313,(anonymous_26)
FN:330,(anonymous_27)
FN:347,(anonymous_28)
FN:363,(anonymous_29)
FN:385,(anonymous_30)
FN:393,(anonymous_31)
FN:400,(anonymous_32)
FN:407,(anonymous_33)
FN:420,(anonymous_34)
FN:431,checkWebSocketSupport
FNF:36
FNH:0
FNDA:0,(anonymous_0)
FNDA:0,(anonymous_1)
FNDA:0,(anonymous_2)
FNDA:0,(anonymous_3)
FNDA:0,(anonymous_4)
FNDA:0,(anonymous_5)
FNDA:0,(anonymous_6)
FNDA:0,(anonymous_7)
FNDA:0,(anonymous_8)
FNDA:0,(anonymous_9)
FNDA:0,(anonymous_10)
FNDA:0,(anonymous_11)
FNDA:0,(anonymous_12)
FNDA:0,(anonymous_13)
FNDA:0,(anonymous_14)
FNDA:0,(anonymous_15)
FNDA:0,(anonymous_16)
FNDA:0,(anonymous_17)
FNDA:0,(anonymous_18)
FNDA:0,(anonymous_19)
FNDA:0,(anonymous_20)
FNDA:0,(anonymous_21)
FNDA:0,(anonymous_22)
FNDA:0,(anonymous_23)
FNDA:0,(anonymous_24)
FNDA:0,(anonymous_25)
FNDA:0,(anonymous_26)
FNDA:0,(anonymous_27)
FNDA:0,(anonymous_28)
FNDA:0,(anonymous_29)
FNDA:0,(anonymous_30)
FNDA:0,(anonymous_31)
FNDA:0,(anonymous_32)
FNDA:0,(anonymous_33)
FNDA:0,(anonymous_34)
FNDA:0,checkWebSocketSupport
DA:16,0
DA:18,0
DA:27,0
DA:33,0
DA:34,0
DA:37,0
DA:40,0
DA:49,0
DA:56,0
DA:59,0
DA:60,0
DA:61,0
DA:63,0
DA:67,0
DA:68,0
DA:69,0
DA:72,0
DA:73,0
DA:74,0
DA:77,0
DA:78,0
DA:79,0
DA:82,0
DA:83,0
DA:84,0
DA:87,0
DA:88,0
DA:90,0
DA:97,0
DA:99,0
DA:106,0
DA:107,0
DA:108,0
DA:110,0
DA:112,0
DA:113,0
DA:115,0
DA:116,0
DA:124,0
DA:125,0
DA:126,0
DA:128,0
DA:130,0
DA:131,0
DA:133,0
DA:134,0
DA:142,0
DA:143,0
DA:144,0
DA:147,0
DA:148,0
DA:149,0
DA:152,0
DA:159,0
DA:160,0
DA:161,0
DA:164,0
DA:165,0
DA:166,0
DA:169,0
DA:176,0
DA:178,0
DA:179,0
DA:181,0
DA:188,0
DA:195,0
DA:196,0
DA:199,0
DA:202,0
DA:203,0
DA:204,0
DA:205,0
DA:214,0
DA:217,0
DA:218,0
DA:220,0
DA:221,0
DA:222,0
DA:223,0
DA:224,0
DA:225,0
DA:226,0
DA:231,0
DA:232,0
DA:233,0
DA:234,0
DA:235,0
DA:243,0
DA:244,0
DA:250,0
DA:262,0
DA:263,0
DA:266,0
DA:267,0
DA:270,0
DA:271,0
DA:280,0
DA:281,0
DA:282,0
DA:286,0
DA:287,0
DA:288,0
DA:292,0
DA:293,0
DA:294,0
DA:298,0
DA:299,0
DA:300,0
DA:304,0
DA:305,0
DA:306,0
DA:314,0
DA:324,0
DA:331,0
DA:341,0
DA:348,0
DA:357,0
DA:364,0
DA:366,0
DA:386,0
DA:387,0
DA:394,0
DA:401,0
DA:408,0
DA:410,0
DA:411,0
DA:413,0
DA:414,0
DA:421,0
DA:422,0
DA:423,0
DA:424,0
DA:432,0
DA:433,0
DA:435,0
LF:135
LH:0
BRDA:15,0,0,0
BRDA:56,1,0,0
BRDA:56,1,1,0
BRDA:59,2,0,0
BRDA:59,2,1,0
BRDA:96,3,0,0
BRDA:96,4,0,0
BRDA:123,5,0,0
BRDA:143,6,0,0
BRDA:143,6,1,0
BRDA:148,7,0,0
BRDA:148,7,1,0
BRDA:160,8,0,0
BRDA:160,8,1,0
BRDA:165,9,0,0
BRDA:165,9,1,0
BRDA:195,10,0,0
BRDA:195,10,1,0
BRDA:204,11,0,0
BRDA:204,11,1,0
BRDA:220,12,0,0
BRDA:220,12,1,0
BRDA:220,13,0,0
BRDA:220,13,1,0
BRDA:221,14,0,0
BRDA:221,14,1,0
BRDA:223,15,0,0
BRDA:223,15,1,0
BRDA:223,15,2,0
BRDA:224,16,0,0
BRDA:224,16,1,0
BRDA:226,17,0,0
BRDA:226,17,1,0
BRDA:232,18,0,0
BRDA:232,18,1,0
BRDA:313,19,0,0
BRDA:330,20,0,0
BRDA:387,21,0,0
BRDA:387,21,1,0
BRDA:420,22,0,0
BRDA:440,23,0,0
BRDA:440,23,1,0
BRF:42
BRH:0
end_of_record
TN:
SF:src/bindings/index.js
FN:20,loadBinding
FN:49,(anonymous_1)
FN:61,(anonymous_2)
FN:65,(anonymous_3)
FN:69,(anonymous_4)
FN:73,(anonymous_5)
FN:77,(anonymous_6)
FN:92,(anonymous_7)
FN:100,(anonymous_8)
FN:108,getVersion
FN:116,isGpuAvailable
FN:124,getActivationFunctions
FN:136,(anonymous_12)
FN:140,(anonymous_13)
FN:147,(anonymous_14)
FN:155,getBackendInfo
FN:167,init
FNF:17
FNH:0
FNDA:0,loadBinding
FNDA:0,(anonymous_1)
FNDA:0,(anonymous_2)
FNDA:0,(anonymous_3)
FNDA:0,(anonymous_4)
FNDA:0,(anonymous_5)
FNDA:0,(anonymous_6)
FNDA:0,(anonymous_7)
FNDA:0,(anonymous_8)
FNDA:0,getVersion
FNDA:0,isGpuAvailable
FNDA:0,getActivationFunctions
FNDA:0,(anonymous_12)
FNDA:0,(anonymous_13)
FNDA:0,(anonymous_14)
FNDA:0,getBackendInfo
FNDA:0,init
DA:9,0
DA:10,0
DA:11,0
DA:13,0
DA:14,0
DA:15,0
DA:22,0
DA:23,0
DA:24,0
DA:25,0
DA:26,0
DA:27,0
DA:29,0
DA:30,0
DA:34,0
DA:35,0
DA:36,0
DA:37,0
DA:38,0
DA:39,0
DA:41,0
DA:50,0
DA:51,0
DA:54,0
DA:55,0
DA:57,0
DA:62,0
DA:66,0
DA:70,0
DA:74,0
DA:78,0
DA:79,0
DA:80,0
DA:82,0
DA:84,0
DA:93,0
DA:94,0
DA:96,0
DA:101,0
DA:109,0
DA:110,0
DA:112,0
DA:117,0
DA:118,0
DA:120,0
DA:125,0
DA:126,0
DA:128,0
DA:135,0
DA:137,0
DA:141,0
DA:142,0
DA:144,0
DA:148,0
DA:156,0
DA:168,0
DA:172,0
DA:173,0
LF:58
LH:0
BRDA:50,0,0,0
BRDA:50,0,1,0
BRDA:50,1,0,0
BRDA:50,1,1,0
BRDA:54,2,0,0
BRDA:54,2,1,0
BRDA:79,3,0,0
BRDA:79,3,1,0
BRDA:93,4,0,0
BRDA:93,4,1,0
BRDA:109,5,0,0
BRDA:109,5,1,0
BRDA:117,6,0,0
BRDA:117,6,1,0
BRDA:125,7,0,0
BRDA:125,7,1,0
BRDA:141,8,0,0
BRDA:141,8,1,0
BRDA:157,9,0,0
BRDA:157,9,1,0
BRDA:172,10,0,0
BRDA:172,10,1,0
BRDA:172,11,0,0
BRDA:172,11,1,0
BRDA:172,11,2,0
BRF:25
BRH:0
end_of_record
TN:
SF:src/bindings/fallback/ruv_fann_wasm.js
FN:20,initWasm
FN:26,(anonymous_1)
FN:45,createSimpleFallback
FN:48,(anonymous_3)
FN:52,(anonymous_4)
FN:60,(anonymous_5)
FN:76,(anonymous_6)
FN:88,(anonymous_7)
FN:92,(anonymous_8)
FN:114,(anonymous_9)
FN:139,(anonymous_10)
FN:148,(anonymous_11)
FN:153,(anonymous_12)
FN:161,(anonymous_13)
FN:165,(anonymous_14)
FN:194,(anonymous_15)
FN:198,(anonymous_16)
FN:202,(anonymous_17)
FN:211,(anonymous_18)
FN:217,getNeuralNetwork
FN:222,getNetworkTrainer
FN:227,getVersion
FN:232,isGpuAvailable
FN:237,getActivationFunctions
FNF:24
FNH:0
FNDA:0,initWasm
FNDA:0,(anonymous_1)
FNDA:0,createSimpleFallback
FNDA:0,(anonymous_3)
FNDA:0,(anonymous_4)
FNDA:0,(anonymous_5)
FNDA:0,(anonymous_6)
FNDA:0,(anonymous_7)
FNDA:0,(anonymous_8)
FNDA:0,(anonymous_9)
FNDA:0,(anonymous_10)
FNDA:0,(anonymous_11)
FNDA:0,(anonymous_12)
FNDA:0,(anonymous_13)
FNDA:0,(anonymous_14)
FNDA:0,(anonymous_15)
FNDA:0,(anonymous_16)
FNDA:0,(anonymous_17)
FNDA:0,(anonymous_18)
FNDA:0,getNeuralNetwork
FNDA:0,getNetworkTrainer
FNDA:0,getVersion
FNDA:0,isGpuAvailable
FNDA:0,getActivationFunctions
DA:10,0
DA:11,0
DA:12,0
DA:14,0
DA:15,0
DA:21,0
DA:23,0
DA:25,0
DA:26,0
DA:28,0
DA:29,0
DA:30,0
DA:31,0
DA:34,0
DA:38,0
DA:39,0
DA:46,0
DA:49,0
DA:50,0
DA:52,0
DA:53,0
DA:55,0
DA:56,0
DA:57,0
DA:61,0
DA:62,0
DA:63,0
DA:64,0
DA:65,0
DA:66,0
DA:67,0
DA:69,0
DA:71,0
DA:73,0
DA:77,0
DA:78,0
DA:79,0
DA:80,0
DA:81,0
DA:83,0
DA:85,0
DA:89,0
DA:93,0
DA:94,0
DA:97,0
DA:99,0
DA:100,0
DA:101,0
DA:102,0
DA:103,0
DA:104,0
DA:106,0
DA:108,0
DA:111,0
DA:116,0
DA:117,0
DA:120,0
DA:121,0
DA:122,0
DA:124,0
DA:127,0
DA:128,0
DA:129,0
DA:130,0
DA:131,0
DA:136,0
DA:140,0
DA:150,0
DA:155,0
DA:156,0
DA:162,0
DA:166,0
DA:167,0
DA:170,0
DA:171,0
DA:172,0
DA:174,0
DA:175,0
DA:177,0
DA:178,0
DA:179,0
DA:182,0
DA:184,0
DA:185,0
DA:186,0
DA:190,0
DA:195,0
DA:199,0
DA:203,0
DA:212,0
DA:213,0
DA:218,0
DA:219,0
DA:223,0
DA:224,0
DA:228,0
DA:229,0
DA:233,0
DA:234,0
DA:238,0
DA:239,0
LF:101
LH:0
BRDA:21,0,0,0
BRDA:21,0,1,0
BRDA:28,1,0,0
BRDA:28,1,1,0
BRDA:49,2,0,0
BRDA:49,2,1,0
BRDA:49,3,0,0
BRDA:49,3,1,0
BRDA:52,4,0,0
BRDA:52,4,1,0
BRDA:93,5,0,0
BRDA:93,5,1,0
BRDA:166,6,0,0
BRDA:166,6,1,0
BRDA:171,7,0,0
BRDA:171,7,1,0
BRDA:172,8,0,0
BRDA:172,8,1,0
BRDA:184,9,0,0
BRDA:184,9,1,0
BRF:20
BRH:0
end_of_record
TN:
SF:src/bindings/test/test.js
FN:15,runTests
FN:144,runPerformanceTest
FN:151,(anonymous_2)
FN:172,(anonymous_3)
FN:173,(anonymous_4)
FN:177,(anonymous_5)
FNF:6
FNH:0
FNDA:0,runTests
FNDA:0,runPerformanceTest
FNDA:0,(anonymous_2)
FNDA:0,(anonymous_3)
FNDA:0,(anonymous_4)
FNDA:0,(anonymous_5)
DA:16,0
DA:18,0
DA:20,0
DA:21,0
DA:24,0
DA:25,0
DA:26,0
DA:29,0
DA:30,0
DA:31,0
DA:33,0
DA:34,0
DA:36,0
DA:39,0
DA:40,0
DA:41,0
DA:42,0
DA:44,0
DA:45,0
DA:47,0
DA:50,0
DA:51,0
DA:52,0
DA:53,0
DA:55,0
DA:56,0
DA:58,0
DA:61,0
DA:62,0
DA:63,0
DA:65,0
DA:70,0
DA:77,0
DA:78,0
DA:80,0
DA:81,0
DA:83,0
DA:86,0
DA:87,0
DA:88,0
DA:89,0
DA:91,0
DA:94,0
DA:95,0
DA:96,0
DA:97,0
DA:98,0
DA:100,0
DA:101,0
DA:102,0
DA:103,0
DA:106,0
DA:107,0
DA:109,0
DA:110,0
DA:112,0
DA:113,0
DA:115,0
DA:118,0
DA:120,0
DA:121,0
DA:123,0
DA:124,0
DA:126,0
DA:129,0
DA:130,0
DA:131,0
DA:132,0
DA:133,0
DA:134,0
DA:137,0
DA:138,0
DA:139,0
DA:145,0
DA:147,0
DA:148,0
DA:150,0
DA:151,0
DA:153,0
DA:155,0
DA:156,0
DA:159,0
DA:160,0
DA:161,0
DA:163,0
DA:164,0
DA:165,0
DA:166,0
DA:170,0
DA:171,0
DA:172,0
DA:174,0
DA:175,0
DA:178,0
DA:179,0
LF:95
LH:0
BRDA:33,0,0,0
BRDA:33,0,1,0
BRDA:33,1,0,0
BRDA:33,1,1,0
BRDA:44,2,0,0
BRDA:44,2,1,0
BRDA:44,3,0,0
BRDA:44,3,1,0
BRDA:55,4,0,0
BRDA:55,4,1,0
BRDA:55,5,0,0
BRDA:55,5,1,0
BRDA:80,6,0,0
BRDA:80,6,1,0
BRDA:80,7,0,0
BRDA:80,7,1,0
BRDA:112,8,0,0
BRDA:112,8,1,0
BRDA:123,9,0,0
BRDA:123,9,1,0
BRDA:133,10,0,0
BRDA:133,10,1,0
BRDA:170,11,0,0
BRDA:170,11,1,0
BRF:24
BRH:0
end_of_record
TN:
SF:src/cli/ai-service.js
FN:9,getProviderConfig
FN:27,saveProviderConfig
FN:31,getApiKey
FN:51,getGenAI
FN:58,getClaudeProvider
FN:83,generateTextWithClaude
FN:99,generateTextWithGoogle
FN:108,generateText
FNF:8
FNH:0
FNDA:0,getProviderConfig
FNDA:0,saveProviderConfig
FNDA:0,getApiKey
FNDA:0,getGenAI
FNDA:0,getClaudeProvider
FNDA:0,generateTextWithClaude
FNDA:0,generateTextWithGoogle
FNDA:0,generateText
DA:7,0
DA:10,0
DA:11,0
DA:12,0
DA:14,0
DA:15,0
DA:23,0
DA:28,0
DA:32,0
DA:33,0
DA:35,0
DA:36,0
DA:43,0
DA:44,0
DA:45,0
DA:48,0
DA:52,0
DA:53,0
DA:56,0
DA:59,0
DA:60,0
DA:61,0
DA:63,0
DA:64,0
DA:76,0
DA:77,0
DA:80,0
DA:84,0
DA:86,0
DA:87,0
DA:88,0
DA:91,0
DA:92,0
DA:94,0
DA:95,0
DA:100,0
DA:101,0
DA:102,0
DA:103,0
DA:104,0
DA:105,0
DA:109,0
DA:112,0
DA:114,0
DA:115,0
DA:117,0
DA:118,0
DA:121,0
LF:48
LH:0
BRDA:14,0,0,0
BRDA:14,0,1,0
BRDA:33,1,0,0
BRDA:33,1,1,0
BRDA:35,2,0,0
BRDA:35,2,1,0
BRDA:59,3,0,0
BRDA:59,3,1,0
BRDA:61,4,0,0
BRDA:61,4,1,0
BRDA:65,5,0,0
BRDA:65,5,1,0
BRDA:66,6,0,0
BRDA:66,6,1,0
BRDA:69,7,0,0
BRDA:69,7,1,0
BRDA:83,8,0,0
BRDA:86,9,0,0
BRDA:86,9,1,0
BRDA:99,10,0,0
BRDA:99,11,0,0
BRDA:101,12,0,0
BRDA:101,12,1,0
BRDA:108,13,0,0
BRDA:112,14,0,0
BRDA:112,14,1,0
BRDA:112,15,0,0
BRDA:112,15,1,0
BRF:28
BRH:0
end_of_record
TN:
SF:src/cli/claude-code-message-converter.js
FN:6,convertToClaudeCodeMessages
FN:50,extractTextContent
FN:57,(anonymous_2)
FN:72,formatAssistantMessage
FN:85,extractJSONFromResponse
FNF:5
FNH:0
FNDA:0,convertToClaudeCodeMessages
FNDA:0,extractTextContent
FNDA:0,(anonymous_2)
FNDA:0,formatAssistantMessage
FNDA:0,extractJSONFromResponse
DA:7,0
DA:8,0
DA:10,0
DA:11,0
DA:14,0
DA:16,0
DA:17,0
DA:19,0
DA:20,0
DA:23,0
DA:24,0
DA:25,0
DA:28,0
DA:29,0
DA:30,0
DA:33,0
DA:34,0
DA:39,0
DA:40,0
DA:41,0
DA:44,0
DA:51,0
DA:52,0
DA:55,0
DA:56,0
DA:58,0
DA:59,0
DA:60,0
DA:61,0
DA:62,0
DA:64,0
DA:69,0
DA:73,0
DA:75,0
DA:76,0
DA:77,0
DA:78,0
DA:82,0
DA:86,0
DA:89,0
DA:92,0
DA:95,0
DA:96,0
DA:98,0
DA:100,0
DA:101,0
DA:104,0
DA:108,0
DA:109,0
DA:111,0
LF:50
LH:0
BRDA:10,0,0,0
BRDA:10,0,1,0
BRDA:14,1,0,0
BRDA:14,1,1,0
BRDA:14,2,0,0
BRDA:14,2,1,0
BRDA:17,3,0,0
BRDA:17,3,1,0
BRDA:17,3,2,0
BRDA:17,3,3,0
BRDA:39,4,0,0
BRDA:39,4,1,0
BRDA:41,5,0,0
BRDA:41,5,1,0
BRDA:51,6,0,0
BRDA:51,6,1,0
BRDA:55,7,0,0
BRDA:55,7,1,0
BRDA:58,8,0,0
BRDA:58,8,1,0
BRDA:60,9,0,0
BRDA:60,9,1,0
BRDA:73,10,0,0
BRDA:73,10,1,0
BRDA:75,11,0,0
BRDA:75,11,1,0
BRDA:75,12,0,0
BRDA:75,12,1,0
BRDA:86,13,0,0
BRDA:86,13,1,0
BRDA:96,14,0,0
BRDA:96,14,1,0
BRF:32
BRH:0
end_of_record
TN:
SF:src/cli/claude-code-provider.js
FN:18,(anonymous_0)
FN:39,(anonymous_1)
FN:48,(anonymous_2)
FN:60,(anonymous_3)
FN:92,(anonymous_4)
FN:93,(anonymous_5)
FN:138,(anonymous_6)
FN:142,(anonymous_7)
FN:146,(anonymous_8)
FN:150,(anonymous_9)
FN:170,(anonymous_10)
FN:190,(anonymous_11)
FN:213,createClaudeCodeProvider
FNF:13
FNH:0
FNDA:0,(anonymous_0)
FNDA:0,(anonymous_1)
FNDA:0,(anonymous_2)
FNDA:0,(anonymous_3)
FNDA:0,(anonymous_4)
FNDA:0,(anonymous_5)
FNDA:0,(anonymous_6)
FNDA:0,(anonymous_7)
FNDA:0,(anonymous_8)
FNDA:0,(anonymous_9)
FNDA:0,(anonymous_10)
FNDA:0,(anonymous_11)
FNDA:0,createClaudeCodeProvider
DA:12,0
DA:15,0
DA:19,0
DA:35,0
DA:36,0
DA:40,0
DA:41,0
DA:42,0
DA:44,0
DA:49,0
DA:52,0
DA:53,0
DA:57,0
DA:61,0
DA:62,0
DA:63,0
DA:74,0
DA:81,0
DA:82,0
DA:85,0
DA:87,0
DA:88,0
DA:93,0
DA:95,0
DA:98,0
DA:104,0
DA:105,0
DA:109,0
DA:110,0
DA:114,0
DA:115,0
DA:119,0
DA:120,0
DA:121,0
DA:122,0
DA:126,0
DA:129,0
DA:135,0
DA:136,0
DA:138,0
DA:139,0
DA:142,0
DA:143,0
DA:146,0
DA:147,0
DA:150,0
DA:151,0
DA:153,0
DA:154,0
DA:156,0
DA:160,0
DA:165,0
DA:166,0
DA:172,0
DA:174,0
DA:175,0
DA:178,0
DA:179,0
DA:182,0
DA:183,0
DA:186,0
DA:191,0
DA:200,0
DA:203,0
DA:208,0
DA:214,0
DA:216,0
DA:217,0
DA:220,0
LF:69
LH:0
BRDA:18,0,0,0
BRDA:20,1,0,0
BRDA:20,1,1,0
BRDA:21,2,0,0
BRDA:21,2,1,0
BRDA:22,3,0,0
BRDA:22,3,1,0
BRDA:25,4,0,0
BRDA:25,4,1,0
BRDA:28,5,0,0
BRDA:28,5,1,0
BRDA:29,6,0,0
BRDA:29,6,1,0
BRDA:48,7,0,0
BRDA:52,8,0,0
BRDA:52,8,1,0
BRDA:81,9,0,0
BRDA:81,9,1,0
BRDA:85,10,0,0
BRDA:85,10,1,0
BRDA:85,10,2,0
BRDA:104,11,0,0
BRDA:104,11,1,0
BRDA:109,12,0,0
BRDA:109,12,1,0
BRDA:109,13,0,0
BRDA:109,13,1,0
BRDA:114,14,0,0
BRDA:114,14,1,0
BRDA:114,15,0,0
BRDA:114,15,1,0
BRDA:120,16,0,0
BRDA:120,16,1,0
BRDA:120,17,0,0
BRDA:120,17,1,0
BRDA:121,18,0,0
BRDA:121,18,1,0
BRDA:129,19,0,0
BRDA:129,19,1,0
BRDA:151,20,0,0
BRDA:151,20,1,0
BRDA:153,21,0,0
BRDA:153,21,1,0
BRDA:153,22,0,0
BRDA:153,22,1,0
BRDA:170,23,0,0
BRDA:174,24,0,0
BRDA:174,24,1,0
BRDA:178,25,0,0
BRDA:178,25,1,0
BRDA:182,26,0,0
BRDA:182,26,1,0
BRDA:186,27,0,0
BRDA:186,27,1,0
BRDA:190,28,0,0
BRDA:200,29,0,0
BRDA:200,29,1,0
BRDA:205,30,0,0
BRDA:205,30,1,0
BRDA:213,31,0,0
BRDA:216,32,0,0
BRDA:216,32,1,0
BRF:62
BRH:0
end_of_record
TN:
SF:src/cli/claude-zen-hive-mind.js
FN:28,main
FN:178,showStatusAtGlance
FN:207,(anonymous_2)
FN:268,registerHiveMindCommands
FN:275,(anonymous_4)
FN:317,(anonymous_5)
FN:392,(anonymous_6)
FN:445,(anonymous_7)
FN:469,(anonymous_8)
FN:505,(anonymous_9)
FN:544,(anonymous_10)
FN:673,(anonymous_11)
FN:688,(anonymous_12)
FN:695,(anonymous_13)
FN:706,(anonymous_14)
FNF:15
FNH:0
FNDA:0,main
FNDA:0,showStatusAtGlance
FNDA:0,(anonymous_2)
FNDA:0,registerHiveMindCommands
FNDA:0,(anonymous_4)
FNDA:0,(anonymous_5)
FNDA:0,(anonymous_6)
FNDA:0,(anonymous_7)
FNDA:0,(anonymous_8)
FNDA:0,(anonymous_9)
FNDA:0,(anonymous_10)
FNDA:0,(anonymous_11)
FNDA:0,(anonymous_12)
FNDA:0,(anonymous_13)
FNDA:0,(anonymous_14)
DA:25,0
DA:26,0
DA:30,0
DA:31,0
DA:32,0
DA:35,0
DA:36,0
DA:37,0
DA:38,0
DA:42,0
DA:43,0
DA:44,0
DA:45,0
DA:46,0
DA:50,0
DA:51,0
DA:52,0
DA:56,0
DA:61,0
DA:62,0
DA:63,0
DA:65,0
DA:84,0
DA:87,0
DA:89,0
DA:92,0
DA:94,0
DA:95,0
DA:98,0
DA:104,0
DA:105,0
DA:106,0
DA:107,0
DA:114,0
DA:115,0
DA:117,0
DA:121,0
DA:123,0
DA:124,0
DA:125,0
DA:126,0
DA:130,0
DA:131,0
DA:132,0
DA:135,0
DA:138,0
DA:145,0
DA:146,0
DA:147,0
DA:148,0
DA:149,0
DA:150,0
DA:151,0
DA:152,0
DA:158,0
DA:160,0
DA:161,0
DA:164,0
DA:165,0
DA:166,0
DA:169,0
DA:179,0
DA:180,0
DA:181,0
DA:182,0
DA:185,0
DA:186,0
DA:187,0
DA:193,0
DA:196,0
DA:199,0
DA:200,0
DA:201,0
DA:202,0
DA:205,0
DA:206,0
DA:207,0
DA:208,0
DA:212,0
DA:213,0
DA:214,0
DA:215,0
DA:218,0
DA:219,0
DA:220,0
DA:221,0
DA:224,0
DA:225,0
DA:226,0
DA:227,0
DA:228,0
DA:231,0
DA:232,0
DA:233,0
DA:234,0
DA:235,0
DA:238,0
DA:239,0
DA:240,0
DA:241,0
DA:242,0
DA:245,0
DA:246,0
DA:247,0
DA:248,0
DA:249,0
DA:250,0
DA:251,0
DA:253,0
DA:254,0
DA:255,0
DA:258,0
DA:259,0
DA:260,0
DA:261,0
DA:269,0
DA:272,0
DA:276,0
DA:277,0
DA:278,0
DA:281,0
DA:283,0
DA:284,0
DA:286,0
DA:287,0
DA:288,0
DA:290,0
DA:291,0
DA:292,0
DA:293,0
DA:295,0
DA:296,0
DA:300,0
DA:302,0
DA:303,0
DA:307,0
DA:308,0
DA:314,0
DA:318,0
DA:320,0
DA:322,0
DA:323,0
DA:324,0
DA:325,0
DA:328,0
DA:335,0
DA:336,0
DA:337,0
DA:340,0
DA:347,0
DA:348,0
DA:349,0
DA:352,0
DA:359,0
DA:360,0
DA:361,0
DA:364,0
DA:371,0
DA:372,0
DA:373,0
DA:376,0
DA:383,0
DA:389,0
DA:393,0
DA:395,0
DA:397,0
DA:407,0
DA:417,0
DA:418,0
DA:419,0
DA:422,0
DA:429,0
DA:436,0
DA:442,0
DA:446,0
DA:447,0
DA:449,0
DA:450,0
DA:453,0
DA:466,0
DA:470,0
DA:472,0
DA:474,0
DA:475,0
DA:476,0
DA:479,0
DA:496,0
DA:502,0
DA:506,0
DA:508,0
DA:509,0
DA:511,0
DA:513,0
DA:514,0
DA:515,0
DA:517,0
DA:518,0
DA:519,0
DA:520,0
DA:521,0
DA:523,0
DA:524,0
DA:525,0
DA:526,0
DA:527,0
DA:529,0
DA:530,0
DA:531,0
DA:532,0
DA:533,0
DA:536,0
DA:541,0
DA:545,0
DA:547,0
DA:558,0
DA:560,0
DA:561,0
DA:562,0
DA:563,0
DA:564,0
DA:565,0
DA:566,0
DA:569,0
DA:570,0
DA:572,0
DA:573,0
DA:582,0
DA:583,0
DA:586,0
DA:590,0
DA:591,0
DA:610,0
DA:611,0
DA:614,0
DA:615,0
DA:617,0
DA:618,0
DA:622,0
DA:623,0
DA:625,0
DA:628,0
DA:633,0
DA:634,0
DA:635,0
DA:636,0
DA:637,0
DA:638,0
DA:639,0
DA:640,0
DA:641,0
DA:642,0
DA:643,0
DA:644,0
DA:645,0
DA:646,0
DA:647,0
DA:648,0
DA:650,0
DA:663,0
DA:664,0
DA:669,0
DA:673,0
DA:674,0
DA:676,0
DA:677,0
DA:678,0
DA:679,0
DA:681,0
DA:685,0
DA:688,0
DA:689,0
DA:690,0
DA:692,0
DA:695,0
DA:696,0
DA:698,0
DA:699,0
DA:702,0
DA:706,0
DA:707,0
DA:709,0
DA:710,0
DA:713,0
LF:283
LH:0
BRDA:35,0,0,0
BRDA:35,0,1,0
BRDA:35,1,0,0
BRDA:35,1,1,0
BRDA:42,2,0,0
BRDA:42,2,1,0
BRDA:42,3,0,0
BRDA:42,3,1,0
BRDA:50,4,0,0
BRDA:50,4,1,0
BRDA:61,5,0,0
BRDA:61,5,1,0
BRDA:73,6,0,0
BRDA:73,6,1,0
BRDA:74,7,0,0
BRDA:74,7,1,0
BRDA:77,8,0,0
BRDA:77,8,1,0
BRDA:80,9,0,0
BRDA:80,9,1,0
BRDA:94,10,0,0
BRDA:94,10,1,0
BRDA:104,11,0,0
BRDA:104,11,1,0
BRDA:104,12,0,0
BRDA:104,12,1,0
BRDA:123,13,0,0
BRDA:123,13,1,0
BRDA:130,14,0,0
BRDA:130,14,1,0
BRDA:145,15,0,0
BRDA:145,15,1,0
BRDA:145,16,0,0
BRDA:145,16,1,0
BRDA:146,17,0,0
BRDA:146,17,1,0
BRDA:147,18,0,0
BRDA:147,18,1,0
BRDA:149,19,0,0
BRDA:149,19,1,0
BRDA:150,20,0,0
BRDA:150,20,1,0
BRDA:151,21,0,0
BRDA:151,21,1,0
BRDA:160,22,0,0
BRDA:160,22,1,0
BRDA:164,23,0,0
BRDA:164,23,1,0
BRDA:164,24,0,0
BRDA:164,24,1,0
BRDA:185,25,0,0
BRDA:185,25,1,0
BRDA:200,26,0,0
BRDA:200,26,1,0
BRDA:201,27,0,0
BRDA:201,27,1,0
BRDA:213,28,0,0
BRDA:213,28,1,0
BRDA:214,29,0,0
BRDA:214,29,1,0
BRDA:215,30,0,0
BRDA:215,30,1,0
BRDA:219,31,0,0
BRDA:219,31,1,0
BRDA:221,32,0,0
BRDA:221,32,1,0
BRDA:225,33,0,0
BRDA:225,33,1,0
BRDA:227,34,0,0
BRDA:227,34,1,0
BRDA:269,35,0,0
BRDA:269,35,1,0
BRDA:277,36,0,0
BRDA:277,36,1,0
BRDA:286,37,0,0
BRDA:286,37,1,0
BRDA:290,38,0,0
BRDA:290,38,1,0
BRDA:292,39,0,0
BRDA:292,39,1,0
BRDA:295,40,0,0
BRDA:295,40,1,0
BRDA:296,41,0,0
BRDA:296,41,1,0
BRDA:302,42,0,0
BRDA:302,42,1,0
BRDA:320,43,0,0
BRDA:320,43,1,0
BRDA:320,43,2,0
BRDA:320,43,3,0
BRDA:320,43,4,0
BRDA:320,43,5,0
BRDA:324,44,0,0
BRDA:324,44,1,0
BRDA:324,45,0,0
BRDA:324,45,1,0
BRDA:336,46,0,0
BRDA:336,46,1,0
BRDA:348,47,0,0
BRDA:348,47,1,0
BRDA:360,48,0,0
BRDA:360,48,1,0
BRDA:372,49,0,0
BRDA:372,49,1,0
BRDA:395,50,0,0
BRDA:395,50,1,0
BRDA:395,50,2,0
BRDA:395,50,3,0
BRDA:395,50,4,0
BRDA:401,51,0,0
BRDA:401,51,1,0
BRDA:402,52,0,0
BRDA:402,52,1,0
BRDA:411,53,0,0
BRDA:411,53,1,0
BRDA:412,54,0,0
BRDA:412,54,1,0
BRDA:418,55,0,0
BRDA:418,55,1,0
BRDA:449,56,0,0
BRDA:449,56,1,0
BRDA:449,57,0,0
BRDA:449,57,1,0
BRDA:472,58,0,0
BRDA:472,58,1,0
BRDA:475,59,0,0
BRDA:475,59,1,0
BRDA:485,60,0,0
BRDA:485,60,1,0
BRDA:486,61,0,0
BRDA:486,61,1,0
BRDA:490,62,0,0
BRDA:490,62,1,0
BRDA:508,63,0,0
BRDA:508,63,1,0
BRDA:514,64,0,0
BRDA:514,64,1,0
BRDA:515,65,0,0
BRDA:515,65,1,0
BRDA:518,66,0,0
BRDA:518,66,1,0
BRDA:519,67,0,0
BRDA:519,67,1,0
BRDA:521,68,0,0
BRDA:521,68,1,0
BRDA:548,69,0,0
BRDA:548,69,1,0
BRDA:548,69,2,0
BRDA:549,70,0,0
BRDA:549,70,1,0
BRDA:550,71,0,0
BRDA:550,71,1,0
BRDA:554,72,0,0
BRDA:554,72,1,0
BRDA:555,73,0,0
BRDA:555,73,1,0
BRDA:569,74,0,0
BRDA:569,74,1,0
BRDA:572,75,0,0
BRDA:572,75,1,0
BRDA:582,76,0,0
BRDA:582,76,1,0
BRDA:614,77,0,0
BRDA:614,77,1,0
BRDA:622,78,0,0
BRDA:622,78,1,0
BRDA:642,79,0,0
BRDA:642,79,1,0
BRDA:643,80,0,0
BRDA:643,80,1,0
BRDA:644,81,0,0
BRDA:644,81,1,0
BRDA:646,82,0,0
BRDA:646,82,1,0
BRDA:676,83,0,0
BRDA:676,83,1,0
BRDA:689,84,0,0
BRDA:689,84,1,0
BRDA:698,85,0,0
BRDA:698,85,1,0
BRDA:709,86,0,0
BRDA:709,86,1,0
BRF:182
BRH:0
end_of_record
TN:
SF:src/cli/cli-main.js
FN:7,main
FNF:1
FNH:0
FNDA:0,main
DA:9,0
DA:10,0
DA:11,0
DA:14,0
DA:15,0
DA:16,0
DA:20,0
DA:21,0
DA:22,0
DA:26,0
DA:31,0
DA:32,0
DA:33,0
DA:34,0
DA:40,0
DA:41,0
DA:42,0
DA:45,0
DA:46,0
DA:53,0
DA:54,0
DA:55,0
DA:59,0
DA:60,0
DA:61,0
DA:63,0
DA:64,0
DA:65,0
DA:67,0
DA:70,0
DA:71,0
DA:75,0
LF:32
LH:0
BRDA:14,0,0,0
BRDA:14,0,1,0
BRDA:14,1,0,0
BRDA:14,1,1,0
BRDA:20,2,0,0
BRDA:20,2,1,0
BRDA:20,3,0,0
BRDA:20,3,1,0
BRDA:20,3,2,0
BRDA:32,4,0,0
BRDA:32,4,1,0
BRDA:36,5,0,0
BRDA:36,5,1,0
BRDA:40,6,0,0
BRDA:40,6,1,0
BRDA:45,7,0,0
BRDA:45,7,1,0
BRDA:53,8,0,0
BRDA:53,8,1,0
BRDA:59,9,0,0
BRDA:59,9,1,0
BRDA:64,10,0,0
BRDA:64,10,1,0
BRF:23
BRH:0
end_of_record
TN:
SF:src/cli/cli-utilities.js
FN:5,printSuccess
FN:9,printError
FN:13,printWarning
FN:17,printInfo
FN:22,validateArgs
FN:31,ensureDirectory
FN:43,fileExists
FN:53,readJsonFile
FN:62,writeJsonFile
FN:67,formatTimestamp
FN:71,truncateString
FN:75,formatBytes
FN:89,parseFlags
FN:125,normalizeFlags
FN:146,applySmartDefaults
FN:161,camelToKebab
FN:175,(anonymous_16)
FN:183,validateFlags
FN:204,runCommand
FN:212,(anonymous_19)
FN:222,(anonymous_20)
FN:226,(anonymous_21)
FN:230,(anonymous_22)
FN:239,(anonymous_23)
FN:275,loadConfig
FN:301,saveConfig
FN:306,generateId
FN:313,chunk
FN:322,getEnvVar
FN:326,setEnvVar
FN:331,isValidJson
FN:340,isValidUrl
FN:350,showProgress
FN:356,clearLine
FN:361,sleep
FN:362,(anonymous_35)
FN:365,retry
FN:380,callRuvSwarmMCP
FN:387,callRuvSwarmMCP_DEPRECATED
FN:496,callRuvSwarmDirectNeural
FN:514,(anonymous_40)
FN:536,(anonymous_41)
FN:545,(anonymous_42)
FN:646,execRuvSwarmHook
FN:652,(anonymous_44)
FN:679,checkRuvSwarmAvailable
FN:693,trainNeuralModel
FN:703,updateNeuralPattern
FN:714,getSwarmStatus
FN:721,spawnSwarmAgent
FNF:50
FNH:0
FNDA:0,printSuccess
FNDA:0,printError
FNDA:0,printWarning
FNDA:0,printInfo
FNDA:0,validateArgs
FNDA:0,ensureDirectory
FNDA:0,fileExists
FNDA:0,readJsonFile
FNDA:0,writeJsonFile
FNDA:0,formatTimestamp
FNDA:0,truncateString
FNDA:0,formatBytes
FNDA:0,parseFlags
FNDA:0,normalizeFlags
FNDA:0,applySmartDefaults
FNDA:0,camelToKebab
FNDA:0,(anonymous_16)
FNDA:0,validateFlags
FNDA:0,runCommand
FNDA:0,(anonymous_19)
FNDA:0,(anonymous_20)
FNDA:0,(anonymous_21)
FNDA:0,(anonymous_22)
FNDA:0,(anonymous_23)
FNDA:0,loadConfig
FNDA:0,saveConfig
FNDA:0,generateId
FNDA:0,chunk
FNDA:0,getEnvVar
FNDA:0,setEnvVar
FNDA:0,isValidJson
FNDA:0,isValidUrl
FNDA:0,showProgress
FNDA:0,clearLine
FNDA:0,sleep
FNDA:0,(anonymous_35)
FNDA:0,retry
FNDA:0,callRuvSwarmMCP
FNDA:0,callRuvSwarmMCP_DEPRECATED
FNDA:0,callRuvSwarmDirectNeural
FNDA:0,(anonymous_40)
FNDA:0,(anonymous_41)
FNDA:0,(anonymous_42)
FNDA:0,execRuvSwarmHook
FNDA:0,(anonymous_44)
FNDA:0,checkRuvSwarmAvailable
FNDA:0,trainNeuralModel
FNDA:0,updateNeuralPattern
FNDA:0,getSwarmStatus
FNDA:0,spawnSwarmAgent
DA:6,0
DA:10,0
DA:14,0
DA:18,0
DA:23,0
DA:24,0
DA:25,0
DA:27,0
DA:32,0
DA:33,0
DA:34,0
DA:36,0
DA:37,0
DA:39,0
DA:44,0
DA:45,0
DA:46,0
DA:48,0
DA:54,0
DA:55,0
DA:56,0
DA:58,0
DA:63,0
DA:68,0
DA:72,0
DA:76,0
DA:77,0
DA:78,0
DA:80,0
DA:81,0
DA:82,0
DA:85,0
DA:90,0
DA:91,0
DA:92,0
DA:94,0
DA:95,0
DA:97,0
DA:98,0
DA:99,0
DA:101,0
DA:102,0
DA:103,0
DA:104,0
DA:106,0
DA:107,0
DA:109,0
DA:111,0
DA:112,0
DA:113,0
DA:114,0
DA:117,0
DA:121,0
DA:126,0
DA:129,0
DA:130,0
DA:134,0
DA:135,0
DA:139,0
DA:140,0
DA:143,0
DA:147,0
DA:149,0
DA:151,0
DA:153,0
DA:154,0
DA:158,0
DA:162,0
DA:166,0
DA:176,0
DA:177,0
DA:184,0
DA:186,0
DA:187,0
DA:189,0
DA:190,0
DA:191,0
DA:194,0
DA:195,0
DA:200,0
DA:205,0
DA:207,0
DA:209,0
DA:210,0
DA:212,0
DA:213,0
DA:219,0
DA:220,0
DA:222,0
DA:223,0
DA:226,0
DA:227,0
DA:230,0
DA:231,0
DA:239,0
DA:240,0
DA:250,0
DA:255,0
DA:257,0
DA:265,0
DA:276,0
DA:293,0
DA:294,0
DA:295,0
DA:297,0
DA:302,0
DA:307,0
DA:308,0
DA:309,0
DA:314,0
DA:315,0
DA:316,0
DA:318,0
DA:323,0
DA:327,0
DA:332,0
DA:333,0
DA:334,0
DA:336,0
DA:341,0
DA:342,0
DA:343,0
DA:345,0
DA:351,0
DA:352,0
DA:353,0
DA:357,0
DA:362,0
DA:366,0
DA:367,0
DA:368,0
DA:370,0
DA:371,0
DA:373,0
DA:382,0
DA:383,0
DA:388,0
DA:390,0
DA:391,0
DA:394,0
DA:405,0
DA:416,0
DA:417,0
DA:419,0
DA:422,0
DA:423,0
DA:424,0
DA:430,0
DA:431,0
DA:432,0
DA:437,0
DA:438,0
DA:439,0
DA:440,0
DA:441,0
DA:442,0
DA:450,0
DA:451,0
DA:455,0
DA:472,0
DA:473,0
DA:477,0
DA:497,0
DA:498,0
DA:499,0
DA:500,0
DA:502,0
DA:503,0
DA:506,0
DA:510,0
DA:512,0
DA:514,0
DA:515,0
DA:536,0
DA:537,0
DA:545,0
DA:546,0
DA:556,0
DA:570,0
DA:571,0
DA:573,0
DA:574,0
DA:578,0
DA:581,0
DA:583,0
DA:584,0
DA:585,0
DA:586,0
DA:588,0
DA:589,0
DA:590,0
DA:591,0
DA:592,0
DA:593,0
DA:594,0
DA:599,0
DA:600,0
DA:601,0
DA:603,0
DA:621,0
DA:626,0
DA:641,0
DA:642,0
DA:647,0
DA:648,0
DA:649,0
DA:652,0
DA:653,0
DA:654,0
DA:655,0
DA:659,0
DA:664,0
DA:665,0
DA:668,0
DA:674,0
DA:675,0
DA:680,0
DA:681,0
DA:686,0
DA:688,0
DA:694,0
DA:695,0
DA:704,0
DA:705,0
DA:715,0
DA:716,0
DA:722,0
DA:723,0
LF:228
LH:0
BRDA:23,0,0,0
BRDA:23,0,1,0
BRDA:36,1,0,0
BRDA:36,1,1,0
BRDA:53,2,0,0
BRDA:71,3,0,0
BRDA:72,4,0,0
BRDA:72,4,1,0
BRDA:80,5,0,0
BRDA:80,5,1,0
BRDA:97,6,0,0
BRDA:97,6,1,0
BRDA:101,7,0,0
BRDA:101,7,1,0
BRDA:101,8,0,0
BRDA:101,8,1,0
BRDA:109,9,0,0
BRDA:109,9,1,0
BRDA:109,10,0,0
BRDA:109,10,1,0
BRDA:129,11,0,0
BRDA:129,11,1,0
BRDA:129,12,0,0
BRDA:129,12,1,0
BRDA:134,13,0,0
BRDA:134,13,1,0
BRDA:134,14,0,0
BRDA:134,14,1,0
BRDA:139,15,0,0
BRDA:139,15,1,0
BRDA:139,16,0,0
BRDA:139,16,1,0
BRDA:153,17,0,0
BRDA:153,17,1,0
BRDA:153,18,0,0
BRDA:153,18,1,0
BRDA:177,19,0,0
BRDA:177,19,1,0
BRDA:189,20,0,0
BRDA:189,20,1,0
BRDA:190,21,0,0
BRDA:190,21,1,0
BRDA:190,22,0,0
BRDA:190,22,1,0
BRDA:194,23,0,0
BRDA:194,23,1,0
BRDA:194,24,0,0
BRDA:194,24,1,0
BRDA:195,25,0,0
BRDA:195,25,1,0
BRDA:204,26,0,0
BRDA:204,27,0,0
BRDA:207,28,0,0
BRDA:207,28,1,0
BRDA:207,29,0,0
BRDA:207,29,1,0
BRDA:207,29,2,0
BRDA:233,30,0,0
BRDA:233,30,1,0
BRDA:275,31,0,0
BRDA:301,32,0,0
BRDA:306,33,0,0
BRDA:309,34,0,0
BRDA:309,34,1,0
BRDA:322,35,0,0
BRDA:323,36,0,0
BRDA:323,36,1,0
BRDA:350,37,0,0
BRDA:365,38,0,0
BRDA:365,39,0,0
BRDA:370,40,0,0
BRDA:370,40,1,0
BRDA:380,41,0,0
BRDA:387,42,0,0
BRDA:437,43,0,0
BRDA:437,43,1,0
BRDA:437,44,0,0
BRDA:437,44,1,0
BRDA:440,45,0,0
BRDA:440,45,1,0
BRDA:440,46,0,0
BRDA:440,46,1,0
BRDA:450,47,0,0
BRDA:450,47,1,0
BRDA:472,48,0,0
BRDA:472,48,1,0
BRDA:496,49,0,0
BRDA:498,50,0,0
BRDA:498,50,1,0
BRDA:499,51,0,0
BRDA:499,51,1,0
BRDA:500,52,0,0
BRDA:500,52,1,0
BRDA:510,53,0,0
BRDA:510,53,1,0
BRDA:510,54,0,0
BRDA:510,54,1,0
BRDA:510,54,2,0
BRDA:539,55,0,0
BRDA:539,55,1,0
BRDA:570,56,0,0
BRDA:570,56,1,0
BRDA:573,57,0,0
BRDA:573,57,1,0
BRDA:589,58,0,0
BRDA:589,58,1,0
BRDA:589,59,0,0
BRDA:589,59,1,0
BRDA:592,60,0,0
BRDA:592,60,1,0
BRDA:599,61,0,0
BRDA:599,61,1,0
BRDA:607,62,0,0
BRDA:607,62,1,0
BRDA:608,63,0,0
BRDA:608,63,1,0
BRDA:610,64,0,0
BRDA:610,64,1,0
BRDA:617,65,0,0
BRDA:617,65,1,0
BRDA:633,66,0,0
BRDA:633,66,1,0
BRDA:646,67,0,0
BRDA:654,68,0,0
BRDA:654,68,1,0
BRDA:654,69,0,0
BRDA:654,69,1,0
BRDA:664,70,0,0
BRDA:664,70,1,0
BRDA:693,71,0,0
BRDA:703,72,0,0
BRDA:714,73,0,0
BRDA:721,74,0,0
BRF:133
BRH:0
end_of_record
TN:
SF:src/cli/command-registry.js
FN:19,initializeCommandRegistry
FN:29,createMeowCLI
FN:64,executeCommand
FN:93,showCommandHelp
FN:112,(anonymous_4)
FN:125,listCommands
FN:141,hasCommand
FN:151,getCommand
FN:162,registerCommand
FN:177,(anonymous_9)
FN:183,(anonymous_10)
FN:189,(anonymous_11)
FN:197,registerCoreCommands
FN:216,getRegistryStats
FN:245,(anonymous_14)
FN:253,generateAPIEndpoints
FN:260,(anonymous_16)
FN:365,generateFlagSchema
FN:368,(anonymous_18)
FN:393,getCategoryCounts
FN:396,(anonymous_20)
FN:411,validateCommandInput
FN:444,(anonymous_22)
FN:455,(anonymous_23)
FN:482,(anonymous_24)
FNF:25
FNH:0
FNDA:0,initializeCommandRegistry
FNDA:0,createMeowCLI
FNDA:0,executeCommand
FNDA:0,showCommandHelp
FNDA:0,(anonymous_4)
FNDA:0,listCommands
FNDA:0,hasCommand
FNDA:0,getCommand
FNDA:0,registerCommand
FNDA:0,(anonymous_9)
FNDA:0,(anonymous_10)
FNDA:0,(anonymous_11)
FNDA:0,registerCoreCommands
FNDA:0,getRegistryStats
FNDA:0,(anonymous_14)
FNDA:0,generateAPIEndpoints
FNDA:0,(anonymous_16)
FNDA:0,generateFlagSchema
FNDA:0,(anonymous_18)
FNDA:0,getCategoryCounts
FNDA:0,(anonymous_20)
FNDA:0,validateCommandInput
FNDA:0,(anonymous_22)
FNDA:0,(anonymous_23)
FNDA:0,(anonymous_24)
DA:13,0
DA:20,0
DA:21,0
DA:30,0
DA:32,0
DA:34,0
DA:65,0
DA:67,0
DA:68,0
DA:71,0
DA:72,0
DA:75,0
DA:77,0
DA:78,0
DA:82,0
DA:84,0
DA:94,0
DA:96,0
DA:98,0
DA:99,0
DA:100,0
DA:101,0
DA:102,0
DA:105,0
DA:112,0
DA:115,0
DA:116,0
DA:126,0
DA:128,0
DA:130,0
DA:131,0
DA:132,0
DA:142,0
DA:143,0
DA:152,0
DA:153,0
DA:163,0
DA:164,0
DA:173,0
DA:176,0
DA:178,0
DA:182,0
DA:184,0
DA:188,0
DA:190,0
DA:198,0
DA:199,0
DA:217,0
DA:219,0
DA:220,0
DA:228,0
DA:229,0
DA:230,0
DA:231,0
DA:232,0
DA:233,0
DA:234,0
DA:235,0
DA:236,0
DA:238,0
DA:242,0
DA:245,0
DA:254,0
DA:256,0
DA:257,0
DA:258,0
DA:260,0
DA:261,0
DA:264,0
DA:277,0
DA:353,0
DA:366,0
DA:368,0
DA:369,0
DA:370,0
DA:376,0
DA:377,0
DA:380,0
DA:387,0
DA:394,0
DA:396,0
DA:397,0
DA:398,0
DA:401,0
DA:412,0
DA:414,0
DA:415,0
DA:416,0
DA:423,0
DA:430,0
DA:431,0
DA:433,0
DA:434,0
DA:435,0
DA:438,0
DA:439,0
DA:440,0
DA:443,0
DA:444,0
DA:445,0
DA:446,0
DA:447,0
DA:454,0
DA:455,0
DA:456,0
DA:457,0
DA:458,0
DA:461,0
DA:464,0
DA:465,0
DA:466,0
DA:469,0
DA:470,0
DA:471,0
DA:475,0
DA:476,0
DA:477,0
DA:482,0
DA:483,0
DA:484,0
DA:485,0
DA:490,0
LF:122
LH:0
BRDA:20,0,0,0
BRDA:20,0,1,0
BRDA:64,1,0,0
BRDA:64,2,0,0
BRDA:67,3,0,0
BRDA:67,3,1,0
BRDA:77,4,0,0
BRDA:77,4,1,0
BRDA:98,5,0,0
BRDA:98,5,1,0
BRDA:115,6,0,0
BRDA:115,6,1,0
BRDA:125,7,0,0
BRDA:229,8,0,0
BRDA:229,8,1,0
BRDA:231,9,0,0
BRDA:231,9,1,0
BRDA:233,10,0,0
BRDA:233,10,1,0
BRDA:235,11,0,0
BRDA:235,11,1,0
BRDA:269,12,0,0
BRDA:269,12,1,0
BRDA:270,13,0,0
BRDA:270,13,1,0
BRDA:271,14,0,0
BRDA:271,14,1,0
BRDA:272,15,0,0
BRDA:272,15,1,0
BRDA:273,16,0,0
BRDA:273,16,1,0
BRDA:282,17,0,0
BRDA:282,17,1,0
BRDA:294,18,0,0
BRDA:294,18,1,0
BRDA:299,19,0,0
BRDA:299,19,1,0
BRDA:369,20,0,0
BRDA:369,20,1,0
BRDA:371,21,0,0
BRDA:371,21,1,0
BRDA:372,22,0,0
BRDA:372,22,1,0
BRDA:376,23,0,0
BRDA:376,23,1,0
BRDA:397,24,0,0
BRDA:397,24,1,0
BRDA:398,25,0,0
BRDA:398,25,1,0
BRDA:411,26,0,0
BRDA:411,27,0,0
BRDA:415,28,0,0
BRDA:415,28,1,0
BRDA:430,29,0,0
BRDA:430,29,1,0
BRDA:433,30,0,0
BRDA:433,30,1,0
BRDA:433,31,0,0
BRDA:433,31,1,0
BRDA:438,32,0,0
BRDA:438,32,1,0
BRDA:438,33,0,0
BRDA:438,33,1,0
BRDA:443,34,0,0
BRDA:443,34,1,0
BRDA:445,35,0,0
BRDA:445,35,1,0
BRDA:445,36,0,0
BRDA:445,36,1,0
BRDA:454,37,0,0
BRDA:454,37,1,0
BRDA:456,38,0,0
BRDA:456,38,1,0
BRDA:464,39,0,0
BRDA:464,39,1,0
BRDA:464,40,0,0
BRDA:464,40,1,0
BRDA:469,41,0,0
BRDA:469,41,1,0
BRDA:469,42,0,0
BRDA:469,42,1,0
BRDA:475,43,0,0
BRDA:475,43,1,0
BRDA:475,44,0,0
BRDA:475,44,1,0
BRDA:483,45,0,0
BRDA:483,45,1,0
BRDA:483,46,0,0
BRDA:483,46,1,0
BRF:89
BRH:0
end_of_record
TN:
SF:src/cli/create-enhanced-task.js
FN:9,createEnhancedTask
FNF:1
FNH:0
FNDA:0,createEnhancedTask
DA:10,0
DA:45,0
DA:46,0
DA:53,0
DA:54,0
DA:58,0
DA:212,0
LF:7
LH:0
BRDA:21,0,0,0
BRDA:21,0,1,0
BRDA:22,1,0,0
BRDA:22,1,1,0
BRDA:23,2,0,0
BRDA:23,2,1,0
BRDA:24,3,0,0
BRDA:24,3,1,0
BRDA:43,4,0,0
BRDA:43,4,1,0
BRDA:45,5,0,0
BRDA:45,5,1,0
BRDA:53,6,0,0
BRDA:53,6,1,0
BRDA:68,7,0,0
BRDA:68,7,1,0
BRDA:69,8,0,0
BRDA:69,8,1,0
BRDA:70,9,0,0
BRDA:70,9,1,0
BRDA:75,10,0,0
BRDA:75,10,1,0
BRDA:76,11,0,0
BRDA:76,11,1,0
BRDA:77,12,0,0
BRDA:77,12,1,0
BRDA:78,13,0,0
BRDA:78,13,1,0
BRDA:79,14,0,0
BRDA:79,14,1,0
BRDA:80,15,0,0
BRDA:80,15,1,0
BRDA:81,16,0,0
BRDA:81,16,1,0
BRDA:89,17,0,0
BRDA:89,17,1,0
BRDA:90,18,0,0
BRDA:90,18,1,0
BRDA:91,19,0,0
BRDA:91,19,1,0
BRDA:92,20,0,0
BRDA:92,20,1,0
BRDA:111,21,0,0
BRDA:111,21,1,0
BRDA:122,22,0,0
BRDA:122,22,1,0
BRDA:143,23,0,0
BRDA:143,23,1,0
BRDA:153,24,0,0
BRDA:153,24,1,0
BRDA:163,25,0,0
BRDA:163,25,1,0
BRDA:173,26,0,0
BRDA:173,26,1,0
BRDA:173,27,0,0
BRDA:173,27,1,0
BRDA:184,28,0,0
BRDA:184,28,1,0
BRDA:185,29,0,0
BRDA:185,29,1,0
BRDA:186,30,0,0
BRDA:186,30,1,0
BRDA:187,31,0,0
BRDA:187,31,1,0
BRDA:191,32,0,0
BRDA:191,32,1,0
BRDA:200,33,0,0
BRDA:200,33,1,0
BRF:68
BRH:0
end_of_record
TN:
SF:src/cli/generate-api-from-meow.js
FN:17,generateApiFromMeow
FN:18,(anonymous_1)
FN:408,(anonymous_2)
FN:560,generateFlagSchema
FN:563,(anonymous_4)
FN:592,generateFlagExample
FN:595,(anonymous_6)
FN:617,generateGraphQLSchema
FN:650,(anonymous_8)
FN:651,(anonymous_9)
FN:651,(anonymous_10)
FN:654,(anonymous_11)
FNF:12
FNH:0
FNDA:0,generateApiFromMeow
FNDA:0,(anonymous_1)
FNDA:0,(anonymous_2)
FNDA:0,generateFlagSchema
FNDA:0,(anonymous_4)
FNDA:0,generateFlagExample
FNDA:0,(anonymous_6)
FNDA:0,generateGraphQLSchema
FNDA:0,(anonymous_8)
FNDA:0,(anonymous_9)
FNDA:0,(anonymous_10)
FNDA:0,(anonymous_11)
DA:18,0
DA:19,0
DA:254,0
DA:286,0
DA:325,0
DA:368,0
DA:408,0
DA:409,0
DA:411,0
DA:479,0
DA:514,0
DA:553,0
DA:561,0
DA:563,0
DA:564,0
DA:565,0
DA:571,0
DA:572,0
DA:575,0
DA:576,0
DA:579,0
DA:586,0
DA:593,0
DA:595,0
DA:596,0
DA:597,0
DA:598,0
DA:599,0
DA:600,0
DA:601,0
DA:602,0
DA:604,0
DA:607,0
DA:611,0
DA:620,0
DA:650,0
DA:651,0
DA:656,0
LF:38
LH:0
BRDA:23,0,0,0
BRDA:23,0,1,0
BRDA:413,1,0,0
BRDA:413,1,1,0
BRDA:416,2,0,0
BRDA:416,2,1,0
BRDA:428,3,0,0
BRDA:428,3,1,0
BRDA:433,4,0,0
BRDA:433,4,1,0
BRDA:434,5,0,0
BRDA:434,5,1,0
BRDA:484,6,0,0
BRDA:484,6,1,0
BRDA:564,7,0,0
BRDA:564,7,1,0
BRDA:564,8,0,0
BRDA:564,8,1,0
BRDA:566,9,0,0
BRDA:566,9,1,0
BRDA:567,10,0,0
BRDA:567,10,1,0
BRDA:571,11,0,0
BRDA:571,11,1,0
BRDA:575,12,0,0
BRDA:575,12,1,0
BRDA:596,13,0,0
BRDA:596,13,1,0
BRDA:596,14,0,0
BRDA:596,14,1,0
BRDA:597,15,0,0
BRDA:597,15,1,0
BRDA:599,16,0,0
BRDA:599,16,1,0
BRDA:601,17,0,0
BRDA:601,17,1,0
BRDA:654,18,0,0
BRDA:654,19,0,0
BRF:38
BRH:0
end_of_record
TN:
SF:src/cli/help-formatter.js
FN:14,(anonymous_0)
FN:56,(anonymous_1)
FN:71,(anonymous_2)
FN:78,(anonymous_3)
FN:79,(anonymous_4)
FN:82,(anonymous_5)
FN:85,(anonymous_6)
FN:92,(anonymous_7)
FN:102,(anonymous_8)
FN:105,(anonymous_9)
FN:108,(anonymous_10)
FN:131,(anonymous_11)
FNF:12
FNH:0
FNDA:0,(anonymous_0)
FNDA:0,(anonymous_1)
FNDA:0,(anonymous_2)
FNDA:0,(anonymous_3)
FNDA:0,(anonymous_4)
FNDA:0,(anonymous_5)
FNDA:0,(anonymous_6)
FNDA:0,(anonymous_7)
FNDA:0,(anonymous_8)
FNDA:0,(anonymous_9)
FNDA:0,(anonymous_10)
FNDA:0,(anonymous_11)
DA:7,0
DA:8,0
DA:9,0
DA:15,0
DA:18,0
DA:21,0
DA:22,0
DA:26,0
DA:27,0
DA:31,0
DA:32,0
DA:36,0
DA:37,0
DA:41,0
DA:42,0
DA:46,0
DA:47,0
DA:50,0
DA:57,0
DA:59,0
DA:60,0
DA:63,0
DA:65,0
DA:72,0
DA:79,0
DA:83,0
DA:86,0
DA:87,0
DA:88,0
DA:92,0
DA:93,0
DA:94,0
DA:95,0
DA:97,0
DA:98,0
DA:103,0
DA:105,0
DA:108,0
DA:109,0
DA:110,0
DA:113,0
DA:114,0
DA:118,0
DA:120,0
DA:121,0
DA:124,0
DA:133,0
DA:137,0
DA:138,0
DA:141,0
DA:143,0
LF:51
LH:0
BRDA:21,0,0,0
BRDA:21,0,1,0
BRDA:26,1,0,0
BRDA:26,1,1,0
BRDA:26,2,0,0
BRDA:26,2,1,0
BRDA:31,3,0,0
BRDA:31,3,1,0
BRDA:31,4,0,0
BRDA:31,4,1,0
BRDA:36,5,0,0
BRDA:36,5,1,0
BRDA:36,6,0,0
BRDA:36,6,1,0
BRDA:41,7,0,0
BRDA:41,7,1,0
BRDA:41,8,0,0
BRDA:41,8,1,0
BRDA:46,9,0,0
BRDA:46,9,1,0
BRDA:46,10,0,0
BRDA:46,10,1,0
BRDA:59,11,0,0
BRDA:59,11,1,0
BRDA:87,12,0,0
BRDA:87,12,1,0
BRDA:94,13,0,0
BRDA:94,13,1,0
BRDA:94,14,0,0
BRDA:94,14,1,0
BRDA:113,15,0,0
BRDA:113,15,1,0
BRDA:118,16,0,0
BRDA:118,16,1,0
BRDA:118,17,0,0
BRDA:118,17,1,0
BRF:36
BRH:0
end_of_record
TN:
SF:src/cli/help-text.js
FN:637,getCommandHelp
FN:642,getStandardizedCommandHelp
FN:786,getMainHelp
FNF:3
FNH:0
FNDA:0,getCommandHelp
FNDA:0,getStandardizedCommandHelp
FNDA:0,getMainHelp
DA:8,0
DA:10,0
DA:82,0
DA:639,0
DA:643,0
DA:774,0
DA:775,0
DA:776,0
DA:783,0
DA:788,0
DA:789,0
DA:793,0
DA:907,0
LF:13
LH:0
BRDA:639,0,0,0
BRDA:639,0,1,0
BRDA:775,1,0,0
BRDA:775,1,1,0
BRDA:786,2,0,0
BRDA:788,3,0,0
BRDA:788,3,1,0
BRF:7
BRH:0
end_of_record
TN:
SF:src/cli/plugin-activation.js
FN:16,initializePlugins
FN:53,registerCorePlugins
FN:216,displayActivationSummary
FN:227,(anonymous_3)
FN:228,(anonymous_4)
FN:233,(anonymous_5)
FN:236,(anonymous_6)
FN:247,getPluginManager
FN:257,getPlugin
FN:265,isPluginLoaded
FN:273,registerPluginCommands
FN:292,shutdownPlugins
FN:317,checkPluginHealth
FNF:13
FNH:0
FNDA:0,initializePlugins
FNDA:0,registerCorePlugins
FNDA:0,displayActivationSummary
FNDA:0,(anonymous_3)
FNDA:0,(anonymous_4)
FNDA:0,(anonymous_5)
FNDA:0,(anonymous_6)
FNDA:0,getPluginManager
FNDA:0,getPlugin
FNDA:0,isPluginLoaded
FNDA:0,registerPluginCommands
FNDA:0,shutdownPlugins
FNDA:0,checkPluginHealth
DA:11,0
DA:17,0
DA:18,0
DA:19,0
DA:22,0
DA:24,0
DA:26,0
DA:34,0
DA:37,0
DA:40,0
DA:42,0
DA:45,0
DA:46,0
DA:55,0
DA:182,0
DA:183,0
DA:184,0
DA:187,0
DA:190,0
DA:191,0
DA:193,0
DA:196,0
DA:197,0
DA:200,0
DA:203,0
DA:206,0
DA:207,0
DA:217,0
DA:219,0
DA:220,0
DA:221,0
DA:222,0
DA:224,0
DA:225,0
DA:226,0
DA:227,0
DA:229,0
DA:233,0
DA:234,0
DA:235,0
DA:236,0
DA:237,0
DA:241,0
DA:248,0
DA:249,0
DA:251,0
DA:258,0
DA:259,0
DA:266,0
DA:267,0
DA:274,0
DA:277,0
DA:278,0
DA:279,0
DA:280,0
DA:281,0
DA:283,0
DA:293,0
DA:294,0
DA:297,0
DA:299,0
DA:301,0
DA:302,0
DA:303,0
DA:304,0
DA:306,0
DA:310,0
DA:311,0
DA:318,0
DA:319,0
DA:320,0
DA:332,0
DA:333,0
DA:340,0
DA:341,0
DA:342,0
DA:343,0
DA:344,0
DA:346,0
DA:347,0
DA:352,0
DA:356,0
DA:357,0
DA:358,0
DA:359,0
DA:360,0
DA:363,0
DA:367,0
DA:368,0
DA:369,0
LF:90
LH:0
BRDA:16,0,0,0
BRDA:17,1,0,0
BRDA:17,1,1,0
BRDA:190,2,0,0
BRDA:190,2,1,0
BRDA:196,3,0,0
BRDA:196,3,1,0
BRDA:206,4,0,0
BRDA:206,4,1,0
BRDA:224,5,0,0
BRDA:224,5,1,0
BRDA:233,6,0,0
BRDA:233,6,1,0
BRDA:234,7,0,0
BRDA:234,7,1,0
BRDA:248,8,0,0
BRDA:248,8,1,0
BRDA:278,9,0,0
BRDA:278,9,1,0
BRDA:278,10,0,0
BRDA:278,10,1,0
BRDA:293,11,0,0
BRDA:293,11,1,0
BRDA:334,12,0,0
BRDA:334,12,1,0
BRDA:340,13,0,0
BRDA:340,13,1,0
BRDA:342,14,0,0
BRDA:342,14,1,0
BRDA:342,15,0,0
BRDA:342,15,1,0
BRDA:342,15,2,0
BRDA:357,16,0,0
BRDA:357,16,1,0
BRDA:359,17,0,0
BRDA:359,17,1,0
BRF:36
BRH:0
end_of_record
TN:
SF:src/cli/runtime-detector.js
FN:12,(anonymous_0)
FN:13,(anonymous_1)
FN:14,(anonymous_2)
FN:16,(anonymous_3)
FNF:4
FNH:4
FNDA:1,(anonymous_0)
FNDA:1,(anonymous_1)
FNDA:1,(anonymous_2)
FNDA:9,(anonymous_3)
DA:5,1
DA:12,1
DA:13,1
DA:14,1
DA:17,9
DA:18,9
DA:20,6
DA:21,6
LF:8
LH:8
BRDA:8,0,0,0
BRDA:8,0,1,1
BRF:2
BRH:1
end_of_record
TN:
SF:src/cli/swarm-standalone.js
FN:184,(anonymous_0)
FN:185,(anonymous_1)
FN:193,(anonymous_2)
FN:224,(anonymous_3)
FNF:4
FNH:0
FNDA:0,(anonymous_0)
FNDA:0,(anonymous_1)
FNDA:0,(anonymous_2)
FNDA:0,(anonymous_3)
DA:11,0
DA:12,0
DA:15,0
DA:16,0
DA:18,0
DA:19,0
DA:20,0
DA:21,0
DA:22,0
DA:23,0
DA:24,0
DA:26,0
DA:29,0
DA:33,0
DA:35,0
DA:36,0
DA:37,0
DA:51,0
DA:55,0
DA:61,0
DA:62,0
DA:63,0
DA:64,0
DA:65,0
DA:69,0
DA:71,0
DA:72,0
DA:73,0
DA:74,0
DA:75,0
DA:76,0
DA:79,0
DA:81,0
DA:82,0
DA:83,0
DA:84,0
DA:85,0
DA:86,0
DA:87,0
DA:88,0
DA:89,0
DA:90,0
DA:91,0
DA:92,0
DA:93,0
DA:94,0
DA:95,0
DA:96,0
DA:97,0
DA:98,0
DA:99,0
DA:100,0
DA:101,0
DA:102,0
DA:106,0
DA:107,0
DA:110,0
DA:111,0
DA:114,0
DA:115,0
DA:116,0
DA:117,0
DA:118,0
DA:119,0
DA:120,0
DA:121,0
DA:122,0
DA:123,0
DA:124,0
DA:128,0
DA:131,0
DA:164,0
DA:166,0
DA:169,0
DA:170,0
DA:174,0
DA:180,0
DA:181,0
DA:184,0
DA:185,0
DA:186,0
DA:187,0
DA:189,0
DA:193,0
DA:194,0
DA:199,0
DA:200,0
DA:201,0
DA:202,0
DA:203,0
DA:204,0
DA:205,0
DA:206,0
DA:207,0
DA:208,0
DA:212,0
DA:213,0
DA:214,0
DA:215,0
DA:216,0
DA:220,0
DA:224,0
DA:225,0
LF:103
LH:0
BRDA:20,0,0,0
BRDA:20,0,1,0
BRDA:22,1,0,0
BRDA:22,1,1,0
BRDA:22,2,0,0
BRDA:22,2,1,0
BRDA:35,3,0,0
BRDA:35,3,1,0
BRDA:35,4,0,0
BRDA:35,4,1,0
BRDA:63,5,0,0
BRDA:63,5,1,0
BRDA:69,6,0,0
BRDA:69,6,1,0
BRDA:73,7,0,0
BRDA:73,7,1,0
BRDA:74,8,0,0
BRDA:74,8,1,0
BRDA:75,9,0,0
BRDA:75,9,1,0
BRDA:81,10,0,0
BRDA:81,10,1,0
BRDA:83,11,0,0
BRDA:83,11,1,0
BRDA:84,12,0,0
BRDA:84,12,1,0
BRDA:85,13,0,0
BRDA:85,13,1,0
BRDA:86,14,0,0
BRDA:86,14,1,0
BRDA:87,15,0,0
BRDA:87,15,1,0
BRDA:88,16,0,0
BRDA:88,16,1,0
BRDA:89,17,0,0
BRDA:89,17,1,0
BRDA:90,18,0,0
BRDA:90,18,1,0
BRDA:92,19,0,0
BRDA:92,19,1,0
BRDA:93,20,0,0
BRDA:93,20,1,0
BRDA:96,21,0,0
BRDA:96,21,1,0
BRDA:97,22,0,0
BRDA:97,22,1,0
BRDA:98,23,0,0
BRDA:98,23,1,0
BRDA:99,24,0,0
BRDA:99,24,1,0
BRDA:100,25,0,0
BRDA:100,25,1,0
BRDA:134,26,0,0
BRDA:134,26,1,0
BRDA:135,27,0,0
BRDA:135,27,1,0
BRDA:136,28,0,0
BRDA:136,28,1,0
BRDA:137,29,0,0
BRDA:137,29,1,0
BRDA:138,30,0,0
BRDA:138,30,1,0
BRDA:139,31,0,0
BRDA:139,31,1,0
BRDA:140,32,0,0
BRDA:140,32,1,0
BRDA:141,33,0,0
BRDA:141,33,1,0
BRDA:142,34,0,0
BRDA:142,34,1,0
BRDA:143,35,0,0
BRDA:143,35,1,0
BRDA:144,36,0,0
BRDA:144,36,1,0
BRDA:145,37,0,0
BRDA:145,37,1,0
BRDA:148,38,0,0
BRDA:148,38,1,0
BRDA:149,39,0,0
BRDA:149,39,1,0
BRDA:150,40,0,0
BRDA:150,40,1,0
BRDA:151,41,0,0
BRDA:151,41,1,0
BRDA:152,42,0,0
BRDA:152,42,1,0
BRDA:169,43,0,0
BRDA:169,43,1,0
BRDA:169,44,0,0
BRDA:169,44,1,0
BRDA:186,45,0,0
BRDA:186,45,1,0
BRDA:215,46,0,0
BRDA:215,46,1,0
BRDA:225,47,0,0
BRDA:225,47,1,0
BRF:96
BRH:0
end_of_record
TN:
SF:src/cli/template-manager.js
FN:15,(anonymous_0)
FN:26,(anonymous_1)
FN:31,(anonymous_2)
FN:31,(anonymous_3)
FN:78,(anonymous_4)
FN:86,(anonymous_5)
FN:98,(anonymous_6)
FN:119,(anonymous_7)
FN:168,(anonymous_8)
FN:203,(anonymous_9)
FN:220,(anonymous_10)
FN:228,(anonymous_11)
FN:255,(anonymous_12)
FN:289,(anonymous_13)
FN:334,(anonymous_14)
FNF:15
FNH:0
FNDA:0,(anonymous_0)
FNDA:0,(anonymous_1)
FNDA:0,(anonymous_2)
FNDA:0,(anonymous_3)
FNDA:0,(anonymous_4)
FNDA:0,(anonymous_5)
FNDA:0,(anonymous_6)
FNDA:0,(anonymous_7)
FNDA:0,(anonymous_8)
FNDA:0,(anonymous_9)
FNDA:0,(anonymous_10)
FNDA:0,(anonymous_11)
FNDA:0,(anonymous_12)
FNDA:0,(anonymous_13)
FNDA:0,(anonymous_14)
DA:11,0
DA:12,0
DA:16,0
DA:27,0
DA:29,0
DA:30,0
DA:31,0
DA:32,0
DA:34,0
DA:36,0
DA:37,0
DA:38,0
DA:39,0
DA:41,0
DA:42,0
DA:43,0
DA:45,0
DA:53,0
DA:68,0
DA:72,0
DA:79,0
DA:80,0
DA:87,0
DA:88,0
DA:90,0
DA:91,0
DA:92,0
DA:95,0
DA:96,0
DA:98,0
DA:99,0
DA:100,0
DA:101,0
DA:102,0
DA:103,0
DA:105,0
DA:106,0
DA:109,0
DA:112,0
DA:113,0
DA:120,0
DA:122,0
DA:123,0
DA:126,0
DA:127,0
DA:130,0
DA:131,0
DA:132,0
DA:133,0
DA:134,0
DA:135,0
DA:139,0
DA:140,0
DA:145,0
DA:148,0
DA:151,0
DA:154,0
DA:156,0
DA:157,0
DA:160,0
DA:162,0
DA:169,0
DA:171,0
DA:172,0
DA:174,0
DA:175,0
DA:176,0
DA:179,0
DA:180,0
DA:184,0
DA:185,0
DA:188,0
DA:189,0
DA:190,0
DA:192,0
DA:196,0
DA:204,0
DA:205,0
DA:208,0
DA:211,0
DA:212,0
DA:213,0
DA:219,0
DA:220,0
DA:221,0
DA:229,0
DA:230,0
DA:231,0
DA:233,0
DA:235,0
DA:238,0
DA:239,0
DA:242,0
DA:243,0
DA:244,0
DA:245,0
DA:247,0
DA:256,0
DA:257,0
DA:259,0
DA:260,0
DA:261,0
DA:263,0
DA:267,0
DA:268,0
DA:269,0
DA:270,0
DA:273,0
DA:274,0
DA:275,0
DA:276,0
DA:278,0
DA:279,0
DA:283,0
DA:290,0
DA:291,0
DA:292,0
DA:295,0
DA:298,0
DA:299,0
DA:300,0
DA:301,0
DA:302,0
DA:304,0
DA:308,0
DA:323,0
DA:328,0
DA:335,0
DA:336,0
DA:338,0
DA:339,0
DA:340,0
DA:342,0
DA:343,0
DA:345,0
LF:135
LH:0
BRDA:19,0,0,0
BRDA:19,0,1,0
BRDA:32,1,0,0
BRDA:32,1,1,0
BRDA:37,2,0,0
BRDA:37,2,1,0
BRDA:90,3,0,0
BRDA:90,3,1,0
BRDA:101,4,0,0
BRDA:101,4,1,0
BRDA:102,5,0,0
BRDA:102,5,1,0
BRDA:103,6,0,0
BRDA:103,6,1,0
BRDA:105,7,0,0
BRDA:105,7,1,0
BRDA:105,8,0,0
BRDA:105,8,1,0
BRDA:106,9,0,0
BRDA:106,9,1,0
BRDA:119,10,0,0
BRDA:122,11,0,0
BRDA:122,11,1,0
BRDA:126,12,0,0
BRDA:126,13,0,0
BRDA:126,14,0,0
BRDA:126,15,0,0
BRDA:132,16,0,0
BRDA:132,16,1,0
BRDA:134,17,0,0
BRDA:134,17,1,0
BRDA:134,18,0,0
BRDA:134,18,1,0
BRDA:139,19,0,0
BRDA:139,19,1,0
BRDA:168,20,0,0
BRDA:169,21,0,0
BRDA:179,22,0,0
BRDA:179,22,1,0
BRDA:179,23,0,0
BRDA:179,23,1,0
BRDA:179,23,2,0
BRDA:184,24,0,0
BRDA:184,24,1,0
BRDA:184,25,0,0
BRDA:184,25,1,0
BRDA:184,25,2,0
BRDA:184,25,3,0
BRDA:188,26,0,0
BRDA:188,26,1,0
BRDA:204,27,0,0
BRDA:204,27,1,0
BRDA:204,28,0,0
BRDA:204,28,1,0
BRDA:211,29,0,0
BRDA:211,29,1,0
BRDA:229,30,0,0
BRDA:229,30,1,0
BRDA:255,31,0,0
BRDA:259,32,0,0
BRDA:259,32,1,0
BRDA:259,33,0,0
BRDA:259,33,1,0
BRDA:267,34,0,0
BRDA:267,34,1,0
BRDA:269,35,0,0
BRDA:269,35,1,0
BRDA:273,36,0,0
BRDA:273,36,1,0
BRDA:275,37,0,0
BRDA:275,37,1,0
BRDA:278,38,0,0
BRDA:278,38,1,0
BRDA:289,39,0,0
BRDA:290,40,0,0
BRDA:290,41,0,0
BRDA:290,42,0,0
BRDA:342,43,0,0
BRDA:342,43,1,0
BRF:79
BRH:0
end_of_record
TN:
SF:src/cli/utils.js
FN:5,printSuccess
FN:9,printError
FN:13,printWarning
FN:17,printInfo
FN:22,validateArgs
FN:31,ensureDirectory
FN:43,fileExists
FN:53,readJsonFile
FN:62,writeJsonFile
FN:67,formatTimestamp
FN:71,truncateString
FN:75,formatBytes
FN:89,parseFlags
FN:129,runCommand
FN:137,(anonymous_14)
FN:147,(anonymous_15)
FN:151,(anonymous_16)
FN:155,(anonymous_17)
FN:164,(anonymous_18)
FN:200,loadConfig
FN:226,saveConfig
FN:231,generateId
FN:238,chunk
FN:247,getEnvVar
FN:251,setEnvVar
FN:256,isValidJson
FN:265,isValidUrl
FN:275,showProgress
FN:281,clearLine
FN:286,sleep
FN:287,(anonymous_30)
FN:290,retry
FN:311,getRuvSwarmInstance
FN:335,callRuvSwarmLibrary
FN:400,callRuvSwarmMCP
FN:415,callRuvSwarmDirectNeural
FN:433,(anonymous_36)
FN:455,(anonymous_37)
FN:464,(anonymous_38)
FN:550,execRuvSwarmHook
FN:556,(anonymous_40)
FN:583,checkRuvSwarmAvailable
FN:597,trainNeuralModel
FN:606,updateNeuralPattern
FN:616,getSwarmStatus
FN:622,spawnSwarmAgent
FN:631,initializeSwarm
FN:640,orchestrateTask
FNF:48
FNH:0
FNDA:0,printSuccess
FNDA:0,printError
FNDA:0,printWarning
FNDA:0,printInfo
FNDA:0,validateArgs
FNDA:0,ensureDirectory
FNDA:0,fileExists
FNDA:0,readJsonFile
FNDA:0,writeJsonFile
FNDA:0,formatTimestamp
FNDA:0,truncateString
FNDA:0,formatBytes
FNDA:0,parseFlags
FNDA:0,runCommand
FNDA:0,(anonymous_14)
FNDA:0,(anonymous_15)
FNDA:0,(anonymous_16)
FNDA:0,(anonymous_17)
FNDA:0,(anonymous_18)
FNDA:0,loadConfig
FNDA:0,saveConfig
FNDA:0,generateId
FNDA:0,chunk
FNDA:0,getEnvVar
FNDA:0,setEnvVar
FNDA:0,isValidJson
FNDA:0,isValidUrl
FNDA:0,showProgress
FNDA:0,clearLine
FNDA:0,sleep
FNDA:0,(anonymous_30)
FNDA:0,retry
FNDA:0,getRuvSwarmInstance
FNDA:0,callRuvSwarmLibrary
FNDA:0,callRuvSwarmMCP
FNDA:0,callRuvSwarmDirectNeural
FNDA:0,(anonymous_36)
FNDA:0,(anonymous_37)
FNDA:0,(anonymous_38)
FNDA:0,execRuvSwarmHook
FNDA:0,(anonymous_40)
FNDA:0,checkRuvSwarmAvailable
FNDA:0,trainNeuralModel
FNDA:0,updateNeuralPattern
FNDA:0,getSwarmStatus
FNDA:0,spawnSwarmAgent
FNDA:0,initializeSwarm
FNDA:0,orchestrateTask
DA:6,0
DA:10,0
DA:14,0
DA:18,0
DA:23,0
DA:24,0
DA:25,0
DA:27,0
DA:32,0
DA:33,0
DA:34,0
DA:36,0
DA:37,0
DA:39,0
DA:44,0
DA:45,0
DA:46,0
DA:48,0
DA:54,0
DA:55,0
DA:56,0
DA:58,0
DA:63,0
DA:68,0
DA:72,0
DA:76,0
DA:77,0
DA:78,0
DA:80,0
DA:81,0
DA:82,0
DA:85,0
DA:90,0
DA:91,0
DA:92,0
DA:94,0
DA:95,0
DA:97,0
DA:98,0
DA:99,0
DA:101,0
DA:102,0
DA:103,0
DA:104,0
DA:106,0
DA:107,0
DA:109,0
DA:111,0
DA:112,0
DA:113,0
DA:114,0
DA:117,0
DA:121,0
DA:130,0
DA:132,0
DA:134,0
DA:135,0
DA:137,0
DA:138,0
DA:144,0
DA:145,0
DA:147,0
DA:148,0
DA:151,0
DA:152,0
DA:155,0
DA:156,0
DA:164,0
DA:165,0
DA:175,0
DA:180,0
DA:182,0
DA:190,0
DA:201,0
DA:218,0
DA:219,0
DA:220,0
DA:222,0
DA:227,0
DA:232,0
DA:233,0
DA:234,0
DA:239,0
DA:240,0
DA:241,0
DA:243,0
DA:248,0
DA:252,0
DA:257,0
DA:258,0
DA:259,0
DA:261,0
DA:266,0
DA:267,0
DA:268,0
DA:270,0
DA:276,0
DA:277,0
DA:278,0
DA:282,0
DA:287,0
DA:291,0
DA:292,0
DA:293,0
DA:295,0
DA:296,0
DA:298,0
DA:308,0
DA:309,0
DA:312,0
DA:314,0
DA:318,0
DA:321,0
DA:329,0
DA:331,0
DA:336,0
DA:337,0
DA:339,0
DA:341,0
DA:342,0
DA:350,0
DA:351,0
DA:359,0
DA:360,0
DA:368,0
DA:371,0
DA:372,0
DA:381,0
DA:390,0
DA:391,0
DA:402,0
DA:410,0
DA:411,0
DA:416,0
DA:417,0
DA:418,0
DA:419,0
DA:421,0
DA:422,0
DA:425,0
DA:429,0
DA:431,0
DA:433,0
DA:434,0
DA:455,0
DA:456,0
DA:464,0
DA:465,0
DA:474,0
DA:475,0
DA:477,0
DA:478,0
DA:482,0
DA:485,0
DA:487,0
DA:488,0
DA:489,0
DA:490,0
DA:492,0
DA:493,0
DA:494,0
DA:495,0
DA:496,0
DA:497,0
DA:498,0
DA:503,0
DA:504,0
DA:505,0
DA:507,0
DA:525,0
DA:530,0
DA:545,0
DA:546,0
DA:551,0
DA:552,0
DA:553,0
DA:556,0
DA:557,0
DA:558,0
DA:559,0
DA:563,0
DA:568,0
DA:569,0
DA:572,0
DA:578,0
DA:579,0
DA:584,0
DA:585,0
DA:590,0
DA:592,0
DA:598,0
DA:607,0
DA:617,0
DA:623,0
DA:632,0
DA:641,0
LF:196
LH:0
BRDA:23,0,0,0
BRDA:23,0,1,0
BRDA:36,1,0,0
BRDA:36,1,1,0
BRDA:53,2,0,0
BRDA:71,3,0,0
BRDA:72,4,0,0
BRDA:72,4,1,0
BRDA:80,5,0,0
BRDA:80,5,1,0
BRDA:97,6,0,0
BRDA:97,6,1,0
BRDA:101,7,0,0
BRDA:101,7,1,0
BRDA:101,8,0,0
BRDA:101,8,1,0
BRDA:109,9,0,0
BRDA:109,9,1,0
BRDA:109,10,0,0
BRDA:109,10,1,0
BRDA:129,11,0,0
BRDA:129,12,0,0
BRDA:132,13,0,0
BRDA:132,13,1,0
BRDA:132,14,0,0
BRDA:132,14,1,0
BRDA:132,14,2,0
BRDA:158,15,0,0
BRDA:158,15,1,0
BRDA:200,16,0,0
BRDA:226,17,0,0
BRDA:231,18,0,0
BRDA:234,19,0,0
BRDA:234,19,1,0
BRDA:247,20,0,0
BRDA:248,21,0,0
BRDA:248,21,1,0
BRDA:275,22,0,0
BRDA:290,23,0,0
BRDA:290,24,0,0
BRDA:295,25,0,0
BRDA:295,25,1,0
BRDA:312,26,0,0
BRDA:312,26,1,0
BRDA:335,27,0,0
BRDA:339,28,0,0
BRDA:339,28,1,0
BRDA:339,28,2,0
BRDA:339,28,3,0
BRDA:339,28,4,0
BRDA:339,28,5,0
BRDA:377,29,0,0
BRDA:377,29,1,0
BRDA:400,30,0,0
BRDA:410,31,0,0
BRDA:410,31,1,0
BRDA:415,32,0,0
BRDA:417,33,0,0
BRDA:417,33,1,0
BRDA:418,34,0,0
BRDA:418,34,1,0
BRDA:419,35,0,0
BRDA:419,35,1,0
BRDA:429,36,0,0
BRDA:429,36,1,0
BRDA:429,37,0,0
BRDA:429,37,1,0
BRDA:429,37,2,0
BRDA:458,38,0,0
BRDA:458,38,1,0
BRDA:474,39,0,0
BRDA:474,39,1,0
BRDA:477,40,0,0
BRDA:477,40,1,0
BRDA:493,41,0,0
BRDA:493,41,1,0
BRDA:493,42,0,0
BRDA:493,42,1,0
BRDA:496,43,0,0
BRDA:496,43,1,0
BRDA:503,44,0,0
BRDA:503,44,1,0
BRDA:511,45,0,0
BRDA:511,45,1,0
BRDA:512,46,0,0
BRDA:512,46,1,0
BRDA:514,47,0,0
BRDA:514,47,1,0
BRDA:521,48,0,0
BRDA:521,48,1,0
BRDA:537,49,0,0
BRDA:537,49,1,0
BRDA:550,50,0,0
BRDA:558,51,0,0
BRDA:558,51,1,0
BRDA:558,52,0,0
BRDA:558,52,1,0
BRDA:568,53,0,0
BRDA:568,53,1,0
BRDA:597,54,0,0
BRDA:606,55,0,0
BRDA:616,56,0,0
BRDA:622,57,0,0
BRDA:631,58,0,0
BRDA:633,59,0,0
BRDA:633,59,1,0
BRDA:634,60,0,0
BRDA:634,60,1,0
BRDA:635,61,0,0
BRDA:635,61,1,0
BRDA:640,62,0,0
BRDA:643,63,0,0
BRDA:643,63,1,0
BRDA:644,64,0,0
BRDA:644,64,1,0
BRF:115
BRH:0
end_of_record
TN:
SF:src/cli/validation-helper.js
FN:12,(anonymous_0)
FN:24,(anonymous_1)
FN:63,(anonymous_2)
FN:78,(anonymous_3)
FN:96,(anonymous_4)
FNF:5
FNH:0
FNDA:0,(anonymous_0)
FNDA:0,(anonymous_1)
FNDA:0,(anonymous_2)
FNDA:0,(anonymous_3)
FNDA:0,(anonymous_4)
DA:13,0
DA:14,0
DA:17,0
DA:25,0
DA:27,0
DA:28,0
DA:34,0
DA:37,0
DA:38,0
DA:44,0
DA:47,0
DA:48,0
DA:54,0
DA:57,0
DA:64,0
DA:65,0
DA:71,0
DA:79,0
DA:80,0
DA:81,0
DA:83,0
DA:89,0
DA:97,0
DA:98,0
DA:99,0
DA:101,0
DA:102,0
DA:105,0
DA:111,0
LF:29
LH:0
BRDA:13,0,0,0
BRDA:13,0,1,0
BRDA:27,1,0,0
BRDA:27,1,1,0
BRDA:31,2,0,0
BRDA:31,2,1,0
BRDA:37,3,0,0
BRDA:37,3,1,0
BRDA:37,4,0,0
BRDA:37,4,1,0
BRDA:41,5,0,0
BRDA:41,5,1,0
BRDA:47,6,0,0
BRDA:47,6,1,0
BRDA:47,7,0,0
BRDA:47,7,1,0
BRDA:51,8,0,0
BRDA:51,8,1,0
BRDA:64,9,0,0
BRDA:64,9,1,0
BRDA:64,10,0,0
BRDA:64,10,1,0
BRDA:64,10,2,0
BRDA:68,11,0,0
BRDA:68,11,1,0
BRDA:86,12,0,0
BRDA:86,12,1,0
BRDA:98,13,0,0
BRDA:98,13,1,0
BRDA:98,14,0,0
BRDA:98,14,1,0
BRDA:98,14,2,0
BRDA:101,15,0,0
BRDA:101,15,1,0
BRDA:101,16,0,0
BRDA:101,16,1,0
BRDA:101,16,2,0
BRDA:108,17,0,0
BRDA:108,17,1,0
BRF:39
BRH:0
end_of_record
TN:
SF:src/cli/command-handlers/agent-command.js
FN:4,agentCommand
FN:45,spawnAgent
FN:58,listAgents
FN:67,manageHierarchy
FN:93,manageNetwork
FN:112,manageEcosystem
FN:137,provisionAgent
FN:158,terminateAgent
FN:170,showAgentInfo
FN:183,getFlag
FN:188,showAgentHelp
FNF:11
FNH:0
FNDA:0,agentCommand
FNDA:0,spawnAgent
FNDA:0,listAgents
FNDA:0,manageHierarchy
FNDA:0,manageNetwork
FNDA:0,manageEcosystem
FNDA:0,provisionAgent
FNDA:0,terminateAgent
FNDA:0,showAgentInfo
FNDA:0,getFlag
FNDA:0,showAgentHelp
DA:5,0
DA:7,0
DA:9,0
DA:10,0
DA:13,0
DA:14,0
DA:17,0
DA:18,0
DA:21,0
DA:22,0
DA:25,0
DA:26,0
DA:29,0
DA:30,0
DA:33,0
DA:34,0
DA:37,0
DA:38,0
DA:41,0
DA:46,0
DA:47,0
DA:49,0
DA:50,0
DA:51,0
DA:52,0
DA:53,0
DA:54,0
DA:55,0
DA:59,0
DA:60,0
DA:61,0
DA:62,0
DA:63,0
DA:64,0
DA:68,0
DA:70,0
DA:72,0
DA:73,0
DA:74,0
DA:75,0
DA:76,0
DA:77,0
DA:78,0
DA:81,0
DA:82,0
DA:83,0
DA:86,0
DA:87,0
DA:88,0
DA:89,0
DA:94,0
DA:96,0
DA:98,0
DA:99,0
DA:100,0
DA:103,0
DA:104,0
DA:105,0
DA:108,0
DA:113,0
DA:115,0
DA:117,0
DA:118,0
DA:119,0
DA:120,0
DA:121,0
DA:122,0
DA:125,0
DA:126,0
DA:127,0
DA:128,0
DA:129,0
DA:130,0
DA:133,0
DA:138,0
DA:140,0
DA:141,0
DA:142,0
DA:145,0
DA:146,0
DA:147,0
DA:148,0
DA:151,0
DA:152,0
DA:153,0
DA:154,0
DA:159,0
DA:161,0
DA:162,0
DA:163,0
DA:166,0
DA:167,0
DA:171,0
DA:173,0
DA:174,0
DA:175,0
DA:178,0
DA:179,0
DA:180,0
DA:184,0
DA:185,0
DA:189,0
DA:190,0
DA:191,0
DA:192,0
DA:193,0
DA:194,0
DA:195,0
DA:196,0
DA:197,0
DA:198,0
DA:199,0
DA:200,0
DA:201,0
DA:202,0
DA:203,0
DA:204,0
DA:205,0
DA:206,0
DA:207,0
DA:208,0
DA:209,0
DA:210,0
LF:123
LH:0
BRDA:7,0,0,0
BRDA:7,0,1,0
BRDA:7,0,2,0
BRDA:7,0,3,0
BRDA:7,0,4,0
BRDA:7,0,5,0
BRDA:7,0,6,0
BRDA:7,0,7,0
BRDA:7,0,8,0
BRDA:46,1,0,0
BRDA:46,1,1,0
BRDA:47,2,0,0
BRDA:47,2,1,0
BRDA:47,2,2,0
BRDA:70,3,0,0
BRDA:70,3,1,0
BRDA:70,3,2,0
BRDA:72,4,0,0
BRDA:72,4,1,0
BRDA:96,5,0,0
BRDA:96,5,1,0
BRDA:96,5,2,0
BRDA:115,6,0,0
BRDA:115,6,1,0
BRDA:115,6,2,0
BRDA:140,7,0,0
BRDA:140,7,1,0
BRDA:146,8,0,0
BRDA:146,8,1,0
BRDA:146,9,0,0
BRDA:146,9,1,0
BRDA:161,10,0,0
BRDA:161,10,1,0
BRDA:173,11,0,0
BRDA:173,11,1,0
BRDA:185,12,0,0
BRDA:185,12,1,0
BRDA:185,13,0,0
BRDA:185,13,1,0
BRF:39
BRH:0
end_of_record
TN:
SF:src/cli/command-handlers/analytics-command.js
FN:5,analyticsCommand
FNF:1
FNH:0
FNDA:0,analyticsCommand
DA:6,0
DA:7,0
DA:9,0
DA:10,0
DA:11,0
DA:12,0
DA:13,0
DA:14,0
DA:15,0
DA:16,0
DA:17,0
DA:18,0
DA:19,0
DA:20,0
DA:21,0
DA:22,0
DA:23,0
DA:26,0
DA:27,0
DA:28,0
DA:29,0
DA:30,0
DA:31,0
DA:32,0
DA:33,0
DA:34,0
DA:35,0
DA:36,0
DA:37,0
DA:38,0
DA:39,0
DA:42,0
DA:43,0
DA:44,0
DA:45,0
DA:46,0
DA:47,0
DA:48,0
DA:49,0
DA:50,0
DA:51,0
DA:52,0
DA:53,0
DA:54,0
DA:55,0
DA:56,0
DA:57,0
DA:58,0
DA:59,0
DA:61,0
DA:63,0
DA:66,0
DA:67,0
DA:68,0
DA:69,0
DA:70,0
DA:71,0
DA:72,0
DA:73,0
LF:59
LH:0
BRDA:7,0,0,0
BRDA:7,0,1,0
BRDA:7,0,2,0
BRDA:7,0,3,0
BRDA:43,1,0,0
BRDA:43,1,1,0
BRF:6
BRH:0
end_of_record
TN:
SF:src/cli/command-handlers/automation-command.js
FN:4,generateId
FN:8,automationAction
FN:37,autoAgentCommand
FN:77,(anonymous_3)
FN:85,(anonymous_4)
FN:95,smartSpawnCommand
FN:141,(anonymous_6)
FN:147,(anonymous_7)
FN:166,workflowSelectCommand
FN:214,(anonymous_9)
FN:221,(anonymous_10)
FN:226,(anonymous_11)
FN:248,showAutomationHelp
FNF:13
FNH:0
FNDA:0,generateId
FNDA:0,automationAction
FNDA:0,autoAgentCommand
FNDA:0,(anonymous_3)
FNDA:0,(anonymous_4)
FNDA:0,smartSpawnCommand
FNDA:0,(anonymous_6)
FNDA:0,(anonymous_7)
FNDA:0,workflowSelectCommand
FNDA:0,(anonymous_9)
FNDA:0,(anonymous_10)
FNDA:0,(anonymous_11)
FNDA:0,showAutomationHelp
DA:5,0
DA:9,0
DA:10,0
DA:12,0
DA:13,0
DA:14,0
DA:17,0
DA:18,0
DA:20,0
DA:21,0
DA:23,0
DA:24,0
DA:26,0
DA:27,0
DA:29,0
DA:30,0
DA:33,0
DA:38,0
DA:39,0
DA:40,0
DA:42,0
DA:43,0
DA:44,0
DA:48,0
DA:51,0
DA:52,0
DA:55,0
DA:56,0
DA:59,0
DA:60,0
DA:63,0
DA:71,0
DA:73,0
DA:76,0
DA:77,0
DA:78,0
DA:79,0
DA:82,0
DA:85,0
DA:87,0
DA:88,0
DA:91,0
DA:92,0
DA:96,0
DA:97,0
DA:98,0
DA:100,0
DA:101,0
[...]
FN:111,(anonymous_9)
FN:112,(anonymous_10)
FN:124,(anonymous_11)
FN:129,(anonymous_12)
FN:130,(anonymous_13)
FN:147,(anonymous_14)
FN:156,(anonymous_15)
FN:165,(anonymous_16)
FN:210,(anonymous_17)
FN:266,(anonymous_18)
FN:270,(anonymous_19)
FN:287,(anonymous_20)
FN:300,(anonymous_21)
FN:303,(anonymous_22)
FN:331,(anonymous_23)
FN:370,(anonymous_24)
FN:375,(anonymous_25)
FNF:26
FNH:0
FNDA:0,(anonymous_0)
FNDA:0,(anonymous_1)
FNDA:0,(anonymous_2)
FNDA:0,(anonymous_3)
FNDA:0,(anonymous_4)
FNDA:0,(anonymous_5)
FNDA:0,(anonymous_6)
FNDA:0,(anonymous_7)
FNDA:0,(anonymous_8)
FNDA:0,(anonymous_9)
FNDA:0,(anonymous_10)
FNDA:0,(anonymous_11)
FNDA:0,(anonymous_12)
FNDA:0,(anonymous_13)
FNDA:0,(anonymous_14)
FNDA:0,(anonymous_15)
FNDA:0,(anonymous_16)
FNDA:0,(anonymous_17)
FNDA:0,(anonymous_18)
FNDA:0,(anonymous_19)
FNDA:0,(anonymous_20)
FNDA:0,(anonymous_21)
FNDA:0,(anonymous_22)
FNDA:0,(anonymous_23)
FNDA:0,(anonymous_24)
FNDA:0,(anonymous_25)
DA:10,0
DA:11,0
DA:12,0
DA:14,0
DA:15,0
DA:16,0
DA:17,0
DA:18,0
DA:20,0
DA:22,0
DA:26,0
DA:27,0
DA:28,0
DA:31,0
DA:32,0
DA:37,0
DA:38,0
DA:43,0
DA:44,0
DA:45,0
DA:46,0
DA:47,0
DA:48,0
DA:52,0
DA:53,0
DA:54,0
DA:55,0
DA:56,0
DA:57,0
DA:61,0
DA:62,0
DA:63,0
DA:64,0
DA:67,0
DA:72,0
DA:74,0
DA:111,0
DA:112,0
DA:124,0
DA:125,0
DA:126,0
DA:127,0
DA:129,0
DA:130,0
DA:131,0
DA:132,0
DA:136,0
DA:137,0
DA:139,0
DA:141,0
DA:145,0
DA:146,0
DA:147,0
DA:150,0
DA:151,0
DA:156,0
DA:157,0
DA:158,0
DA:159,0
DA:160,0
DA:161,0
DA:165,0
DA:166,0
DA:167,0
DA:168,0
DA:169,0
DA:170,0
DA:171,0
DA:172,0
DA:176,0
DA:211,0
DA:261,0
DA:266,0
DA:267,0
DA:268,0
DA:270,0
DA:271,0
DA:272,0
DA:275,0
DA:276,0
DA:280,0
DA:281,0
DA:282,0
DA:286,0
DA:287,0
DA:290,0
DA:291,0
DA:293,0
DA:296,0
DA:300,0
DA:301,0
DA:303,0
DA:304,0
DA:305,0
DA:306,0
DA:307,0
DA:310,0
DA:332,0
DA:333,0
DA:366,0
DA:367,0
DA:370,0
DA:371,0
DA:372,0
DA:375,0
DA:376,0
DA:377,0
LF:107
LH:0
BRDA:31,0,0,0
BRDA:31,0,1,0
BRDA:37,1,0,0
BRDA:37,1,1,0
BRDA:44,2,0,0
BRDA:44,2,1,0
BRDA:44,2,2,0
BRDA:44,2,3,0
BRDA:53,3,0,0
BRDA:53,3,1,0
BRDA:53,3,2,0
BRDA:53,3,3,0
BRDA:62,4,0,0
BRDA:62,4,1,0
BRDA:63,5,0,0
BRDA:63,5,1,0
BRDA:95,6,0,0
BRDA:95,6,1,0
BRDA:108,7,0,0
BRDA:108,7,1,0
BRDA:108,7,2,0
BRDA:111,8,0,0
BRDA:111,8,1,0
BRDA:111,8,2,0
BRDA:150,9,0,0
BRDA:150,9,1,0
BRDA:157,10,0,0
BRDA:157,10,1,0
BRDA:157,10,2,0
BRDA:157,10,3,0
BRDA:166,11,0,0
BRDA:166,11,1,0
BRDA:166,11,2,0
BRDA:166,11,3,0
BRDA:166,11,4,0
BRDA:166,11,5,0
BRDA:189,12,0,0
BRDA:189,12,1,0
BRDA:189,13,0,0
BRDA:189,13,1,0
BRDA:208,14,0,0
BRDA:208,14,1,0
BRDA:209,15,0,0
BRDA:209,15,1,0
BRDA:209,16,0,0
BRDA:209,16,1,0
BRDA:211,17,0,0
BRDA:211,17,1,0
BRDA:218,18,0,0
BRDA:218,18,1,0
BRDA:233,19,0,0
BRDA:233,19,1,0
BRDA:237,20,0,0
BRDA:237,20,1,0
BRDA:241,21,0,0
BRDA:241,21,1,0
BRDA:245,22,0,0
BRDA:245,22,1,0
BRDA:253,23,0,0
BRDA:253,23,1,0
BRDA:254,24,0,0
BRDA:254,24,1,0
BRDA:271,25,0,0
BRDA:271,25,1,0
BRDA:271,26,0,0
BRDA:271,26,1,0
BRDA:275,27,0,0
BRDA:275,27,1,0
BRDA:281,28,0,0
BRDA:281,28,1,0
BRDA:281,29,0,0
BRDA:281,29,1,0
BRDA:286,30,0,0
BRDA:286,30,1,0
BRDA:286,31,0,0
BRDA:286,31,1,0
BRDA:290,32,0,0
BRDA:290,32,1,0
BRDA:291,33,0,0
BRDA:291,33,1,0
BRDA:293,34,0,0
BRDA:293,34,1,0
BRDA:301,35,0,0
BRDA:301,35,1,0
BRDA:334,36,0,0
BRDA:334,36,1,0
BRF:86
BRH:0
end_of_record
TN:
SF:src/ui/ink-tui.js
FN:11,(anonymous_0)
FN:15,(anonymous_1)
FN:25,(anonymous_2)
FN:35,(anonymous_3)
FN:52,(anonymous_4)
FN:66,(anonymous_5)
FN:67,loadHives
FN:75,(anonymous_7)
FN:78,(anonymous_8)
FN:92,(anonymous_9)
FN:94,(anonymous_10)
FN:101,(anonymous_11)
FN:127,(anonymous_12)
FN:131,(anonymous_13)
FN:149,(anonymous_14)
FN:153,(anonymous_15)
FN:160,(anonymous_16)
FN:165,(anonymous_17)
FN:254,(anonymous_18)
FN:259,(anonymous_19)
FN:270,renderTui
FNF:21
FNH:0
FNDA:0,(anonymous_0)
FNDA:0,(anonymous_1)
FNDA:0,(anonymous_2)
FNDA:0,(anonymous_3)
FNDA:0,(anonymous_4)
FNDA:0,(anonymous_5)
FNDA:0,loadHives
FNDA:0,(anonymous_7)
FNDA:0,(anonymous_8)
FNDA:0,(anonymous_9)
FNDA:0,(anonymous_10)
FNDA:0,(anonymous_11)
FNDA:0,(anonymous_12)
FNDA:0,(anonymous_13)
FNDA:0,(anonymous_14)
FNDA:0,(anonymous_15)
FNDA:0,(anonymous_16)
FNDA:0,(anonymous_17)
FNDA:0,(anonymous_18)
FNDA:0,(anonymous_19)
FNDA:0,renderTui
DA:12,0
DA:16,0
DA:17,0
DA:18,0
DA:20,0
DA:21,0
DA:26,0
DA:27,0
DA:28,0
DA:30,0
DA:31,0
DA:36,0
DA:37,0
DA:42,0
DA:44,0
DA:45,0
DA:50,0
DA:52,0
DA:53,0
DA:54,0
DA:55,0
DA:56,0
DA:57,0
DA:58,0
DA:59,0
DA:60,0
DA:61,0
DA:62,0
DA:63,0
DA:64,0
DA:66,0
DA:68,0
DA:69,0
DA:71,0
DA:74,0
DA:75,0
DA:78,0
DA:80,0
DA:81,0
DA:82,0
DA:83,0
DA:84,0
DA:86,0
DA:87,0
DA:88,0
DA:89,0
DA:90,0
DA:91,0
DA:92,0
DA:93,0
DA:94,0
DA:96,0
DA:100,0
DA:101,0
DA:102,0
DA:106,0
DA:107,0
DA:109,0
DA:110,0
DA:112,0
DA:114,0
DA:118,0
DA:119,0
DA:121,0
DA:122,0
DA:123,0
DA:125,0
DA:126,0
DA:127,0
DA:128,0
DA:129,0
DA:130,0
DA:131,0
DA:132,0
DA:133,0
DA:134,0
DA:135,0
DA:136,0
DA:137,0
DA:138,0
DA:139,0
DA:141,0
DA:143,0
DA:144,0
DA:145,0
DA:147,0
DA:148,0
DA:149,0
DA:153,0
DA:154,0
DA:155,0
DA:156,0
DA:157,0
DA:160,0
DA:161,0
DA:162,0
DA:165,0
DA:166,0
DA:167,0
DA:170,0
DA:255,0
DA:256,0
DA:257,0
DA:259,0
DA:271,0
DA:272,0
LF:106
LH:0
BRDA:11,0,0,0
BRDA:35,1,0,0
BRDA:35,2,0,0
BRDA:80,3,0,0
BRDA:80,3,1,0
BRDA:81,4,0,0
BRDA:81,4,1,0
BRDA:84,5,0,0
BRDA:84,5,1,0
BRDA:84,6,0,0
BRDA:84,6,1,0
BRDA:91,7,0,0
BRDA:91,7,1,0
BRDA:91,8,0,0
BRDA:91,8,1,0
BRDA:93,9,0,0
BRDA:93,9,1,0
BRDA:93,10,0,0
BRDA:93,10,1,0
BRDA:93,10,2,0
BRDA:100,11,0,0
BRDA:100,11,1,0
BRDA:100,12,0,0
BRDA:100,12,1,0
BRDA:106,13,0,0
BRDA:106,13,1,0
BRDA:106,14,0,0
BRDA:106,14,1,0
BRDA:106,14,2,0
BRDA:107,15,0,0
BRDA:107,15,1,0
BRDA:110,16,0,0
BRDA:110,16,1,0
BRDA:118,17,0,0
BRDA:118,17,1,0
BRDA:118,18,0,0
BRDA:118,18,1,0
BRDA:130,19,0,0
BRDA:130,19,1,0
BRDA:130,20,0,0
BRDA:130,20,1,0
BRDA:132,21,0,0
BRDA:132,21,1,0
BRDA:133,22,0,0
BRDA:133,22,1,0
BRDA:137,23,0,0
BRDA:137,23,1,0
BRDA:143,24,0,0
BRDA:143,24,1,0
BRDA:143,25,0,0
BRDA:143,25,1,0
BRDA:145,26,0,0
BRDA:145,26,1,0
BRDA:145,27,0,0
BRDA:145,27,1,0
BRDA:148,28,0,0
BRDA:148,28,1,0
BRDA:148,29,0,0
BRDA:148,29,1,0
BRDA:148,29,2,0
BRDA:148,29,3,0
BRDA:180,30,0,0
BRDA:180,30,1,0
BRDA:186,31,0,0
BRDA:186,31,1,0
BRDA:187,32,0,0
BRDA:187,32,1,0
BRDA:190,33,0,0
BRDA:190,33,1,0
BRDA:195,34,0,0
BRDA:195,34,1,0
BRDA:196,35,0,0
BRDA:196,35,1,0
BRDA:199,36,0,0
BRDA:199,36,1,0
BRDA:210,37,0,0
BRDA:210,37,1,0
BRDA:215,38,0,0
BRDA:215,38,1,0
BRDA:217,39,0,0
BRDA:217,39,1,0
BRDA:218,40,0,0
BRDA:218,40,1,0
BRDA:219,41,0,0
BRDA:219,41,1,0
BRDA:220,42,0,0
BRDA:220,42,1,0
BRDA:226,43,0,0
BRDA:226,43,1,0
BRDA:226,43,2,0
BRDA:231,44,0,0
BRDA:231,44,1,0
BRDA:252,45,0,0
BRDA:252,45,1,0
BRF:94
BRH:0
end_of_record
TN:
SF:src/ui/unified-dashboard.js
FN:12,(anonymous_0)
FN:17,(anonymous_1)
FN:29,(anonymous_2)
FN:34,(anonymous_3)
FN:47,(anonymous_4)
FN:66,(anonymous_5)
FN:69,(anonymous_6)
FN:95,(anonymous_7)
FN:132,(anonymous_8)
FN:151,(anonymous_9)
FN:156,(anonymous_10)
FNF:11
FNH:0
FNDA:0,(anonymous_0)
FNDA:0,(anonymous_1)
FNDA:0,(anonymous_2)
FNDA:0,(anonymous_3)
FNDA:0,(anonymous_4)
FNDA:0,(anonymous_5)
FNDA:0,(anonymous_6)
FNDA:0,(anonymous_7)
FNDA:0,(anonymous_8)
FNDA:0,(anonymous_9)
FNDA:0,(anonymous_10)
DA:12,0
DA:17,0
DA:22,0
DA:29,0
DA:30,0
DA:31,0
DA:34,0
DA:35,0
DA:36,0
DA:40,0
DA:41,0
DA:42,0
DA:46,0
DA:47,0
DA:50,0
DA:51,0
DA:53,0
DA:56,0
DA:60,0
DA:62,0
DA:66,0
DA:67,0
DA:69,0
DA:70,0
DA:71,0
DA:72,0
DA:73,0
DA:76,0
DA:96,0
DA:97,0
DA:132,0
DA:133,0
DA:134,0
DA:136,0
DA:138,0
DA:139,0
DA:142,0
DA:143,0
DA:146,0
DA:151,0
DA:152,0
DA:153,0
DA:156,0
DA:157,0
DA:158,0
DA:165,0
DA:166,0
LF:47
LH:0
BRDA:35,0,0,0
BRDA:35,0,1,0
BRDA:35,1,0,0
BRDA:35,1,1,0
BRDA:41,2,0,0
BRDA:41,2,1,0
BRDA:41,3,0,0
BRDA:41,3,1,0
BRDA:46,4,0,0
BRDA:46,4,1,0
BRDA:46,5,0,0
BRDA:46,5,1,0
BRDA:50,6,0,0
BRDA:50,6,1,0
BRDA:51,7,0,0
BRDA:51,7,1,0
BRDA:53,8,0,0
BRDA:53,8,1,0
BRDA:60,9,0,0
BRDA:60,9,1,0
BRDA:67,10,0,0
BRDA:67,10,1,0
BRDA:98,11,0,0
BRDA:98,11,1,0
BRDA:134,12,0,0
BRDA:134,12,1,0
BRDA:136,13,0,0
BRDA:136,13,1,0
BRDA:136,14,0,0
BRDA:136,14,1,0
BRDA:165,15,0,0
BRDA:165,15,1,0
BRF:32
BRH:0
end_of_record
TN:
SF:src/ui/adapters/render-adapter.js
FN:8,(anonymous_0)
FN:9,(anonymous_1)
FN:36,(anonymous_2)
FN:58,(anonymous_3)
FN:78,(anonymous_4)
FN:85,(anonymous_5)
FN:97,(anonymous_6)
FN:115,(anonymous_7)
FN:134,(anonymous_8)
FN:140,(anonymous_9)
FN:141,(anonymous_10)
FN:156,(anonymous_11)
FNF:12
FNH:0
FNDA:0,(anonymous_0)
FNDA:0,(anonymous_1)
FNDA:0,(anonymous_2)
FNDA:0,(anonymous_3)
FNDA:0,(anonymous_4)
FNDA:0,(anonymous_5)
FNDA:0,(anonymous_6)
FNDA:0,(anonymous_7)
FNDA:0,(anonymous_8)
FNDA:0,(anonymous_9)
FNDA:0,(anonymous_10)
FNDA:0,(anonymous_11)
DA:8,0
DA:9,0
DA:12,0
DA:13,0
DA:15,0
DA:17,0
DA:18,0
DA:19,0
DA:21,0
DA:23,0
DA:25,0
DA:26,0
DA:27,0
DA:29,0
DA:36,0
DA:37,0
DA:39,0
DA:42,0
DA:51,0
DA:58,0
DA:59,0
DA:61,0
DA:64,0
DA:71,0
DA:78,0
DA:79,0
DA:81,0
DA:84,0
DA:86,0
DA:97,0
DA:98,0
DA:100,0
DA:101,0
DA:103,0
DA:104,0
DA:107,0
DA:108,0
DA:115,0
DA:116,0
DA:128,0
DA:134,0
DA:135,0
DA:137,0
DA:138,0
DA:140,0
DA:141,0
DA:142,0
DA:143,0
DA:152,0
DA:155,0
DA:156,0
LF:51
LH:0
BRDA:9,0,0,0
BRDA:9,0,1,0
BRDA:15,1,0,0
BRDA:15,1,1,0
BRDA:23,2,0,0
BRDA:23,2,1,0
BRDA:36,3,0,0
BRDA:37,4,0,0
BRDA:37,4,1,0
BRDA:37,5,0,0
BRDA:37,5,1,0
BRDA:43,6,0,0
BRDA:43,6,1,0
BRDA:44,7,0,0
BRDA:44,7,1,0
BRDA:45,8,0,0
BRDA:45,8,1,0
BRDA:46,9,0,0
BRDA:46,9,1,0
BRDA:47,10,0,0
BRDA:47,10,1,0
BRDA:47,11,0,0
BRDA:47,11,1,0
BRDA:59,12,0,0
BRDA:59,12,1,0
BRDA:59,13,0,0
BRDA:59,13,1,0
BRDA:66,14,0,0
BRDA:66,14,1,0
BRDA:79,15,0,0
BRDA:79,15,1,0
BRDA:79,16,0,0
BRDA:79,16,1,0
BRDA:98,17,0,0
BRDA:98,17,1,0
BRDA:98,18,0,0
BRDA:98,18,1,0
BRDA:101,19,0,0
BRDA:101,19,1,0
BRDA:101,20,0,0
BRDA:101,20,1,0
BRDA:103,21,0,0
BRDA:103,21,1,0
BRDA:128,22,0,0
BRDA:128,22,1,0
BRDA:128,22,2,0
BRDA:135,23,0,0
BRDA:135,23,1,0
BRDA:135,24,0,0
BRDA:135,24,1,0
BRDA:138,25,0,0
BRDA:138,25,1,0
BRF:52
BRH:0
end_of_record
TN:
SF:src/ui/components/CommandInput.js
FN:4,(anonymous_0)
FN:8,(anonymous_1)
FN:20,(anonymous_2)
FN:22,(anonymous_3)
FNF:4
FNH:0
FNDA:0,(anonymous_0)
FNDA:0,(anonymous_1)
FNDA:0,(anonymous_2)
FNDA:0,(anonymous_3)
DA:4,0
DA:5,0
DA:6,0
DA:8,0
DA:9,0
DA:10,0
DA:12,0
DA:13,0
DA:14,0
DA:16,0
DA:17,0
DA:18,0
DA:19,0
DA:20,0
DA:21,0
DA:22,0
DA:26,0
DA:32,0
LF:18
LH:0
BRDA:9,0,0,0
BRDA:9,0,1,0
BRDA:9,1,0,0
BRDA:9,1,1,0
BRDA:19,2,0,0
BRDA:19,2,1,0
BRDA:19,3,0,0
BRDA:19,3,1,0
BRDA:21,4,0,0
BRDA:21,4,1,0
BRDA:21,5,0,0
BRDA:21,5,1,0
BRDA:21,5,2,0
BRDA:26,6,0,0
BRDA:26,6,1,0
BRDA:27,7,0,0
BRDA:27,7,1,0
BRDA:28,8,0,0
BRDA:28,8,1,0
BRDA:41,9,0,0
BRDA:41,9,1,0
BRDA:44,10,0,0
BRDA:44,10,1,0
BRDA:48,11,0,0
BRDA:48,11,1,0
BRDA:49,12,0,0
BRDA:49,12,1,0
BRF:27
BRH:0
end_of_record
TN:
SF:src/ui/components/DirectorySelector.js
FN:6,(anonymous_0)
FN:11,(anonymous_1)
FN:19,(anonymous_2)
FN:20,(anonymous_3)
FN:34,(anonymous_4)
FN:38,(anonymous_5)
FN:40,(anonymous_6)
FN:64,(anonymous_7)
FNF:8
FNH:0
FNDA:0,(anonymous_0)
FNDA:0,(anonymous_1)
FNDA:0,(anonymous_2)
FNDA:0,(anonymous_3)
FNDA:0,(anonymous_4)
FNDA:0,(anonymous_5)
FNDA:0,(anonymous_6)
FNDA:0,(anonymous_7)
DA:6,0
DA:7,0
DA:8,0
DA:9,0
DA:11,0
DA:13,0
DA:14,0
DA:15,0
DA:19,0
DA:20,0
DA:26,0
DA:27,0
DA:29,0
DA:30,0
DA:34,0
DA:35,0
DA:36,0
DA:37,0
DA:38,0
DA:39,0
DA:40,0
DA:41,0
DA:42,0
DA:43,0
DA:44,0
DA:46,0
DA:49,0
DA:55,0
DA:65,0
DA:66,0
DA:67,0
DA:68,0
DA:69,0
DA:71,0
LF:34
LH:0
BRDA:19,0,0,0
BRDA:19,0,1,0
BRDA:35,1,0,0
BRDA:35,1,1,0
BRDA:37,2,0,0
BRDA:37,2,1,0
BRDA:39,3,0,0
BRDA:39,3,1,0
BRDA:41,4,0,0
BRDA:41,4,1,0
BRDA:43,5,0,0
BRDA:43,5,1,0
BRDA:44,6,0,0
BRDA:44,6,1,0
BRDA:67,7,0,0
BRDA:67,7,1,0
BRDA:68,8,0,0
BRDA:68,8,1,0
BRDA:73,9,0,0
BRDA:73,9,1,0
BRDA:74,10,0,0
BRDA:74,10,1,0
BRDA:76,11,0,0
BRDA:76,11,1,0
BRF:24
BRH:0
end_of_record
TN:
SF:src/ui/components/HiveDetails.js
FN:4,(anonymous_0)
FNF:1
FNH:0
FNDA:0,(anonymous_0)
DA:4,0
DA:5,0
DA:6,0
DA:14,0
DA:15,0
DA:17,0
DA:21,0
LF:7
LH:0
BRDA:5,0,0,0
BRDA:5,0,1,0
BRDA:14,1,0,0
BRDA:14,1,1,0
BRDA:17,2,0,0
BRDA:17,2,1,0
BRDA:17,3,0,0
BRDA:17,3,1,0
BRDA:18,4,0,0
BRDA:18,4,1,0
BRDA:18,5,0,0
BRDA:18,5,1,0
BRDA:19,6,0,0
BRDA:19,6,1,0
BRDA:19,7,0,0
BRDA:19,7,1,0
BRDA:22,8,0,0
BRDA:22,8,1,0
BRDA:23,9,0,0
BRDA:23,9,1,0
BRDA:28,10,0,0
BRDA:28,10,1,0
BRDA:37,11,0,0
BRDA:37,11,1,0
BRDA:38,12,0,0
BRDA:38,12,1,0
BRDA:39,13,0,0
BRDA:39,13,1,0
BRDA:43,14,0,0
BRDA:43,14,1,0
BRDA:44,15,0,0
BRDA:44,15,1,0
BRDA:45,16,0,0
BRDA:45,16,1,0
BRF:34
BRH:0
end_of_record
TN:
SF:src/ui/components/HiveList.js
FN:4,(anonymous_0)
FN:8,(anonymous_1)
FN:15,(anonymous_2)
FN:19,(anonymous_3)
FN:21,(anonymous_4)
FN:46,(anonymous_5)
FNF:6
FNH:0
FNDA:0,(anonymous_0)
FNDA:0,(anonymous_1)
FNDA:0,(anonymous_2)
FNDA:0,(anonymous_3)
FNDA:0,(anonymous_4)
FNDA:0,(anonymous_5)
DA:4,0
DA:5,0
DA:6,0
DA:8,0
DA:10,0
DA:11,0
DA:15,0
DA:16,0
DA:18,0
DA:19,0
DA:20,0
DA:21,0
DA:22,0
DA:23,0
DA:27,0
DA:28,0
DA:38,0
DA:47,0
DA:48,0
LF:19
LH:0
BRDA:10,0,0,0
BRDA:10,0,1,0
BRDA:16,1,0,0
BRDA:16,1,1,0
BRDA:18,2,0,0
BRDA:18,2,1,0
BRDA:19,3,0,0
BRDA:19,3,1,0
BRDA:20,4,0,0
BRDA:20,4,1,0
BRDA:21,5,0,0
BRDA:21,5,1,0
BRDA:22,6,0,0
BRDA:22,6,1,0
BRDA:22,7,0,0
BRDA:22,7,1,0
BRDA:27,8,0,0
BRDA:27,8,1,0
BRDA:50,9,0,0
BRDA:50,9,1,0
BRDA:51,10,0,0
BRDA:51,10,1,0
BRDA:53,11,0,0
BRDA:53,11,1,0
BRF:24
BRH:0
end_of_record
TN:
SF:src/ui/components/SwarmPanel.js
FN:8,(anonymous_0)
FN:13,(anonymous_1)
FN:14,(anonymous_2)
FN:33,(anonymous_3)
FN:42,(anonymous_4)
FN:51,(anonymous_5)
FN:95,(anonymous_6)
FNF:7
FNH:0
FNDA:0,(anonymous_0)
FNDA:0,(anonymous_1)
FNDA:0,(anonymous_2)
FNDA:0,(anonymous_3)
FNDA:0,(anonymous_4)
FNDA:0,(anonymous_5)
FNDA:0,(anonymous_6)
DA:8,0
DA:9,0
DA:10,0
DA:11,0
DA:13,0
DA:14,0
DA:15,0
DA:16,0
DA:20,0
DA:21,0
DA:23,0
DA:25,0
DA:29,0
DA:32,0
DA:33,0
DA:36,0
DA:37,0
DA:42,0
DA:43,0
DA:44,0
DA:45,0
DA:46,0
DA:47,0
DA:51,0
DA:52,0
DA:53,0
DA:54,0
DA:55,0
DA:56,0
DA:57,0
DA:58,0
DA:62,0
DA:96,0
LF:33
LH:0
BRDA:36,0,0,0
BRDA:36,0,1,0
BRDA:43,1,0,0
BRDA:43,1,1,0
BRDA:43,1,2,0
BRDA:43,1,3,0
BRDA:52,2,0,0
BRDA:52,2,1,0
BRDA:52,2,2,0
BRDA:52,2,3,0
BRDA:52,2,4,0
BRDA:52,2,5,0
BRDA:74,3,0,0
BRDA:74,3,1,0
BRDA:74,4,0,0
BRDA:74,4,1,0
BRDA:92,5,0,0
BRDA:92,5,1,0
BRDA:94,6,0,0
BRDA:94,6,1,0
BRDA:94,7,0,0
BRDA:94,7,1,0
BRDA:96,8,0,0
BRDA:96,8,1,0
BRDA:105,9,0,0
BRDA:105,9,1,0
BRDA:119,10,0,0
BRDA:119,10,1,0
BRDA:123,11,0,0
BRDA:123,11,1,0
BRDA:127,12,0,0
BRDA:127,12,1,0
BRDA:131,13,0,0
BRDA:131,13,1,0
BRDA:138,14,0,0
BRDA:138,14,1,0
BRDA:139,15,0,0
BRDA:139,15,1,0
BRF:38
BRH:0
end_of_record
TN:
SF:src/ui/components/UniversalVisionDashboard.js
FN:16,(anonymous_0)
FN:22,(anonymous_1)
FN:23,(anonymous_2)
FN:38,(anonymous_3)
FN:42,(anonymous_4)
FN:49,(anonymous_5)
FN:65,(anonymous_6)
FN:74,(anonymous_7)
FN:83,(anonymous_8)
FN:85,(anonymous_9)
FN:109,(anonymous_10)
FN:182,(anonymous_11)
FN:183,(anonymous_12)
FN:190,(anonymous_13)
FN:214,(anonymous_14)
FN:225,(anonymous_15)
FNF:16
FNH:0
FNDA:0,(anonymous_0)
FNDA:0,(anonymous_1)
FNDA:0,(anonymous_2)
FNDA:0,(anonymous_3)
FNDA:0,(anonymous_4)
FNDA:0,(anonymous_5)
FNDA:0,(anonymous_6)
FNDA:0,(anonymous_7)
FNDA:0,(anonymous_8)
FNDA:0,(anonymous_9)
FNDA:0,(anonymous_10)
FNDA:0,(anonymous_11)
FNDA:0,(anonymous_12)
FNDA:0,(anonymous_13)
FNDA:0,(anonymous_14)
FNDA:0,(anonymous_15)
DA:16,0
DA:17,0
DA:18,0
DA:19,0
DA:22,0
DA:23,0
DA:24,0
DA:25,0
DA:26,0
DA:28,0
DA:30,0
DA:34,0
DA:37,0
DA:38,0
DA:42,0
DA:43,0
DA:44,0
DA:45,0
DA:46,0
DA:47,0
DA:48,0
DA:49,0
DA:53,0
DA:54,0
DA:59,0
DA:60,0
DA:65,0
DA:66,0
DA:67,0
DA:68,0
DA:69,0
DA:70,0
DA:74,0
DA:75,0
DA:76,0
DA:77,0
DA:78,0
DA:79,0
DA:83,0
DA:84,0
DA:85,0
DA:86,0
DA:89,0
DA:110,0
DA:111,0
DA:113,0
DA:182,0
DA:183,0
DA:190,0
DA:214,0
DA:225,0
LF:51
LH:0
BRDA:43,0,0,0
BRDA:43,0,1,0
BRDA:43,1,0,0
BRDA:43,1,1,0
BRDA:45,2,0,0
BRDA:45,2,1,0
BRDA:45,3,0,0
BRDA:45,3,1,0
BRDA:47,4,0,0
BRDA:47,4,1,0
BRDA:53,5,0,0
BRDA:53,5,1,0
BRDA:59,6,0,0
BRDA:59,6,1,0
BRDA:66,7,0,0
BRDA:66,7,1,0
BRDA:66,7,2,0
BRDA:66,7,3,0
BRDA:75,8,0,0
BRDA:75,8,1,0
BRDA:75,8,2,0
BRDA:75,8,3,0
BRDA:84,9,0,0
BRDA:84,9,1,0
BRDA:85,10,0,0
BRDA:85,10,1,0
BRDA:93,11,0,0
BRDA:93,11,1,0
BRDA:94,12,0,0
BRDA:94,12,1,0
BRDA:98,13,0,0
BRDA:98,13,1,0
BRDA:117,14,0,0
BRDA:117,14,1,0
BRDA:121,15,0,0
BRDA:121,15,1,0
BRDA:122,16,0,0
BRDA:122,16,1,0
BRDA:143,17,0,0
BRDA:143,17,1,0
BRDA:157,18,0,0
BRDA:157,18,1,0
BRDA:179,19,0,0
BRDA:179,19,1,0
BRDA:179,19,2,0
BRDA:182,20,0,0
BRDA:182,20,1,0
BRDA:182,20,2,0
BRDA:187,21,0,0
BRDA:187,21,1,0
BRDA:197,22,0,0
BRDA:197,22,1,0
BRDA:198,23,0,0
BRDA:198,23,1,0
BRDA:204,24,0,0
BRDA:204,24,1,0
BRDA:233,25,0,0
BRDA:233,25,1,0
BRDA:234,26,0,0
BRDA:234,26,1,0
BRF:60
BRH:0
end_of_record
TN:
SF:src/ui/components/VisionDashboard.js
FN:8,(anonymous_0)
FN:13,(anonymous_1)
FN:14,(anonymous_2)
FN:29,(anonymous_3)
FN:44,(anonymous_4)
FN:53,(anonymous_5)
FN:62,(anonymous_6)
FN:64,(anonymous_7)
FN:73,(anonymous_8)
FN:121,(anonymous_9)
FN:122,(anonymous_10)
FNF:11
FNH:0
FNDA:0,(anonymous_0)
FNDA:0,(anonymous_1)
FNDA:0,(anonymous_2)
FNDA:0,(anonymous_3)
FNDA:0,(anonymous_4)
FNDA:0,(anonymous_5)
FNDA:0,(anonymous_6)
FNDA:0,(anonymous_7)
FNDA:0,(anonymous_8)
FNDA:0,(anonymous_9)
FNDA:0,(anonymous_10)
DA:8,0
DA:9,0
DA:10,0
DA:11,0
DA:13,0
DA:14,0
DA:15,0
DA:16,0
DA:17,0
DA:19,0
DA:21,0
DA:25,0
DA:28,0
DA:29,0
DA:32,0
DA:33,0
DA:38,0
DA:39,0
DA:44,0
DA:45,0
DA:46,0
DA:47,0
DA:48,0
DA:49,0
DA:53,0
DA:54,0
DA:55,0
DA:56,0
DA:57,0
DA:58,0
DA:62,0
DA:63,0
DA:64,0
DA:65,0
DA:68,0
DA:74,0
DA:75,0
DA:77,0
DA:121,0
DA:122,0
LF:40
LH:0
BRDA:32,0,0,0
BRDA:32,0,1,0
BRDA:38,1,0,0
BRDA:38,1,1,0
BRDA:45,2,0,0
BRDA:45,2,1,0
BRDA:45,2,2,0
BRDA:45,2,3,0
BRDA:54,3,0,0
BRDA:54,3,1,0
BRDA:54,3,2,0
BRDA:54,3,3,0
BRDA:63,4,0,0
BRDA:63,4,1,0
BRDA:64,5,0,0
BRDA:64,5,1,0
BRDA:81,6,0,0
BRDA:81,6,1,0
BRDA:101,7,0,0
BRDA:101,7,1,0
BRDA:118,8,0,0
BRDA:118,8,1,0
BRDA:118,8,2,0
BRDA:121,9,0,0
BRDA:121,9,1,0
BRDA:121,9,2,0
BRF:26
BRH:0
end_of_record
TN:
SF:src/ui/shared/vision-api.js
FN:6,(anonymous_0)
FN:10,(anonymous_1)
FN:74,(anonymous_2)
FN:99,(anonymous_3)
FN:118,(anonymous_4)
FNF:5
FNH:0
FNDA:0,(anonymous_0)
FNDA:0,(anonymous_1)
FNDA:0,(anonymous_2)
FNDA:0,(anonymous_3)
FNDA:0,(anonymous_4)
DA:7,0
DA:11,0
DA:12,0
DA:13,0
DA:14,0
DA:17,0
DA:18,0
DA:75,0
DA:76,0
DA:81,0
DA:82,0
DA:84,0
DA:85,0
DA:101,0
DA:119,0
DA:130,0
LF:16
LH:0
BRDA:6,0,0,0
BRDA:13,1,0,0
BRDA:13,1,1,0
BRDA:74,2,0,0
BRDA:81,3,0,0
BRDA:81,3,1,0
BRF:6
BRH:0
end_of_record
TN:
SF:src/utils/security.js
FN:11,validatePID
FN:35,validateCommandArgs
FN:61,containsDangerousPatterns
FN:71,(anonymous_3)
FN:79,sanitizeFilePath
FN:93,(anonymous_5)
FN:106,createSafeRegex
FN:119,safeRegexExec
FN:149,validateURL
FN:182,(anonymous_9)
FN:188,(anonymous_10)
FN:199,(anonymous_11)
FNF:12
FNH:4
FNDA:15,validatePID
FNDA:10,validateCommandArgs
FNDA:11,containsDangerousPatterns
FNDA:52,(anonymous_3)
FNDA:0,sanitizeFilePath
FNDA:0,(anonymous_5)
FNDA:0,createSafeRegex
FNDA:0,safeRegexExec
FNDA:0,validateURL
FNDA:0,(anonymous_9)
FNDA:0,(anonymous_10)
FNDA:0,(anonymous_11)
DA:13,15
DA:16,15
DA:17,7
DA:20,8
DA:23,8
DA:24,3
DA:27,5
DA:36,10
DA:37,4
DA:40,6
DA:42,6
DA:43,11
DA:46,11
DA:47,3
DA:50,8
DA:53,3
DA:62,11
DA:71,52
DA:80,0
DA:81,0
DA:84,0
DA:87,0
DA:88,0
DA:92,0
DA:93,0
DA:94,0
DA:97,0
DA:108,0
DA:109,0
DA:120,0
DA:122,0
DA:123,0
DA:124,0
DA:127,0
DA:128,0
DA:129,0
DA:132,0
DA:133,0
DA:137,0
DA:138,0
DA:141,0
DA:150,0
DA:151,0
DA:154,0
DA:155,0
DA:158,0
DA:159,0
DA:163,0
DA:164,0
DA:169,0
DA:172,0
DA:174,0
DA:183,0
DA:184,0
DA:185,0
DA:189,0
DA:190,0
DA:192,0
DA:193,0
DA:196,0
DA:199,0
DA:200,0
DA:202,0
DA:203,0
DA:206,0
DA:207,0
LF:66
LH:18
BRDA:16,0,0,7
BRDA:16,0,1,8
BRDA:23,1,0,3
BRDA:23,1,1,5
BRDA:23,2,0,8
BRDA:23,2,1,7
BRDA:36,3,0,4
BRDA:36,3,1,6
BRDA:46,4,0,3
BRDA:46,4,1,8
BRDA:80,5,0,0
BRDA:80,5,1,0
BRDA:87,6,0,0
BRDA:87,6,1,0
BRDA:87,7,0,0
BRDA:87,7,1,0
BRDA:87,7,2,0
BRDA:93,8,0,0
BRDA:93,8,1,0
BRDA:106,9,0,0
BRDA:119,10,0,0
BRDA:122,11,0,0
BRDA:122,11,1,0
BRDA:127,12,0,0
BRDA:127,12,1,0
BRDA:132,13,0,0
BRDA:132,13,1,0
BRDA:137,14,0,0
BRDA:137,14,1,0
BRDA:150,15,0,0
BRDA:150,15,1,0
BRDA:158,16,0,0
BRDA:158,16,1,0
BRDA:164,17,0,0
BRDA:164,17,1,0
BRDA:164,18,0,0
BRDA:164,18,1,0
BRDA:164,18,2,0
BRDA:164,18,3,0
BRDA:164,18,4,0
BRDA:182,19,0,0
BRDA:182,20,0,0
BRDA:192,21,0,0
BRDA:192,21,1,0
BRDA:202,22,0,0
BRDA:202,22,1,0
BRF:46
BRH:10
end_of_record
